[Trace 21:02:09.575] VsCodeClientWorkspace: TextDocument.onDidOpen: file:///home/n30/.dotfiles/wiki-wayland-0.95beta.md
[Trace 21:02:09.575] VsCodeClientWorkspace: TextDocument.onDidChanceContent: file:///home/n30/.dotfiles/wiki-wayland-0.95beta.md
[Trace 21:02:09.576] Server: connection.languages.diagnostics.on: file:///home/n30/.dotfiles/wiki-wayland-0.95beta.md
[Trace 21:02:09.576] Server: connection.languages.diagnostics.on: file:///home/n30/.dotfiles/wiki-wayland-0.95beta.md
[Trace 21:02:09.580] DocumentSymbolProvider: provideDocumentSymbols — file:///home/n30/.dotfiles/wiki-wayland-0.95beta.md 1
[Debug 21:02:09.580] LinkProvider: compute - file:///home/n30/.dotfiles/wiki-wayland-0.95beta.md
[Debug 21:02:09.706] TableOfContentsProvider: create - file:///home/n30/.dotfiles/wiki-wayland-0.95beta.md
[Debug 21:02:11.079] MdFoldingProvider: provideFoldingRanges — file:///home/n30/.dotfiles/wiki-wayland-0.95beta.md 1
[Trace 21:13:41.207] VsCodeClientWorkspace: TextDocument.onDidChanceContent: file:///home/n30/.dotfiles/wiki-wayland-0.95beta.md
[Trace 21:13:41.207] Server: connection.languages.diagnostics.on: file:///home/n30/.dotfiles/wiki-wayland-0.95beta.md
[Debug 21:13:41.374] MdFoldingProvider: provideFoldingRanges — file:///home/n30/.dotfiles/wiki-wayland-0.95beta.md 2
[Debug 21:13:41.375] TableOfContentsProvider: create - file:///home/n30/.dotfiles/wiki-wayland-0.95beta.md
[Trace 21:13:41.586] DocumentSymbolProvider: provideDocumentSymbols — file:///home/n30/.dotfiles/wiki-wayland-0.95beta.md 2
[Debug 21:13:41.586] LinkProvider: compute - file:///home/n30/.dotfiles/wiki-wayland-0.95beta.md
[Trace 21:13:42.071] VsCodeClientWorkspace: TextDocument.onDidChanceContent: file:///home/n30/.dotfiles/wiki-wayland-0.95beta.md
[Trace 21:13:42.071] Server: connection.languages.diagnostics.on: file:///home/n30/.dotfiles/wiki-wayland-0.95beta.md
[Debug 21:13:42.255] MdFoldingProvider: provideFoldingRanges — file:///home/n30/.dotfiles/wiki-wayland-0.95beta.md 3
[Debug 21:13:42.255] TableOfContentsProvider: create - file:///home/n30/.dotfiles/wiki-wayland-0.95beta.md
[Debug 21:13:42.410] LinkProvider: compute - file:///home/n30/.dotfiles/wiki-wayland-0.95beta.md
[Trace 21:13:42.466] DocumentSymbolProvider: provideDocumentSymbols — file:///home/n30/.dotfiles/wiki-wayland-0.95beta.md 3
[Trace 21:13:45.951] VsCodeClientWorkspace: TextDocument.onDidChanceContent: file:///home/n30/.dotfiles/wiki-wayland-0.95beta.md
[Trace 21:13:45.952] Server: connection.languages.diagnostics.on: file:///home/n30/.dotfiles/wiki-wayland-0.95beta.md
[Debug 21:13:46.136] MdFoldingProvider: provideFoldingRanges — file:///home/n30/.dotfiles/wiki-wayland-0.95beta.md 4
[Debug 21:13:46.137] TableOfContentsProvider: create - file:///home/n30/.dotfiles/wiki-wayland-0.95beta.md
[Debug 21:13:46.295] LinkProvider: compute - file:///home/n30/.dotfiles/wiki-wayland-0.95beta.md
[Trace 21:13:46.295] DocumentSymbolProvider: provideDocumentSymbols — file:///home/n30/.dotfiles/wiki-wayland-0.95beta.md 4
[Trace 21:13:47.231] VsCodeClientWorkspace: TextDocument.onDidChanceContent: file:///home/n30/.dotfiles/wiki-wayland-0.95beta.md
[Trace 21:13:47.231] Server: connection.languages.diagnostics.on: file:///home/n30/.dotfiles/wiki-wayland-0.95beta.md
[Debug 21:13:47.403] MdFoldingProvider: provideFoldingRanges — file:///home/n30/.dotfiles/wiki-wayland-0.95beta.md 5
[Debug 21:13:47.403] TableOfContentsProvider: create - file:///home/n30/.dotfiles/wiki-wayland-0.95beta.md
[Debug 21:13:47.567] LinkProvider: compute - file:///home/n30/.dotfiles/wiki-wayland-0.95beta.md
[Trace 21:13:47.594] DocumentSymbolProvider: provideDocumentSymbols — file:///home/n30/.dotfiles/wiki-wayland-0.95beta.md 5
[Trace 21:13:48.457] VsCodeClientWorkspace: TextDocument.onDidChanceContent: file:///home/n30/.dotfiles/wiki-wayland-0.95beta.md
[Trace 21:13:48.457] Server: connection.languages.diagnostics.on: file:///home/n30/.dotfiles/wiki-wayland-0.95beta.md
[Debug 21:13:48.643] MdFoldingProvider: provideFoldingRanges — file:///home/n30/.dotfiles/wiki-wayland-0.95beta.md 6
[Debug 21:13:48.643] TableOfContentsProvider: create - file:///home/n30/.dotfiles/wiki-wayland-0.95beta.md
[Debug 21:13:48.809] LinkProvider: compute - file:///home/n30/.dotfiles/wiki-wayland-0.95beta.md
[Trace 21:13:48.844] DocumentSymbolProvider: provideDocumentSymbols — file:///home/n30/.dotfiles/wiki-wayland-0.95beta.md 6
[Trace 21:13:49.018] VsCodeClientWorkspace: TextDocument.onDidChanceContent: file:///home/n30/.dotfiles/wiki-wayland-0.95beta.md
[Trace 21:13:49.019] Server: connection.languages.diagnostics.on: file:///home/n30/.dotfiles/wiki-wayland-0.95beta.md
[Debug 21:13:49.207] MdFoldingProvider: provideFoldingRanges — file:///home/n30/.dotfiles/wiki-wayland-0.95beta.md 7
[Debug 21:13:49.207] TableOfContentsProvider: create - file:///home/n30/.dotfiles/wiki-wayland-0.95beta.md
[Debug 21:13:49.357] LinkProvider: compute - file:///home/n30/.dotfiles/wiki-wayland-0.95beta.md
[Trace 21:13:49.357] DocumentSymbolProvider: provideDocumentSymbols — file:///home/n30/.dotfiles/wiki-wayland-0.95beta.md 7
[Trace 21:13:50.679] VsCodeClientWorkspace: TextDocument.onDidChanceContent: file:///home/n30/.dotfiles/wiki-wayland-0.95beta.md
[Trace 21:13:50.679] Server: connection.languages.diagnostics.on: file:///home/n30/.dotfiles/wiki-wayland-0.95beta.md
[Debug 21:13:50.859] MdFoldingProvider: provideFoldingRanges — file:///home/n30/.dotfiles/wiki-wayland-0.95beta.md 8
[Debug 21:13:50.859] TableOfContentsProvider: create - file:///home/n30/.dotfiles/wiki-wayland-0.95beta.md
[Debug 21:13:51.021] LinkProvider: compute - file:///home/n30/.dotfiles/wiki-wayland-0.95beta.md
[Trace 21:13:51.057] DocumentSymbolProvider: provideDocumentSymbols — file:///home/n30/.dotfiles/wiki-wayland-0.95beta.md 8
[Trace 21:14:09.767] VsCodeClientWorkspace: TextDocument.onDidChanceContent: file:///home/n30/.dotfiles/wiki-wayland-0.95beta.md
[Trace 21:14:09.767] Server: connection.languages.diagnostics.on: file:///home/n30/.dotfiles/wiki-wayland-0.95beta.md
[Debug 21:14:09.927] MdFoldingProvider: provideFoldingRanges — file:///home/n30/.dotfiles/wiki-wayland-0.95beta.md 9
[Debug 21:14:09.927] TableOfContentsProvider: create - file:///home/n30/.dotfiles/wiki-wayland-0.95beta.md
[Trace 21:14:10.156] VsCodeClientWorkspace: TextDocument.onDidChanceContent: file:///home/n30/.dotfiles/wiki-wayland-0.95beta.md
[Trace 21:14:10.162] Server: connection.languages.diagnostics.on: file:///home/n30/.dotfiles/wiki-wayland-0.95beta.md
[Trace 21:14:10.176] VsCodeClientWorkspace: TextDocument.onDidChanceContent: file:///home/n30/.dotfiles/wiki-wayland-0.95beta.md
[Trace 21:14:10.176] Server: connection.languages.diagnostics.on: file:///home/n30/.dotfiles/wiki-wayland-0.95beta.md
[Debug 21:14:10.238] MdFoldingProvider: provideFoldingRanges — file:///home/n30/.dotfiles/wiki-wayland-0.95beta.md 11
[Debug 21:14:10.239] TableOfContentsProvider: create - file:///home/n30/.dotfiles/wiki-wayland-0.95beta.md
[Trace 21:14:10.329] VsCodeClientWorkspace: TextDocument.onDidChanceContent: file:///home/n30/.dotfiles/wiki-wayland-0.95beta.md
[Trace 21:14:10.330] Server: connection.languages.diagnostics.on: file:///home/n30/.dotfiles/wiki-wayland-0.95beta.md
[Debug 21:14:10.454] MdFoldingProvider: provideFoldingRanges — file:///home/n30/.dotfiles/wiki-wayland-0.95beta.md 12
[Debug 21:14:10.455] TableOfContentsProvider: create - file:///home/n30/.dotfiles/wiki-wayland-0.95beta.md
[Debug 21:14:10.600] LinkProvider: compute - file:///home/n30/.dotfiles/wiki-wayland-0.95beta.md
[Trace 21:14:10.600] VsCodeClientWorkspace: TextDocument.onDidChanceContent: file:///home/n30/.dotfiles/wiki-wayland-0.95beta.md
[Trace 21:14:10.601] Server: connection.languages.diagnostics.on: file:///home/n30/.dotfiles/wiki-wayland-0.95beta.md
[Trace 21:14:10.662] VsCodeClientWorkspace: TextDocument.onDidChanceContent: file:///home/n30/.dotfiles/wiki-wayland-0.95beta.md
[Trace 21:14:10.662] Server: connection.languages.diagnostics.on: file:///home/n30/.dotfiles/wiki-wayland-0.95beta.md
[Trace 21:14:10.734] VsCodeClientWorkspace: TextDocument.onDidChanceContent: file:///home/n30/.dotfiles/wiki-wayland-0.95beta.md
[Trace 21:14:10.734] Server: connection.languages.diagnostics.on: file:///home/n30/.dotfiles/wiki-wayland-0.95beta.md
[Debug 21:14:10.913] MdFoldingProvider: provideFoldingRanges — file:///home/n30/.dotfiles/wiki-wayland-0.95beta.md 15
[Debug 21:14:10.913] TableOfContentsProvider: create - file:///home/n30/.dotfiles/wiki-wayland-0.95beta.md
[Debug 21:14:11.081] LinkProvider: compute - file:///home/n30/.dotfiles/wiki-wayland-0.95beta.md
[Trace 21:14:11.081] VsCodeClientWorkspace: TextDocument.onDidChanceContent: file:///home/n30/.dotfiles/wiki-wayland-0.95beta.md
[Trace 21:14:11.081] Server: connection.languages.diagnostics.on: file:///home/n30/.dotfiles/wiki-wayland-0.95beta.md
[Debug 21:14:11.178] MdFoldingProvider: provideFoldingRanges — file:///home/n30/.dotfiles/wiki-wayland-0.95beta.md 16
[Debug 21:14:11.178] TableOfContentsProvider: create - file:///home/n30/.dotfiles/wiki-wayland-0.95beta.md
[Debug 21:14:11.307] LinkProvider: compute - file:///home/n30/.dotfiles/wiki-wayland-0.95beta.md
[Trace 21:14:11.338] DocumentSymbolProvider: provideDocumentSymbols — file:///home/n30/.dotfiles/wiki-wayland-0.95beta.md 16
[Trace 21:14:13.771] VsCodeClientWorkspace: TextDocument.onDidChanceContent: file:///home/n30/.dotfiles/wiki-wayland-0.95beta.md
[Trace 21:14:13.771] Server: connection.languages.diagnostics.on: file:///home/n30/.dotfiles/wiki-wayland-0.95beta.md
[Debug 21:14:13.940] MdFoldingProvider: provideFoldingRanges — file:///home/n30/.dotfiles/wiki-wayland-0.95beta.md 17
[Debug 21:14:13.941] TableOfContentsProvider: create - file:///home/n30/.dotfiles/wiki-wayland-0.95beta.md
[Debug 21:14:14.089] LinkProvider: compute - file:///home/n30/.dotfiles/wiki-wayland-0.95beta.md
[Trace 21:14:14.090] DocumentSymbolProvider: provideDocumentSymbols — file:///home/n30/.dotfiles/wiki-wayland-0.95beta.md 17
[Trace 21:14:14.905] VsCodeClientWorkspace: TextDocument.onDidChanceContent: file:///home/n30/.dotfiles/wiki-wayland-0.95beta.md
[Trace 21:14:14.905] Server: connection.languages.diagnostics.on: file:///home/n30/.dotfiles/wiki-wayland-0.95beta.md
[Trace 21:14:15.068] VsCodeClientWorkspace: TextDocument.onDidChanceContent: file:///home/n30/.dotfiles/wiki-wayland-0.95beta.md
[Trace 21:14:15.068] Server: connection.languages.diagnostics.on: file:///home/n30/.dotfiles/wiki-wayland-0.95beta.md
[Trace 21:14:15.198] VsCodeClientWorkspace: TextDocument.onDidChanceContent: file:///home/n30/.dotfiles/wiki-wayland-0.95beta.md
[Trace 21:14:15.198] Server: connection.languages.diagnostics.on: file:///home/n30/.dotfiles/wiki-wayland-0.95beta.md
[Trace 21:14:15.261] VsCodeClientWorkspace: TextDocument.onDidChanceContent: file:///home/n30/.dotfiles/wiki-wayland-0.95beta.md
[Trace 21:14:15.261] Server: connection.languages.diagnostics.on: file:///home/n30/.dotfiles/wiki-wayland-0.95beta.md
[Trace 21:14:15.410] VsCodeClientWorkspace: TextDocument.onDidChanceContent: file:///home/n30/.dotfiles/wiki-wayland-0.95beta.md
[Trace 21:14:15.410] Server: connection.languages.diagnostics.on: file:///home/n30/.dotfiles/wiki-wayland-0.95beta.md
[Debug 21:14:15.580] MdFoldingProvider: provideFoldingRanges — file:///home/n30/.dotfiles/wiki-wayland-0.95beta.md 22
[Debug 21:14:15.580] TableOfContentsProvider: create - file:///home/n30/.dotfiles/wiki-wayland-0.95beta.md
[Debug 21:14:15.729] LinkProvider: compute - file:///home/n30/.dotfiles/wiki-wayland-0.95beta.md
[Trace 21:14:15.757] DocumentSymbolProvider: provideDocumentSymbols — file:///home/n30/.dotfiles/wiki-wayland-0.95beta.md 22
[Trace 21:14:20.419] VsCodeClientWorkspace: TextDocument.onDidChanceContent: file:///home/n30/.dotfiles/wiki-wayland-0.95beta.md
[Trace 21:14:20.420] Server: connection.languages.diagnostics.on: file:///home/n30/.dotfiles/wiki-wayland-0.95beta.md
[Trace 21:14:20.605] VsCodeClientWorkspace: TextDocument.onDidChanceContent: file:///home/n30/.dotfiles/wiki-wayland-0.95beta.md
[Trace 21:14:20.605] Server: connection.languages.diagnostics.on: file:///home/n30/.dotfiles/wiki-wayland-0.95beta.md
[Trace 21:14:20.765] VsCodeClientWorkspace: TextDocument.onDidChanceContent: file:///home/n30/.dotfiles/wiki-wayland-0.95beta.md
[Trace 21:14:20.765] Server: connection.languages.diagnostics.on: file:///home/n30/.dotfiles/wiki-wayland-0.95beta.md
[Debug 21:14:20.942] MdFoldingProvider: provideFoldingRanges — file:///home/n30/.dotfiles/wiki-wayland-0.95beta.md 25
[Debug 21:14:20.942] TableOfContentsProvider: create - file:///home/n30/.dotfiles/wiki-wayland-0.95beta.md
[Debug 21:14:21.111] LinkProvider: compute - file:///home/n30/.dotfiles/wiki-wayland-0.95beta.md
[Trace 21:14:21.159] VsCodeClientWorkspace: TextDocument.onDidChanceContent: file:///home/n30/.dotfiles/wiki-wayland-0.95beta.md
[Trace 21:14:21.168] Server: connection.languages.diagnostics.on: file:///home/n30/.dotfiles/wiki-wayland-0.95beta.md
[Debug 21:14:21.238] MdFoldingProvider: provideFoldingRanges — file:///home/n30/.dotfiles/wiki-wayland-0.95beta.md 26
[Debug 21:14:21.239] TableOfContentsProvider: create - file:///home/n30/.dotfiles/wiki-wayland-0.95beta.md
[Debug 21:14:21.379] LinkProvider: compute - file:///home/n30/.dotfiles/wiki-wayland-0.95beta.md
[Trace 21:14:21.410] DocumentSymbolProvider: provideDocumentSymbols — file:///home/n30/.dotfiles/wiki-wayland-0.95beta.md 26
[Trace 21:14:21.430] VsCodeClientWorkspace: TextDocument.onDidChanceContent: file:///home/n30/.dotfiles/wiki-wayland-0.95beta.md
[Trace 21:14:21.431] Server: connection.languages.diagnostics.on: file:///home/n30/.dotfiles/wiki-wayland-0.95beta.md
[Debug 21:14:21.624] MdFoldingProvider: provideFoldingRanges — file:///home/n30/.dotfiles/wiki-wayland-0.95beta.md 27
[Debug 21:14:21.624] TableOfContentsProvider: create - file:///home/n30/.dotfiles/wiki-wayland-0.95beta.md
[Debug 21:14:21.773] LinkProvider: compute - file:///home/n30/.dotfiles/wiki-wayland-0.95beta.md
[Trace 21:14:21.798] DocumentSymbolProvider: provideDocumentSymbols — file:///home/n30/.dotfiles/wiki-wayland-0.95beta.md 27
[Trace 21:14:21.897] VsCodeClientWorkspace: TextDocument.onDidChanceContent: file:///home/n30/.dotfiles/wiki-wayland-0.95beta.md
[Trace 21:14:21.897] Server: connection.languages.diagnostics.on: file:///home/n30/.dotfiles/wiki-wayland-0.95beta.md
[Debug 21:14:22.067] MdFoldingProvider: provideFoldingRanges — file:///home/n30/.dotfiles/wiki-wayland-0.95beta.md 28
[Debug 21:14:22.067] TableOfContentsProvider: create - file:///home/n30/.dotfiles/wiki-wayland-0.95beta.md
[Debug 21:14:22.226] LinkProvider: compute - file:///home/n30/.dotfiles/wiki-wayland-0.95beta.md
[Trace 21:14:22.272] VsCodeClientWorkspace: TextDocument.onDidChanceContent: file:///home/n30/.dotfiles/wiki-wayland-0.95beta.md
[Trace 21:14:22.280] Server: connection.languages.diagnostics.on: file:///home/n30/.dotfiles/wiki-wayland-0.95beta.md
[Debug 21:14:22.368] MdFoldingProvider: provideFoldingRanges — file:///home/n30/.dotfiles/wiki-wayland-0.95beta.md 29
[Debug 21:14:22.368] TableOfContentsProvider: create - file:///home/n30/.dotfiles/wiki-wayland-0.95beta.md
[Debug 21:14:22.515] LinkProvider: compute - file:///home/n30/.dotfiles/wiki-wayland-0.95beta.md
[Trace 21:14:22.546] DocumentSymbolProvider: provideDocumentSymbols — file:///home/n30/.dotfiles/wiki-wayland-0.95beta.md 29
[Trace 21:14:22.762] VsCodeClientWorkspace: TextDocument.onDidChanceContent: file:///home/n30/.dotfiles/wiki-wayland-0.95beta.md
[Trace 21:14:22.763] Server: connection.languages.diagnostics.on: file:///home/n30/.dotfiles/wiki-wayland-0.95beta.md
[Debug 21:14:22.947] MdFoldingProvider: provideFoldingRanges — file:///home/n30/.dotfiles/wiki-wayland-0.95beta.md 30
[Debug 21:14:22.947] TableOfContentsProvider: create - file:///home/n30/.dotfiles/wiki-wayland-0.95beta.md
[Debug 21:14:23.103] LinkProvider: compute - file:///home/n30/.dotfiles/wiki-wayland-0.95beta.md
[Trace 21:14:23.126] DocumentSymbolProvider: provideDocumentSymbols — file:///home/n30/.dotfiles/wiki-wayland-0.95beta.md 30
[Trace 21:14:23.226] VsCodeClientWorkspace: TextDocument.onDidChanceContent: file:///home/n30/.dotfiles/wiki-wayland-0.95beta.md
[Trace 21:14:23.226] Server: connection.languages.diagnostics.on: file:///home/n30/.dotfiles/wiki-wayland-0.95beta.md
[Debug 21:14:23.405] MdFoldingProvider: provideFoldingRanges — file:///home/n30/.dotfiles/wiki-wayland-0.95beta.md 31
[Debug 21:14:23.405] TableOfContentsProvider: create - file:///home/n30/.dotfiles/wiki-wayland-0.95beta.md
[Debug 21:14:23.552] LinkProvider: compute - file:///home/n30/.dotfiles/wiki-wayland-0.95beta.md
[Trace 21:14:23.584] DocumentSymbolProvider: provideDocumentSymbols — file:///home/n30/.dotfiles/wiki-wayland-0.95beta.md 31
[Trace 21:16:09.228] VsCodeClientWorkspace: TextDocument.onDidChanceContent: file:///home/n30/.dotfiles/wiki-wayland-0.95beta.md
[Trace 21:16:09.228] Server: connection.languages.diagnostics.on: file:///home/n30/.dotfiles/wiki-wayland-0.95beta.md
[Trace 21:16:09.379] VsCodeClientWorkspace: TextDocument.onDidChanceContent: file:///home/n30/.dotfiles/wiki-wayland-0.95beta.md
[Trace 21:16:09.379] Server: connection.languages.diagnostics.on: file:///home/n30/.dotfiles/wiki-wayland-0.95beta.md
[Trace 21:16:09.551] VsCodeClientWorkspace: TextDocument.onDidChanceContent: file:///home/n30/.dotfiles/wiki-wayland-0.95beta.md
[Trace 21:16:09.551] Server: connection.languages.diagnostics.on: file:///home/n30/.dotfiles/wiki-wayland-0.95beta.md
[Trace 21:16:09.738] VsCodeClientWorkspace: TextDocument.onDidChanceContent: file:///home/n30/.dotfiles/wiki-wayland-0.95beta.md
[Trace 21:16:09.738] Server: connection.languages.diagnostics.on: file:///home/n30/.dotfiles/wiki-wayland-0.95beta.md
[Debug 21:16:09.926] MdFoldingProvider: provideFoldingRanges — file:///home/n30/.dotfiles/wiki-wayland-0.95beta.md 35
[Debug 21:16:09.926] TableOfContentsProvider: create - file:///home/n30/.dotfiles/wiki-wayland-0.95beta.md
[Debug 21:16:10.114] LinkProvider: compute - file:///home/n30/.dotfiles/wiki-wayland-0.95beta.md
[Trace 21:16:10.140] DocumentSymbolProvider: provideDocumentSymbols — file:///home/n30/.dotfiles/wiki-wayland-0.95beta.md 35
[Trace 21:16:10.987] VsCodeClientWorkspace: TextDocument.onDidChanceContent: file:///home/n30/.dotfiles/wiki-wayland-0.95beta.md
[Trace 21:16:10.987] Server: connection.languages.diagnostics.on: file:///home/n30/.dotfiles/wiki-wayland-0.95beta.md
[Trace 21:16:11.118] VsCodeClientWorkspace: TextDocument.onDidChanceContent: file:///home/n30/.dotfiles/wiki-wayland-0.95beta.md
[Trace 21:16:11.118] Server: connection.languages.diagnostics.on: file:///home/n30/.dotfiles/wiki-wayland-0.95beta.md
[Debug 21:16:11.295] MdFoldingProvider: provideFoldingRanges — file:///home/n30/.dotfiles/wiki-wayland-0.95beta.md 37
[Debug 21:16:11.296] TableOfContentsProvider: create - file:///home/n30/.dotfiles/wiki-wayland-0.95beta.md
[Debug 21:16:11.459] LinkProvider: compute - file:///home/n30/.dotfiles/wiki-wayland-0.95beta.md
[Trace 21:16:11.505] DocumentSymbolProvider: provideDocumentSymbols — file:///home/n30/.dotfiles/wiki-wayland-0.95beta.md 37
[Trace 21:17:02.038] VsCodeClientWorkspace: TextDocument.onDidChanceContent: file:///home/n30/.dotfiles/wiki-wayland-0.95beta.md
[Trace 21:17:02.038] Server: connection.languages.diagnostics.on: file:///home/n30/.dotfiles/wiki-wayland-0.95beta.md
[Trace 21:17:02.236] VsCodeClientWorkspace: TextDocument.onDidChanceContent: file:///home/n30/.dotfiles/wiki-wayland-0.95beta.md
[Trace 21:17:02.236] Server: connection.languages.diagnostics.on: file:///home/n30/.dotfiles/wiki-wayland-0.95beta.md
[Trace 21:17:02.392] VsCodeClientWorkspace: TextDocument.onDidChanceContent: file:///home/n30/.dotfiles/wiki-wayland-0.95beta.md
[Trace 21:17:02.392] Server: connection.languages.diagnostics.on: file:///home/n30/.dotfiles/wiki-wayland-0.95beta.md
[Debug 21:17:02.560] MdFoldingProvider: provideFoldingRanges — file:///home/n30/.dotfiles/wiki-wayland-0.95beta.md 40
[Debug 21:17:02.560] TableOfContentsProvider: create - file:///home/n30/.dotfiles/wiki-wayland-0.95beta.md
[Debug 21:17:02.735] LinkProvider: compute - file:///home/n30/.dotfiles/wiki-wayland-0.95beta.md
[Trace 21:17:02.852] VsCodeClientWorkspace: TextDocument.onDidChanceContent: file:///home/n30/.dotfiles/wiki-wayland-0.95beta.md
[Trace 21:17:02.854] Server: connection.languages.diagnostics.on: file:///home/n30/.dotfiles/wiki-wayland-0.95beta.md
[Debug 21:17:02.894] MdFoldingProvider: provideFoldingRanges — file:///home/n30/.dotfiles/wiki-wayland-0.95beta.md 41
[Debug 21:17:02.895] TableOfContentsProvider: create - file:///home/n30/.dotfiles/wiki-wayland-0.95beta.md
[Debug 21:17:03.056] LinkProvider: compute - file:///home/n30/.dotfiles/wiki-wayland-0.95beta.md
[Trace 21:17:03.056] DocumentSymbolProvider: provideDocumentSymbols — file:///home/n30/.dotfiles/wiki-wayland-0.95beta.md 41
[Trace 21:17:04.219] VsCodeClientWorkspace: TextDocument.onDidChanceContent: file:///home/n30/.dotfiles/wiki-wayland-0.95beta.md
[Trace 21:17:04.219] Server: connection.languages.diagnostics.on: file:///home/n30/.dotfiles/wiki-wayland-0.95beta.md
[Trace 21:17:04.339] VsCodeClientWorkspace: TextDocument.onDidChanceContent: file:///home/n30/.dotfiles/wiki-wayland-0.95beta.md
[Trace 21:17:04.340] Server: connection.languages.diagnostics.on: file:///home/n30/.dotfiles/wiki-wayland-0.95beta.md
[Debug 21:17:04.516] MdFoldingProvider: provideFoldingRanges — file:///home/n30/.dotfiles/wiki-wayland-0.95beta.md 43
[Debug 21:17:04.516] TableOfContentsProvider: create - file:///home/n30/.dotfiles/wiki-wayland-0.95beta.md
[Debug 21:17:04.676] LinkProvider: compute - file:///home/n30/.dotfiles/wiki-wayland-0.95beta.md
[Trace 21:17:04.705] DocumentSymbolProvider: provideDocumentSymbols — file:///home/n30/.dotfiles/wiki-wayland-0.95beta.md 43
[Trace 21:22:00.975] VsCodeClientWorkspace: TextDocument.onDidChanceContent: file:///home/n30/.dotfiles/wiki-wayland-0.95beta.md
[Trace 21:22:00.975] Server: connection.languages.diagnostics.on: file:///home/n30/.dotfiles/wiki-wayland-0.95beta.md
[Debug 21:22:01.132] MdFoldingProvider: provideFoldingRanges — file:///home/n30/.dotfiles/wiki-wayland-0.95beta.md 44
[Debug 21:22:01.132] TableOfContentsProvider: create - file:///home/n30/.dotfiles/wiki-wayland-0.95beta.md
[Trace 21:22:01.349] DocumentSymbolProvider: provideDocumentSymbols — file:///home/n30/.dotfiles/wiki-wayland-0.95beta.md 44
[Debug 21:22:01.349] LinkProvider: compute - file:///home/n30/.dotfiles/wiki-wayland-0.95beta.md
[Trace 21:22:01.799] VsCodeClientWorkspace: TextDocument.onDidChanceContent: file:///home/n30/.dotfiles/wiki-wayland-0.95beta.md
[Trace 21:22:01.799] Server: connection.languages.diagnostics.on: file:///home/n30/.dotfiles/wiki-wayland-0.95beta.md
[Debug 21:22:01.978] MdFoldingProvider: provideFoldingRanges — file:///home/n30/.dotfiles/wiki-wayland-0.95beta.md 45
[Debug 21:22:01.978] TableOfContentsProvider: create - file:///home/n30/.dotfiles/wiki-wayland-0.95beta.md
[Debug 21:22:02.139] LinkProvider: compute - file:///home/n30/.dotfiles/wiki-wayland-0.95beta.md
[Trace 21:22:02.187] DocumentSymbolProvider: provideDocumentSymbols — file:///home/n30/.dotfiles/wiki-wayland-0.95beta.md 45
[Trace 21:22:06.028] VsCodeClientWorkspace: TextDocument.onDidChanceContent: file:///home/n30/.dotfiles/wiki-wayland-0.95beta.md
[Trace 21:22:06.028] Server: connection.languages.diagnostics.on: file:///home/n30/.dotfiles/wiki-wayland-0.95beta.md
[Trace 21:22:06.186] VsCodeClientWorkspace: TextDocument.onDidChanceContent: file:///home/n30/.dotfiles/wiki-wayland-0.95beta.md
[Trace 21:22:06.186] Server: connection.languages.diagnostics.on: file:///home/n30/.dotfiles/wiki-wayland-0.95beta.md
[Trace 21:22:06.356] VsCodeClientWorkspace: TextDocument.onDidChanceContent: file:///home/n30/.dotfiles/wiki-wayland-0.95beta.md
[Trace 21:22:06.356] Server: connection.languages.diagnostics.on: file:///home/n30/.dotfiles/wiki-wayland-0.95beta.md
[Trace 21:22:06.508] VsCodeClientWorkspace: TextDocument.onDidChanceContent: file:///home/n30/.dotfiles/wiki-wayland-0.95beta.md
[Trace 21:22:06.508] Server: connection.languages.diagnostics.on: file:///home/n30/.dotfiles/wiki-wayland-0.95beta.md
[Trace 21:22:06.666] VsCodeClientWorkspace: TextDocument.onDidChanceContent: file:///home/n30/.dotfiles/wiki-wayland-0.95beta.md
[Trace 21:22:06.667] Server: connection.languages.diagnostics.on: file:///home/n30/.dotfiles/wiki-wayland-0.95beta.md
[Trace 21:22:06.834] VsCodeClientWorkspace: TextDocument.onDidChanceContent: file:///home/n30/.dotfiles/wiki-wayland-0.95beta.md
[Trace 21:22:06.834] Server: connection.languages.diagnostics.on: file:///home/n30/.dotfiles/wiki-wayland-0.95beta.md
[Debug 21:22:07.027] MdFoldingProvider: provideFoldingRanges — file:///home/n30/.dotfiles/wiki-wayland-0.95beta.md 51
[Debug 21:22:07.027] TableOfContentsProvider: create - file:///home/n30/.dotfiles/wiki-wayland-0.95beta.md
[Trace 21:22:07.204] DocumentSymbolProvider: provideDocumentSymbols — file:///home/n30/.dotfiles/wiki-wayland-0.95beta.md 51
[Debug 21:22:07.204] LinkProvider: compute - file:///home/n30/.dotfiles/wiki-wayland-0.95beta.md
[Trace 21:22:08.221] VsCodeClientWorkspace: TextDocument.onDidChanceContent: file:///home/n30/.dotfiles/wiki-wayland-0.95beta.md
[Trace 21:22:08.221] Server: connection.languages.diagnostics.on: file:///home/n30/.dotfiles/wiki-wayland-0.95beta.md
[Trace 21:22:08.331] VsCodeClientWorkspace: TextDocument.onDidChanceContent: file:///home/n30/.dotfiles/wiki-wayland-0.95beta.md
[Trace 21:22:08.331] Server: connection.languages.diagnostics.on: file:///home/n30/.dotfiles/wiki-wayland-0.95beta.md
[Trace 21:22:08.478] VsCodeClientWorkspace: TextDocument.onDidChanceContent: file:///home/n30/.dotfiles/wiki-wayland-0.95beta.md
[Trace 21:22:08.478] Server: connection.languages.diagnostics.on: file:///home/n30/.dotfiles/wiki-wayland-0.95beta.md
[Trace 21:22:08.609] VsCodeClientWorkspace: TextDocument.onDidChanceContent: file:///home/n30/.dotfiles/wiki-wayland-0.95beta.md
[Trace 21:22:08.609] Server: connection.languages.diagnostics.on: file:///home/n30/.dotfiles/wiki-wayland-0.95beta.md
[Debug 21:22:08.785] MdFoldingProvider: provideFoldingRanges — file:///home/n30/.dotfiles/wiki-wayland-0.95beta.md 55
[Debug 21:22:08.785] TableOfContentsProvider: create - file:///home/n30/.dotfiles/wiki-wayland-0.95beta.md
[Debug 21:22:08.926] LinkProvider: compute - file:///home/n30/.dotfiles/wiki-wayland-0.95beta.md
[Trace 21:22:08.969] DocumentSymbolProvider: provideDocumentSymbols — file:///home/n30/.dotfiles/wiki-wayland-0.95beta.md 55
[Trace 21:23:20.922] VsCodeClientWorkspace: TextDocument.onDidChanceContent: file:///home/n30/.dotfiles/wiki-wayland-0.95beta.md
[Trace 21:23:20.922] Server: connection.languages.diagnostics.on: file:///home/n30/.dotfiles/wiki-wayland-0.95beta.md
[Trace 21:23:21.122] VsCodeClientWorkspace: TextDocument.onDidChanceContent: file:///home/n30/.dotfiles/wiki-wayland-0.95beta.md
[Trace 21:23:21.122] Server: connection.languages.diagnostics.on: file:///home/n30/.dotfiles/wiki-wayland-0.95beta.md
[Debug 21:23:21.292] MdFoldingProvider: provideFoldingRanges — file:///home/n30/.dotfiles/wiki-wayland-0.95beta.md 57
[Debug 21:23:21.292] TableOfContentsProvider: create - file:///home/n30/.dotfiles/wiki-wayland-0.95beta.md
[Trace 21:23:21.489] DocumentSymbolProvider: provideDocumentSymbols — file:///home/n30/.dotfiles/wiki-wayland-0.95beta.md 57
[Debug 21:23:21.489] LinkProvider: compute - file:///home/n30/.dotfiles/wiki-wayland-0.95beta.md
[Trace 21:23:22.057] VsCodeClientWorkspace: TextDocument.onDidChanceContent: file:///home/n30/.dotfiles/wiki-wayland-0.95beta.md
[Trace 21:23:22.057] Server: connection.languages.diagnostics.on: file:///home/n30/.dotfiles/wiki-wayland-0.95beta.md
[Debug 21:23:22.242] MdFoldingProvider: provideFoldingRanges — file:///home/n30/.dotfiles/wiki-wayland-0.95beta.md 58
[Debug 21:23:22.242] TableOfContentsProvider: create - file:///home/n30/.dotfiles/wiki-wayland-0.95beta.md
[Debug 21:23:22.390] LinkProvider: compute - file:///home/n30/.dotfiles/wiki-wayland-0.95beta.md
[Trace 21:23:22.443] DocumentSymbolProvider: provideDocumentSymbols — file:///home/n30/.dotfiles/wiki-wayland-0.95beta.md 58
[Trace 21:23:24.567] VsCodeClientWorkspace: TextDocument.onDidChanceContent: file:///home/n30/.dotfiles/wiki-wayland-0.95beta.md
[Trace 21:23:24.567] Server: connection.languages.diagnostics.on: file:///home/n30/.dotfiles/wiki-wayland-0.95beta.md
[Debug 21:23:24.761] MdFoldingProvider: provideFoldingRanges — file:///home/n30/.dotfiles/wiki-wayland-0.95beta.md 59
[Debug 21:23:24.761] TableOfContentsProvider: create - file:///home/n30/.dotfiles/wiki-wayland-0.95beta.md
[Trace 21:23:24.943] DocumentSymbolProvider: provideDocumentSymbols — file:///home/n30/.dotfiles/wiki-wayland-0.95beta.md 59
[Debug 21:23:24.943] LinkProvider: compute - file:///home/n30/.dotfiles/wiki-wayland-0.95beta.md
[Trace 21:23:33.620] VsCodeClientWorkspace: TextDocument.onDidChanceContent: file:///home/n30/.dotfiles/wiki-wayland-0.95beta.md
[Trace 21:23:33.621] Server: connection.languages.diagnostics.on: file:///home/n30/.dotfiles/wiki-wayland-0.95beta.md
[Debug 21:23:33.789] MdFoldingProvider: provideFoldingRanges — file:///home/n30/.dotfiles/wiki-wayland-0.95beta.md 60
[Debug 21:23:33.789] TableOfContentsProvider: create - file:///home/n30/.dotfiles/wiki-wayland-0.95beta.md
[Trace 21:23:34.011] DocumentSymbolProvider: provideDocumentSymbols — file:///home/n30/.dotfiles/wiki-wayland-0.95beta.md 60
[Debug 21:23:34.011] LinkProvider: compute - file:///home/n30/.dotfiles/wiki-wayland-0.95beta.md
[Trace 21:23:34.766] VsCodeClientWorkspace: TextDocument.onDidChanceContent: file:///home/n30/.dotfiles/wiki-wayland-0.95beta.md
[Trace 21:23:34.766] Server: connection.languages.diagnostics.on: file:///home/n30/.dotfiles/wiki-wayland-0.95beta.md
[Debug 21:23:34.939] MdFoldingProvider: provideFoldingRanges — file:///home/n30/.dotfiles/wiki-wayland-0.95beta.md 61
[Debug 21:23:34.939] TableOfContentsProvider: create - file:///home/n30/.dotfiles/wiki-wayland-0.95beta.md
[Debug 21:23:35.086] LinkProvider: compute - file:///home/n30/.dotfiles/wiki-wayland-0.95beta.md
[Trace 21:23:35.127] DocumentSymbolProvider: provideDocumentSymbols — file:///home/n30/.dotfiles/wiki-wayland-0.95beta.md 61
[Trace 21:23:36.302] VsCodeClientWorkspace: TextDocument.onDidChanceContent: file:///home/n30/.dotfiles/wiki-wayland-0.95beta.md
[Trace 21:23:36.303] Server: connection.languages.diagnostics.on: file:///home/n30/.dotfiles/wiki-wayland-0.95beta.md
[Trace 21:23:36.391] VsCodeClientWorkspace: TextDocument.onDidChanceContent: file:///home/n30/.dotfiles/wiki-wayland-0.95beta.md
[Trace 21:23:36.391] Server: connection.languages.diagnostics.on: file:///home/n30/.dotfiles/wiki-wayland-0.95beta.md
[Debug 21:23:36.560] MdFoldingProvider: provideFoldingRanges — file:///home/n30/.dotfiles/wiki-wayland-0.95beta.md 63
[Debug 21:23:36.561] TableOfContentsProvider: create - file:///home/n30/.dotfiles/wiki-wayland-0.95beta.md
[Debug 21:23:36.744] LinkProvider: compute - file:///home/n30/.dotfiles/wiki-wayland-0.95beta.md
[Trace 21:23:36.745] VsCodeClientWorkspace: TextDocument.onDidChanceContent: file:///home/n30/.dotfiles/wiki-wayland-0.95beta.md
[Trace 21:23:36.745] Server: connection.languages.diagnostics.on: file:///home/n30/.dotfiles/wiki-wayland-0.95beta.md
[Debug 21:23:36.816] MdFoldingProvider: provideFoldingRanges — file:///home/n30/.dotfiles/wiki-wayland-0.95beta.md 64
[Debug 21:23:36.816] TableOfContentsProvider: create - file:///home/n30/.dotfiles/wiki-wayland-0.95beta.md
[Debug 21:23:36.957] LinkProvider: compute - file:///home/n30/.dotfiles/wiki-wayland-0.95beta.md
[Trace 21:23:36.988] DocumentSymbolProvider: provideDocumentSymbols — file:///home/n30/.dotfiles/wiki-wayland-0.95beta.md 64
[Trace 21:23:39.985] VsCodeClientWorkspace: TextDocument.onDidChanceContent: file:///home/n30/.dotfiles/wiki-wayland-0.95beta.md
[Trace 21:23:39.985] Server: connection.languages.diagnostics.on: file:///home/n30/.dotfiles/wiki-wayland-0.95beta.md
[Debug 21:23:40.171] MdFoldingProvider: provideFoldingRanges — file:///home/n30/.dotfiles/wiki-wayland-0.95beta.md 65
[Debug 21:23:40.171] TableOfContentsProvider: create - file:///home/n30/.dotfiles/wiki-wayland-0.95beta.md
[Trace 21:23:40.327] DocumentSymbolProvider: provideDocumentSymbols — file:///home/n30/.dotfiles/wiki-wayland-0.95beta.md 65
[Debug 21:23:40.327] LinkProvider: compute - file:///home/n30/.dotfiles/wiki-wayland-0.95beta.md
[Trace 21:24:10.395] VsCodeClientWorkspace: TextDocument.onDidChanceContent: file:///home/n30/.dotfiles/wiki-wayland-0.95beta.md
[Trace 21:24:10.395] Server: connection.languages.diagnostics.on: file:///home/n30/.dotfiles/wiki-wayland-0.95beta.md
[Trace 21:24:10.541] VsCodeClientWorkspace: TextDocument.onDidChanceContent: file:///home/n30/.dotfiles/wiki-wayland-0.95beta.md
[Trace 21:24:10.541] Server: connection.languages.diagnostics.on: file:///home/n30/.dotfiles/wiki-wayland-0.95beta.md
[Debug 21:24:10.704] MdFoldingProvider: provideFoldingRanges — file:///home/n30/.dotfiles/wiki-wayland-0.95beta.md 67
[Debug 21:24:10.705] TableOfContentsProvider: create - file:///home/n30/.dotfiles/wiki-wayland-0.95beta.md
[Trace 21:24:10.916] DocumentSymbolProvider: provideDocumentSymbols — file:///home/n30/.dotfiles/wiki-wayland-0.95beta.md 67
[Debug 21:24:10.916] LinkProvider: compute - file:///home/n30/.dotfiles/wiki-wayland-0.95beta.md
[Trace 21:24:33.049] VsCodeClientWorkspace: TextDocument.onDidChanceContent: file:///home/n30/.dotfiles/wiki-wayland-0.95beta.md
[Trace 21:24:33.049] Server: connection.languages.diagnostics.on: file:///home/n30/.dotfiles/wiki-wayland-0.95beta.md
[Trace 21:24:33.230] VsCodeClientWorkspace: TextDocument.onDidChanceContent: file:///home/n30/.dotfiles/wiki-wayland-0.95beta.md
[Trace 21:24:33.230] Server: connection.languages.diagnostics.on: file:///home/n30/.dotfiles/wiki-wayland-0.95beta.md
[Debug 21:24:33.382] MdFoldingProvider: provideFoldingRanges — file:///home/n30/.dotfiles/wiki-wayland-0.95beta.md 69
[Debug 21:24:33.383] TableOfContentsProvider: create - file:///home/n30/.dotfiles/wiki-wayland-0.95beta.md
[Trace 21:24:33.582] DocumentSymbolProvider: provideDocumentSymbols — file:///home/n30/.dotfiles/wiki-wayland-0.95beta.md 69
[Debug 21:24:33.582] LinkProvider: compute - file:///home/n30/.dotfiles/wiki-wayland-0.95beta.md
[Trace 21:24:36.024] VsCodeClientWorkspace: TextDocument.onDidChanceContent: file:///home/n30/.dotfiles/wiki-wayland-0.95beta.md
[Trace 21:24:36.024] Server: connection.languages.diagnostics.on: file:///home/n30/.dotfiles/wiki-wayland-0.95beta.md
[Debug 21:24:36.204] MdFoldingProvider: provideFoldingRanges — file:///home/n30/.dotfiles/wiki-wayland-0.95beta.md 70
[Debug 21:24:36.204] TableOfContentsProvider: create - file:///home/n30/.dotfiles/wiki-wayland-0.95beta.md
[Debug 21:24:36.358] LinkProvider: compute - file:///home/n30/.dotfiles/wiki-wayland-0.95beta.md
[Trace 21:24:36.384] DocumentSymbolProvider: provideDocumentSymbols — file:///home/n30/.dotfiles/wiki-wayland-0.95beta.md 70
[Trace 21:24:42.059] VsCodeClientWorkspace: TextDocument.onDidChanceContent: file:///home/n30/.dotfiles/wiki-wayland-0.95beta.md
[Trace 21:24:42.059] Server: connection.languages.diagnostics.on: file:///home/n30/.dotfiles/wiki-wayland-0.95beta.md
[Debug 21:24:42.241] MdFoldingProvider: provideFoldingRanges — file:///home/n30/.dotfiles/wiki-wayland-0.95beta.md 71
[Debug 21:24:42.241] TableOfContentsProvider: create - file:///home/n30/.dotfiles/wiki-wayland-0.95beta.md
[Debug 21:24:42.422] LinkProvider: compute - file:///home/n30/.dotfiles/wiki-wayland-0.95beta.md
[Trace 21:24:42.467] DocumentSymbolProvider: provideDocumentSymbols — file:///home/n30/.dotfiles/wiki-wayland-0.95beta.md 71
[Trace 21:24:45.674] VsCodeClientWorkspace: TextDocument.onDidChanceContent: file:///home/n30/.dotfiles/wiki-wayland-0.95beta.md
[Trace 21:24:45.674] Server: connection.languages.diagnostics.on: file:///home/n30/.dotfiles/wiki-wayland-0.95beta.md
[Debug 21:24:45.857] MdFoldingProvider: provideFoldingRanges — file:///home/n30/.dotfiles/wiki-wayland-0.95beta.md 72
[Debug 21:24:45.857] TableOfContentsProvider: create - file:///home/n30/.dotfiles/wiki-wayland-0.95beta.md
[Trace 21:24:46.035] DocumentSymbolProvider: provideDocumentSymbols — file:///home/n30/.dotfiles/wiki-wayland-0.95beta.md 72
[Debug 21:24:46.035] LinkProvider: compute - file:///home/n30/.dotfiles/wiki-wayland-0.95beta.md
[Trace 22:41:21.142] VsCodeClientWorkspace: TextDocument.onDidChanceContent: file:///home/n30/.dotfiles/wiki-wayland-0.95beta.md
[Trace 22:41:21.143] Server: connection.languages.diagnostics.on: file:///home/n30/.dotfiles/wiki-wayland-0.95beta.md
[Debug 22:41:21.340] MdFoldingProvider: provideFoldingRanges — file:///home/n30/.dotfiles/wiki-wayland-0.95beta.md 73
[Debug 22:41:21.341] TableOfContentsProvider: create - file:///home/n30/.dotfiles/wiki-wayland-0.95beta.md
[Trace 22:41:21.549] DocumentSymbolProvider: provideDocumentSymbols — file:///home/n30/.dotfiles/wiki-wayland-0.95beta.md 73
[Debug 22:41:21.550] LinkProvider: compute - file:///home/n30/.dotfiles/wiki-wayland-0.95beta.md
[Trace 22:47:51.267] ReferencesProvider: getReferencesAtPosition — file:///home/n30/.dotfiles/wiki-wayland-0.95beta.md 73
[Trace 22:51:18.751] VsCodeClientWorkspace: TextDocument.onDidChanceContent: file:///home/n30/.dotfiles/wiki-wayland-0.95beta.md
[Trace 22:51:18.751] Server: connection.languages.diagnostics.on: file:///home/n30/.dotfiles/wiki-wayland-0.95beta.md
[Debug 22:51:18.921] MdFoldingProvider: provideFoldingRanges — file:///home/n30/.dotfiles/wiki-wayland-0.95beta.md 74
[Debug 22:51:18.921] TableOfContentsProvider: create - file:///home/n30/.dotfiles/wiki-wayland-0.95beta.md
[Trace 22:51:19.116] DocumentSymbolProvider: provideDocumentSymbols — file:///home/n30/.dotfiles/wiki-wayland-0.95beta.md 74
[Debug 22:51:19.116] LinkProvider: compute - file:///home/n30/.dotfiles/wiki-wayland-0.95beta.md
[Trace 22:51:19.366] VsCodeClientWorkspace: TextDocument.onDidChanceContent: file:///home/n30/.dotfiles/wiki-wayland-0.95beta.md
[Trace 22:51:19.366] Server: connection.languages.diagnostics.on: file:///home/n30/.dotfiles/wiki-wayland-0.95beta.md
[Trace 22:51:19.528] VsCodeClientWorkspace: TextDocument.onDidChanceContent: file:///home/n30/.dotfiles/wiki-wayland-0.95beta.md
[Trace 22:51:19.528] Server: connection.languages.diagnostics.on: file:///home/n30/.dotfiles/wiki-wayland-0.95beta.md
[Debug 22:51:19.716] MdFoldingProvider: provideFoldingRanges — file:///home/n30/.dotfiles/wiki-wayland-0.95beta.md 76
[Debug 22:51:19.716] TableOfContentsProvider: create - file:///home/n30/.dotfiles/wiki-wayland-0.95beta.md
[Trace 22:51:19.897] DocumentSymbolProvider: provideDocumentSymbols — file:///home/n30/.dotfiles/wiki-wayland-0.95beta.md 76
[Debug 22:51:19.897] LinkProvider: compute - file:///home/n30/.dotfiles/wiki-wayland-0.95beta.md
[Trace 22:51:27.752] VsCodeClientWorkspace: TextDocument.onDidChanceContent: file:///home/n30/.dotfiles/wiki-wayland-0.95beta.md
[Trace 22:51:27.752] Server: connection.languages.diagnostics.on: file:///home/n30/.dotfiles/wiki-wayland-0.95beta.md
[Debug 22:51:27.922] MdFoldingProvider: provideFoldingRanges — file:///home/n30/.dotfiles/wiki-wayland-0.95beta.md 77
[Debug 22:51:27.922] TableOfContentsProvider: create - file:///home/n30/.dotfiles/wiki-wayland-0.95beta.md
[Debug 22:51:28.147] LinkProvider: compute - file:///home/n30/.dotfiles/wiki-wayland-0.95beta.md
[Trace 22:51:28.147] DocumentSymbolProvider: provideDocumentSymbols — file:///home/n30/.dotfiles/wiki-wayland-0.95beta.md 77
[Trace 22:51:30.294] VsCodeClientWorkspace: TextDocument.onDidChanceContent: file:///home/n30/.dotfiles/wiki-wayland-0.95beta.md
[Trace 22:51:30.294] Server: connection.languages.diagnostics.on: file:///home/n30/.dotfiles/wiki-wayland-0.95beta.md
[Debug 22:51:30.495] MdFoldingProvider: provideFoldingRanges — file:///home/n30/.dotfiles/wiki-wayland-0.95beta.md 78
[Debug 22:51:30.495] TableOfContentsProvider: create - file:///home/n30/.dotfiles/wiki-wayland-0.95beta.md
[Debug 22:51:30.663] LinkProvider: compute - file:///home/n30/.dotfiles/wiki-wayland-0.95beta.md
[Trace 22:51:30.693] DocumentSymbolProvider: provideDocumentSymbols — file:///home/n30/.dotfiles/wiki-wayland-0.95beta.md 78
[Trace 22:51:36.735] VsCodeClientWorkspace: TextDocument.onDidChanceContent: file:///home/n30/.dotfiles/wiki-wayland-0.95beta.md
[Trace 22:51:36.735] Server: connection.languages.diagnostics.on: file:///home/n30/.dotfiles/wiki-wayland-0.95beta.md
[Trace 22:51:36.850] VsCodeClientWorkspace: TextDocument.onDidChanceContent: file:///home/n30/.dotfiles/wiki-wayland-0.95beta.md
[Trace 22:51:36.850] Server: connection.languages.diagnostics.on: file:///home/n30/.dotfiles/wiki-wayland-0.95beta.md
[Debug 22:51:37.062] MdFoldingProvider: provideFoldingRanges — file:///home/n30/.dotfiles/wiki-wayland-0.95beta.md 80
[Debug 22:51:37.062] TableOfContentsProvider: create - file:///home/n30/.dotfiles/wiki-wayland-0.95beta.md
[Debug 22:51:37.256] LinkProvider: compute - file:///home/n30/.dotfiles/wiki-wayland-0.95beta.md
[Trace 22:51:37.259] DocumentSymbolProvider: provideDocumentSymbols — file:///home/n30/.dotfiles/wiki-wayland-0.95beta.md 80
[Trace 22:51:37.324] VsCodeClientWorkspace: TextDocument.onDidChanceContent: file:///home/n30/.dotfiles/wiki-wayland-0.95beta.md
[Trace 22:51:37.325] Server: connection.languages.diagnostics.on: file:///home/n30/.dotfiles/wiki-wayland-0.95beta.md
[Debug 22:51:37.329] TableOfContentsProvider: create - file:///home/n30/.dotfiles/wiki-wayland-0.95beta.md
[Debug 22:51:37.426] MdFoldingProvider: provideFoldingRanges — file:///home/n30/.dotfiles/wiki-wayland-0.95beta.md 81
[Debug 22:51:37.543] LinkProvider: compute - file:///home/n30/.dotfiles/wiki-wayland-0.95beta.md
[Trace 22:51:37.573] DocumentSymbolProvider: provideDocumentSymbols — file:///home/n30/.dotfiles/wiki-wayland-0.95beta.md 81
[Trace 22:51:45.132] VsCodeClientWorkspace: TextDocument.onDidChanceContent: file:///home/n30/.dotfiles/wiki-wayland-0.95beta.md
[Trace 22:51:45.132] Server: connection.languages.diagnostics.on: file:///home/n30/.dotfiles/wiki-wayland-0.95beta.md
[Debug 22:51:45.329] MdFoldingProvider: provideFoldingRanges — file:///home/n30/.dotfiles/wiki-wayland-0.95beta.md 82
[Debug 22:51:45.330] TableOfContentsProvider: create - file:///home/n30/.dotfiles/wiki-wayland-0.95beta.md
[Trace 22:51:45.518] DocumentSymbolProvider: provideDocumentSymbols — file:///home/n30/.dotfiles/wiki-wayland-0.95beta.md 82
[Debug 22:51:45.518] LinkProvider: compute - file:///home/n30/.dotfiles/wiki-wayland-0.95beta.md
[Trace 22:55:09.151] VsCodeClientWorkspace: TextDocument.onDidChanceContent: file:///home/n30/.dotfiles/wiki-wayland-0.95beta.md
[Trace 22:55:09.151] Server: connection.languages.diagnostics.on: file:///home/n30/.dotfiles/wiki-wayland-0.95beta.md
[Debug 22:55:09.317] MdFoldingProvider: provideFoldingRanges — file:///home/n30/.dotfiles/wiki-wayland-0.95beta.md 83
[Debug 22:55:09.317] TableOfContentsProvider: create - file:///home/n30/.dotfiles/wiki-wayland-0.95beta.md
[Trace 22:55:09.520] DocumentSymbolProvider: provideDocumentSymbols — file:///home/n30/.dotfiles/wiki-wayland-0.95beta.md 83
[Debug 22:55:09.520] LinkProvider: compute - file:///home/n30/.dotfiles/wiki-wayland-0.95beta.md
[Trace 22:55:09.961] VsCodeClientWorkspace: TextDocument.onDidChanceContent: file:///home/n30/.dotfiles/wiki-wayland-0.95beta.md
[Trace 22:55:09.961] Server: connection.languages.diagnostics.on: file:///home/n30/.dotfiles/wiki-wayland-0.95beta.md
[Debug 22:55:10.141] MdFoldingProvider: provideFoldingRanges — file:///home/n30/.dotfiles/wiki-wayland-0.95beta.md 84
[Debug 22:55:10.141] TableOfContentsProvider: create - file:///home/n30/.dotfiles/wiki-wayland-0.95beta.md
[Trace 22:55:10.320] DocumentSymbolProvider: provideDocumentSymbols — file:///home/n30/.dotfiles/wiki-wayland-0.95beta.md 84
[Debug 22:55:10.320] LinkProvider: compute - file:///home/n30/.dotfiles/wiki-wayland-0.95beta.md
[Trace 22:55:11.846] VsCodeClientWorkspace: TextDocument.onDidChanceContent: file:///home/n30/.dotfiles/wiki-wayland-0.95beta.md
[Trace 22:55:11.847] Server: connection.languages.diagnostics.on: file:///home/n30/.dotfiles/wiki-wayland-0.95beta.md
[Debug 22:55:12.041] MdFoldingProvider: provideFoldingRanges — file:///home/n30/.dotfiles/wiki-wayland-0.95beta.md 85
[Debug 22:55:12.041] TableOfContentsProvider: create - file:///home/n30/.dotfiles/wiki-wayland-0.95beta.md
[Debug 22:55:12.199] LinkProvider: compute - file:///home/n30/.dotfiles/wiki-wayland-0.95beta.md
[Trace 22:55:12.240] DocumentSymbolProvider: provideDocumentSymbols — file:///home/n30/.dotfiles/wiki-wayland-0.95beta.md 85
[Trace 22:58:11.409] VsCodeClientWorkspace: TextDocument.onDidChanceContent: file:///home/n30/.dotfiles/wiki-wayland-0.95beta.md
[Trace 22:58:11.409] Server: connection.languages.diagnostics.on: file:///home/n30/.dotfiles/wiki-wayland-0.95beta.md
[Debug 22:58:11.574] MdFoldingProvider: provideFoldingRanges — file:///home/n30/.dotfiles/wiki-wayland-0.95beta.md 86
[Debug 22:58:11.574] TableOfContentsProvider: create - file:///home/n30/.dotfiles/wiki-wayland-0.95beta.md
[Debug 22:58:11.783] LinkProvider: compute - file:///home/n30/.dotfiles/wiki-wayland-0.95beta.md
[Trace 22:58:11.786] DocumentSymbolProvider: provideDocumentSymbols — file:///home/n30/.dotfiles/wiki-wayland-0.95beta.md 86
[Trace 22:58:29.361] VsCodeClientWorkspace: TextDocument.onDidChanceContent: file:///home/n30/.dotfiles/wiki-wayland-0.95beta.md
[Trace 22:58:29.361] Server: connection.languages.diagnostics.on: file:///home/n30/.dotfiles/wiki-wayland-0.95beta.md
[Debug 22:58:29.532] MdFoldingProvider: provideFoldingRanges — file:///home/n30/.dotfiles/wiki-wayland-0.95beta.md 87
[Debug 22:58:29.532] TableOfContentsProvider: create - file:///home/n30/.dotfiles/wiki-wayland-0.95beta.md
[Debug 22:58:29.730] LinkProvider: compute - file:///home/n30/.dotfiles/wiki-wayland-0.95beta.md
[Trace 22:58:29.730] DocumentSymbolProvider: provideDocumentSymbols — file:///home/n30/.dotfiles/wiki-wayland-0.95beta.md 87
[Trace 23:00:03.877] VsCodeClientWorkspace: TextDocument.onDidChanceContent: file:///home/n30/.dotfiles/wiki-wayland-0.95beta.md
[Trace 23:00:03.877] Server: connection.languages.diagnostics.on: file:///home/n30/.dotfiles/wiki-wayland-0.95beta.md
[Debug 23:00:04.068] MdFoldingProvider: provideFoldingRanges — file:///home/n30/.dotfiles/wiki-wayland-0.95beta.md 88
[Debug 23:00:04.068] TableOfContentsProvider: create - file:///home/n30/.dotfiles/wiki-wayland-0.95beta.md
[Trace 23:00:04.259] DocumentSymbolProvider: provideDocumentSymbols — file:///home/n30/.dotfiles/wiki-wayland-0.95beta.md 88
[Debug 23:00:04.259] LinkProvider: compute - file:///home/n30/.dotfiles/wiki-wayland-0.95beta.md
[Trace 23:00:51.921] Server: connection.languages.diagnostics.on: file:///home/n30/.dotfiles/README.md
[Trace 23:00:51.980] VsCodeClientWorkspace: TextDocument.onDidOpen: file:///home/n30/.dotfiles/README.md
[Trace 23:00:51.980] VsCodeClientWorkspace: TextDocument.onDidChanceContent: file:///home/n30/.dotfiles/README.md
[Trace 23:00:51.980] Server: connection.languages.diagnostics.on: file:///home/n30/.dotfiles/README.md
[Trace 23:00:51.980] DocumentSymbolProvider: provideDocumentSymbols — file:///home/n30/.dotfiles/README.md 1
[Debug 23:00:51.980] LinkProvider: compute - file:///home/n30/.dotfiles/README.md
[Trace 23:00:51.980] DocumentSymbolProvider: provideDocumentSymbols — file:///home/n30/.dotfiles/README.md 1
[Trace 23:00:51.989] Server: connection.languages.diagnostics.on: file:///home/n30/.dotfiles/README.md
[Debug 23:00:52.027] TableOfContentsProvider: create - file:///home/n30/.dotfiles/README.md
[Trace 23:00:52.098] Server: connection.languages.diagnostics.on: file:///home/n30/.dotfiles/wiki-wayland-0.95beta.md
[Debug 23:00:52.140] MdFoldingProvider: provideFoldingRanges — file:///home/n30/.dotfiles/README.md 1
[Trace 23:00:52.298] Server: connection.languages.diagnostics.on: file:///home/n30/.dotfiles/wiki-wayland-0.95beta.md
[Trace 23:00:52.498] Server: connection.languages.diagnostics.on: file:///home/n30/.dotfiles/wiki-wayland-0.95beta.md
[Trace 23:00:52.699] Server: connection.languages.diagnostics.on: file:///home/n30/.dotfiles/wiki-wayland-0.95beta.md
[Trace 23:00:52.898] Server: connection.languages.diagnostics.on: file:///home/n30/.dotfiles/wiki-wayland-0.95beta.md
[Trace 23:00:53.098] Server: connection.languages.diagnostics.on: file:///home/n30/.dotfiles/wiki-wayland-0.95beta.md
[Trace 23:00:53.298] Server: connection.languages.diagnostics.on: file:///home/n30/.dotfiles/wiki-wayland-0.95beta.md
[Trace 23:00:53.498] Server: connection.languages.diagnostics.on: file:///home/n30/.dotfiles/wiki-wayland-0.95beta.md
[Trace 23:00:53.698] Server: connection.languages.diagnostics.on: file:///home/n30/.dotfiles/wiki-wayland-0.95beta.md
[Trace 23:00:53.898] Server: connection.languages.diagnostics.on: file:///home/n30/.dotfiles/wiki-wayland-0.95beta.md
[Trace 23:00:54.099] Server: connection.languages.diagnostics.on: file:///home/n30/.dotfiles/wiki-wayland-0.95beta.md
[Trace 23:00:54.299] Server: connection.languages.diagnostics.on: file:///home/n30/.dotfiles/wiki-wayland-0.95beta.md
[Trace 23:00:54.500] Server: connection.languages.diagnostics.on: file:///home/n30/.dotfiles/wiki-wayland-0.95beta.md
[Trace 23:00:54.700] Server: connection.languages.diagnostics.on: file:///home/n30/.dotfiles/wiki-wayland-0.95beta.md
[Trace 23:00:54.901] Server: connection.languages.diagnostics.on: file:///home/n30/.dotfiles/wiki-wayland-0.95beta.md
[Trace 23:00:55.102] Server: connection.languages.diagnostics.on: file:///home/n30/.dotfiles/wiki-wayland-0.95beta.md
[Trace 23:00:55.303] Server: connection.languages.diagnostics.on: file:///home/n30/.dotfiles/wiki-wayland-0.95beta.md
[Trace 23:00:55.502] Server: connection.languages.diagnostics.on: file:///home/n30/.dotfiles/wiki-wayland-0.95beta.md
[Trace 23:00:55.702] Server: connection.languages.diagnostics.on: file:///home/n30/.dotfiles/wiki-wayland-0.95beta.md
[Trace 23:00:55.902] Server: connection.languages.diagnostics.on: file:///home/n30/.dotfiles/wiki-wayland-0.95beta.md
[Trace 23:00:56.102] Server: connection.languages.diagnostics.on: file:///home/n30/.dotfiles/wiki-wayland-0.95beta.md
[Trace 23:00:56.304] Server: connection.languages.diagnostics.on: file:///home/n30/.dotfiles/wiki-wayland-0.95beta.md
[Trace 23:00:56.504] Server: connection.languages.diagnostics.on: file:///home/n30/.dotfiles/wiki-wayland-0.95beta.md
[Trace 23:00:56.704] Server: connection.languages.diagnostics.on: file:///home/n30/.dotfiles/wiki-wayland-0.95beta.md
[Trace 23:00:56.905] Server: connection.languages.diagnostics.on: file:///home/n30/.dotfiles/wiki-wayland-0.95beta.md
[Trace 23:00:57.105] Server: connection.languages.diagnostics.on: file:///home/n30/.dotfiles/wiki-wayland-0.95beta.md
[Trace 23:00:57.305] Server: connection.languages.diagnostics.on: file:///home/n30/.dotfiles/wiki-wayland-0.95beta.md
[Trace 23:00:57.505] Server: connection.languages.diagnostics.on: file:///home/n30/.dotfiles/wiki-wayland-0.95beta.md
[Trace 23:00:57.706] Server: connection.languages.diagnostics.on: file:///home/n30/.dotfiles/wiki-wayland-0.95beta.md
[Trace 23:00:57.906] Server: connection.languages.diagnostics.on: file:///home/n30/.dotfiles/wiki-wayland-0.95beta.md
[Trace 23:00:58.106] Server: connection.languages.diagnostics.on: file:///home/n30/.dotfiles/wiki-wayland-0.95beta.md
[Trace 23:00:58.308] Server: connection.languages.diagnostics.on: file:///home/n30/.dotfiles/wiki-wayland-0.95beta.md
[Trace 23:00:58.508] Server: connection.languages.diagnostics.on: file:///home/n30/.dotfiles/wiki-wayland-0.95beta.md
[Trace 23:00:58.707] Server: connection.languages.diagnostics.on: file:///home/n30/.dotfiles/wiki-wayland-0.95beta.md
[Trace 23:00:58.909] Server: connection.languages.diagnostics.on: file:///home/n30/.dotfiles/wiki-wayland-0.95beta.md
[Trace 23:00:59.108] Server: connection.languages.diagnostics.on: file:///home/n30/.dotfiles/wiki-wayland-0.95beta.md
[Trace 23:00:59.308] Server: connection.languages.diagnostics.on: file:///home/n30/.dotfiles/wiki-wayland-0.95beta.md
[Trace 23:00:59.508] Server: connection.languages.diagnostics.on: file:///home/n30/.dotfiles/wiki-wayland-0.95beta.md
[Trace 23:00:59.709] Server: connection.languages.diagnostics.on: file:///home/n30/.dotfiles/wiki-wayland-0.95beta.md
[Trace 23:00:59.909] Server: connection.languages.diagnostics.on: file:///home/n30/.dotfiles/wiki-wayland-0.95beta.md
[Trace 23:01:00.109] Server: connection.languages.diagnostics.on: file:///home/n30/.dotfiles/wiki-wayland-0.95beta.md
[Trace 23:01:00.309] Server: connection.languages.diagnostics.on: file:///home/n30/.dotfiles/wiki-wayland-0.95beta.md
[Trace 23:01:00.510] Server: connection.languages.diagnostics.on: file:///home/n30/.dotfiles/wiki-wayland-0.95beta.md
[Trace 23:01:00.613] VsCodeClientWorkspace: TextDocument.onDidChanceContent: file:///home/n30/.dotfiles/README.md
[Trace 23:01:00.613] Server: connection.languages.diagnostics.on: file:///home/n30/.dotfiles/README.md
[Trace 23:01:00.711] Server: connection.languages.diagnostics.on: file:///home/n30/.dotfiles/wiki-wayland-0.95beta.md
[Debug 23:01:00.806] MdFoldingProvider: provideFoldingRanges — file:///home/n30/.dotfiles/README.md 2
[Debug 23:01:00.807] TableOfContentsProvider: create - file:///home/n30/.dotfiles/README.md
[Debug 23:01:00.863] LinkProvider: compute - file:///home/n30/.dotfiles/README.md
[Trace 23:01:00.956] DocumentSymbolProvider: provideDocumentSymbols — file:///home/n30/.dotfiles/README.md 2
[Trace 23:01:01.928] VsCodeClientWorkspace: onDidChangeWatchedFiles: 1: file:///home/n30/.dotfiles/config/Code%20-%20OSS/User/History/202ef98a/TrXn.md
[Trace 23:01:02.417] VsCodeClientWorkspace: TextDocument.onDidChanceContent: file:///home/n30/.dotfiles/README.md
[Trace 23:01:02.418] Server: connection.languages.diagnostics.on: file:///home/n30/.dotfiles/README.md
[Debug 23:01:02.597] MdFoldingProvider: provideFoldingRanges — file:///home/n30/.dotfiles/README.md 3
[Debug 23:01:02.597] TableOfContentsProvider: create - file:///home/n30/.dotfiles/README.md
[Trace 23:01:02.628] Server: connection.languages.diagnostics.on: file:///home/n30/.dotfiles/wiki-wayland-0.95beta.md
[Debug 23:01:02.650] LinkProvider: compute - file:///home/n30/.dotfiles/README.md
[Trace 23:01:02.745] DocumentSymbolProvider: provideDocumentSymbols — file:///home/n30/.dotfiles/README.md 3
[Trace 23:01:03.715] VsCodeClientWorkspace: onDidChangeWatchedFiles: 2: file:///home/n30/.dotfiles/config/Code%20-%20OSS/User/History/202ef98a/TrXn.md
[Trace 23:01:24.791] VsCodeClientWorkspace: TextDocument.onDidChanceContent: file:///home/n30/.dotfiles/README.md
[Trace 23:01:24.791] Server: connection.languages.diagnostics.on: file:///home/n30/.dotfiles/README.md
[Trace 23:01:24.990] VsCodeClientWorkspace: TextDocument.onDidChanceContent: file:///home/n30/.dotfiles/README.md
[Trace 23:01:24.990] Server: connection.languages.diagnostics.on: file:///home/n30/.dotfiles/README.md
[Trace 23:01:24.992] Server: connection.languages.diagnostics.on: file:///home/n30/.dotfiles/wiki-wayland-0.95beta.md
[Trace 23:01:25.090] VsCodeClientWorkspace: TextDocument.onDidChanceContent: file:///home/n30/.dotfiles/README.md
[Trace 23:01:25.090] Server: connection.languages.diagnostics.on: file:///home/n30/.dotfiles/README.md
[Debug 23:01:25.275] MdFoldingProvider: provideFoldingRanges — file:///home/n30/.dotfiles/README.md 6
[Debug 23:01:25.275] TableOfContentsProvider: create - file:///home/n30/.dotfiles/README.md
[Trace 23:01:25.305] Server: connection.languages.diagnostics.on: file:///home/n30/.dotfiles/wiki-wayland-0.95beta.md
[Debug 23:01:25.327] LinkProvider: compute - file:///home/n30/.dotfiles/README.md
[Trace 23:01:25.419] VsCodeClientWorkspace: TextDocument.onDidChanceContent: file:///home/n30/.dotfiles/README.md
[Trace 23:01:25.419] Server: connection.languages.diagnostics.on: file:///home/n30/.dotfiles/README.md
[Debug 23:01:25.608] MdFoldingProvider: provideFoldingRanges — file:///home/n30/.dotfiles/README.md 7
[Debug 23:01:25.608] TableOfContentsProvider: create - file:///home/n30/.dotfiles/README.md
[Trace 23:01:25.640] Server: connection.languages.diagnostics.on: file:///home/n30/.dotfiles/wiki-wayland-0.95beta.md
[Debug 23:01:25.663] LinkProvider: compute - file:///home/n30/.dotfiles/README.md
[Trace 23:01:25.759] DocumentSymbolProvider: provideDocumentSymbols — file:///home/n30/.dotfiles/README.md 7
[Trace 23:01:26.120] VsCodeClientWorkspace: TextDocument.onDidChanceContent: file:///home/n30/.dotfiles/README.md
[Trace 23:01:26.121] Server: connection.languages.diagnostics.on: file:///home/n30/.dotfiles/README.md
[Debug 23:01:26.302] MdFoldingProvider: provideFoldingRanges — file:///home/n30/.dotfiles/README.md 8
[Debug 23:01:26.302] TableOfContentsProvider: create - file:///home/n30/.dotfiles/README.md
[Trace 23:01:26.322] Server: connection.languages.diagnostics.on: file:///home/n30/.dotfiles/wiki-wayland-0.95beta.md
[Trace 23:01:26.334] VsCodeClientWorkspace: TextDocument.onDidChanceContent: file:///home/n30/.dotfiles/README.md
[Trace 23:01:26.335] Server: connection.languages.diagnostics.on: file:///home/n30/.dotfiles/README.md
[Trace 23:01:26.526] VsCodeClientWorkspace: TextDocument.onDidChanceContent: file:///home/n30/.dotfiles/README.md
[Trace 23:01:26.526] Server: connection.languages.diagnostics.on: file:///home/n30/.dotfiles/README.md
[Trace 23:01:26.535] Server: connection.languages.diagnostics.on: file:///home/n30/.dotfiles/wiki-wayland-0.95beta.md
[Debug 23:01:26.712] MdFoldingProvider: provideFoldingRanges — file:///home/n30/.dotfiles/README.md 10
[Debug 23:01:26.713] TableOfContentsProvider: create - file:///home/n30/.dotfiles/README.md
[Debug 23:01:26.765] LinkProvider: compute - file:///home/n30/.dotfiles/README.md
[Trace 23:01:26.863] DocumentSymbolProvider: provideDocumentSymbols — file:///home/n30/.dotfiles/README.md 10
[Trace 23:01:27.836] VsCodeClientWorkspace: onDidChangeWatchedFiles: 1: file:///home/n30/.dotfiles/config/Code%20-%20OSS/User/History/202ef98a/dL08.md
[Trace 23:01:27.938] VsCodeClientWorkspace: TextDocument.onDidChanceContent: file:///home/n30/.dotfiles/README.md
[Trace 23:01:27.938] Server: connection.languages.diagnostics.on: file:///home/n30/.dotfiles/README.md
[Trace 23:01:28.006] VsCodeClientWorkspace: TextDocument.onDidChanceContent: file:///home/n30/.dotfiles/README.md
[Trace 23:01:28.006] Server: connection.languages.diagnostics.on: file:///home/n30/.dotfiles/README.md
[Trace 23:01:28.139] Server: connection.languages.diagnostics.on: file:///home/n30/.dotfiles/wiki-wayland-0.95beta.md
[Debug 23:01:28.197] MdFoldingProvider: provideFoldingRanges — file:///home/n30/.dotfiles/README.md 12
[Debug 23:01:28.197] TableOfContentsProvider: create - file:///home/n30/.dotfiles/README.md
[Debug 23:01:28.250] LinkProvider: compute - file:///home/n30/.dotfiles/README.md
[Trace 23:01:28.347] DocumentSymbolProvider: provideDocumentSymbols — file:///home/n30/.dotfiles/README.md 12
[Trace 23:01:29.317] VsCodeClientWorkspace: onDidChangeWatchedFiles: 2: file:///home/n30/.dotfiles/config/Code%20-%20OSS/User/History/202ef98a/dL08.md
[Trace 23:01:30.348] VsCodeClientWorkspace: TextDocument.onDidChanceContent: file:///home/n30/.dotfiles/README.md
[Trace 23:01:30.348] Server: connection.languages.diagnostics.on: file:///home/n30/.dotfiles/README.md
[Trace 23:01:30.536] VsCodeClientWorkspace: TextDocument.onDidChanceContent: file:///home/n30/.dotfiles/README.md
[Trace 23:01:30.537] Server: connection.languages.diagnostics.on: file:///home/n30/.dotfiles/README.md
[Trace 23:01:30.548] Server: connection.languages.diagnostics.on: file:///home/n30/.dotfiles/wiki-wayland-0.95beta.md
[Trace 23:01:30.700] VsCodeClientWorkspace: TextDocument.onDidChanceContent: file:///home/n30/.dotfiles/README.md
[Trace 23:01:30.700] Server: connection.languages.diagnostics.on: file:///home/n30/.dotfiles/README.md
[Debug 23:01:30.882] MdFoldingProvider: provideFoldingRanges — file:///home/n30/.dotfiles/README.md 15
[Debug 23:01:30.882] TableOfContentsProvider: create - file:///home/n30/.dotfiles/README.md
[Trace 23:01:30.908] Server: connection.languages.diagnostics.on: file:///home/n30/.dotfiles/wiki-wayland-0.95beta.md
[Trace 23:01:30.939] VsCodeClientWorkspace: TextDocument.onDidChanceContent: file:///home/n30/.dotfiles/README.md
[Trace 23:01:30.939] Server: connection.languages.diagnostics.on: file:///home/n30/.dotfiles/README.md
[Trace 23:01:31.021] VsCodeClientWorkspace: TextDocument.onDidChanceContent: file:///home/n30/.dotfiles/README.md
[Trace 23:01:31.021] Server: connection.languages.diagnostics.on: file:///home/n30/.dotfiles/README.md
[Trace 23:01:31.140] Server: connection.languages.diagnostics.on: file:///home/n30/.dotfiles/wiki-wayland-0.95beta.md
[Debug 23:01:31.206] MdFoldingProvider: provideFoldingRanges — file:///home/n30/.dotfiles/README.md 17
[Debug 23:01:31.206] TableOfContentsProvider: create - file:///home/n30/.dotfiles/README.md
[Debug 23:01:31.258] LinkProvider: compute - file:///home/n30/.dotfiles/README.md
[Trace 23:01:31.357] DocumentSymbolProvider: provideDocumentSymbols — file:///home/n30/.dotfiles/README.md 17
[Trace 23:01:31.681] VsCodeClientWorkspace: TextDocument.onDidChanceContent: file:///home/n30/.dotfiles/README.md
[Trace 23:01:31.681] Server: connection.languages.diagnostics.on: file:///home/n30/.dotfiles/README.md
[Trace 23:01:31.738] VsCodeClientWorkspace: TextDocument.onDidChanceContent: file:///home/n30/.dotfiles/README.md
[Trace 23:01:31.738] Server: connection.languages.diagnostics.on: file:///home/n30/.dotfiles/README.md
[Trace 23:01:31.882] Server: connection.languages.diagnostics.on: file:///home/n30/.dotfiles/wiki-wayland-0.95beta.md
[Debug 23:01:31.926] MdFoldingProvider: provideFoldingRanges — file:///home/n30/.dotfiles/README.md 19
[Debug 23:01:31.926] TableOfContentsProvider: create - file:///home/n30/.dotfiles/README.md
[Debug 23:01:31.982] LinkProvider: compute - file:///home/n30/.dotfiles/README.md
[Trace 23:01:32.014] VsCodeClientWorkspace: TextDocument.onDidChanceContent: file:///home/n30/.dotfiles/README.md
[Trace 23:01:32.014] Server: connection.languages.diagnostics.on: file:///home/n30/.dotfiles/README.md
[Trace 23:01:32.183] VsCodeClientWorkspace: TextDocument.onDidChanceContent: file:///home/n30/.dotfiles/README.md
[Trace 23:01:32.183] Server: connection.languages.diagnostics.on: file:///home/n30/.dotfiles/README.md
[Trace 23:01:32.215] Server: connection.languages.diagnostics.on: file:///home/n30/.dotfiles/wiki-wayland-0.95beta.md
[Trace 23:01:32.345] VsCodeClientWorkspace: TextDocument.onDidChanceContent: file:///home/n30/.dotfiles/README.md
[Trace 23:01:32.345] Server: connection.languages.diagnostics.on: file:///home/n30/.dotfiles/README.md
[Trace 23:01:32.526] VsCodeClientWorkspace: TextDocument.onDidChanceContent: file:///home/n30/.dotfiles/README.md
[Trace 23:01:32.527] Server: connection.languages.diagnostics.on: file:///home/n30/.dotfiles/README.md
[Trace 23:01:32.548] Server: connection.languages.diagnostics.on: file:///home/n30/.dotfiles/wiki-wayland-0.95beta.md
[Trace 23:01:32.644] VsCodeClientWorkspace: TextDocument.onDidChanceContent: file:///home/n30/.dotfiles/README.md
[Trace 23:01:32.645] Server: connection.languages.diagnostics.on: file:///home/n30/.dotfiles/README.md
[Debug 23:01:32.832] MdFoldingProvider: provideFoldingRanges — file:///home/n30/.dotfiles/README.md 24
[Debug 23:01:32.832] TableOfContentsProvider: create - file:///home/n30/.dotfiles/README.md
[Trace 23:01:32.846] Server: connection.languages.diagnostics.on: file:///home/n30/.dotfiles/wiki-wayland-0.95beta.md
[Debug 23:01:32.887] LinkProvider: compute - file:///home/n30/.dotfiles/README.md
[Trace 23:01:32.983] DocumentSymbolProvider: provideDocumentSymbols — file:///home/n30/.dotfiles/README.md 24
[Trace 23:01:33.954] VsCodeClientWorkspace: onDidChangeWatchedFiles: 2: file:///home/n30/.dotfiles/config/Code%20-%20OSS/User/History/202ef98a/dL08.md
[Trace 23:03:45.945] Server: connection.languages.diagnostics.on: file:///home/n30/.dotfiles/wiki-wayland-0.95beta.md
[Trace 23:03:46.144] Server: connection.languages.diagnostics.on: file:///home/n30/.dotfiles/README.md
[Debug 23:03:46.169] MdFoldingProvider: provideFoldingRanges — file:///home/n30/.dotfiles/wiki-wayland-0.95beta.md 88
[Trace 23:04:32.822] Server: connection.languages.diagnostics.on: file:///home/n30/.dotfiles/README.md
[Trace 23:04:33.021] Server: connection.languages.diagnostics.on: file:///home/n30/.dotfiles/wiki-wayland-0.95beta.md
[Trace 23:04:41.866] Server: connection.languages.diagnostics.on: file:///home/n30/.dotfiles/README.md
[Debug 23:04:42.048] MdFoldingProvider: provideFoldingRanges — file:///home/n30/.dotfiles/README.md 24
[Trace 23:05:43.100] VsCodeClientWorkspace: TextDocument.onDidChanceContent: file:///home/n30/.dotfiles/README.md
[Trace 23:05:43.100] Server: connection.languages.diagnostics.on: file:///home/n30/.dotfiles/README.md
[Debug 23:05:43.275] MdFoldingProvider: provideFoldingRanges — file:///home/n30/.dotfiles/README.md 25
[Debug 23:05:43.275] TableOfContentsProvider: create - file:///home/n30/.dotfiles/README.md
[Trace 23:05:43.308] Server: connection.languages.diagnostics.on: file:///home/n30/.dotfiles/wiki-wayland-0.95beta.md
[Debug 23:05:43.336] LinkProvider: compute - file:///home/n30/.dotfiles/README.md
[Trace 23:05:43.425] DocumentSymbolProvider: provideDocumentSymbols — file:///home/n30/.dotfiles/README.md 25
[Trace 23:05:44.404] VsCodeClientWorkspace: onDidChangeWatchedFiles: 1: file:///home/n30/.dotfiles/config/Code%20-%20OSS/User/History/202ef98a/Fy4y.md
[Trace 23:05:45.918] VsCodeClientWorkspace: TextDocument.onDidChanceContent: file:///home/n30/.dotfiles/README.md
[Trace 23:05:45.918] Server: connection.languages.diagnostics.on: file:///home/n30/.dotfiles/README.md
[Debug 23:05:46.092] MdFoldingProvider: provideFoldingRanges — file:///home/n30/.dotfiles/README.md 26
[Debug 23:05:46.092] TableOfContentsProvider: create - file:///home/n30/.dotfiles/README.md
[Trace 23:05:46.120] Server: connection.languages.diagnostics.on: file:///home/n30/.dotfiles/wiki-wayland-0.95beta.md
[Debug 23:05:46.153] LinkProvider: compute - file:///home/n30/.dotfiles/README.md
[Trace 23:05:46.244] DocumentSymbolProvider: provideDocumentSymbols — file:///home/n30/.dotfiles/README.md 26
[Trace 23:05:47.218] VsCodeClientWorkspace: onDidChangeWatchedFiles: 2: file:///home/n30/.dotfiles/config/Code%20-%20OSS/User/History/202ef98a/Fy4y.md
[Trace 23:05:47.907] VsCodeClientWorkspace: TextDocument.onDidChanceContent: file:///home/n30/.dotfiles/README.md
[Trace 23:05:47.907] Server: connection.languages.diagnostics.on: file:///home/n30/.dotfiles/README.md
[Trace 23:05:48.074] VsCodeClientWorkspace: TextDocument.onDidChanceContent: file:///home/n30/.dotfiles/README.md
[Trace 23:05:48.074] Server: connection.languages.diagnostics.on: file:///home/n30/.dotfiles/README.md
[Trace 23:05:48.109] Server: connection.languages.diagnostics.on: file:///home/n30/.dotfiles/wiki-wayland-0.95beta.md
[Trace 23:05:48.256] VsCodeClientWorkspace: TextDocument.onDidChanceContent: file:///home/n30/.dotfiles/README.md
[Trace 23:05:48.256] Server: connection.languages.diagnostics.on: file:///home/n30/.dotfiles/README.md
[Trace 23:05:48.442] VsCodeClientWorkspace: TextDocument.onDidChanceContent: file:///home/n30/.dotfiles/README.md
[Trace 23:05:48.442] Server: connection.languages.diagnostics.on: file:///home/n30/.dotfiles/README.md
[Trace 23:05:48.458] Server: connection.languages.diagnostics.on: file:///home/n30/.dotfiles/wiki-wayland-0.95beta.md
[Debug 23:05:48.619] MdFoldingProvider: provideFoldingRanges — file:///home/n30/.dotfiles/README.md 30
[Debug 23:05:48.619] TableOfContentsProvider: create - file:///home/n30/.dotfiles/README.md
[Debug 23:05:48.674] LinkProvider: compute - file:///home/n30/.dotfiles/README.md
[Trace 23:05:48.748] VsCodeClientWorkspace: TextDocument.onDidChanceContent: file:///home/n30/.dotfiles/README.md
[Trace 23:05:48.748] Server: connection.languages.diagnostics.on: file:///home/n30/.dotfiles/README.md
[Trace 23:05:48.832] VsCodeClientWorkspace: TextDocument.onDidChanceContent: file:///home/n30/.dotfiles/README.md
[Trace 23:05:48.832] Server: connection.languages.diagnostics.on: file:///home/n30/.dotfiles/README.md
[Trace 23:05:48.949] Server: connection.languages.diagnostics.on: file:///home/n30/.dotfiles/wiki-wayland-0.95beta.md
[Trace 23:05:49.003] VsCodeClientWorkspace: TextDocument.onDidChanceContent: file:///home/n30/.dotfiles/README.md
[Trace 23:05:49.003] Server: connection.languages.diagnostics.on: file:///home/n30/.dotfiles/README.md
[Debug 23:05:49.195] MdFoldingProvider: provideFoldingRanges — file:///home/n30/.dotfiles/README.md 33
[Debug 23:05:49.195] TableOfContentsProvider: create - file:///home/n30/.dotfiles/README.md
[Trace 23:05:49.217] Server: connection.languages.diagnostics.on: file:///home/n30/.dotfiles/wiki-wayland-0.95beta.md
[Debug 23:05:49.249] LinkProvider: compute - file:///home/n30/.dotfiles/README.md
[Trace 23:05:49.346] DocumentSymbolProvider: provideDocumentSymbols — file:///home/n30/.dotfiles/README.md 33
[Trace 23:05:50.310] VsCodeClientWorkspace: onDidChangeWatchedFiles: 2: file:///home/n30/.dotfiles/config/Code%20-%20OSS/User/History/202ef98a/Fy4y.md
[Trace 23:05:54.278] VsCodeClientWorkspace: TextDocument.onDidChanceContent: file:///home/n30/.dotfiles/README.md
[Trace 23:05:54.278] Server: connection.languages.diagnostics.on: file:///home/n30/.dotfiles/README.md
[Trace 23:05:54.458] VsCodeClientWorkspace: TextDocument.onDidChanceContent: file:///home/n30/.dotfiles/README.md
[Trace 23:05:54.458] Server: connection.languages.diagnostics.on: file:///home/n30/.dotfiles/README.md
[Trace 23:05:54.479] Server: connection.languages.diagnostics.on: file:///home/n30/.dotfiles/wiki-wayland-0.95beta.md
[Trace 23:05:54.620] VsCodeClientWorkspace: TextDocument.onDidChanceContent: file:///home/n30/.dotfiles/README.md
[Trace 23:05:54.620] Server: connection.languages.diagnostics.on: file:///home/n30/.dotfiles/README.md
[Trace 23:05:54.760] VsCodeClientWorkspace: TextDocument.onDidChanceContent: file:///home/n30/.dotfiles/README.md
[Trace 23:05:54.760] Server: connection.languages.diagnostics.on: file:///home/n30/.dotfiles/README.md
[Trace 23:05:54.821] Server: connection.languages.diagnostics.on: file:///home/n30/.dotfiles/wiki-wayland-0.95beta.md
[Debug 23:05:54.943] MdFoldingProvider: provideFoldingRanges — file:///home/n30/.dotfiles/README.md 37
[Debug 23:05:54.943] TableOfContentsProvider: create - file:///home/n30/.dotfiles/README.md
[Debug 23:05:54.998] LinkProvider: compute - file:///home/n30/.dotfiles/README.md
[Trace 23:05:55.093] DocumentSymbolProvider: provideDocumentSymbols — file:///home/n30/.dotfiles/README.md 37
[Trace 23:05:56.057] VsCodeClientWorkspace: onDidChangeWatchedFiles: 2: file:///home/n30/.dotfiles/config/Code%20-%20OSS/User/History/202ef98a/Fy4y.md
[Trace 23:06:34.340] VsCodeClientWorkspace: TextDocument.onDidChanceContent: file:///home/n30/.dotfiles/README.md
[Trace 23:06:34.340] Server: connection.languages.diagnostics.on: file:///home/n30/.dotfiles/README.md
[Debug 23:06:34.522] MdFoldingProvider: provideFoldingRanges — file:///home/n30/.dotfiles/README.md 38
[Debug 23:06:34.522] TableOfContentsProvider: create - file:///home/n30/.dotfiles/README.md
[Trace 23:06:34.540] Server: connection.languages.diagnostics.on: file:///home/n30/.dotfiles/wiki-wayland-0.95beta.md
[Debug 23:06:34.581] LinkProvider: compute - file:///home/n30/.dotfiles/README.md
[Trace 23:06:34.672] DocumentSymbolProvider: provideDocumentSymbols — file:///home/n30/.dotfiles/README.md 38
[Trace 23:06:35.644] VsCodeClientWorkspace: onDidChangeWatchedFiles: 1: file:///home/n30/.dotfiles/config/Code%20-%20OSS/User/History/202ef98a/XpJ0.md
[Trace 23:06:44.566] VsCodeClientWorkspace: TextDocument.onDidChanceContent: file:///home/n30/.dotfiles/README.md
[Trace 23:06:44.566] Server: connection.languages.diagnostics.on: file:///home/n30/.dotfiles/README.md
[Debug 23:06:44.735] MdFoldingProvider: provideFoldingRanges — file:///home/n30/.dotfiles/README.md 39
[Debug 23:06:44.735] TableOfContentsProvider: create - file:///home/n30/.dotfiles/README.md
[Trace 23:06:44.767] Server: connection.languages.diagnostics.on: file:///home/n30/.dotfiles/wiki-wayland-0.95beta.md
[Debug 23:06:44.793] LinkProvider: compute - file:///home/n30/.dotfiles/README.md
[Trace 23:06:44.885] DocumentSymbolProvider: provideDocumentSymbols — file:///home/n30/.dotfiles/README.md 39
[Trace 23:06:45.853] VsCodeClientWorkspace: onDidChangeWatchedFiles: 1: file:///home/n30/.dotfiles/config/Code%20-%20OSS/User/History/202ef98a/ujJV.md
[Trace 23:06:48.526] VsCodeClientWorkspace: TextDocument.onDidChanceContent: file:///home/n30/.dotfiles/README.md
[Trace 23:06:48.526] Server: connection.languages.diagnostics.on: file:///home/n30/.dotfiles/README.md
[Debug 23:06:48.720] MdFoldingProvider: provideFoldingRanges — file:///home/n30/.dotfiles/README.md 40
[Debug 23:06:48.720] TableOfContentsProvider: create - file:///home/n30/.dotfiles/README.md
[Trace 23:06:48.749] Server: connection.languages.diagnostics.on: file:///home/n30/.dotfiles/wiki-wayland-0.95beta.md
[Debug 23:06:48.781] LinkProvider: compute - file:///home/n30/.dotfiles/README.md
[Trace 23:06:48.870] DocumentSymbolProvider: provideDocumentSymbols — file:///home/n30/.dotfiles/README.md 40
[Trace 23:06:49.842] VsCodeClientWorkspace: onDidChangeWatchedFiles: 2: file:///home/n30/.dotfiles/config/Code%20-%20OSS/User/History/202ef98a/ujJV.md
[Trace 23:06:55.286] VsCodeClientWorkspace: TextDocument.onDidChanceContent: file:///home/n30/.dotfiles/README.md
[Trace 23:06:55.286] Server: connection.languages.diagnostics.on: file:///home/n30/.dotfiles/README.md
[Debug 23:06:55.476] MdFoldingProvider: provideFoldingRanges — file:///home/n30/.dotfiles/README.md 41
[Debug 23:06:55.476] TableOfContentsProvider: create - file:///home/n30/.dotfiles/README.md
[Trace 23:06:55.506] Server: connection.languages.diagnostics.on: file:///home/n30/.dotfiles/wiki-wayland-0.95beta.md
[Trace 23:06:55.515] VsCodeClientWorkspace: TextDocument.onDidChanceContent: file:///home/n30/.dotfiles/README.md
[Trace 23:06:55.516] Server: connection.languages.diagnostics.on: file:///home/n30/.dotfiles/README.md
[Trace 23:06:55.594] VsCodeClientWorkspace: TextDocument.onDidChanceContent: file:///home/n30/.dotfiles/README.md
[Trace 23:06:55.594] Server: connection.languages.diagnostics.on: file:///home/n30/.dotfiles/README.md
[Trace 23:06:55.717] Server: connection.languages.diagnostics.on: file:///home/n30/.dotfiles/wiki-wayland-0.95beta.md
[Debug 23:06:55.782] MdFoldingProvider: provideFoldingRanges — file:///home/n30/.dotfiles/README.md 43
[Debug 23:06:55.782] TableOfContentsProvider: create - file:///home/n30/.dotfiles/README.md
[Trace 23:06:55.822] VsCodeClientWorkspace: TextDocument.onDidChanceContent: file:///home/n30/.dotfiles/README.md
[Trace 23:06:55.822] Server: connection.languages.diagnostics.on: file:///home/n30/.dotfiles/README.md
[Trace 23:06:56.009] VsCodeClientWorkspace: TextDocument.onDidChanceContent: file:///home/n30/.dotfiles/README.md
[Trace 23:06:56.009] Server: connection.languages.diagnostics.on: file:///home/n30/.dotfiles/README.md
[Trace 23:06:56.022] Server: connection.languages.diagnostics.on: file:///home/n30/.dotfiles/wiki-wayland-0.95beta.md
[Debug 23:06:56.200] MdFoldingProvider: provideFoldingRanges — file:///home/n30/.dotfiles/README.md 45
[Debug 23:06:56.200] TableOfContentsProvider: create - file:///home/n30/.dotfiles/README.md
[Debug 23:06:56.252] LinkProvider: compute - file:///home/n30/.dotfiles/README.md
[Trace 23:06:56.350] DocumentSymbolProvider: provideDocumentSymbols — file:///home/n30/.dotfiles/README.md 45
[Trace 23:06:57.319] VsCodeClientWorkspace: onDidChangeWatchedFiles: 2: file:///home/n30/.dotfiles/config/Code%20-%20OSS/User/History/202ef98a/ujJV.md
[Trace 23:07:00.094] VsCodeClientWorkspace: TextDocument.onDidChanceContent: file:///home/n30/.dotfiles/README.md
[Trace 23:07:00.094] Server: connection.languages.diagnostics.on: file:///home/n30/.dotfiles/README.md
[Debug 23:07:00.286] MdFoldingProvider: provideFoldingRanges — file:///home/n30/.dotfiles/README.md 46
[Debug 23:07:00.287] TableOfContentsProvider: create - file:///home/n30/.dotfiles/README.md
[Trace 23:07:00.299] Server: connection.languages.diagnostics.on: file:///home/n30/.dotfiles/wiki-wayland-0.95beta.md
[Debug 23:07:00.343] LinkProvider: compute - file:///home/n30/.dotfiles/README.md
[Trace 23:07:00.436] DocumentSymbolProvider: provideDocumentSymbols — file:///home/n30/.dotfiles/README.md 46
[Trace 23:07:00.911] VsCodeClientWorkspace: TextDocument.onDidChanceContent: file:///home/n30/.dotfiles/README.md
[Trace 23:07:00.911] Server: connection.languages.diagnostics.on: file:///home/n30/.dotfiles/README.md
[Trace 23:07:01.087] VsCodeClientWorkspace: TextDocument.onDidChanceContent: file:///home/n30/.dotfiles/README.md
[Trace 23:07:01.088] Server: connection.languages.diagnostics.on: file:///home/n30/.dotfiles/README.md
[Trace 23:07:01.112] Server: connection.languages.diagnostics.on: file:///home/n30/.dotfiles/wiki-wayland-0.95beta.md
[Debug 23:07:01.271] MdFoldingProvider: provideFoldingRanges — file:///home/n30/.dotfiles/README.md 48
[Debug 23:07:01.271] TableOfContentsProvider: create - file:///home/n30/.dotfiles/README.md
[Debug 23:07:01.326] LinkProvider: compute - file:///home/n30/.dotfiles/README.md
[Trace 23:07:01.421] DocumentSymbolProvider: provideDocumentSymbols — file:///home/n30/.dotfiles/README.md 48
[Trace 23:07:02.403] VsCodeClientWorkspace: onDidChangeWatchedFiles: 2: file:///home/n30/.dotfiles/config/Code%20-%20OSS/User/History/202ef98a/ujJV.md
