2023-11-26 04:05:45.372 [info] Extension host with pid 2865 started
2023-11-26 04:05:45.372 [info] Skipping acquiring lock for /home/n30/.config/Code - OSS/User/workspaceStorage/1feba4cd03760bc246259d32580ab904.
2023-11-26 04:05:45.457 [info] ExtensionService#_doActivateExtension vscode.extension-editing, startup: false, activationEvent: 'onLanguage:markdown'
2023-11-26 04:05:45.457 [info] ExtensionService#_doActivateExtension vscode.markdown-language-features, startup: false, activationEvent: 'onLanguage:markdown'
2023-11-26 04:05:45.457 [info] ExtensionService#_doActivateExtension yzhang.markdown-all-in-one, startup: false, activationEvent: 'onLanguage:markdown'
2023-11-26 04:05:45.457 [info] ExtensionService#_doActivateExtension zaaack.markdown-editor, startup: false, activationEvent: 'onLanguage:markdown'
2023-11-26 04:05:45.457 [info] ExtensionService#_doActivateExtension vscode.git-base, startup: true, activationEvent: '*', root cause: vscode.git
2023-11-26 04:05:45.644 [info] ExtensionService#_doActivateExtension vscode.markdown-math, startup: false, activationEvent: 'api', root cause: yzhang.markdown-all-in-one
2023-11-26 04:05:45.704 [info] ExtensionService#_doActivateExtension vscode.git, startup: true, activationEvent: '*'
2023-11-26 04:05:45.704 [info] ExtensionService#_doActivateExtension vscode.github, startup: true, activationEvent: '*'
2023-11-26 04:05:45.741 [info] Eager extensions activated
2023-11-26 04:05:45.772 [info] ExtensionService#_doActivateExtension vscode.debug-auto-launch, startup: false, activationEvent: 'onStartupFinished'
2023-11-26 04:05:45.772 [info] ExtensionService#_doActivateExtension vscode.emmet, startup: false, activationEvent: 'onStartupFinished'
2023-11-26 04:05:45.772 [info] ExtensionService#_doActivateExtension vscode.merge-conflict, startup: false, activationEvent: 'onStartupFinished'
2023-11-26 04:05:45.772 [info] ExtensionService#_doActivateExtension esbenp.prettier-vscode, startup: false, activationEvent: 'onStartupFinished'
2023-11-26 04:05:45.772 [info] ExtensionService#_doActivateExtension jgclark.vscode-todo-highlight, startup: false, activationEvent: 'onStartupFinished'
2023-11-26 04:05:45.772 [info] ExtensionService#_doActivateExtension PKief.material-icon-theme, startup: false, activationEvent: 'onStartupFinished'
2023-11-26 04:05:45.772 [info] ExtensionService#_doActivateExtension sainnhe.gruvbox-material, startup: false, activationEvent: 'onStartupFinished'
2023-11-26 04:14:32.514 [info] ExtensionService#_doActivateExtension vscode.simple-browser, startup: false, activationEvent: 'onOpenExternalUri:https'
2023-11-26 06:12:42.140 [warning] [Decorations] CAPPING events from decorations provider vscode.git 252
2023-11-26 06:20:22.039 [warning] [Decorations] CAPPING events from decorations provider vscode.git 252
2023-11-26 06:27:42.678 [warning] [Decorations] CAPPING events from decorations provider vscode.git 252
2023-11-26 06:27:47.744 [warning] [Decorations] CAPPING events from decorations provider vscode.git 252
2023-11-26 06:27:52.807 [warning] [Decorations] CAPPING events from decorations provider vscode.git 252
2023-11-26 06:27:59.415 [warning] [Decorations] CAPPING events from decorations provider vscode.git 252
2023-11-26 06:28:04.474 [warning] [Decorations] CAPPING events from decorations provider vscode.git 252
2023-11-26 06:28:09.548 [warning] [Decorations] CAPPING events from decorations provider vscode.git 252
2023-11-26 06:28:19.003 [warning] [Decorations] CAPPING events from decorations provider vscode.git 252
2023-11-26 06:28:24.069 [warning] [Decorations] CAPPING events from decorations provider vscode.git 252
2023-11-26 06:28:31.945 [warning] [Decorations] CAPPING events from decorations provider vscode.git 252
2023-11-26 06:28:37.019 [warning] [Decorations] CAPPING events from decorations provider vscode.git 252
2023-11-26 06:28:42.090 [warning] [Decorations] CAPPING events from decorations provider vscode.git 252
2023-11-26 06:28:47.152 [warning] [Decorations] CAPPING events from decorations provider vscode.git 252
2023-11-26 06:28:52.209 [warning] [Decorations] CAPPING events from decorations provider vscode.git 253
2023-11-26 06:30:10.881 [warning] [Decorations] CAPPING events from decorations provider vscode.git 253
2023-11-26 06:30:18.389 [warning] [Decorations] CAPPING events from decorations provider vscode.git 252
2023-11-26 06:30:23.444 [warning] [Decorations] CAPPING events from decorations provider vscode.git 252
2023-11-26 06:30:28.520 [warning] [Decorations] CAPPING events from decorations provider vscode.git 252
2023-11-26 06:30:33.586 [warning] [Decorations] CAPPING events from decorations provider vscode.git 253
2023-11-26 06:30:38.660 [warning] [Decorations] CAPPING events from decorations provider vscode.git 253
2023-11-26 06:30:43.743 [warning] [Decorations] CAPPING events from decorations provider vscode.git 253
2023-11-26 06:30:51.064 [warning] [Decorations] CAPPING events from decorations provider vscode.git 253
2023-11-26 06:30:59.947 [warning] [Decorations] CAPPING events from decorations provider vscode.git 253
2023-11-26 06:32:19.963 [warning] [Decorations] CAPPING events from decorations provider vscode.git 253
2023-11-26 06:32:33.549 [warning] [Decorations] CAPPING events from decorations provider vscode.git 252
2023-11-26 06:32:40.212 [warning] [Decorations] CAPPING events from decorations provider vscode.git 252
2023-11-26 06:32:48.995 [warning] [Decorations] CAPPING events from decorations provider vscode.git 252
2023-11-26 06:32:54.074 [warning] [Decorations] CAPPING events from decorations provider vscode.git 252
2023-11-26 06:33:00.786 [warning] [Decorations] CAPPING events from decorations provider vscode.git 252
2023-11-26 06:33:05.941 [warning] [Decorations] CAPPING events from decorations provider vscode.git 252
2023-11-26 06:33:11.010 [warning] [Decorations] CAPPING events from decorations provider vscode.git 253
2023-11-26 06:33:16.089 [warning] [Decorations] CAPPING events from decorations provider vscode.git 253
2023-11-26 06:33:21.162 [warning] [Decorations] CAPPING events from decorations provider vscode.git 253
2023-11-26 06:33:26.273 [warning] [Decorations] CAPPING events from decorations provider vscode.git 253
2023-11-26 06:33:31.347 [warning] [Decorations] CAPPING events from decorations provider vscode.git 253
2023-11-26 06:33:36.418 [warning] [Decorations] CAPPING events from decorations provider vscode.git 253
2023-11-26 06:33:43.921 [warning] [Decorations] CAPPING events from decorations provider vscode.git 253
2023-11-26 06:33:49.011 [warning] [Decorations] CAPPING events from decorations provider vscode.git 252
2023-11-26 06:33:54.050 [warning] [Decorations] CAPPING events from decorations provider vscode.git 252
2023-11-26 06:35:31.643 [warning] [Decorations] CAPPING events from decorations provider vscode.git 252
2023-11-26 06:35:42.751 [warning] [Decorations] CAPPING events from decorations provider vscode.git 252
2023-11-26 06:35:47.790 [warning] [Decorations] CAPPING events from decorations provider vscode.git 252
2023-11-26 06:35:52.865 [warning] [Decorations] CAPPING events from decorations provider vscode.git 253
2023-11-26 06:39:28.170 [warning] [Decorations] CAPPING events from decorations provider vscode.git 253
2023-11-26 06:40:46.529 [warning] [Decorations] CAPPING events from decorations provider vscode.git 252
2023-11-26 06:40:51.567 [warning] [Decorations] CAPPING events from decorations provider vscode.git 252
2023-11-26 06:40:56.629 [warning] [Decorations] CAPPING events from decorations provider vscode.git 252
2023-11-26 06:41:01.689 [warning] [Decorations] CAPPING events from decorations provider vscode.git 252
2023-11-26 06:41:06.758 [warning] [Decorations] CAPPING events from decorations provider vscode.git 252
2023-11-26 06:41:11.797 [warning] [Decorations] CAPPING events from decorations provider vscode.git 252
2023-11-26 06:41:16.873 [warning] [Decorations] CAPPING events from decorations provider vscode.git 252
2023-11-26 06:41:21.964 [warning] [Decorations] CAPPING events from decorations provider vscode.git 252
2023-11-26 06:41:27.027 [warning] [Decorations] CAPPING events from decorations provider vscode.git 252
2023-11-26 06:41:32.101 [warning] [Decorations] CAPPING events from decorations provider vscode.git 252
2023-11-26 06:41:37.159 [warning] [Decorations] CAPPING events from decorations provider vscode.git 252
2023-11-26 06:41:42.196 [warning] [Decorations] CAPPING events from decorations provider vscode.git 252
2023-11-26 06:41:47.251 [warning] [Decorations] CAPPING events from decorations provider vscode.git 252
2023-11-26 06:41:52.330 [warning] [Decorations] CAPPING events from decorations provider vscode.git 252
2023-11-26 06:41:57.423 [warning] [Decorations] CAPPING events from decorations provider vscode.git 252
2023-11-26 06:42:02.509 [warning] [Decorations] CAPPING events from decorations provider vscode.git 252
2023-11-26 06:42:07.578 [warning] [Decorations] CAPPING events from decorations provider vscode.git 252
2023-11-26 06:42:10.989 [info] ExtensionService#_doActivateExtension vscode.configuration-editing, startup: false, activationEvent: 'onLanguage:jsonc'
2023-11-26 06:42:10.989 [info] ExtensionService#_doActivateExtension vscode.json-language-features, startup: false, activationEvent: 'onLanguage:jsonc'
2023-11-26 06:42:10.989 [info] ExtensionService#_doActivateExtension vscode.typescript-language-features, startup: false, activationEvent: 'onLanguage:jsonc'
2023-11-26 06:42:12.649 [warning] [Decorations] CAPPING events from decorations provider vscode.git 253
2023-11-26 06:42:17.726 [warning] [Decorations] CAPPING events from decorations provider vscode.git 253
2023-11-26 06:42:22.800 [warning] [Decorations] CAPPING events from decorations provider vscode.git 253
2023-11-26 06:42:27.884 [warning] [Decorations] CAPPING events from decorations provider vscode.git 253
2023-11-26 06:42:32.965 [warning] [Decorations] CAPPING events from decorations provider vscode.git 253
2023-11-26 06:42:38.046 [warning] [Decorations] CAPPING events from decorations provider vscode.git 253
2023-11-26 06:42:43.125 [warning] [Decorations] CAPPING events from decorations provider vscode.git 253
2023-11-26 06:42:48.201 [warning] [Decorations] CAPPING events from decorations provider vscode.git 253
2023-11-26 06:42:53.262 [warning] [Decorations] CAPPING events from decorations provider vscode.git 253
2023-11-26 06:42:58.352 [warning] [Decorations] CAPPING events from decorations provider vscode.git 253
2023-11-26 06:43:03.429 [warning] [Decorations] CAPPING events from decorations provider vscode.git 253
2023-11-26 06:43:08.493 [warning] [Decorations] CAPPING events from decorations provider vscode.git 253
2023-11-26 06:43:13.605 [warning] [Decorations] CAPPING events from decorations provider vscode.git 253
2023-11-26 06:43:18.652 [warning] [Decorations] CAPPING events from decorations provider vscode.git 253
2023-11-26 06:43:23.727 [warning] [Decorations] CAPPING events from decorations provider vscode.git 253
2023-11-26 06:43:28.797 [warning] [Decorations] CAPPING events from decorations provider vscode.git 253
2023-11-26 06:43:33.874 [warning] [Decorations] CAPPING events from decorations provider vscode.git 253
2023-11-26 06:43:38.939 [warning] [Decorations] CAPPING events from decorations provider vscode.git 253
2023-11-26 06:43:44.013 [warning] [Decorations] CAPPING events from decorations provider vscode.git 253
2023-11-26 06:43:49.088 [warning] [Decorations] CAPPING events from decorations provider vscode.git 253
2023-11-26 06:43:54.176 [warning] [Decorations] CAPPING events from decorations provider vscode.git 253
2023-11-26 06:43:59.249 [warning] [Decorations] CAPPING events from decorations provider vscode.git 253
2023-11-26 06:44:04.337 [warning] [Decorations] CAPPING events from decorations provider vscode.git 253
2023-11-26 06:44:09.389 [warning] [Decorations] CAPPING events from decorations provider vscode.git 253
2023-11-26 06:44:14.440 [warning] [Decorations] CAPPING events from decorations provider vscode.git 253
2023-11-26 06:44:19.506 [warning] [Decorations] CAPPING events from decorations provider vscode.git 253
2023-11-26 06:44:24.582 [warning] [Decorations] CAPPING events from decorations provider vscode.git 253
2023-11-26 06:44:29.659 [warning] [Decorations] CAPPING events from decorations provider vscode.git 253
2023-11-26 06:44:34.728 [warning] [Decorations] CAPPING events from decorations provider vscode.git 253
2023-11-26 06:44:39.805 [warning] [Decorations] CAPPING events from decorations provider vscode.git 253
2023-11-26 06:44:44.868 [warning] [Decorations] CAPPING events from decorations provider vscode.git 253
2023-11-26 06:44:49.947 [warning] [Decorations] CAPPING events from decorations provider vscode.git 253
2023-11-26 06:44:55.032 [warning] [Decorations] CAPPING events from decorations provider vscode.git 253
2023-11-26 06:45:00.123 [warning] [Decorations] CAPPING events from decorations provider vscode.git 253
2023-11-26 06:45:05.207 [warning] [Decorations] CAPPING events from decorations provider vscode.git 253
2023-11-26 06:46:06.761 [warning] [Decorations] CAPPING events from decorations provider vscode.git 253
2023-11-26 06:46:11.813 [warning] [Decorations] CAPPING events from decorations provider vscode.git 251
2023-11-26 06:46:16.882 [warning] [Decorations] CAPPING events from decorations provider vscode.git 251
2023-11-26 06:46:21.955 [warning] [Decorations] CAPPING events from decorations provider vscode.git 251
2023-11-26 06:46:27.026 [warning] [Decorations] CAPPING events from decorations provider vscode.git 251
2023-11-26 06:46:32.118 [warning] [Decorations] CAPPING events from decorations provider vscode.git 251
2023-11-26 06:46:37.158 [warning] [Decorations] CAPPING events from decorations provider vscode.git 251
2023-11-26 06:47:21.636 [warning] [Decorations] CAPPING events from decorations provider vscode.git 251
2023-11-26 06:47:26.727 [warning] [Decorations] CAPPING events from decorations provider vscode.git 251
2023-11-26 06:47:31.785 [warning] [Decorations] CAPPING events from decorations provider vscode.git 251
2023-11-26 06:49:17.129 [warning] [Decorations] CAPPING events from decorations provider vscode.git 251
2023-11-26 06:51:47.706 [warning] [Decorations] CAPPING events from decorations provider vscode.git 251
2023-11-26 06:52:06.400 [warning] [Decorations] CAPPING events from decorations provider vscode.git 251
2023-11-26 06:52:11.464 [warning] [Decorations] CAPPING events from decorations provider vscode.git 251
2023-11-26 06:52:56.519 [warning] [Decorations] CAPPING events from decorations provider vscode.git 251
2023-11-26 06:53:01.582 [warning] [Decorations] CAPPING events from decorations provider vscode.git 251
2023-11-26 06:53:06.668 [warning] [Decorations] CAPPING events from decorations provider vscode.git 251
2023-11-26 06:53:11.740 [warning] [Decorations] CAPPING events from decorations provider vscode.git 251
2023-11-26 06:53:16.795 [warning] [Decorations] CAPPING events from decorations provider vscode.git 251
2023-11-26 06:53:21.864 [warning] [Decorations] CAPPING events from decorations provider vscode.git 251
2023-11-26 06:53:26.939 [warning] [Decorations] CAPPING events from decorations provider vscode.git 253
2023-11-26 06:53:32.014 [warning] [Decorations] CAPPING events from decorations provider vscode.git 253
2023-11-26 06:53:37.075 [warning] [Decorations] CAPPING events from decorations provider vscode.git 252
2023-11-26 06:53:42.130 [warning] [Decorations] CAPPING events from decorations provider vscode.git 252
2023-11-26 06:53:47.206 [warning] [Decorations] CAPPING events from decorations provider vscode.git 254
2023-11-26 06:53:52.268 [warning] [Decorations] CAPPING events from decorations provider vscode.git 254
2023-11-26 06:53:57.328 [warning] [Decorations] CAPPING events from decorations provider vscode.git 254
2023-11-26 06:54:02.394 [warning] [Decorations] CAPPING events from decorations provider vscode.git 254
2023-11-26 06:54:07.461 [warning] [Decorations] CAPPING events from decorations provider vscode.git 254
2023-11-26 06:54:12.547 [warning] [Decorations] CAPPING events from decorations provider vscode.git 254
2023-11-26 06:54:17.632 [warning] [Decorations] CAPPING events from decorations provider vscode.git 254
2023-11-26 06:54:22.695 [warning] [Decorations] CAPPING events from decorations provider vscode.git 254
2023-11-26 06:54:27.748 [warning] [Decorations] CAPPING events from decorations provider vscode.git 255
2023-11-26 06:54:32.826 [warning] [Decorations] CAPPING events from decorations provider vscode.git 255
2023-11-26 06:54:37.890 [warning] [Decorations] CAPPING events from decorations provider vscode.git 255
2023-11-26 06:54:42.968 [warning] [Decorations] CAPPING events from decorations provider vscode.git 255
2023-11-26 06:54:48.040 [warning] [Decorations] CAPPING events from decorations provider vscode.git 255
2023-11-26 06:54:53.117 [warning] [Decorations] CAPPING events from decorations provider vscode.git 255
2023-11-26 06:54:58.206 [warning] [Decorations] CAPPING events from decorations provider vscode.git 255
2023-11-26 06:55:03.274 [warning] [Decorations] CAPPING events from decorations provider vscode.git 255
2023-11-26 06:55:08.351 [warning] [Decorations] CAPPING events from decorations provider vscode.git 255
2023-11-26 06:55:13.438 [warning] [Decorations] CAPPING events from decorations provider vscode.git 255
2023-11-26 06:55:18.521 [warning] [Decorations] CAPPING events from decorations provider vscode.git 255
2023-11-26 06:55:23.581 [warning] [Decorations] CAPPING events from decorations provider vscode.git 255
2023-11-26 06:55:28.641 [warning] [Decorations] CAPPING events from decorations provider vscode.git 255
2023-11-26 06:55:33.708 [warning] [Decorations] CAPPING events from decorations provider vscode.git 255
2023-11-26 06:55:38.781 [warning] [Decorations] CAPPING events from decorations provider vscode.git 255
2023-11-26 06:55:43.865 [warning] [Decorations] CAPPING events from decorations provider vscode.git 255
2023-11-26 06:55:48.931 [warning] [Decorations] CAPPING events from decorations provider vscode.git 255
2023-11-26 06:55:54.016 [warning] [Decorations] CAPPING events from decorations provider vscode.git 255
2023-11-26 06:55:59.090 [warning] [Decorations] CAPPING events from decorations provider vscode.git 255
2023-11-26 06:56:04.164 [warning] [Decorations] CAPPING events from decorations provider vscode.git 255
2023-11-26 06:56:09.227 [warning] [Decorations] CAPPING events from decorations provider vscode.git 255
2023-11-26 06:56:14.317 [warning] [Decorations] CAPPING events from decorations provider vscode.git 255
2023-11-26 06:56:19.386 [warning] [Decorations] CAPPING events from decorations provider vscode.git 255
2023-11-26 06:56:24.444 [warning] [Decorations] CAPPING events from decorations provider vscode.git 255
2023-11-26 06:56:29.508 [warning] [Decorations] CAPPING events from decorations provider vscode.git 256
2023-11-26 06:56:34.602 [warning] [Decorations] CAPPING events from decorations provider vscode.git 256
2023-11-26 06:56:39.691 [warning] [Decorations] CAPPING events from decorations provider vscode.git 256
2023-11-26 06:56:44.770 [warning] [Decorations] CAPPING events from decorations provider vscode.git 256
2023-11-26 06:56:49.852 [warning] [Decorations] CAPPING events from decorations provider vscode.git 256
2023-11-26 06:56:54.942 [warning] [Decorations] CAPPING events from decorations provider vscode.git 256
2023-11-26 06:57:00.030 [warning] [Decorations] CAPPING events from decorations provider vscode.git 256
2023-11-26 06:57:05.101 [warning] [Decorations] CAPPING events from decorations provider vscode.git 256
2023-11-26 06:57:10.165 [warning] [Decorations] CAPPING events from decorations provider vscode.git 257
2023-11-26 06:57:15.236 [warning] [Decorations] CAPPING events from decorations provider vscode.git 257
2023-11-26 06:57:20.300 [warning] [Decorations] CAPPING events from decorations provider vscode.git 257
2023-11-26 06:57:25.383 [warning] [Decorations] CAPPING events from decorations provider vscode.git 258
2023-11-26 06:57:30.466 [warning] [Decorations] CAPPING events from decorations provider vscode.git 258
2023-11-26 06:57:35.544 [warning] [Decorations] CAPPING events from decorations provider vscode.git 258
2023-11-26 06:57:40.622 [warning] [Decorations] CAPPING events from decorations provider vscode.git 258
2023-11-26 06:58:45.192 [warning] [Decorations] CAPPING events from decorations provider vscode.git 265
2023-11-26 06:58:50.264 [warning] [Decorations] CAPPING events from decorations provider vscode.git 266
2023-11-26 07:00:48.197 [warning] [Decorations] CAPPING events from decorations provider vscode.git 266
2023-11-26 07:01:51.039 [warning] [Decorations] CAPPING events from decorations provider vscode.git 266
2023-11-26 07:01:56.113 [warning] [Decorations] CAPPING events from decorations provider vscode.git 267
2023-11-26 07:02:01.190 [warning] [Decorations] CAPPING events from decorations provider vscode.git 267
2023-11-26 07:02:05.962 [info] Extension host terminating: received terminate message from renderer
2023-11-26 07:02:05.969 [info] Extension host with pid 2865 exiting with code 0
