2023-11-26 07:02:10.894 [info] Validating found git in: git
2023-11-26 07:02:10.894 [info] Using git 2.43.0 from git
2023-11-26 07:02:10.894 [info] > git rev-parse --show-toplevel [2ms]
2023-11-26 07:02:10.898 [info] > git rev-parse --git-dir --git-common-dir [40ms]
2023-11-26 07:02:10.901 [info] Log level: Info
2023-11-26 07:02:10.901 [info] Open repository: /home/n30/.dotfiles
2023-11-26 07:02:10.932 [info] > git remote --verbose [25ms]
2023-11-26 07:02:10.932 [info] > git for-each-ref --sort -committerdate --format %(refname) %(objectname) %(*objectname) [27ms]
2023-11-26 07:02:10.940 [info] > git config --get commit.template [8ms]
2023-11-26 07:02:10.940 [info] > git rev-parse --show-toplevel [26ms]
2023-11-26 07:02:10.945 [info] > git status -z -uall [35ms]
2023-11-26 07:02:10.952 [info] > git rev-parse --show-toplevel [8ms]
2023-11-26 07:02:10.956 [info] > git for-each-ref --format=%(refname)%00%(upstream:short)%00%(objectname)%00%(upstream:track)%00%(upstream:remotename)%00%(upstream:remoteref) refs/heads/main refs/remotes/main [6ms]
2023-11-26 07:02:10.973 [info] > git remote --verbose [6ms]
2023-11-26 07:02:10.973 [info] > git for-each-ref --sort -committerdate --format %(refname) %(objectname) %(*objectname) [8ms]
2023-11-26 07:02:10.973 [info] > git rev-parse --show-toplevel [18ms]
2023-11-26 07:02:10.976 [info] > git config --get commit.template [3ms]
2023-11-26 07:02:10.976 [info] > git rev-parse --show-toplevel [1ms]
2023-11-26 07:02:10.981 [info] > git rev-parse --show-toplevel [3ms]
2023-11-26 07:02:10.983 [info] > git for-each-ref --format=%(refname)%00%(upstream:short)%00%(objectname)%00%(upstream:track)%00%(upstream:remotename)%00%(upstream:remoteref) refs/heads/main refs/remotes/main [2ms]
2023-11-26 07:02:10.984 [info] > git rev-parse --show-toplevel [1ms]
2023-11-26 07:02:10.986 [info] > git rev-parse --show-toplevel [0ms]
2023-11-26 07:02:10.990 [info] > git rev-parse --show-toplevel [1ms]
2023-11-26 07:02:10.992 [info] > git status -z -uall [23ms]
2023-11-26 07:02:10.996 [info] > git rev-parse --show-toplevel [4ms]
2023-11-26 07:02:11.019 [info] > git rev-parse --show-toplevel [20ms]
2023-11-26 07:02:11.025 [info] > git rev-parse --show-toplevel [1ms]
2023-11-26 07:02:11.029 [info] > git rev-parse --show-toplevel [1ms]
2023-11-26 07:02:11.033 [info] > git rev-parse --show-toplevel [1ms]
2023-11-26 07:02:11.041 [info] > git rev-parse --show-toplevel [4ms]
2023-11-26 07:02:11.047 [info] > git rev-parse --show-toplevel [1ms]
2023-11-26 07:02:11.051 [info] > git rev-parse --show-toplevel [0ms]
2023-11-26 07:02:11.054 [info] > git rev-parse --show-toplevel [1ms]
2023-11-26 07:02:11.057 [info] > git rev-parse --show-toplevel [1ms]
2023-11-26 07:02:11.060 [info] > git rev-parse --show-toplevel [1ms]
2023-11-26 07:02:11.063 [info] > git rev-parse --show-toplevel [1ms]
2023-11-26 07:02:11.068 [info] > git rev-parse --show-toplevel [1ms]
2023-11-26 07:02:11.071 [info] > git rev-parse --show-toplevel [1ms]
2023-11-26 07:02:11.074 [info] > git rev-parse --show-toplevel [0ms]
2023-11-26 07:02:11.078 [info] > git rev-parse --show-toplevel [1ms]
2023-11-26 07:02:11.080 [info] > git rev-parse --show-toplevel [0ms]
2023-11-26 07:02:11.083 [info] > git rev-parse --show-toplevel [0ms]
2023-11-26 07:02:11.086 [info] > git rev-parse --show-toplevel [0ms]
2023-11-26 07:02:11.089 [info] > git rev-parse --show-toplevel [0ms]
2023-11-26 07:02:11.262 [info] > git rev-parse --show-toplevel [1ms]
2023-11-26 07:02:11.502 [info] > git rev-parse --show-toplevel [6ms]
2023-11-26 07:02:11.502 [info] > git check-ignore -v -z --stdin [1ms]
2023-11-26 07:02:11.785 [info] > git rev-parse --show-toplevel [1ms]
2023-11-26 07:02:14.906 [info] > git remote --verbose [21ms]
2023-11-26 07:02:14.906 [info] > git for-each-ref --sort -committerdate --format %(refname) %(objectname) %(*objectname) [28ms]
2023-11-26 07:02:14.907 [info] > git config --get commit.template [2ms]
2023-11-26 07:02:14.913 [info] > git for-each-ref --format=%(refname)%00%(upstream:short)%00%(objectname)%00%(upstream:track)%00%(upstream:remotename)%00%(upstream:remoteref) refs/heads/main refs/remotes/main [1ms]
2023-11-26 07:02:14.922 [info] > git status -z -uall [26ms]
2023-11-26 07:02:19.961 [info] > git remote --verbose [15ms]
2023-11-26 07:02:19.962 [info] > git for-each-ref --sort -committerdate --format %(refname) %(objectname) %(*objectname) [21ms]
2023-11-26 07:02:19.962 [info] > git config --get commit.template [1ms]
2023-11-26 07:02:19.967 [info] > git for-each-ref --format=%(refname)%00%(upstream:short)%00%(objectname)%00%(upstream:track)%00%(upstream:remotename)%00%(upstream:remoteref) refs/heads/main refs/remotes/main [1ms]
2023-11-26 07:02:19.975 [info] > git status -z -uall [22ms]
2023-11-26 07:02:24.995 [info] > git remote --verbose [8ms]
2023-11-26 07:02:24.995 [info] > git for-each-ref --sort -committerdate --format %(refname) %(objectname) %(*objectname) [11ms]
2023-11-26 07:02:24.995 [info] > git config --get commit.template [1ms]
2023-11-26 07:02:25.001 [info] > git for-each-ref --format=%(refname)%00%(upstream:short)%00%(objectname)%00%(upstream:track)%00%(upstream:remotename)%00%(upstream:remoteref) refs/heads/main refs/remotes/main [1ms]
2023-11-26 07:02:25.011 [info] > git status -z -uall [21ms]
2023-11-26 07:02:26.999 [info] > git rev-parse --show-toplevel [1ms]
2023-11-26 07:02:30.054 [info] > git remote --verbose [19ms]
2023-11-26 07:02:30.054 [info] > git for-each-ref --sort -committerdate --format %(refname) %(objectname) %(*objectname) [26ms]
2023-11-26 07:02:30.055 [info] > git config --get commit.template [2ms]
2023-11-26 07:02:30.063 [info] > git for-each-ref --format=%(refname)%00%(upstream:short)%00%(objectname)%00%(upstream:track)%00%(upstream:remotename)%00%(upstream:remoteref) refs/heads/main refs/remotes/main [2ms]
2023-11-26 07:02:30.074 [info] > git status -z -uall [32ms]
2023-11-26 07:02:32.909 [info] > git rev-parse --show-toplevel [1ms]
2023-11-26 07:02:34.445 [info] > git rev-parse --show-toplevel [1ms]
2023-11-26 07:02:35.119 [info] > git remote --verbose [18ms]
2023-11-26 07:02:35.120 [info] > git for-each-ref --sort -committerdate --format %(refname) %(objectname) %(*objectname) [32ms]
2023-11-26 07:02:35.121 [info] > git config --get commit.template [1ms]
2023-11-26 07:02:35.132 [info] > git for-each-ref --format=%(refname)%00%(upstream:short)%00%(objectname)%00%(upstream:track)%00%(upstream:remotename)%00%(upstream:remoteref) refs/heads/main refs/remotes/main [1ms]
2023-11-26 07:02:35.141 [info] > git status -z -uall [29ms]
2023-11-26 07:02:40.180 [info] > git remote --verbose [12ms]
2023-11-26 07:02:40.180 [info] > git for-each-ref --sort -committerdate --format %(refname) %(objectname) %(*objectname) [22ms]
2023-11-26 07:02:40.180 [info] > git config --get commit.template [1ms]
2023-11-26 07:02:40.184 [info] > git for-each-ref --format=%(refname)%00%(upstream:short)%00%(objectname)%00%(upstream:track)%00%(upstream:remotename)%00%(upstream:remoteref) refs/heads/main refs/remotes/main [0ms]
2023-11-26 07:02:40.193 [info] > git status -z -uall [21ms]
2023-11-26 07:02:45.241 [info] > git remote --verbose [18ms]
2023-11-26 07:02:45.242 [info] > git for-each-ref --sort -committerdate --format %(refname) %(objectname) %(*objectname) [31ms]
2023-11-26 07:02:45.242 [info] > git config --get commit.template [1ms]
2023-11-26 07:02:45.249 [info] > git for-each-ref --format=%(refname)%00%(upstream:short)%00%(objectname)%00%(upstream:track)%00%(upstream:remotename)%00%(upstream:remoteref) refs/heads/main refs/remotes/main [2ms]
2023-11-26 07:02:45.259 [info] > git status -z -uall [23ms]
2023-11-26 07:02:47.741 [info] > git rev-parse --show-toplevel [1ms]
2023-11-26 07:02:50.309 [info] > git remote --verbose [21ms]
2023-11-26 07:02:50.309 [info] > git for-each-ref --sort -committerdate --format %(refname) %(objectname) %(*objectname) [34ms]
2023-11-26 07:02:50.310 [info] > git config --get commit.template [1ms]
2023-11-26 07:02:50.316 [info] > git for-each-ref --format=%(refname)%00%(upstream:short)%00%(objectname)%00%(upstream:track)%00%(upstream:remotename)%00%(upstream:remoteref) refs/heads/main refs/remotes/main [1ms]
2023-11-26 07:02:50.324 [info] > git status -z -uall [27ms]
2023-11-26 07:03:10.757 [info] > git remote --verbose [9ms]
2023-11-26 07:03:10.757 [info] > git for-each-ref --sort -committerdate --format %(refname) %(objectname) %(*objectname) [15ms]
2023-11-26 07:03:10.758 [info] > git config --get commit.template [1ms]
2023-11-26 07:03:10.762 [info] > git for-each-ref --format=%(refname)%00%(upstream:short)%00%(objectname)%00%(upstream:track)%00%(upstream:remotename)%00%(upstream:remoteref) refs/heads/main refs/remotes/main [0ms]
2023-11-26 07:03:10.769 [info] > git status -z -uall [17ms]
2023-11-26 07:03:15.815 [info] > git remote --verbose [19ms]
2023-11-26 07:03:15.815 [info] > git for-each-ref --sort -committerdate --format %(refname) %(objectname) %(*objectname) [30ms]
2023-11-26 07:03:15.815 [info] > git config --get commit.template [1ms]
2023-11-26 07:03:15.822 [info] > git for-each-ref --format=%(refname)%00%(upstream:short)%00%(objectname)%00%(upstream:track)%00%(upstream:remotename)%00%(upstream:remoteref) refs/heads/main refs/remotes/main [1ms]
2023-11-26 07:03:15.832 [info] > git status -z -uall [28ms]
2023-11-26 07:03:20.871 [info] > git remote --verbose [19ms]
2023-11-26 07:03:20.871 [info] > git for-each-ref --sort -committerdate --format %(refname) %(objectname) %(*objectname) [23ms]
2023-11-26 07:03:20.872 [info] > git config --get commit.template [2ms]
2023-11-26 07:03:20.876 [info] > git for-each-ref --format=%(refname)%00%(upstream:short)%00%(objectname)%00%(upstream:track)%00%(upstream:remotename)%00%(upstream:remoteref) refs/heads/main refs/remotes/main [1ms]
2023-11-26 07:03:20.883 [info] > git status -z -uall [19ms]
2023-11-26 07:03:24.463 [info] > git rev-parse --show-toplevel [1ms]
2023-11-26 07:03:25.922 [info] > git remote --verbose [16ms]
2023-11-26 07:03:25.922 [info] > git for-each-ref --sort -committerdate --format %(refname) %(objectname) %(*objectname) [22ms]
2023-11-26 07:03:25.923 [info] > git config --get commit.template [0ms]
2023-11-26 07:03:25.930 [info] > git for-each-ref --format=%(refname)%00%(upstream:short)%00%(objectname)%00%(upstream:track)%00%(upstream:remotename)%00%(upstream:remoteref) refs/heads/main refs/remotes/main [1ms]
2023-11-26 07:03:25.949 [info] > git status -z -uall [32ms]
2023-11-26 07:03:27.051 [info] > git rev-parse --show-toplevel [0ms]
2023-11-26 07:03:31.003 [info] > git remote --verbose [24ms]
2023-11-26 07:03:31.003 [info] > git for-each-ref --sort -committerdate --format %(refname) %(objectname) %(*objectname) [37ms]
2023-11-26 07:03:31.004 [info] > git config --get commit.template [3ms]
2023-11-26 07:03:31.013 [info] > git for-each-ref --format=%(refname)%00%(upstream:short)%00%(objectname)%00%(upstream:track)%00%(upstream:remotename)%00%(upstream:remoteref) refs/heads/main refs/remotes/main [1ms]
2023-11-26 07:03:31.026 [info] > git status -z -uall [38ms]
2023-11-26 07:03:36.078 [info] > git remote --verbose [17ms]
2023-11-26 07:03:36.079 [info] > git for-each-ref --sort -committerdate --format %(refname) %(objectname) %(*objectname) [30ms]
2023-11-26 07:03:36.086 [info] > git config --get commit.template [9ms]
2023-11-26 07:03:36.087 [info] > git for-each-ref --format=%(refname)%00%(upstream:short)%00%(objectname)%00%(upstream:track)%00%(upstream:remotename)%00%(upstream:remoteref) refs/heads/main refs/remotes/main [1ms]
2023-11-26 07:03:36.098 [info] > git status -z -uall [27ms]
2023-11-26 07:03:37.415 [info] > git rev-parse --show-toplevel [1ms]
2023-11-26 07:03:41.145 [info] > git remote --verbose [23ms]
2023-11-26 07:03:41.146 [info] > git for-each-ref --sort -committerdate --format %(refname) %(objectname) %(*objectname) [35ms]
2023-11-26 07:03:41.153 [info] > git config --get commit.template [8ms]
2023-11-26 07:03:41.153 [info] > git for-each-ref --format=%(refname)%00%(upstream:short)%00%(objectname)%00%(upstream:track)%00%(upstream:remotename)%00%(upstream:remoteref) refs/heads/main refs/remotes/main [1ms]
2023-11-26 07:03:41.165 [info] > git status -z -uall [32ms]
2023-11-26 07:03:46.206 [info] > git remote --verbose [18ms]
2023-11-26 07:03:46.207 [info] > git for-each-ref --sort -committerdate --format %(refname) %(objectname) %(*objectname) [23ms]
2023-11-26 07:03:46.207 [info] > git config --get commit.template [2ms]
2023-11-26 07:03:46.214 [info] > git for-each-ref --format=%(refname)%00%(upstream:short)%00%(objectname)%00%(upstream:track)%00%(upstream:remotename)%00%(upstream:remoteref) refs/heads/main refs/remotes/main [1ms]
2023-11-26 07:03:46.228 [info] > git status -z -uall [27ms]
2023-11-26 07:03:50.097 [info] > git rev-parse --show-toplevel [1ms]
2023-11-26 07:03:51.278 [info] > git remote --verbose [22ms]
2023-11-26 07:03:51.278 [info] > git for-each-ref --sort -committerdate --format %(refname) %(objectname) %(*objectname) [34ms]
2023-11-26 07:03:51.279 [info] > git config --get commit.template [2ms]
2023-11-26 07:03:51.289 [info] > git for-each-ref --format=%(refname)%00%(upstream:short)%00%(objectname)%00%(upstream:track)%00%(upstream:remotename)%00%(upstream:remoteref) refs/heads/main refs/remotes/main [1ms]
2023-11-26 07:03:51.299 [info] > git status -z -uall [33ms]
2023-11-26 07:03:56.339 [info] > git remote --verbose [15ms]
2023-11-26 07:03:56.339 [info] > git for-each-ref --sort -committerdate --format %(refname) %(objectname) %(*objectname) [22ms]
2023-11-26 07:03:56.340 [info] > git config --get commit.template [2ms]
2023-11-26 07:03:56.347 [info] > git for-each-ref --format=%(refname)%00%(upstream:short)%00%(objectname)%00%(upstream:track)%00%(upstream:remotename)%00%(upstream:remoteref) refs/heads/main refs/remotes/main [1ms]
2023-11-26 07:03:56.365 [info] > git status -z -uall [33ms]
2023-11-26 07:03:58.699 [info] > git rev-parse --show-toplevel [2ms]
2023-11-26 07:04:01.418 [info] > git remote --verbose [29ms]
2023-11-26 07:04:01.418 [info] > git for-each-ref --sort -committerdate --format %(refname) %(objectname) %(*objectname) [35ms]
2023-11-26 07:04:01.419 [info] > git config --get commit.template [2ms]
2023-11-26 07:04:01.428 [info] > git for-each-ref --format=%(refname)%00%(upstream:short)%00%(objectname)%00%(upstream:track)%00%(upstream:remotename)%00%(upstream:remoteref) refs/heads/main refs/remotes/main [1ms]
2023-11-26 07:04:01.440 [info] > git status -z -uall [36ms]
2023-11-26 07:04:22.793 [info] > git remote --verbose [15ms]
2023-11-26 07:04:22.793 [info] > git for-each-ref --sort -committerdate --format %(refname) %(objectname) %(*objectname) [22ms]
2023-11-26 07:04:22.796 [info] > git config --get commit.template [3ms]
2023-11-26 07:04:22.797 [info] > git for-each-ref --format=%(refname)%00%(upstream:short)%00%(objectname)%00%(upstream:track)%00%(upstream:remotename)%00%(upstream:remoteref) refs/heads/main refs/remotes/main [1ms]
2023-11-26 07:04:22.811 [info] > git status -z -uall [23ms]
2023-11-26 07:04:48.488 [info] > git remote --verbose [17ms]
2023-11-26 07:04:48.489 [info] > git for-each-ref --sort -committerdate --format %(refname) %(objectname) %(*objectname) [22ms]
2023-11-26 07:04:48.489 [info] > git config --get commit.template [1ms]
2023-11-26 07:04:48.494 [info] > git for-each-ref --format=%(refname)%00%(upstream:short)%00%(objectname)%00%(upstream:track)%00%(upstream:remotename)%00%(upstream:remoteref) refs/heads/main refs/remotes/main [1ms]
2023-11-26 07:04:48.503 [info] > git status -z -uall [24ms]
2023-11-26 07:04:53.550 [info] > git remote --verbose [19ms]
2023-11-26 07:04:53.550 [info] > git for-each-ref --sort -committerdate --format %(refname) %(objectname) %(*objectname) [29ms]
2023-11-26 07:04:53.550 [info] > git config --get commit.template [1ms]
2023-11-26 07:04:53.556 [info] > git for-each-ref --format=%(refname)%00%(upstream:short)%00%(objectname)%00%(upstream:track)%00%(upstream:remotename)%00%(upstream:remoteref) refs/heads/main refs/remotes/main [1ms]
2023-11-26 07:04:53.566 [info] > git status -z -uall [24ms]
2023-11-26 07:04:55.192 [info] > git rev-parse --show-toplevel [1ms]
2023-11-26 07:04:58.185 [info] > git rev-parse --show-toplevel [1ms]
2023-11-26 07:04:58.617 [info] > git remote --verbose [21ms]
2023-11-26 07:04:58.618 [info] > git for-each-ref --sort -committerdate --format %(refname) %(objectname) %(*objectname) [35ms]
2023-11-26 07:04:58.618 [info] > git config --get commit.template [2ms]
2023-11-26 07:04:58.627 [info] > git for-each-ref --format=%(refname)%00%(upstream:short)%00%(objectname)%00%(upstream:track)%00%(upstream:remotename)%00%(upstream:remoteref) refs/heads/main refs/remotes/main [1ms]
2023-11-26 07:04:58.635 [info] > git status -z -uall [31ms]
2023-11-26 07:05:03.688 [info] > git remote --verbose [23ms]
2023-11-26 07:05:03.688 [info] > git for-each-ref --sort -committerdate --format %(refname) %(objectname) %(*objectname) [36ms]
2023-11-26 07:05:03.689 [info] > git config --get commit.template [3ms]
2023-11-26 07:05:03.703 [info] > git for-each-ref --format=%(refname)%00%(upstream:short)%00%(objectname)%00%(upstream:track)%00%(upstream:remotename)%00%(upstream:remoteref) refs/heads/main refs/remotes/main [1ms]
2023-11-26 07:05:03.714 [info] > git status -z -uall [39ms]
2023-11-26 07:05:04.756 [info] > git rev-parse --show-toplevel [1ms]
2023-11-26 07:05:08.751 [info] > git remote --verbose [15ms]
2023-11-26 07:05:08.752 [info] > git for-each-ref --sort -committerdate --format %(refname) %(objectname) %(*objectname) [23ms]
2023-11-26 07:05:08.753 [info] > git config --get commit.template [2ms]
2023-11-26 07:05:08.758 [info] > git for-each-ref --format=%(refname)%00%(upstream:short)%00%(objectname)%00%(upstream:track)%00%(upstream:remotename)%00%(upstream:remoteref) refs/heads/main refs/remotes/main [0ms]
2023-11-26 07:05:08.767 [info] > git status -z -uall [22ms]
2023-11-26 07:05:10.502 [info] > git rev-parse --show-toplevel [1ms]
2023-11-26 07:05:35.045 [info] > git remote --verbose [8ms]
2023-11-26 07:05:35.045 [info] > git for-each-ref --sort -committerdate --format %(refname) %(objectname) %(*objectname) [11ms]
2023-11-26 07:05:35.045 [info] > git config --get commit.template [1ms]
2023-11-26 07:05:35.050 [info] > git for-each-ref --format=%(refname)%00%(upstream:short)%00%(objectname)%00%(upstream:track)%00%(upstream:remotename)%00%(upstream:remoteref) refs/heads/main refs/remotes/main [1ms]
2023-11-26 07:05:35.060 [info] > git status -z -uall [20ms]
2023-11-26 07:05:40.102 [info] > git remote --verbose [15ms]
2023-11-26 07:05:40.103 [info] > git for-each-ref --sort -committerdate --format %(refname) %(objectname) %(*objectname) [27ms]
2023-11-26 07:05:40.103 [info] > git config --get commit.template [1ms]
2023-11-26 07:05:40.111 [info] > git for-each-ref --format=%(refname)%00%(upstream:short)%00%(objectname)%00%(upstream:track)%00%(upstream:remotename)%00%(upstream:remoteref) refs/heads/main refs/remotes/main [2ms]
2023-11-26 07:05:40.128 [info] > git status -z -uall [29ms]
2023-11-26 07:05:42.246 [info] > git rev-parse --show-toplevel [1ms]
2023-11-26 07:05:45.177 [info] > git remote --verbose [21ms]
2023-11-26 07:05:45.177 [info] > git for-each-ref --sort -committerdate --format %(refname) %(objectname) %(*objectname) [31ms]
2023-11-26 07:05:45.177 [info] > git config --get commit.template [4ms]
2023-11-26 07:05:45.185 [info] > git for-each-ref --format=%(refname)%00%(upstream:short)%00%(objectname)%00%(upstream:track)%00%(upstream:remotename)%00%(upstream:remoteref) refs/heads/main refs/remotes/main [1ms]
2023-11-26 07:05:45.193 [info] > git status -z -uall [25ms]
2023-11-26 07:06:37.390 [info] > git remote --verbose [10ms]
2023-11-26 07:06:37.390 [info] > git for-each-ref --sort -committerdate --format %(refname) %(objectname) %(*objectname) [13ms]
2023-11-26 07:06:37.391 [info] > git config --get commit.template [1ms]
2023-11-26 07:06:37.398 [info] > git for-each-ref --format=%(refname)%00%(upstream:short)%00%(objectname)%00%(upstream:track)%00%(upstream:remotename)%00%(upstream:remoteref) refs/heads/main refs/remotes/main [2ms]
2023-11-26 07:06:37.415 [info] > git status -z -uall [32ms]
2023-11-26 07:06:41.664 [info] > git rev-parse --show-toplevel [1ms]
2023-11-26 07:06:42.467 [info] > git remote --verbose [22ms]
2023-11-26 07:06:42.467 [info] > git for-each-ref --sort -committerdate --format %(refname) %(objectname) %(*objectname) [32ms]
2023-11-26 07:06:42.467 [info] > git config --get commit.template [1ms]
2023-11-26 07:06:42.472 [info] > git for-each-ref --format=%(refname)%00%(upstream:short)%00%(objectname)%00%(upstream:track)%00%(upstream:remotename)%00%(upstream:remoteref) refs/heads/main refs/remotes/main [1ms]
2023-11-26 07:06:42.482 [info] > git status -z -uall [27ms]
2023-11-26 07:06:47.526 [info] > git remote --verbose [22ms]
2023-11-26 07:06:47.526 [info] > git for-each-ref --sort -committerdate --format %(refname) %(objectname) %(*objectname) [31ms]
2023-11-26 07:06:47.526 [info] > git config --get commit.template [1ms]
2023-11-26 07:06:47.532 [info] > git for-each-ref --format=%(refname)%00%(upstream:short)%00%(objectname)%00%(upstream:track)%00%(upstream:remotename)%00%(upstream:remoteref) refs/heads/main refs/remotes/main [1ms]
2023-11-26 07:06:47.540 [info] > git status -z -uall [26ms]
2023-11-26 07:06:52.586 [info] > git remote --verbose [24ms]
2023-11-26 07:06:52.586 [info] > git for-each-ref --sort -committerdate --format %(refname) %(objectname) %(*objectname) [32ms]
2023-11-26 07:06:52.586 [info] > git config --get commit.template [1ms]
2023-11-26 07:06:52.595 [info] > git for-each-ref --format=%(refname)%00%(upstream:short)%00%(objectname)%00%(upstream:track)%00%(upstream:remotename)%00%(upstream:remoteref) refs/heads/main refs/remotes/main [1ms]
2023-11-26 07:06:52.602 [info] > git status -z -uall [30ms]
2023-11-26 07:06:57.650 [info] > git remote --verbose [22ms]
2023-11-26 07:06:57.650 [info] > git for-each-ref --sort -committerdate --format %(refname) %(objectname) %(*objectname) [32ms]
2023-11-26 07:06:57.651 [info] > git config --get commit.template [2ms]
2023-11-26 07:06:57.657 [info] > git for-each-ref --format=%(refname)%00%(upstream:short)%00%(objectname)%00%(upstream:track)%00%(upstream:remotename)%00%(upstream:remoteref) refs/heads/main refs/remotes/main [1ms]
2023-11-26 07:06:57.665 [info] > git status -z -uall [27ms]
2023-11-26 07:07:02.709 [info] > git remote --verbose [18ms]
2023-11-26 07:07:02.710 [info] > git for-each-ref --sort -committerdate --format %(refname) %(objectname) %(*objectname) [24ms]
2023-11-26 07:07:02.710 [info] > git config --get commit.template [1ms]
2023-11-26 07:07:02.719 [info] > git for-each-ref --format=%(refname)%00%(upstream:short)%00%(objectname)%00%(upstream:track)%00%(upstream:remotename)%00%(upstream:remoteref) refs/heads/main refs/remotes/main [1ms]
2023-11-26 07:07:02.737 [info] > git status -z -uall [33ms]
2023-11-26 07:07:07.785 [info] > git remote --verbose [19ms]
2023-11-26 07:07:07.785 [info] > git for-each-ref --sort -committerdate --format %(refname) %(objectname) %(*objectname) [24ms]
2023-11-26 07:07:07.785 [info] > git config --get commit.template [1ms]
2023-11-26 07:07:07.795 [info] > git for-each-ref --format=%(refname)%00%(upstream:short)%00%(objectname)%00%(upstream:track)%00%(upstream:remotename)%00%(upstream:remoteref) refs/heads/main refs/remotes/main [2ms]
2023-11-26 07:07:07.811 [info] > git status -z -uall [36ms]
2023-11-26 07:07:12.850 [info] > git remote --verbose [11ms]
2023-11-26 07:07:12.850 [info] > git for-each-ref --sort -committerdate --format %(refname) %(objectname) %(*objectname) [23ms]
2023-11-26 07:07:12.850 [info] > git config --get commit.template [0ms]
2023-11-26 07:07:12.855 [info] > git for-each-ref --format=%(refname)%00%(upstream:short)%00%(objectname)%00%(upstream:track)%00%(upstream:remotename)%00%(upstream:remoteref) refs/heads/main refs/remotes/main [1ms]
2023-11-26 07:07:12.869 [info] > git status -z -uall [25ms]
2023-11-26 07:07:17.887 [info] > git remote --verbose [6ms]
2023-11-26 07:07:17.887 [info] > git for-each-ref --sort -committerdate --format %(refname) %(objectname) %(*objectname) [9ms]
2023-11-26 07:07:17.887 [info] > git config --get commit.template [1ms]
2023-11-26 07:07:17.891 [info] > git for-each-ref --format=%(refname)%00%(upstream:short)%00%(objectname)%00%(upstream:track)%00%(upstream:remotename)%00%(upstream:remoteref) refs/heads/main refs/remotes/main [1ms]
2023-11-26 07:07:17.902 [info] > git status -z -uall [19ms]
2023-11-26 07:07:22.941 [info] > git remote --verbose [16ms]
2023-11-26 07:07:22.942 [info] > git for-each-ref --sort -committerdate --format %(refname) %(objectname) %(*objectname) [27ms]
2023-11-26 07:07:22.942 [info] > git config --get commit.template [1ms]
2023-11-26 07:07:22.949 [info] > git for-each-ref --format=%(refname)%00%(upstream:short)%00%(objectname)%00%(upstream:track)%00%(upstream:remotename)%00%(upstream:remoteref) refs/heads/main refs/remotes/main [1ms]
2023-11-26 07:07:22.956 [info] > git status -z -uall [23ms]
2023-11-26 07:07:28.001 [info] > git remote --verbose [15ms]
2023-11-26 07:07:28.001 [info] > git for-each-ref --sort -committerdate --format %(refname) %(objectname) %(*objectname) [27ms]
2023-11-26 07:07:28.002 [info] > git config --get commit.template [2ms]
2023-11-26 07:07:28.009 [info] > git for-each-ref --format=%(refname)%00%(upstream:short)%00%(objectname)%00%(upstream:track)%00%(upstream:remotename)%00%(upstream:remoteref) refs/heads/main refs/remotes/main [1ms]
2023-11-26 07:07:28.027 [info] > git status -z -uall [36ms]
2023-11-26 07:07:33.085 [info] > git remote --verbose [22ms]
2023-11-26 07:07:33.085 [info] > git for-each-ref --sort -committerdate --format %(refname) %(objectname) %(*objectname) [31ms]
2023-11-26 07:07:33.086 [info] > git config --get commit.template [2ms]
2023-11-26 07:07:33.092 [info] > git for-each-ref --format=%(refname)%00%(upstream:short)%00%(objectname)%00%(upstream:track)%00%(upstream:remotename)%00%(upstream:remoteref) refs/heads/main refs/remotes/main [1ms]
2023-11-26 07:07:33.101 [info] > git status -z -uall [27ms]
2023-11-26 07:07:38.144 [info] > git remote --verbose [21ms]
2023-11-26 07:07:38.144 [info] > git for-each-ref --sort -committerdate --format %(refname) %(objectname) %(*objectname) [26ms]
2023-11-26 07:07:38.144 [info] > git config --get commit.template [1ms]
2023-11-26 07:07:38.148 [info] > git for-each-ref --format=%(refname)%00%(upstream:short)%00%(objectname)%00%(upstream:track)%00%(upstream:remotename)%00%(upstream:remoteref) refs/heads/main refs/remotes/main [0ms]
2023-11-26 07:07:38.174 [info] > git status -z -uall [40ms]
2023-11-26 07:07:43.218 [info] > git remote --verbose [23ms]
2023-11-26 07:07:43.219 [info] > git for-each-ref --sort -committerdate --format %(refname) %(objectname) %(*objectname) [26ms]
2023-11-26 07:07:43.219 [info] > git config --get commit.template [2ms]
2023-11-26 07:07:43.229 [info] > git for-each-ref --format=%(refname)%00%(upstream:short)%00%(objectname)%00%(upstream:track)%00%(upstream:remotename)%00%(upstream:remoteref) refs/heads/main refs/remotes/main [1ms]
2023-11-26 07:07:43.238 [info] > git status -z -uall [32ms]
2023-11-26 07:07:48.288 [info] > git remote --verbose [25ms]
2023-11-26 07:07:48.288 [info] > git for-each-ref --sort -committerdate --format %(refname) %(objectname) %(*objectname) [36ms]
2023-11-26 07:07:48.294 [info] > git config --get commit.template [6ms]
2023-11-26 07:07:48.295 [info] > git for-each-ref --format=%(refname)%00%(upstream:short)%00%(objectname)%00%(upstream:track)%00%(upstream:remotename)%00%(upstream:remoteref) refs/heads/main refs/remotes/main [1ms]
2023-11-26 07:07:48.308 [info] > git status -z -uall [33ms]
2023-11-26 07:07:53.354 [info] > git remote --verbose [22ms]
2023-11-26 07:07:53.354 [info] > git for-each-ref --sort -committerdate --format %(refname) %(objectname) %(*objectname) [32ms]
2023-11-26 07:07:53.354 [info] > git config --get commit.template [1ms]
2023-11-26 07:07:53.361 [info] > git for-each-ref --format=%(refname)%00%(upstream:short)%00%(objectname)%00%(upstream:track)%00%(upstream:remotename)%00%(upstream:remoteref) refs/heads/main refs/remotes/main [1ms]
2023-11-26 07:07:53.374 [info] > git status -z -uall [31ms]
2023-11-26 07:07:58.425 [info] > git remote --verbose [24ms]
2023-11-26 07:07:58.426 [info] > git for-each-ref --sort -committerdate --format %(refname) %(objectname) %(*objectname) [35ms]
2023-11-26 07:07:58.426 [info] > git config --get commit.template [1ms]
2023-11-26 07:07:58.433 [info] > git for-each-ref --format=%(refname)%00%(upstream:short)%00%(objectname)%00%(upstream:track)%00%(upstream:remotename)%00%(upstream:remoteref) refs/heads/main refs/remotes/main [2ms]
2023-11-26 07:07:58.453 [info] > git status -z -uall [39ms]
