2023-11-25 20:45:29.896 [info] Extension host with pid 2858 started
2023-11-25 20:45:29.896 [info] Skipping acquiring lock for /home/n30/.config/Code - OSS/User/workspaceStorage/1feba4cd03760bc246259d32580ab904.
2023-11-25 20:45:29.933 [info] ExtensionService#_doActivateExtension vscode.markdown-language-features, startup: false, activationEvent: 'onWebviewPanel:markdown.preview'
2023-11-25 20:45:29.933 [info] ExtensionService#_doActivateExtension vscode.git-base, startup: true, activationEvent: '*', root cause: vscode.git
2023-11-25 20:45:29.962 [info] ExtensionService#_doActivateExtension vscode.git, startup: true, activationEvent: '*'
2023-11-25 20:45:29.962 [info] ExtensionService#_doActivateExtension vscode.github, startup: true, activationEvent: '*'
2023-11-25 20:45:29.997 [info] Eager extensions activated
2023-11-25 20:45:30.023 [info] ExtensionService#_doActivateExtension vscode.debug-auto-launch, startup: false, activationEvent: 'onStartupFinished'
2023-11-25 20:45:30.023 [info] ExtensionService#_doActivateExtension vscode.emmet, startup: false, activationEvent: 'onStartupFinished'
2023-11-25 20:45:30.023 [info] ExtensionService#_doActivateExtension vscode.merge-conflict, startup: false, activationEvent: 'onStartupFinished'
2023-11-25 20:45:30.023 [info] ExtensionService#_doActivateExtension esbenp.prettier-vscode, startup: false, activationEvent: 'onStartupFinished'
2023-11-25 20:45:30.023 [info] ExtensionService#_doActivateExtension jgclark.vscode-todo-highlight, startup: false, activationEvent: 'onStartupFinished'
2023-11-25 20:45:30.023 [info] ExtensionService#_doActivateExtension PKief.material-icon-theme, startup: false, activationEvent: 'onStartupFinished'
2023-11-25 20:45:30.023 [info] ExtensionService#_doActivateExtension sainnhe.gruvbox-material, startup: false, activationEvent: 'onStartupFinished'
2023-11-25 20:45:30.272 [info] ExtensionService#_doActivateExtension vscode.extension-editing, startup: false, activationEvent: 'onLanguage:markdown'
2023-11-25 20:45:30.272 [info] ExtensionService#_doActivateExtension yzhang.markdown-all-in-one, startup: false, activationEvent: 'onLanguage:markdown'
2023-11-25 20:45:30.272 [info] ExtensionService#_doActivateExtension zaaack.markdown-editor, startup: false, activationEvent: 'onLanguage:markdown'
2023-11-25 20:45:30.272 [info] ExtensionService#_doActivateExtension vscode.markdown-math, startup: false, activationEvent: 'api', root cause: vscode.markdown-language-features
2023-11-25 20:45:30.428 [warning] [Decorations] CAPPING events from decorations provider vscode.git 7363
2023-11-25 20:59:00.832 [info] ExtensionService#_doActivateExtension vscode.simple-browser, startup: false, activationEvent: 'onOpenExternalUri:https'
