[Trace 19:15:00.113] VsCodeClientWorkspace: TextDocument.onDidOpen: file:///home/n30/.dotfiles/wiki-wayland-0.95beta.md
[Trace 19:15:00.113] VsCodeClientWorkspace: TextDocument.onDidChanceContent: file:///home/n30/.dotfiles/wiki-wayland-0.95beta.md
[Trace 19:15:00.114] Server: connection.languages.diagnostics.on: file:///home/n30/.dotfiles/wiki-wayland-0.95beta.md
[Trace 19:15:00.121] Server: connection.languages.diagnostics.on: file:///home/n30/.dotfiles/wiki-wayland-0.95beta.md
[Debug 19:15:00.166] LinkProvider: compute - file:///home/n30/.dotfiles/wiki-wayland-0.95beta.md
[Debug 19:15:01.669] MdFoldingProvider: provideFoldingRanges — file:///home/n30/.dotfiles/wiki-wayland-0.95beta.md 1
[Debug 19:15:01.669] TableOfContentsProvider: create - file:///home/n30/.dotfiles/wiki-wayland-0.95beta.md
[Trace 19:15:02.018] DocumentSymbolProvider: provideDocumentSymbols — file:///home/n30/.dotfiles/wiki-wayland-0.95beta.md 1
[Trace 19:20:50.035] VsCodeClientWorkspace: TextDocument.onDidChanceContent: file:///home/n30/.dotfiles/wiki-wayland-0.95beta.md
[Trace 19:20:50.036] Server: connection.languages.diagnostics.on: file:///home/n30/.dotfiles/wiki-wayland-0.95beta.md
[Debug 19:20:50.205] MdFoldingProvider: provideFoldingRanges — file:///home/n30/.dotfiles/wiki-wayland-0.95beta.md 2
[Debug 19:20:50.207] TableOfContentsProvider: create - file:///home/n30/.dotfiles/wiki-wayland-0.95beta.md
[Trace 19:20:50.433] DocumentSymbolProvider: provideDocumentSymbols — file:///home/n30/.dotfiles/wiki-wayland-0.95beta.md 2
[Debug 19:20:50.433] LinkProvider: compute - file:///home/n30/.dotfiles/wiki-wayland-0.95beta.md
[Trace 23:37:41.437] VsCodeClientWorkspace: TextDocument.onDidChanceContent: file:///home/n30/.dotfiles/wiki-wayland-0.95beta.md
[Trace 23:37:41.438] Server: connection.languages.diagnostics.on: file:///home/n30/.dotfiles/wiki-wayland-0.95beta.md
[Debug 23:37:41.615] MdFoldingProvider: provideFoldingRanges — file:///home/n30/.dotfiles/wiki-wayland-0.95beta.md 3
[Debug 23:37:41.617] TableOfContentsProvider: create - file:///home/n30/.dotfiles/wiki-wayland-0.95beta.md
[Debug 23:37:41.807] LinkProvider: compute - file:///home/n30/.dotfiles/wiki-wayland-0.95beta.md
[Trace 23:37:41.807] DocumentSymbolProvider: provideDocumentSymbols — file:///home/n30/.dotfiles/wiki-wayland-0.95beta.md 3
[Trace 23:37:43.098] VsCodeClientWorkspace: TextDocument.onDidChanceContent: file:///home/n30/.dotfiles/wiki-wayland-0.95beta.md
[Trace 23:37:43.098] Server: connection.languages.diagnostics.on: file:///home/n30/.dotfiles/wiki-wayland-0.95beta.md
[Debug 23:37:43.305] MdFoldingProvider: provideFoldingRanges — file:///home/n30/.dotfiles/wiki-wayland-0.95beta.md 4
[Debug 23:37:43.305] TableOfContentsProvider: create - file:///home/n30/.dotfiles/wiki-wayland-0.95beta.md
[Trace 23:37:43.476] DocumentSymbolProvider: provideDocumentSymbols — file:///home/n30/.dotfiles/wiki-wayland-0.95beta.md 4
[Debug 23:37:43.476] LinkProvider: compute - file:///home/n30/.dotfiles/wiki-wayland-0.95beta.md
[Trace 23:40:53.091] VsCodeClientWorkspace: TextDocument.onDidChanceContent: file:///home/n30/.dotfiles/wiki-wayland-0.95beta.md
[Trace 23:40:53.091] Server: connection.languages.diagnostics.on: file:///home/n30/.dotfiles/wiki-wayland-0.95beta.md
[Debug 23:40:53.242] MdFoldingProvider: provideFoldingRanges — file:///home/n30/.dotfiles/wiki-wayland-0.95beta.md 5
[Debug 23:40:53.243] TableOfContentsProvider: create - file:///home/n30/.dotfiles/wiki-wayland-0.95beta.md
[Debug 23:40:53.447] LinkProvider: compute - file:///home/n30/.dotfiles/wiki-wayland-0.95beta.md
[Trace 23:40:53.458] DocumentSymbolProvider: provideDocumentSymbols — file:///home/n30/.dotfiles/wiki-wayland-0.95beta.md 5
[Trace 23:40:58.577] VsCodeClientWorkspace: TextDocument.onDidChanceContent: file:///home/n30/.dotfiles/wiki-wayland-0.95beta.md
[Trace 23:40:58.577] Server: connection.languages.diagnostics.on: file:///home/n30/.dotfiles/wiki-wayland-0.95beta.md
[Debug 23:40:58.787] MdFoldingProvider: provideFoldingRanges — file:///home/n30/.dotfiles/wiki-wayland-0.95beta.md 6
[Debug 23:40:58.788] TableOfContentsProvider: create - file:///home/n30/.dotfiles/wiki-wayland-0.95beta.md
[Debug 23:40:58.966] LinkProvider: compute - file:///home/n30/.dotfiles/wiki-wayland-0.95beta.md
[Trace 23:40:58.966] DocumentSymbolProvider: provideDocumentSymbols — file:///home/n30/.dotfiles/wiki-wayland-0.95beta.md 6
[Trace 23:41:08.656] VsCodeClientWorkspace: TextDocument.onDidChanceContent: file:///home/n30/.dotfiles/wiki-wayland-0.95beta.md
[Trace 23:41:08.656] Server: connection.languages.diagnostics.on: file:///home/n30/.dotfiles/wiki-wayland-0.95beta.md
[Debug 23:41:08.848] MdFoldingProvider: provideFoldingRanges — file:///home/n30/.dotfiles/wiki-wayland-0.95beta.md 7
[Debug 23:41:08.848] TableOfContentsProvider: create - file:///home/n30/.dotfiles/wiki-wayland-0.95beta.md
[Trace 23:41:09.053] DocumentSymbolProvider: provideDocumentSymbols — file:///home/n30/.dotfiles/wiki-wayland-0.95beta.md 7
[Debug 23:41:09.053] LinkProvider: compute - file:///home/n30/.dotfiles/wiki-wayland-0.95beta.md
[Trace 23:41:09.230] VsCodeClientWorkspace: TextDocument.onDidChanceContent: file:///home/n30/.dotfiles/wiki-wayland-0.95beta.md
[Trace 23:41:09.230] Server: connection.languages.diagnostics.on: file:///home/n30/.dotfiles/wiki-wayland-0.95beta.md
[Debug 23:41:09.510] MdFoldingProvider: provideFoldingRanges — file:///home/n30/.dotfiles/wiki-wayland-0.95beta.md 8
[Debug 23:41:09.510] TableOfContentsProvider: create - file:///home/n30/.dotfiles/wiki-wayland-0.95beta.md
[Debug 23:41:09.510] LinkProvider: compute - file:///home/n30/.dotfiles/wiki-wayland-0.95beta.md
[Trace 23:41:09.611] DocumentSymbolProvider: provideDocumentSymbols — file:///home/n30/.dotfiles/wiki-wayland-0.95beta.md 8
[Trace 23:41:12.619] VsCodeClientWorkspace: TextDocument.onDidChanceContent: file:///home/n30/.dotfiles/wiki-wayland-0.95beta.md
[Trace 23:41:12.619] Server: connection.languages.diagnostics.on: file:///home/n30/.dotfiles/wiki-wayland-0.95beta.md
[Debug 23:41:12.828] MdFoldingProvider: provideFoldingRanges — file:///home/n30/.dotfiles/wiki-wayland-0.95beta.md 9
[Debug 23:41:12.828] TableOfContentsProvider: create - file:///home/n30/.dotfiles/wiki-wayland-0.95beta.md
[Debug 23:41:12.985] LinkProvider: compute - file:///home/n30/.dotfiles/wiki-wayland-0.95beta.md
[Trace 23:41:13.017] DocumentSymbolProvider: provideDocumentSymbols — file:///home/n30/.dotfiles/wiki-wayland-0.95beta.md 9
[Trace 23:41:14.116] VsCodeClientWorkspace: TextDocument.onDidChanceContent: file:///home/n30/.dotfiles/wiki-wayland-0.95beta.md
[Trace 23:41:14.117] Server: connection.languages.diagnostics.on: file:///home/n30/.dotfiles/wiki-wayland-0.95beta.md
[Debug 23:41:14.309] MdFoldingProvider: provideFoldingRanges — file:///home/n30/.dotfiles/wiki-wayland-0.95beta.md 10
[Debug 23:41:14.309] TableOfContentsProvider: create - file:///home/n30/.dotfiles/wiki-wayland-0.95beta.md
[Trace 23:41:14.495] DocumentSymbolProvider: provideDocumentSymbols — file:///home/n30/.dotfiles/wiki-wayland-0.95beta.md 10
[Debug 23:41:14.495] LinkProvider: compute - file:///home/n30/.dotfiles/wiki-wayland-0.95beta.md
[Trace 23:41:19.355] VsCodeClientWorkspace: TextDocument.onDidChanceContent: file:///home/n30/.dotfiles/wiki-wayland-0.95beta.md
[Trace 23:41:19.355] Server: connection.languages.diagnostics.on: file:///home/n30/.dotfiles/wiki-wayland-0.95beta.md
[Trace 23:41:19.515] VsCodeClientWorkspace: TextDocument.onDidChanceContent: file:///home/n30/.dotfiles/wiki-wayland-0.95beta.md
[Trace 23:41:19.516] Server: connection.languages.diagnostics.on: file:///home/n30/.dotfiles/wiki-wayland-0.95beta.md
[Trace 23:41:19.693] VsCodeClientWorkspace: TextDocument.onDidChanceContent: file:///home/n30/.dotfiles/wiki-wayland-0.95beta.md
[Trace 23:41:19.693] Server: connection.languages.diagnostics.on: file:///home/n30/.dotfiles/wiki-wayland-0.95beta.md
[Debug 23:41:19.885] MdFoldingProvider: provideFoldingRanges — file:///home/n30/.dotfiles/wiki-wayland-0.95beta.md 13
[Debug 23:41:19.885] TableOfContentsProvider: create - file:///home/n30/.dotfiles/wiki-wayland-0.95beta.md
[Trace 23:41:20.069] DocumentSymbolProvider: provideDocumentSymbols — file:///home/n30/.dotfiles/wiki-wayland-0.95beta.md 13
[Debug 23:41:20.070] LinkProvider: compute - file:///home/n30/.dotfiles/wiki-wayland-0.95beta.md
[Trace 23:41:25.313] VsCodeClientWorkspace: TextDocument.onDidChanceContent: file:///home/n30/.dotfiles/wiki-wayland-0.95beta.md
[Trace 23:41:25.313] Server: connection.languages.diagnostics.on: file:///home/n30/.dotfiles/wiki-wayland-0.95beta.md
[Debug 23:41:25.506] MdFoldingProvider: provideFoldingRanges — file:///home/n30/.dotfiles/wiki-wayland-0.95beta.md 14
[Debug 23:41:25.506] TableOfContentsProvider: create - file:///home/n30/.dotfiles/wiki-wayland-0.95beta.md
[Debug 23:41:25.661] LinkProvider: compute - file:///home/n30/.dotfiles/wiki-wayland-0.95beta.md
[Trace 23:41:25.702] DocumentSymbolProvider: provideDocumentSymbols — file:///home/n30/.dotfiles/wiki-wayland-0.95beta.md 14
[Trace 23:41:43.464] VsCodeClientWorkspace: TextDocument.onDidChanceContent: file:///home/n30/.dotfiles/wiki-wayland-0.95beta.md
[Trace 23:41:43.464] Server: connection.languages.diagnostics.on: file:///home/n30/.dotfiles/wiki-wayland-0.95beta.md
[Debug 23:41:43.629] MdFoldingProvider: provideFoldingRanges — file:///home/n30/.dotfiles/wiki-wayland-0.95beta.md 15
[Debug 23:41:43.629] TableOfContentsProvider: create - file:///home/n30/.dotfiles/wiki-wayland-0.95beta.md
[Debug 23:41:43.845] LinkProvider: compute - file:///home/n30/.dotfiles/wiki-wayland-0.95beta.md
[Trace 23:41:43.845] DocumentSymbolProvider: provideDocumentSymbols — file:///home/n30/.dotfiles/wiki-wayland-0.95beta.md 15
[Trace 23:41:45.155] VsCodeClientWorkspace: TextDocument.onDidChanceContent: file:///home/n30/.dotfiles/wiki-wayland-0.95beta.md
[Trace 23:41:45.155] Server: connection.languages.diagnostics.on: file:///home/n30/.dotfiles/wiki-wayland-0.95beta.md
[Debug 23:41:45.345] MdFoldingProvider: provideFoldingRanges — file:///home/n30/.dotfiles/wiki-wayland-0.95beta.md 16
[Debug 23:41:45.345] TableOfContentsProvider: create - file:///home/n30/.dotfiles/wiki-wayland-0.95beta.md
[Debug 23:41:45.517] LinkProvider: compute - file:///home/n30/.dotfiles/wiki-wayland-0.95beta.md
[Trace 23:41:45.552] DocumentSymbolProvider: provideDocumentSymbols — file:///home/n30/.dotfiles/wiki-wayland-0.95beta.md 16
[Trace 23:41:48.989] VsCodeClientWorkspace: TextDocument.onDidChanceContent: file:///home/n30/.dotfiles/wiki-wayland-0.95beta.md
[Trace 23:41:48.989] Server: connection.languages.diagnostics.on: file:///home/n30/.dotfiles/wiki-wayland-0.95beta.md
[Debug 23:41:49.188] MdFoldingProvider: provideFoldingRanges — file:///home/n30/.dotfiles/wiki-wayland-0.95beta.md 17
[Debug 23:41:49.189] TableOfContentsProvider: create - file:///home/n30/.dotfiles/wiki-wayland-0.95beta.md
[Debug 23:41:49.326] LinkProvider: compute - file:///home/n30/.dotfiles/wiki-wayland-0.95beta.md
[Trace 23:41:49.378] DocumentSymbolProvider: provideDocumentSymbols — file:///home/n30/.dotfiles/wiki-wayland-0.95beta.md 17
[Trace 23:42:24.089] VsCodeClientWorkspace: TextDocument.onDidChanceContent: file:///home/n30/.dotfiles/wiki-wayland-0.95beta.md
[Trace 23:42:24.089] Server: connection.languages.diagnostics.on: file:///home/n30/.dotfiles/wiki-wayland-0.95beta.md
[Debug 23:42:24.266] MdFoldingProvider: provideFoldingRanges — file:///home/n30/.dotfiles/wiki-wayland-0.95beta.md 18
[Debug 23:42:24.266] TableOfContentsProvider: create - file:///home/n30/.dotfiles/wiki-wayland-0.95beta.md
[Trace 23:42:24.480] DocumentSymbolProvider: provideDocumentSymbols — file:///home/n30/.dotfiles/wiki-wayland-0.95beta.md 18
[Debug 23:42:24.480] LinkProvider: compute - file:///home/n30/.dotfiles/wiki-wayland-0.95beta.md
[Trace 23:42:24.713] VsCodeClientWorkspace: TextDocument.onDidChanceContent: file:///home/n30/.dotfiles/wiki-wayland-0.95beta.md
[Trace 23:42:24.713] Server: connection.languages.diagnostics.on: file:///home/n30/.dotfiles/wiki-wayland-0.95beta.md
[Debug 23:42:24.930] MdFoldingProvider: provideFoldingRanges — file:///home/n30/.dotfiles/wiki-wayland-0.95beta.md 19
[Debug 23:42:24.930] TableOfContentsProvider: create - file:///home/n30/.dotfiles/wiki-wayland-0.95beta.md
[Debug 23:42:25.103] LinkProvider: compute - file:///home/n30/.dotfiles/wiki-wayland-0.95beta.md
[Trace 23:42:25.103] DocumentSymbolProvider: provideDocumentSymbols — file:///home/n30/.dotfiles/wiki-wayland-0.95beta.md 19
[Trace 23:43:49.928] VsCodeClientWorkspace: TextDocument.onDidChanceContent: file:///home/n30/.dotfiles/wiki-wayland-0.95beta.md
[Trace 23:43:49.928] Server: connection.languages.diagnostics.on: file:///home/n30/.dotfiles/wiki-wayland-0.95beta.md
[Debug 23:43:50.121] MdFoldingProvider: provideFoldingRanges — file:///home/n30/.dotfiles/wiki-wayland-0.95beta.md 20
[Debug 23:43:50.121] TableOfContentsProvider: create - file:///home/n30/.dotfiles/wiki-wayland-0.95beta.md
[Debug 23:43:50.318] LinkProvider: compute - file:///home/n30/.dotfiles/wiki-wayland-0.95beta.md
[Trace 23:43:50.329] DocumentSymbolProvider: provideDocumentSymbols — file:///home/n30/.dotfiles/wiki-wayland-0.95beta.md 20
[Trace 23:43:53.761] VsCodeClientWorkspace: TextDocument.onDidChanceContent: file:///home/n30/.dotfiles/wiki-wayland-0.95beta.md
[Trace 23:43:53.761] Server: connection.languages.diagnostics.on: file:///home/n30/.dotfiles/wiki-wayland-0.95beta.md
[Debug 23:43:53.971] MdFoldingProvider: provideFoldingRanges — file:///home/n30/.dotfiles/wiki-wayland-0.95beta.md 21
[Debug 23:43:53.971] TableOfContentsProvider: create - file:///home/n30/.dotfiles/wiki-wayland-0.95beta.md
[Trace 23:43:54.145] DocumentSymbolProvider: provideDocumentSymbols — file:///home/n30/.dotfiles/wiki-wayland-0.95beta.md 21
[Debug 23:43:54.145] LinkProvider: compute - file:///home/n30/.dotfiles/wiki-wayland-0.95beta.md
[Trace 23:45:12.012] VsCodeClientWorkspace: TextDocument.onDidChanceContent: file:///home/n30/.dotfiles/wiki-wayland-0.95beta.md
[Trace 23:45:12.012] Server: connection.languages.diagnostics.on: file:///home/n30/.dotfiles/wiki-wayland-0.95beta.md
[Debug 23:45:12.195] MdFoldingProvider: provideFoldingRanges — file:///home/n30/.dotfiles/wiki-wayland-0.95beta.md 22
[Debug 23:45:12.196] TableOfContentsProvider: create - file:///home/n30/.dotfiles/wiki-wayland-0.95beta.md
[Debug 23:45:12.420] LinkProvider: compute - file:///home/n30/.dotfiles/wiki-wayland-0.95beta.md
[Trace 23:45:12.421] DocumentSymbolProvider: provideDocumentSymbols — file:///home/n30/.dotfiles/wiki-wayland-0.95beta.md 22
[Trace 00:12:25.652] VsCodeClientWorkspace: TextDocument.onDidChanceContent: file:///home/n30/.dotfiles/wiki-wayland-0.95beta.md
[Trace 00:12:25.652] Server: connection.languages.diagnostics.on: file:///home/n30/.dotfiles/wiki-wayland-0.95beta.md
[Debug 00:12:25.834] MdFoldingProvider: provideFoldingRanges — file:///home/n30/.dotfiles/wiki-wayland-0.95beta.md 23
[Debug 00:12:25.835] TableOfContentsProvider: create - file:///home/n30/.dotfiles/wiki-wayland-0.95beta.md
[Trace 00:12:26.075] VsCodeClientWorkspace: TextDocument.onDidChanceContent: file:///home/n30/.dotfiles/wiki-wayland-0.95beta.md
[Debug 00:12:26.075] LinkProvider: compute - file:///home/n30/.dotfiles/wiki-wayland-0.95beta.md
[Trace 00:12:26.075] Server: connection.languages.diagnostics.on: file:///home/n30/.dotfiles/wiki-wayland-0.95beta.md
[Debug 00:12:26.170] MdFoldingProvider: provideFoldingRanges — file:///home/n30/.dotfiles/wiki-wayland-0.95beta.md 24
[Debug 00:12:26.170] TableOfContentsProvider: create - file:///home/n30/.dotfiles/wiki-wayland-0.95beta.md
[Trace 00:12:26.252] DocumentSymbolProvider: provideDocumentSymbols — file:///home/n30/.dotfiles/wiki-wayland-0.95beta.md 24
[Trace 00:13:36.512] VsCodeClientWorkspace: TextDocument.onDidChanceContent: file:///home/n30/.dotfiles/wiki-wayland-0.95beta.md
[Trace 00:13:36.513] Server: connection.languages.diagnostics.on: file:///home/n30/.dotfiles/wiki-wayland-0.95beta.md
[Debug 00:13:36.698] MdFoldingProvider: provideFoldingRanges — file:///home/n30/.dotfiles/wiki-wayland-0.95beta.md 25
[Debug 00:13:36.699] TableOfContentsProvider: create - file:///home/n30/.dotfiles/wiki-wayland-0.95beta.md
[Trace 00:13:36.887] DocumentSymbolProvider: provideDocumentSymbols — file:///home/n30/.dotfiles/wiki-wayland-0.95beta.md 25
[Debug 00:13:36.887] LinkProvider: compute - file:///home/n30/.dotfiles/wiki-wayland-0.95beta.md
[Trace 00:13:37.214] VsCodeClientWorkspace: TextDocument.onDidChanceContent: file:///home/n30/.dotfiles/wiki-wayland-0.95beta.md
[Trace 00:13:37.215] Server: connection.languages.diagnostics.on: file:///home/n30/.dotfiles/wiki-wayland-0.95beta.md
[Debug 00:13:37.403] MdFoldingProvider: provideFoldingRanges — file:///home/n30/.dotfiles/wiki-wayland-0.95beta.md 26
[Debug 00:13:37.404] TableOfContentsProvider: create - file:///home/n30/.dotfiles/wiki-wayland-0.95beta.md
[Debug 00:13:37.546] LinkProvider: compute - file:///home/n30/.dotfiles/wiki-wayland-0.95beta.md
[Trace 00:13:37.590] DocumentSymbolProvider: provideDocumentSymbols — file:///home/n30/.dotfiles/wiki-wayland-0.95beta.md 26
[Trace 00:13:37.773] VsCodeClientWorkspace: TextDocument.onDidChanceContent: file:///home/n30/.dotfiles/wiki-wayland-0.95beta.md
[Trace 00:13:37.773] Server: connection.languages.diagnostics.on: file:///home/n30/.dotfiles/wiki-wayland-0.95beta.md
[Debug 00:13:37.969] MdFoldingProvider: provideFoldingRanges — file:///home/n30/.dotfiles/wiki-wayland-0.95beta.md 27
[Debug 00:13:37.969] TableOfContentsProvider: create - file:///home/n30/.dotfiles/wiki-wayland-0.95beta.md
[Trace 00:13:38.155] DocumentSymbolProvider: provideDocumentSymbols — file:///home/n30/.dotfiles/wiki-wayland-0.95beta.md 27
[Debug 00:13:38.155] LinkProvider: compute - file:///home/n30/.dotfiles/wiki-wayland-0.95beta.md
[Trace 00:27:23.732] VsCodeClientWorkspace: TextDocument.onDidChanceContent: file:///home/n30/.dotfiles/wiki-wayland-0.95beta.md
[Trace 00:27:23.733] Server: connection.languages.diagnostics.on: file:///home/n30/.dotfiles/wiki-wayland-0.95beta.md
[Trace 00:27:23.883] VsCodeClientWorkspace: TextDocument.onDidChanceContent: file:///home/n30/.dotfiles/wiki-wayland-0.95beta.md
[Trace 00:27:23.883] Server: connection.languages.diagnostics.on: file:///home/n30/.dotfiles/wiki-wayland-0.95beta.md
[Debug 00:27:24.049] MdFoldingProvider: provideFoldingRanges — file:///home/n30/.dotfiles/wiki-wayland-0.95beta.md 29
[Debug 00:27:24.050] TableOfContentsProvider: create - file:///home/n30/.dotfiles/wiki-wayland-0.95beta.md
[Trace 00:27:24.295] DocumentSymbolProvider: provideDocumentSymbols — file:///home/n30/.dotfiles/wiki-wayland-0.95beta.md 29
[Debug 00:27:24.295] LinkProvider: compute - file:///home/n30/.dotfiles/wiki-wayland-0.95beta.md
[Trace 00:27:24.306] VsCodeClientWorkspace: TextDocument.onDidChanceContent: file:///home/n30/.dotfiles/wiki-wayland-0.95beta.md
[Trace 00:27:24.306] Server: connection.languages.diagnostics.on: file:///home/n30/.dotfiles/wiki-wayland-0.95beta.md
[Debug 00:27:24.344] TableOfContentsProvider: create - file:///home/n30/.dotfiles/wiki-wayland-0.95beta.md
[Debug 00:27:24.406] MdFoldingProvider: provideFoldingRanges — file:///home/n30/.dotfiles/wiki-wayland-0.95beta.md 30
[Trace 00:27:24.549] DocumentSymbolProvider: provideDocumentSymbols — file:///home/n30/.dotfiles/wiki-wayland-0.95beta.md 30
[Debug 00:27:24.549] LinkProvider: compute - file:///home/n30/.dotfiles/wiki-wayland-0.95beta.md
[Trace 00:27:25.860] VsCodeClientWorkspace: TextDocument.onDidChanceContent: file:///home/n30/.dotfiles/wiki-wayland-0.95beta.md
[Trace 00:27:25.860] Server: connection.languages.diagnostics.on: file:///home/n30/.dotfiles/wiki-wayland-0.95beta.md
[Debug 00:27:26.039] MdFoldingProvider: provideFoldingRanges — file:///home/n30/.dotfiles/wiki-wayland-0.95beta.md 31
[Debug 00:27:26.039] TableOfContentsProvider: create - file:///home/n30/.dotfiles/wiki-wayland-0.95beta.md
[Debug 00:27:26.199] LinkProvider: compute - file:///home/n30/.dotfiles/wiki-wayland-0.95beta.md
[Trace 00:27:26.224] DocumentSymbolProvider: provideDocumentSymbols — file:///home/n30/.dotfiles/wiki-wayland-0.95beta.md 31
[Trace 00:28:18.186] VsCodeClientWorkspace: TextDocument.onDidChanceContent: file:///home/n30/.dotfiles/wiki-wayland-0.95beta.md
[Trace 00:28:18.186] Server: connection.languages.diagnostics.on: file:///home/n30/.dotfiles/wiki-wayland-0.95beta.md
[Debug 00:28:18.344] MdFoldingProvider: provideFoldingRanges — file:///home/n30/.dotfiles/wiki-wayland-0.95beta.md 32
[Debug 00:28:18.344] TableOfContentsProvider: create - file:///home/n30/.dotfiles/wiki-wayland-0.95beta.md
[Debug 00:28:18.541] LinkProvider: compute - file:///home/n30/.dotfiles/wiki-wayland-0.95beta.md
[Trace 00:28:18.573] DocumentSymbolProvider: provideDocumentSymbols — file:///home/n30/.dotfiles/wiki-wayland-0.95beta.md 32
[Trace 00:28:19.226] VsCodeClientWorkspace: TextDocument.onDidChanceContent: file:///home/n30/.dotfiles/wiki-wayland-0.95beta.md
[Trace 00:28:19.226] Server: connection.languages.diagnostics.on: file:///home/n30/.dotfiles/wiki-wayland-0.95beta.md
[Trace 00:28:19.422] VsCodeClientWorkspace: TextDocument.onDidChanceContent: file:///home/n30/.dotfiles/wiki-wayland-0.95beta.md
[Trace 00:28:19.422] Server: connection.languages.diagnostics.on: file:///home/n30/.dotfiles/wiki-wayland-0.95beta.md
[Debug 00:28:19.591] MdFoldingProvider: provideFoldingRanges — file:///home/n30/.dotfiles/wiki-wayland-0.95beta.md 34
[Debug 00:28:19.591] TableOfContentsProvider: create - file:///home/n30/.dotfiles/wiki-wayland-0.95beta.md
[Trace 00:28:19.786] DocumentSymbolProvider: provideDocumentSymbols — file:///home/n30/.dotfiles/wiki-wayland-0.95beta.md 34
[Debug 00:28:19.786] LinkProvider: compute - file:///home/n30/.dotfiles/wiki-wayland-0.95beta.md
[Trace 00:28:21.196] VsCodeClientWorkspace: TextDocument.onDidChanceContent: file:///home/n30/.dotfiles/wiki-wayland-0.95beta.md
[Trace 00:28:21.197] Server: connection.languages.diagnostics.on: file:///home/n30/.dotfiles/wiki-wayland-0.95beta.md
[Debug 00:28:21.380] MdFoldingProvider: provideFoldingRanges — file:///home/n30/.dotfiles/wiki-wayland-0.95beta.md 35
[Debug 00:28:21.381] TableOfContentsProvider: create - file:///home/n30/.dotfiles/wiki-wayland-0.95beta.md
[Debug 00:28:21.542] LinkProvider: compute - file:///home/n30/.dotfiles/wiki-wayland-0.95beta.md
[Trace 00:28:21.566] DocumentSymbolProvider: provideDocumentSymbols — file:///home/n30/.dotfiles/wiki-wayland-0.95beta.md 35
[Trace 00:28:22.143] VsCodeClientWorkspace: TextDocument.onDidChanceContent: file:///home/n30/.dotfiles/wiki-wayland-0.95beta.md
[Trace 00:28:22.143] Server: connection.languages.diagnostics.on: file:///home/n30/.dotfiles/wiki-wayland-0.95beta.md
[Debug 00:28:22.313] MdFoldingProvider: provideFoldingRanges — file:///home/n30/.dotfiles/wiki-wayland-0.95beta.md 36
[Debug 00:28:22.313] TableOfContentsProvider: create - file:///home/n30/.dotfiles/wiki-wayland-0.95beta.md
[Trace 00:28:22.504] DocumentSymbolProvider: provideDocumentSymbols — file:///home/n30/.dotfiles/wiki-wayland-0.95beta.md 36
[Debug 00:28:22.504] LinkProvider: compute - file:///home/n30/.dotfiles/wiki-wayland-0.95beta.md
[Trace 00:28:28.109] VsCodeClientWorkspace: TextDocument.onDidChanceContent: file:///home/n30/.dotfiles/wiki-wayland-0.95beta.md
[Trace 00:28:28.109] Server: connection.languages.diagnostics.on: file:///home/n30/.dotfiles/wiki-wayland-0.95beta.md
[Debug 00:28:28.281] MdFoldingProvider: provideFoldingRanges — file:///home/n30/.dotfiles/wiki-wayland-0.95beta.md 37
[Debug 00:28:28.281] TableOfContentsProvider: create - file:///home/n30/.dotfiles/wiki-wayland-0.95beta.md
[Debug 00:28:28.447] LinkProvider: compute - file:///home/n30/.dotfiles/wiki-wayland-0.95beta.md
[Trace 00:28:28.473] DocumentSymbolProvider: provideDocumentSymbols — file:///home/n30/.dotfiles/wiki-wayland-0.95beta.md 37
[Trace 00:28:29.043] VsCodeClientWorkspace: TextDocument.onDidChanceContent: file:///home/n30/.dotfiles/wiki-wayland-0.95beta.md
[Trace 00:28:29.043] Server: connection.languages.diagnostics.on: file:///home/n30/.dotfiles/wiki-wayland-0.95beta.md
[Debug 00:28:29.234] MdFoldingProvider: provideFoldingRanges — file:///home/n30/.dotfiles/wiki-wayland-0.95beta.md 38
[Debug 00:28:29.235] TableOfContentsProvider: create - file:///home/n30/.dotfiles/wiki-wayland-0.95beta.md
[Trace 00:28:29.423] DocumentSymbolProvider: provideDocumentSymbols — file:///home/n30/.dotfiles/wiki-wayland-0.95beta.md 38
[Debug 00:28:29.424] LinkProvider: compute - file:///home/n30/.dotfiles/wiki-wayland-0.95beta.md
[Trace 00:28:35.013] VsCodeClientWorkspace: TextDocument.onDidChanceContent: file:///home/n30/.dotfiles/wiki-wayland-0.95beta.md
[Trace 00:28:35.013] Server: connection.languages.diagnostics.on: file:///home/n30/.dotfiles/wiki-wayland-0.95beta.md
[Trace 00:28:35.187] VsCodeClientWorkspace: TextDocument.onDidChanceContent: file:///home/n30/.dotfiles/wiki-wayland-0.95beta.md
[Trace 00:28:35.187] Server: connection.languages.diagnostics.on: file:///home/n30/.dotfiles/wiki-wayland-0.95beta.md
[Debug 00:28:35.367] MdFoldingProvider: provideFoldingRanges — file:///home/n30/.dotfiles/wiki-wayland-0.95beta.md 40
[Debug 00:28:35.368] TableOfContentsProvider: create - file:///home/n30/.dotfiles/wiki-wayland-0.95beta.md
[Debug 00:28:35.521] LinkProvider: compute - file:///home/n30/.dotfiles/wiki-wayland-0.95beta.md
[Trace 00:28:35.561] DocumentSymbolProvider: provideDocumentSymbols — file:///home/n30/.dotfiles/wiki-wayland-0.95beta.md 40
[Trace 00:28:35.917] VsCodeClientWorkspace: TextDocument.onDidChanceContent: file:///home/n30/.dotfiles/wiki-wayland-0.95beta.md
[Trace 00:28:35.917] Server: connection.languages.diagnostics.on: file:///home/n30/.dotfiles/wiki-wayland-0.95beta.md
[Trace 00:28:36.079] VsCodeClientWorkspace: TextDocument.onDidChanceContent: file:///home/n30/.dotfiles/wiki-wayland-0.95beta.md
[Trace 00:28:36.079] Server: connection.languages.diagnostics.on: file:///home/n30/.dotfiles/wiki-wayland-0.95beta.md
[Debug 00:28:36.256] MdFoldingProvider: provideFoldingRanges — file:///home/n30/.dotfiles/wiki-wayland-0.95beta.md 42
[Debug 00:28:36.256] TableOfContentsProvider: create - file:///home/n30/.dotfiles/wiki-wayland-0.95beta.md
[Debug 00:28:36.409] LinkProvider: compute - file:///home/n30/.dotfiles/wiki-wayland-0.95beta.md
[Trace 00:28:36.433] DocumentSymbolProvider: provideDocumentSymbols — file:///home/n30/.dotfiles/wiki-wayland-0.95beta.md 42
[Trace 03:00:19.153] ReferencesProvider: getReferencesAtPosition — file:///home/n30/.dotfiles/wiki-wayland-0.95beta.md 42
[Trace 03:01:50.844] VsCodeClientWorkspace: TextDocument.onDidChanceContent: file:///home/n30/.dotfiles/wiki-wayland-0.95beta.md
[Trace 03:01:50.844] Server: connection.languages.diagnostics.on: file:///home/n30/.dotfiles/wiki-wayland-0.95beta.md
[Debug 03:01:51.015] MdFoldingProvider: provideFoldingRanges — file:///home/n30/.dotfiles/wiki-wayland-0.95beta.md 43
[Debug 03:01:51.015] TableOfContentsProvider: create - file:///home/n30/.dotfiles/wiki-wayland-0.95beta.md
[Trace 03:01:51.221] DocumentSymbolProvider: provideDocumentSymbols — file:///home/n30/.dotfiles/wiki-wayland-0.95beta.md 43
[Debug 03:01:51.221] LinkProvider: compute - file:///home/n30/.dotfiles/wiki-wayland-0.95beta.md
[Trace 03:01:54.390] VsCodeClientWorkspace: TextDocument.onDidChanceContent: file:///home/n30/.dotfiles/wiki-wayland-0.95beta.md
[Trace 03:01:54.390] Server: connection.languages.diagnostics.on: file:///home/n30/.dotfiles/wiki-wayland-0.95beta.md
[Debug 03:01:54.576] MdFoldingProvider: provideFoldingRanges — file:///home/n30/.dotfiles/wiki-wayland-0.95beta.md 44
[Debug 03:01:54.576] TableOfContentsProvider: create - file:///home/n30/.dotfiles/wiki-wayland-0.95beta.md
[Trace 03:01:54.729] DocumentSymbolProvider: provideDocumentSymbols — file:///home/n30/.dotfiles/wiki-wayland-0.95beta.md 44
[Debug 03:01:54.729] LinkProvider: compute - file:///home/n30/.dotfiles/wiki-wayland-0.95beta.md
[Trace 03:01:54.828] VsCodeClientWorkspace: TextDocument.onDidChanceContent: file:///home/n30/.dotfiles/wiki-wayland-0.95beta.md
[Trace 03:01:54.829] Server: connection.languages.diagnostics.on: file:///home/n30/.dotfiles/wiki-wayland-0.95beta.md
[Debug 03:01:55.026] MdFoldingProvider: provideFoldingRanges — file:///home/n30/.dotfiles/wiki-wayland-0.95beta.md 45
[Debug 03:01:55.027] TableOfContentsProvider: create - file:///home/n30/.dotfiles/wiki-wayland-0.95beta.md
[Trace 03:01:55.176] DocumentSymbolProvider: provideDocumentSymbols — file:///home/n30/.dotfiles/wiki-wayland-0.95beta.md 45
[Debug 03:01:55.176] LinkProvider: compute - file:///home/n30/.dotfiles/wiki-wayland-0.95beta.md
[Trace 03:01:56.956] VsCodeClientWorkspace: TextDocument.onDidChanceContent: file:///home/n30/.dotfiles/wiki-wayland-0.95beta.md
[Trace 03:01:56.956] Server: connection.languages.diagnostics.on: file:///home/n30/.dotfiles/wiki-wayland-0.95beta.md
[Debug 03:01:57.142] MdFoldingProvider: provideFoldingRanges — file:///home/n30/.dotfiles/wiki-wayland-0.95beta.md 46
[Debug 03:01:57.143] TableOfContentsProvider: create - file:///home/n30/.dotfiles/wiki-wayland-0.95beta.md
[Trace 03:01:57.292] DocumentSymbolProvider: provideDocumentSymbols — file:///home/n30/.dotfiles/wiki-wayland-0.95beta.md 46
[Debug 03:01:57.292] LinkProvider: compute - file:///home/n30/.dotfiles/wiki-wayland-0.95beta.md
[Trace 03:07:07.784] VsCodeClientWorkspace: TextDocument.onDidChanceContent: file:///home/n30/.dotfiles/wiki-wayland-0.95beta.md
[Trace 03:07:07.784] Server: connection.languages.diagnostics.on: file:///home/n30/.dotfiles/wiki-wayland-0.95beta.md
[Debug 03:07:07.957] MdFoldingProvider: provideFoldingRanges — file:///home/n30/.dotfiles/wiki-wayland-0.95beta.md 47
[Debug 03:07:07.958] TableOfContentsProvider: create - file:///home/n30/.dotfiles/wiki-wayland-0.95beta.md
[Debug 03:07:08.129] LinkProvider: compute - file:///home/n30/.dotfiles/wiki-wayland-0.95beta.md
[Trace 03:07:08.152] DocumentSymbolProvider: provideDocumentSymbols — file:///home/n30/.dotfiles/wiki-wayland-0.95beta.md 47
[Trace 03:07:13.376] VsCodeClientWorkspace: TextDocument.onDidChanceContent: file:///home/n30/.dotfiles/wiki-wayland-0.95beta.md
[Trace 03:07:13.376] Server: connection.languages.diagnostics.on: file:///home/n30/.dotfiles/wiki-wayland-0.95beta.md
[Debug 03:07:13.570] MdFoldingProvider: provideFoldingRanges — file:///home/n30/.dotfiles/wiki-wayland-0.95beta.md 48
[Debug 03:07:13.570] TableOfContentsProvider: create - file:///home/n30/.dotfiles/wiki-wayland-0.95beta.md
[Trace 03:07:13.729] DocumentSymbolProvider: provideDocumentSymbols — file:///home/n30/.dotfiles/wiki-wayland-0.95beta.md 48
[Debug 03:07:13.729] LinkProvider: compute - file:///home/n30/.dotfiles/wiki-wayland-0.95beta.md
[Trace 03:07:13.729] VsCodeClientWorkspace: TextDocument.onDidChanceContent: file:///home/n30/.dotfiles/wiki-wayland-0.95beta.md
[Trace 03:07:13.729] Server: connection.languages.diagnostics.on: file:///home/n30/.dotfiles/wiki-wayland-0.95beta.md
[Debug 03:07:13.772] TableOfContentsProvider: create - file:///home/n30/.dotfiles/wiki-wayland-0.95beta.md
[Debug 03:07:13.923] MdFoldingProvider: provideFoldingRanges — file:///home/n30/.dotfiles/wiki-wayland-0.95beta.md 49
[Trace 03:07:14.072] DocumentSymbolProvider: provideDocumentSymbols — file:///home/n30/.dotfiles/wiki-wayland-0.95beta.md 49
[Debug 03:07:14.073] LinkProvider: compute - file:///home/n30/.dotfiles/wiki-wayland-0.95beta.md
[Trace 03:07:22.338] VsCodeClientWorkspace: TextDocument.onDidChanceContent: file:///home/n30/.dotfiles/wiki-wayland-0.95beta.md
[Trace 03:07:22.338] Server: connection.languages.diagnostics.on: file:///home/n30/.dotfiles/wiki-wayland-0.95beta.md
[Debug 03:07:22.528] MdFoldingProvider: provideFoldingRanges — file:///home/n30/.dotfiles/wiki-wayland-0.95beta.md 50
[Debug 03:07:22.528] TableOfContentsProvider: create - file:///home/n30/.dotfiles/wiki-wayland-0.95beta.md
[Trace 03:07:22.730] DocumentSymbolProvider: provideDocumentSymbols — file:///home/n30/.dotfiles/wiki-wayland-0.95beta.md 50
[Debug 03:07:22.730] LinkProvider: compute - file:///home/n30/.dotfiles/wiki-wayland-0.95beta.md
[Trace 03:07:23.321] VsCodeClientWorkspace: TextDocument.onDidChanceContent: file:///home/n30/.dotfiles/wiki-wayland-0.95beta.md
[Trace 03:07:23.321] Server: connection.languages.diagnostics.on: file:///home/n30/.dotfiles/wiki-wayland-0.95beta.md
[Debug 03:07:23.507] MdFoldingProvider: provideFoldingRanges — file:///home/n30/.dotfiles/wiki-wayland-0.95beta.md 51
[Debug 03:07:23.507] TableOfContentsProvider: create - file:///home/n30/.dotfiles/wiki-wayland-0.95beta.md
[Debug 03:07:23.639] LinkProvider: compute - file:///home/n30/.dotfiles/wiki-wayland-0.95beta.md
[Trace 03:07:23.671] DocumentSymbolProvider: provideDocumentSymbols — file:///home/n30/.dotfiles/wiki-wayland-0.95beta.md 51
[Trace 03:09:48.357] VsCodeClientWorkspace: TextDocument.onDidChanceContent: file:///home/n30/.dotfiles/wiki-wayland-0.95beta.md
[Trace 03:09:48.357] Server: connection.languages.diagnostics.on: file:///home/n30/.dotfiles/wiki-wayland-0.95beta.md
[Debug 03:09:48.508] MdFoldingProvider: provideFoldingRanges — file:///home/n30/.dotfiles/wiki-wayland-0.95beta.md 52
[Debug 03:09:48.508] TableOfContentsProvider: create - file:///home/n30/.dotfiles/wiki-wayland-0.95beta.md
[Trace 03:09:48.724] DocumentSymbolProvider: provideDocumentSymbols — file:///home/n30/.dotfiles/wiki-wayland-0.95beta.md 52
[Debug 03:09:48.724] LinkProvider: compute - file:///home/n30/.dotfiles/wiki-wayland-0.95beta.md
