2023-12-01 17:56:07.694 [info] Validating found git in: git
2023-12-01 17:56:07.694 [info] Using git 2.43.0 from git
2023-12-01 17:56:07.694 [info] > git rev-parse --show-toplevel [2ms]
2023-12-01 17:56:07.694 [info] > git rev-parse --git-dir --git-common-dir [1ms]
2023-12-01 17:56:07.694 [info] Log level: Info
2023-12-01 17:56:07.694 [info] Open repository: /home/n30/.dotfiles
2023-12-01 17:56:07.694 [info] > git remote --verbose [9ms]
2023-12-01 17:56:07.694 [info] > git for-each-ref --sort -committerdate --format %(refname) %(objectname) %(*objectname) [11ms]
2023-12-01 17:56:07.694 [info] > git status -z -uall [53ms]
2023-12-01 17:56:07.694 [info] > git config --get commit.template [49ms]
2023-12-01 17:56:07.694 [info] > git rev-parse --show-toplevel [52ms]
2023-12-01 17:56:07.694 [info] > git rev-parse --show-toplevel [18ms]
2023-12-01 17:56:07.695 [info] > git rev-parse --show-toplevel [2ms]
2023-12-01 17:56:07.697 [info] > git for-each-ref --format=%(refname)%00%(upstream:short)%00%(objectname)%00%(upstream:track)%00%(upstream:remotename)%00%(upstream:remoteref) refs/heads/main refs/remotes/main [18ms]
2023-12-01 17:56:07.718 [info] > git status -z -uall [11ms]
2023-12-01 17:56:07.718 [info] > git remote --verbose [13ms]
2023-12-01 17:56:07.718 [info] > git for-each-ref --sort -committerdate --format %(refname) %(objectname) %(*objectname) [16ms]
2023-12-01 17:56:07.718 [info] > git rev-parse --show-toplevel [21ms]
2023-12-01 17:56:07.722 [info] > git config --get commit.template [6ms]
2023-12-01 17:56:07.722 [info] > git rev-parse --show-toplevel [2ms]
2023-12-01 17:56:07.727 [info] > git rev-parse --show-toplevel [2ms]
2023-12-01 17:56:07.729 [info] > git for-each-ref --format=%(refname)%00%(upstream:short)%00%(objectname)%00%(upstream:track)%00%(upstream:remotename)%00%(upstream:remoteref) refs/heads/main refs/remotes/main [2ms]
2023-12-01 17:56:07.730 [info] > git rev-parse --show-toplevel [1ms]
2023-12-01 17:56:07.732 [info] > git rev-parse --show-toplevel [0ms]
2023-12-01 17:56:07.735 [info] > git rev-parse --show-toplevel [1ms]
2023-12-01 17:56:07.737 [info] > git rev-parse --show-toplevel [0ms]
2023-12-01 17:56:07.740 [info] > git rev-parse --show-toplevel [1ms]
2023-12-01 17:56:07.742 [info] > git rev-parse --show-toplevel [0ms]
2023-12-01 17:56:07.745 [info] > git rev-parse --show-toplevel [0ms]
2023-12-01 17:56:07.748 [info] > git rev-parse --show-toplevel [1ms]
2023-12-01 17:56:07.751 [info] > git rev-parse --show-toplevel [1ms]
2023-12-01 17:56:07.754 [info] > git rev-parse --show-toplevel [0ms]
2023-12-01 17:56:07.756 [info] > git rev-parse --show-toplevel [0ms]
2023-12-01 17:56:07.759 [info] > git rev-parse --show-toplevel [1ms]
2023-12-01 17:56:07.761 [info] > git rev-parse --show-toplevel [0ms]
2023-12-01 17:56:07.764 [info] > git rev-parse --show-toplevel [1ms]
2023-12-01 17:56:07.767 [info] > git rev-parse --show-toplevel [1ms]
2023-12-01 17:56:07.770 [info] > git rev-parse --show-toplevel [1ms]
2023-12-01 17:56:07.772 [info] > git rev-parse --show-toplevel [0ms]
2023-12-01 17:56:07.775 [info] > git rev-parse --show-toplevel [1ms]
2023-12-01 17:56:07.777 [info] > git rev-parse --show-toplevel [0ms]
2023-12-01 17:56:07.779 [info] > git rev-parse --show-toplevel [0ms]
2023-12-01 17:56:07.782 [info] > git rev-parse --show-toplevel [1ms]
2023-12-01 17:56:07.784 [info] > git rev-parse --show-toplevel [1ms]
2023-12-01 17:56:07.786 [info] > git rev-parse --show-toplevel [0ms]
2023-12-01 17:56:07.789 [info] > git rev-parse --show-toplevel [0ms]
2023-12-01 17:56:07.803 [info] > git rev-parse --show-toplevel [1ms]
2023-12-01 17:56:08.179 [info] > git check-ignore -v -z --stdin [2ms]
2023-12-01 17:56:43.674 [info] > git remote --verbose [4ms]
2023-12-01 17:56:43.675 [info] > git for-each-ref --sort -committerdate --format %(refname) %(objectname) %(*objectname) [7ms]
2023-12-01 17:56:43.675 [info] > git config --get commit.template [1ms]
2023-12-01 17:56:43.678 [info] > git for-each-ref --format=%(refname)%00%(upstream:short)%00%(objectname)%00%(upstream:track)%00%(upstream:remotename)%00%(upstream:remoteref) refs/heads/main refs/remotes/main [1ms]
2023-12-01 17:56:43.682 [info] > git status -z -uall [10ms]
2023-12-01 17:56:56.175 [info] > git remote --verbose [7ms]
2023-12-01 17:56:56.175 [info] > git for-each-ref --sort -committerdate --format %(refname) %(objectname) %(*objectname) [9ms]
2023-12-01 17:56:56.175 [info] > git config --get commit.template [1ms]
2023-12-01 17:56:56.178 [info] > git for-each-ref --format=%(refname)%00%(upstream:short)%00%(objectname)%00%(upstream:track)%00%(upstream:remotename)%00%(upstream:remoteref) refs/heads/main refs/remotes/main [1ms]
2023-12-01 17:56:56.183 [info] > git status -z -uall [12ms]
2023-12-01 17:57:01.194 [info] > git remote --verbose [4ms]
2023-12-01 17:57:01.194 [info] > git for-each-ref --sort -committerdate --format %(refname) %(objectname) %(*objectname) [6ms]
2023-12-01 17:57:01.194 [info] > git config --get commit.template [0ms]
2023-12-01 17:57:01.197 [info] > git for-each-ref --format=%(refname)%00%(upstream:short)%00%(objectname)%00%(upstream:track)%00%(upstream:remotename)%00%(upstream:remoteref) refs/heads/main refs/remotes/main [1ms]
2023-12-01 17:57:01.201 [info] > git status -z -uall [9ms]
2023-12-01 18:02:26.613 [info] > git remote --verbose [4ms]
2023-12-01 18:02:26.614 [info] > git for-each-ref --sort -committerdate --format %(refname) %(objectname) %(*objectname) [6ms]
2023-12-01 18:02:26.614 [info] > git config --get commit.template [1ms]
2023-12-01 18:02:26.618 [info] > git for-each-ref --format=%(refname)%00%(upstream:short)%00%(objectname)%00%(upstream:track)%00%(upstream:remotename)%00%(upstream:remoteref) refs/heads/main refs/remotes/main [1ms]
2023-12-01 18:02:26.625 [info] > git status -z -uall [14ms]
2023-12-01 18:16:42.454 [info] > git remote --verbose [15ms]
2023-12-01 18:16:42.455 [info] > git for-each-ref --sort -committerdate --format %(refname) %(objectname) %(*objectname) [20ms]
2023-12-01 18:16:42.455 [info] > git config --get commit.template [1ms]
2023-12-01 18:16:42.460 [info] > git for-each-ref --format=%(refname)%00%(upstream:short)%00%(objectname)%00%(upstream:track)%00%(upstream:remotename)%00%(upstream:remoteref) refs/heads/main refs/remotes/main [1ms]
2023-12-01 18:16:42.464 [info] > git status -z -uall [19ms]
2023-12-01 18:16:47.480 [info] > git remote --verbose [9ms]
2023-12-01 18:16:47.480 [info] > git for-each-ref --sort -committerdate --format %(refname) %(objectname) %(*objectname) [12ms]
2023-12-01 18:16:47.486 [info] > git config --get commit.template [6ms]
2023-12-01 18:16:47.486 [info] > git for-each-ref --format=%(refname)%00%(upstream:short)%00%(objectname)%00%(upstream:track)%00%(upstream:remotename)%00%(upstream:remoteref) refs/heads/main refs/remotes/main [1ms]
2023-12-01 18:16:47.498 [info] > git status -z -uall [24ms]
2023-12-01 18:16:57.535 [info] > git remote --verbose [6ms]
2023-12-01 18:16:57.536 [info] > git for-each-ref --sort -committerdate --format %(refname) %(objectname) %(*objectname) [10ms]
2023-12-01 18:16:57.537 [info] > git config --get commit.template [1ms]
2023-12-01 18:16:57.539 [info] > git for-each-ref --format=%(refname)%00%(upstream:short)%00%(objectname)%00%(upstream:track)%00%(upstream:remotename)%00%(upstream:remoteref) refs/heads/main refs/remotes/main [0ms]
2023-12-01 18:16:57.544 [info] > git status -z -uall [12ms]
2023-12-01 18:17:02.554 [info] > git remote --verbose [4ms]
2023-12-01 18:17:02.554 [info] > git for-each-ref --sort -committerdate --format %(refname) %(objectname) %(*objectname) [6ms]
2023-12-01 18:17:02.558 [info] > git config --get commit.template [4ms]
2023-12-01 18:17:02.559 [info] > git for-each-ref --format=%(refname)%00%(upstream:short)%00%(objectname)%00%(upstream:track)%00%(upstream:remotename)%00%(upstream:remoteref) refs/heads/main refs/remotes/main [1ms]
2023-12-01 18:17:02.565 [info] > git status -z -uall [13ms]
2023-12-01 18:17:07.589 [info] > git remote --verbose [10ms]
2023-12-01 18:17:07.589 [info] > git for-each-ref --sort -committerdate --format %(refname) %(objectname) %(*objectname) [15ms]
2023-12-01 18:17:07.589 [info] > git config --get commit.template [0ms]
2023-12-01 18:17:07.593 [info] > git for-each-ref --format=%(refname)%00%(upstream:short)%00%(objectname)%00%(upstream:track)%00%(upstream:remotename)%00%(upstream:remoteref) refs/heads/main refs/remotes/main [1ms]
2023-12-01 18:17:07.597 [info] > git status -z -uall [14ms]
2023-12-01 18:17:27.550 [info] > git remote --verbose [12ms]
2023-12-01 18:17:27.550 [info] > git for-each-ref --sort -committerdate --format %(refname) %(objectname) %(*objectname) [18ms]
2023-12-01 18:17:27.551 [info] > git config --get commit.template [1ms]
2023-12-01 18:17:27.555 [info] > git for-each-ref --format=%(refname)%00%(upstream:short)%00%(objectname)%00%(upstream:track)%00%(upstream:remotename)%00%(upstream:remoteref) refs/heads/main refs/remotes/main [1ms]
2023-12-01 18:17:27.561 [info] > git status -z -uall [17ms]
2023-12-01 18:17:33.685 [info] > git remote --verbose [6ms]
2023-12-01 18:17:33.686 [info] > git for-each-ref --sort -committerdate --format %(refname) %(objectname) %(*objectname) [9ms]
2023-12-01 18:17:33.687 [info] > git config --get commit.template [3ms]
2023-12-01 18:17:33.692 [info] > git for-each-ref --format=%(refname)%00%(upstream:short)%00%(objectname)%00%(upstream:track)%00%(upstream:remotename)%00%(upstream:remoteref) refs/heads/main refs/remotes/main [1ms]
2023-12-01 18:17:33.699 [info] > git status -z -uall [18ms]
2023-12-01 20:15:08.401 [info] > git remote --verbose [4ms]
2023-12-01 20:15:08.404 [info] > git for-each-ref --sort -committerdate --format %(refname) %(objectname) %(*objectname) [9ms]
2023-12-01 20:15:08.404 [info] > git config --get commit.template [3ms]
2023-12-01 20:15:08.407 [info] > git for-each-ref --format=%(refname)%00%(upstream:short)%00%(objectname)%00%(upstream:track)%00%(upstream:remotename)%00%(upstream:remoteref) refs/heads/main refs/remotes/main [1ms]
2023-12-01 20:15:08.439 [info] > git status -z -uall [40ms]
2023-12-01 20:15:13.461 [info] > git remote --verbose [10ms]
2023-12-01 20:15:13.461 [info] > git for-each-ref --sort -committerdate --format %(refname) %(objectname) %(*objectname) [13ms]
2023-12-01 20:15:13.461 [info] > git config --get commit.template [1ms]
2023-12-01 20:15:13.465 [info] > git for-each-ref --format=%(refname)%00%(upstream:short)%00%(objectname)%00%(upstream:track)%00%(upstream:remotename)%00%(upstream:remoteref) refs/heads/main refs/remotes/main [0ms]
2023-12-01 20:15:13.473 [info] > git status -z -uall [18ms]
2023-12-01 20:15:18.493 [info] > git remote --verbose [9ms]
2023-12-01 20:15:18.494 [info] > git for-each-ref --sort -committerdate --format %(refname) %(objectname) %(*objectname) [14ms]
2023-12-01 20:15:18.494 [info] > git config --get commit.template [1ms]
2023-12-01 20:15:18.498 [info] > git for-each-ref --format=%(refname)%00%(upstream:short)%00%(objectname)%00%(upstream:track)%00%(upstream:remotename)%00%(upstream:remoteref) refs/heads/main refs/remotes/main [1ms]
2023-12-01 20:15:18.502 [info] > git status -z -uall [13ms]
2023-12-01 20:15:23.530 [info] > git remote --verbose [11ms]
2023-12-01 20:15:23.530 [info] > git for-each-ref --sort -committerdate --format %(refname) %(objectname) %(*objectname) [16ms]
2023-12-01 20:15:23.530 [info] > git config --get commit.template [1ms]
2023-12-01 20:15:23.535 [info] > git for-each-ref --format=%(refname)%00%(upstream:short)%00%(objectname)%00%(upstream:track)%00%(upstream:remotename)%00%(upstream:remoteref) refs/heads/main refs/remotes/main [1ms]
2023-12-01 20:15:23.538 [info] > git status -z -uall [15ms]
2023-12-01 20:15:28.571 [info] > git remote --verbose [16ms]
2023-12-01 20:15:28.571 [info] > git for-each-ref --sort -committerdate --format %(refname) %(objectname) %(*objectname) [22ms]
2023-12-01 20:15:28.571 [info] > git config --get commit.template [2ms]
2023-12-01 20:15:28.577 [info] > git for-each-ref --format=%(refname)%00%(upstream:short)%00%(objectname)%00%(upstream:track)%00%(upstream:remotename)%00%(upstream:remoteref) refs/heads/main refs/remotes/main [1ms]
2023-12-01 20:15:28.583 [info] > git status -z -uall [21ms]
2023-12-01 20:15:33.608 [info] > git remote --verbose [10ms]
2023-12-01 20:15:33.608 [info] > git for-each-ref --sort -committerdate --format %(refname) %(objectname) %(*objectname) [16ms]
2023-12-01 20:15:33.612 [info] > git config --get commit.template [5ms]
2023-12-01 20:15:33.613 [info] > git for-each-ref --format=%(refname)%00%(upstream:short)%00%(objectname)%00%(upstream:track)%00%(upstream:remotename)%00%(upstream:remoteref) refs/heads/main refs/remotes/main [1ms]
2023-12-01 20:15:33.617 [info] > git status -z -uall [14ms]
2023-12-01 20:15:38.649 [info] > git remote --verbose [16ms]
2023-12-01 20:15:38.649 [info] > git for-each-ref --sort -committerdate --format %(refname) %(objectname) %(*objectname) [24ms]
2023-12-01 20:15:38.649 [info] > git config --get commit.template [1ms]
2023-12-01 20:15:38.655 [info] > git for-each-ref --format=%(refname)%00%(upstream:short)%00%(objectname)%00%(upstream:track)%00%(upstream:remotename)%00%(upstream:remoteref) refs/heads/main refs/remotes/main [2ms]
2023-12-01 20:15:38.660 [info] > git status -z -uall [20ms]
2023-12-01 20:15:43.681 [info] > git remote --verbose [9ms]
2023-12-01 20:15:43.682 [info] > git for-each-ref --sort -committerdate --format %(refname) %(objectname) %(*objectname) [15ms]
2023-12-01 20:15:43.682 [info] > git config --get commit.template [2ms]
2023-12-01 20:15:43.687 [info] > git for-each-ref --format=%(refname)%00%(upstream:short)%00%(objectname)%00%(upstream:track)%00%(upstream:remotename)%00%(upstream:remoteref) refs/heads/main refs/remotes/main [1ms]
2023-12-01 20:15:43.695 [info] > git status -z -uall [20ms]
2023-12-01 20:15:48.728 [info] > git remote --verbose [15ms]
2023-12-01 20:15:48.728 [info] > git for-each-ref --sort -committerdate --format %(refname) %(objectname) %(*objectname) [23ms]
2023-12-01 20:15:48.729 [info] > git config --get commit.template [1ms]
2023-12-01 20:15:48.733 [info] > git for-each-ref --format=%(refname)%00%(upstream:short)%00%(objectname)%00%(upstream:track)%00%(upstream:remotename)%00%(upstream:remoteref) refs/heads/main refs/remotes/main [1ms]
2023-12-01 20:15:48.739 [info] > git status -z -uall [18ms]
2023-12-01 20:15:53.766 [info] > git remote --verbose [14ms]
2023-12-01 20:15:53.766 [info] > git for-each-ref --sort -committerdate --format %(refname) %(objectname) %(*objectname) [19ms]
2023-12-01 20:15:53.767 [info] > git config --get commit.template [1ms]
2023-12-01 20:15:53.772 [info] > git for-each-ref --format=%(refname)%00%(upstream:short)%00%(objectname)%00%(upstream:track)%00%(upstream:remotename)%00%(upstream:remoteref) refs/heads/main refs/remotes/main [1ms]
2023-12-01 20:15:53.775 [info] > git status -z -uall [18ms]
2023-12-01 20:15:58.788 [info] > git remote --verbose [7ms]
2023-12-01 20:15:58.788 [info] > git for-each-ref --sort -committerdate --format %(refname) %(objectname) %(*objectname) [9ms]
2023-12-01 20:15:58.790 [info] > git config --get commit.template [3ms]
2023-12-01 20:15:58.791 [info] > git for-each-ref --format=%(refname)%00%(upstream:short)%00%(objectname)%00%(upstream:track)%00%(upstream:remotename)%00%(upstream:remoteref) refs/heads/main refs/remotes/main [1ms]
2023-12-01 20:15:58.795 [info] > git status -z -uall [12ms]
2023-12-01 20:43:56.483 [info] > git remote --verbose [4ms]
2023-12-01 20:43:56.484 [info] > git for-each-ref --sort -committerdate --format %(refname) %(objectname) %(*objectname) [7ms]
2023-12-01 20:43:56.484 [info] > git config --get commit.template [1ms]
2023-12-01 20:43:56.487 [info] > git for-each-ref --format=%(refname)%00%(upstream:short)%00%(objectname)%00%(upstream:track)%00%(upstream:remotename)%00%(upstream:remoteref) refs/heads/main refs/remotes/main [1ms]
2023-12-01 20:43:56.490 [info] > git status -z -uall [9ms]
