2023-11-25 14:04:20.896 [info] Validating found git in: git
2023-11-25 14:04:20.896 [info] Using git 2.43.0 from git
2023-11-25 14:04:20.896 [info] > git rev-parse --show-toplevel [2ms]
2023-11-25 14:04:20.896 [info] > git rev-parse --git-dir --git-common-dir [1ms]
2023-11-25 14:04:20.896 [info] Log level: Info
2023-11-25 14:04:20.896 [info] Open repository: /home/n30/.dotfiles
2023-11-25 14:04:20.896 [info] > git status -z -uall [50ms]
2023-11-25 14:04:20.896 [info] > git rev-parse --show-toplevel [48ms]
2023-11-25 14:04:20.896 [info] > git remote --verbose [55ms]
2023-11-25 14:04:20.896 [info] > git for-each-ref --sort -committerdate --format %(refname) %(objectname) %(*objectname) [57ms]
2023-11-25 14:04:20.896 [info] > git rev-parse --show-toplevel [6ms]
2023-11-25 14:04:20.896 [info] > git config --get commit.template [55ms]
2023-11-25 14:04:20.905 [info] > git rev-parse --show-toplevel [13ms]
2023-11-25 14:04:21.033 [info] > git rev-parse --show-toplevel [125ms]
2023-11-25 14:04:21.039 [info] > git rev-parse --show-toplevel [2ms]
2023-11-25 14:04:21.042 [info] > git for-each-ref --format=%(refname)%00%(upstream:short)%00%(objectname)%00%(upstream:track)%00%(upstream:remotename)%00%(upstream:remoteref) refs/heads/main refs/remotes/main [130ms]
2023-11-25 14:04:21.058 [info] > git remote --verbose [9ms]
2023-11-25 14:04:21.058 [info] > git for-each-ref --sort -committerdate --format %(refname) %(objectname) %(*objectname) [11ms]
2023-11-25 14:04:21.058 [info] > git rev-parse --show-toplevel [17ms]
2023-11-25 14:04:21.061 [info] > git config --get commit.template [7ms]
2023-11-25 14:04:21.065 [info] > git rev-parse --show-toplevel [4ms]
2023-11-25 14:04:21.068 [info] > git status -z -uall [17ms]
2023-11-25 14:04:21.068 [info] > git for-each-ref --format=%(refname)%00%(upstream:short)%00%(objectname)%00%(upstream:track)%00%(upstream:remotename)%00%(upstream:remoteref) refs/heads/main refs/remotes/main [4ms]
2023-11-25 14:04:21.070 [info] > git rev-parse --show-toplevel [2ms]
2023-11-25 14:04:21.086 [info] > git rev-parse --show-toplevel [14ms]
2023-11-25 14:04:21.090 [info] > git rev-parse --show-toplevel [1ms]
2023-11-25 14:04:21.093 [info] > git rev-parse --show-toplevel [1ms]
2023-11-25 14:04:21.096 [info] > git rev-parse --show-toplevel [1ms]
2023-11-25 14:04:21.099 [info] > git rev-parse --show-toplevel [1ms]
2023-11-25 14:04:21.102 [info] > git rev-parse --show-toplevel [0ms]
2023-11-25 14:04:21.105 [info] > git rev-parse --show-toplevel [0ms]
2023-11-25 14:04:21.109 [info] > git rev-parse --show-toplevel [0ms]
2023-11-25 14:04:21.113 [info] > git rev-parse --show-toplevel [1ms]
2023-11-25 14:04:21.116 [info] > git rev-parse --show-toplevel [0ms]
2023-11-25 14:04:21.121 [info] > git rev-parse --show-toplevel [1ms]
2023-11-25 14:04:21.134 [info] > git rev-parse --show-toplevel [9ms]
2023-11-25 14:04:21.138 [info] > git rev-parse --show-toplevel [1ms]
2023-11-25 14:04:21.141 [info] > git rev-parse --show-toplevel [1ms]
2023-11-25 14:04:21.144 [info] > git rev-parse --show-toplevel [0ms]
2023-11-25 14:04:21.149 [info] > git rev-parse --show-toplevel [1ms]
2023-11-25 14:04:21.158 [info] > git rev-parse --show-toplevel [6ms]
2023-11-25 14:04:21.163 [info] > git rev-parse --show-toplevel [1ms]
2023-11-25 14:04:21.166 [info] > git rev-parse --show-toplevel [1ms]
2023-11-25 14:04:21.175 [info] > git rev-parse --show-toplevel [7ms]
2023-11-25 14:04:21.178 [info] > git rev-parse --show-toplevel [1ms]
2023-11-25 14:04:21.227 [info] > git rev-parse --show-toplevel [1ms]
2023-11-25 14:04:21.349 [info] > git check-ignore -v -z --stdin [2ms]
2023-11-25 14:04:21.389 [info] > git show --textconv :wiki-wayland-0.95beta.md [4ms]
2023-11-25 14:04:21.390 [info] > git ls-files --stage -- /home/n30/.dotfiles/wiki-wayland-0.95beta.md [2ms]
2023-11-25 14:04:21.394 [info] > git cat-file -s 6db75c86d2ad682ecbbf1d21959d4bbf44b78e76 [1ms]
2023-11-25 14:04:21.588 [info] > git rev-parse --show-toplevel [1ms]
2023-11-25 14:04:27.345 [info] > git remote --verbose [6ms]
2023-11-25 14:04:27.346 [info] > git for-each-ref --sort -committerdate --format %(refname) %(objectname) %(*objectname) [9ms]
2023-11-25 14:04:27.346 [info] > git config --get commit.template [1ms]
2023-11-25 14:04:27.353 [info] > git for-each-ref --format=%(refname)%00%(upstream:short)%00%(objectname)%00%(upstream:track)%00%(upstream:remotename)%00%(upstream:remoteref) refs/heads/main refs/remotes/main [2ms]
2023-11-25 14:04:27.383 [info] > git status -z -uall [42ms]
2023-11-25 14:24:41.588 [info] > git remote --verbose [12ms]
2023-11-25 14:24:41.589 [info] > git for-each-ref --sort -committerdate --format %(refname) %(objectname) %(*objectname) [17ms]
2023-11-25 14:24:41.590 [info] > git config --get commit.template [2ms]
2023-11-25 14:24:41.597 [info] > git for-each-ref --format=%(refname)%00%(upstream:short)%00%(objectname)%00%(upstream:track)%00%(upstream:remotename)%00%(upstream:remoteref) refs/heads/main refs/remotes/main [1ms]
2023-11-25 14:24:41.621 [info] > git status -z -uall [42ms]
2023-11-25 14:35:33.155 [info] > git remote --verbose [8ms]
2023-11-25 14:35:33.156 [info] > git for-each-ref --sort -committerdate --format %(refname) %(objectname) %(*objectname) [12ms]
2023-11-25 14:35:33.156 [info] > git config --get commit.template [1ms]
2023-11-25 14:35:33.162 [info] > git for-each-ref --format=%(refname)%00%(upstream:short)%00%(objectname)%00%(upstream:track)%00%(upstream:remotename)%00%(upstream:remoteref) refs/heads/main refs/remotes/main [1ms]
2023-11-25 14:35:33.178 [info] > git status -z -uall [27ms]
2023-11-25 14:49:26.550 [info] > git remote --verbose [14ms]
2023-11-25 14:49:26.550 [info] > git for-each-ref --sort -committerdate --format %(refname) %(objectname) %(*objectname) [18ms]
2023-11-25 14:49:26.550 [info] > git config --get commit.template [0ms]
2023-11-25 14:49:26.555 [info] > git for-each-ref --format=%(refname)%00%(upstream:short)%00%(objectname)%00%(upstream:track)%00%(upstream:remotename)%00%(upstream:remoteref) refs/heads/main refs/remotes/main [1ms]
2023-11-25 14:49:26.572 [info] > git status -z -uall [29ms]
2023-11-25 14:49:31.588 [info] > git remote --verbose [6ms]
2023-11-25 14:49:31.588 [info] > git for-each-ref --sort -committerdate --format %(refname) %(objectname) %(*objectname) [10ms]
2023-11-25 14:49:31.588 [info] > git config --get commit.template [1ms]
2023-11-25 14:49:31.595 [info] > git for-each-ref --format=%(refname)%00%(upstream:short)%00%(objectname)%00%(upstream:track)%00%(upstream:remotename)%00%(upstream:remoteref) refs/heads/main refs/remotes/main [3ms]
2023-11-25 14:49:31.611 [info] > git status -z -uall [27ms]
2023-11-25 15:10:26.178 [info] > git remote --verbose [6ms]
2023-11-25 15:10:26.179 [info] > git for-each-ref --sort -committerdate --format %(refname) %(objectname) %(*objectname) [10ms]
2023-11-25 15:10:26.182 [info] > git config --get commit.template [4ms]
2023-11-25 15:10:26.183 [info] > git for-each-ref --format=%(refname)%00%(upstream:short)%00%(objectname)%00%(upstream:track)%00%(upstream:remotename)%00%(upstream:remoteref) refs/heads/main refs/remotes/main [1ms]
2023-11-25 15:10:26.200 [info] > git status -z -uall [25ms]
2023-11-25 15:23:21.314 [info] > git remote --verbose [8ms]
2023-11-25 15:23:21.314 [info] > git for-each-ref --sort -committerdate --format %(refname) %(objectname) %(*objectname) [12ms]
2023-11-25 15:23:21.315 [info] > git config --get commit.template [1ms]
2023-11-25 15:23:21.319 [info] > git for-each-ref --format=%(refname)%00%(upstream:short)%00%(objectname)%00%(upstream:track)%00%(upstream:remotename)%00%(upstream:remoteref) refs/heads/main refs/remotes/main [0ms]
2023-11-25 15:23:21.333 [info] > git status -z -uall [23ms]
2023-11-25 15:29:30.293 [info] > git remote --verbose [9ms]
2023-11-25 15:29:30.293 [info] > git for-each-ref --sort -committerdate --format %(refname) %(objectname) %(*objectname) [12ms]
2023-11-25 15:29:30.293 [info] > git config --get commit.template [1ms]
2023-11-25 15:29:30.297 [info] > git for-each-ref --format=%(refname)%00%(upstream:short)%00%(objectname)%00%(upstream:track)%00%(upstream:remotename)%00%(upstream:remoteref) refs/heads/main refs/remotes/main [1ms]
2023-11-25 15:29:30.310 [info] > git status -z -uall [23ms]
2023-11-25 15:39:29.906 [info] > git remote --verbose [6ms]
2023-11-25 15:39:29.907 [info] > git for-each-ref --sort -committerdate --format %(refname) %(objectname) %(*objectname) [10ms]
2023-11-25 15:39:29.907 [info] > git config --get commit.template [1ms]
2023-11-25 15:39:29.921 [info] > git for-each-ref --format=%(refname)%00%(upstream:short)%00%(objectname)%00%(upstream:track)%00%(upstream:remotename)%00%(upstream:remoteref) refs/heads/main refs/remotes/main [12ms]
2023-11-25 15:39:29.981 [info] > git status -z -uall [78ms]
2023-11-25 15:40:05.856 [info] > git remote --verbose [11ms]
2023-11-25 15:40:05.857 [info] > git for-each-ref --sort -committerdate --format %(refname) %(objectname) %(*objectname) [18ms]
2023-11-25 15:40:05.859 [info] > git config --get commit.template [5ms]
2023-11-25 15:40:05.864 [info] > git for-each-ref --format=%(refname)%00%(upstream:short)%00%(objectname)%00%(upstream:track)%00%(upstream:remotename)%00%(upstream:remoteref) refs/heads/main refs/remotes/main [1ms]
2023-11-25 15:40:05.881 [info] > git status -z -uall [36ms]
2023-11-25 15:51:39.469 [info] > git remote --verbose [11ms]
2023-11-25 15:51:39.470 [info] > git for-each-ref --sort -committerdate --format %(refname) %(objectname) %(*objectname) [15ms]
2023-11-25 15:51:39.471 [info] > git config --get commit.template [3ms]
2023-11-25 15:51:39.475 [info] > git for-each-ref --format=%(refname)%00%(upstream:short)%00%(objectname)%00%(upstream:track)%00%(upstream:remotename)%00%(upstream:remoteref) refs/heads/main refs/remotes/main [1ms]
2023-11-25 15:51:39.493 [info] > git status -z -uall [31ms]
2023-11-25 15:52:54.743 [info] > git remote --verbose [7ms]
2023-11-25 15:52:54.743 [info] > git for-each-ref --sort -committerdate --format %(refname) %(objectname) %(*objectname) [11ms]
2023-11-25 15:52:54.743 [info] > git config --get commit.template [1ms]
2023-11-25 15:52:54.747 [info] > git for-each-ref --format=%(refname)%00%(upstream:short)%00%(objectname)%00%(upstream:track)%00%(upstream:remotename)%00%(upstream:remoteref) refs/heads/main refs/remotes/main [1ms]
2023-11-25 15:52:54.762 [info] > git status -z -uall [24ms]
2023-11-25 15:55:33.329 [info] > git remote --verbose [9ms]
2023-11-25 15:55:33.330 [info] > git for-each-ref --sort -committerdate --format %(refname) %(objectname) %(*objectname) [13ms]
2023-11-25 15:55:33.330 [info] > git config --get commit.template [2ms]
2023-11-25 15:55:33.335 [info] > git for-each-ref --format=%(refname)%00%(upstream:short)%00%(objectname)%00%(upstream:track)%00%(upstream:remotename)%00%(upstream:remoteref) refs/heads/main refs/remotes/main [0ms]
2023-11-25 15:55:33.369 [info] > git status -z -uall [45ms]
2023-11-25 15:56:10.643 [info] > git remote --verbose [7ms]
2023-11-25 15:56:10.643 [info] > git for-each-ref --sort -committerdate --format %(refname) %(objectname) %(*objectname) [10ms]
2023-11-25 15:56:10.646 [info] > git config --get commit.template [4ms]
2023-11-25 15:56:10.647 [info] > git for-each-ref --format=%(refname)%00%(upstream:short)%00%(objectname)%00%(upstream:track)%00%(upstream:remotename)%00%(upstream:remoteref) refs/heads/main refs/remotes/main [1ms]
2023-11-25 15:56:10.660 [info] > git status -z -uall [22ms]
2023-11-25 15:56:17.011 [info] > git config --get commit.template [3ms]
2023-11-25 15:56:17.011 [info] > git remote --verbose [25ms]
2023-11-25 15:56:17.012 [info] > git for-each-ref --sort -committerdate --format %(refname) %(objectname) %(*objectname) [32ms]
2023-11-25 15:56:17.019 [info] > git for-each-ref --format=%(refname)%00%(upstream:short)%00%(objectname)%00%(upstream:track)%00%(upstream:remotename)%00%(upstream:remoteref) refs/heads/main refs/remotes/main [0ms]
2023-11-25 15:56:17.046 [info] > git status -z -uall [47ms]
2023-11-25 16:02:48.733 [info] > git remote --verbose [11ms]
2023-11-25 16:02:48.735 [info] > git for-each-ref --sort -committerdate --format %(refname) %(objectname) %(*objectname) [19ms]
2023-11-25 16:02:48.736 [info] > git config --get commit.template [3ms]
2023-11-25 16:02:48.741 [info] > git for-each-ref --format=%(refname)%00%(upstream:short)%00%(objectname)%00%(upstream:track)%00%(upstream:remotename)%00%(upstream:remoteref) refs/heads/main refs/remotes/main [1ms]
2023-11-25 16:02:48.831 [info] > git status -z -uall [103ms]
2023-11-25 16:02:53.868 [info] > git remote --verbose [16ms]
2023-11-25 16:02:53.869 [info] > git for-each-ref --sort -committerdate --format %(refname) %(objectname) %(*objectname) [21ms]
2023-11-25 16:02:53.869 [info] > git config --get commit.template [1ms]
2023-11-25 16:02:53.874 [info] > git for-each-ref --format=%(refname)%00%(upstream:short)%00%(objectname)%00%(upstream:track)%00%(upstream:remotename)%00%(upstream:remoteref) refs/heads/main refs/remotes/main [1ms]
2023-11-25 16:02:53.888 [info] > git status -z -uall [27ms]
2023-11-25 16:04:18.574 [info] > git remote --verbose [7ms]
2023-11-25 16:04:18.574 [info] > git for-each-ref --sort -committerdate --format %(refname) %(objectname) %(*objectname) [10ms]
2023-11-25 16:04:18.574 [info] > git config --get commit.template [1ms]
2023-11-25 16:04:18.579 [info] > git for-each-ref --format=%(refname)%00%(upstream:short)%00%(objectname)%00%(upstream:track)%00%(upstream:remotename)%00%(upstream:remoteref) refs/heads/main refs/remotes/main [2ms]
2023-11-25 16:04:18.599 [info] > git status -z -uall [30ms]
2023-11-25 16:04:38.962 [info] > git remote --verbose [10ms]
2023-11-25 16:04:38.962 [info] > git for-each-ref --sort -committerdate --format %(refname) %(objectname) %(*objectname) [14ms]
2023-11-25 16:04:38.962 [info] > git config --get commit.template [1ms]
2023-11-25 16:04:38.966 [info] > git for-each-ref --format=%(refname)%00%(upstream:short)%00%(objectname)%00%(upstream:track)%00%(upstream:remotename)%00%(upstream:remoteref) refs/heads/main refs/remotes/main [1ms]
2023-11-25 16:04:38.978 [info] > git status -z -uall [22ms]
2023-11-25 16:05:18.104 [info] > git remote --verbose [24ms]
2023-11-25 16:05:18.105 [info] > git for-each-ref --sort -committerdate --format %(refname) %(objectname) %(*objectname) [34ms]
2023-11-25 16:05:18.105 [info] > git config --get commit.template [2ms]
2023-11-25 16:05:18.114 [info] > git for-each-ref --format=%(refname)%00%(upstream:short)%00%(objectname)%00%(upstream:track)%00%(upstream:remotename)%00%(upstream:remoteref) refs/heads/main refs/remotes/main [2ms]
2023-11-25 16:05:18.151 [info] > git status -z -uall [59ms]
2023-11-25 16:05:23.187 [info] > git remote --verbose [18ms]
2023-11-25 16:05:23.187 [info] > git for-each-ref --sort -committerdate --format %(refname) %(objectname) %(*objectname) [23ms]
2023-11-25 16:05:23.187 [info] > git config --get commit.template [1ms]
2023-11-25 16:05:23.194 [info] > git for-each-ref --format=%(refname)%00%(upstream:short)%00%(objectname)%00%(upstream:track)%00%(upstream:remotename)%00%(upstream:remoteref) refs/heads/main refs/remotes/main [2ms]
2023-11-25 16:05:23.225 [info] > git status -z -uall [46ms]
2023-11-25 16:06:18.725 [info] > git remote --verbose [11ms]
2023-11-25 16:06:18.726 [info] > git for-each-ref --sort -committerdate --format %(refname) %(objectname) %(*objectname) [17ms]
2023-11-25 16:06:18.726 [info] > git config --get commit.template [2ms]
2023-11-25 16:06:18.730 [info] > git for-each-ref --format=%(refname)%00%(upstream:short)%00%(objectname)%00%(upstream:track)%00%(upstream:remotename)%00%(upstream:remoteref) refs/heads/main refs/remotes/main [1ms]
2023-11-25 16:06:18.744 [info] > git status -z -uall [25ms]
2023-11-25 16:08:52.674 [info] > git remote --verbose [15ms]
2023-11-25 16:08:52.674 [info] > git for-each-ref --sort -committerdate --format %(refname) %(objectname) %(*objectname) [20ms]
2023-11-25 16:08:52.675 [info] > git config --get commit.template [2ms]
2023-11-25 16:08:52.684 [info] > git for-each-ref --format=%(refname)%00%(upstream:short)%00%(objectname)%00%(upstream:track)%00%(upstream:remotename)%00%(upstream:remoteref) refs/heads/main refs/remotes/main [1ms]
2023-11-25 16:08:52.699 [info] > git status -z -uall [33ms]
2023-11-25 16:09:19.932 [info] > git remote --verbose [14ms]
2023-11-25 16:09:19.932 [info] > git for-each-ref --sort -committerdate --format %(refname) %(objectname) %(*objectname) [20ms]
2023-11-25 16:09:19.932 [info] > git config --get commit.template [1ms]
2023-11-25 16:09:19.938 [info] > git for-each-ref --format=%(refname)%00%(upstream:short)%00%(objectname)%00%(upstream:track)%00%(upstream:remotename)%00%(upstream:remoteref) refs/heads/main refs/remotes/main [1ms]
2023-11-25 16:09:19.951 [info] > git status -z -uall [27ms]
2023-11-25 16:09:24.997 [info] > git remote --verbose [24ms]
2023-11-25 16:09:24.997 [info] > git for-each-ref --sort -committerdate --format %(refname) %(objectname) %(*objectname) [33ms]
2023-11-25 16:09:24.997 [info] > git config --get commit.template [1ms]
2023-11-25 16:09:25.008 [info] > git status -z -uall [26ms]
2023-11-25 16:09:25.008 [info] > git for-each-ref --format=%(refname)%00%(upstream:short)%00%(objectname)%00%(upstream:track)%00%(upstream:remotename)%00%(upstream:remoteref) refs/heads/main refs/remotes/main [1ms]
2023-11-25 16:13:31.901 [info] > git remote --verbose [8ms]
2023-11-25 16:13:31.902 [info] > git for-each-ref --sort -committerdate --format %(refname) %(objectname) %(*objectname) [13ms]
2023-11-25 16:13:31.902 [info] > git config --get commit.template [2ms]
2023-11-25 16:13:31.913 [info] > git for-each-ref --format=%(refname)%00%(upstream:short)%00%(objectname)%00%(upstream:track)%00%(upstream:remotename)%00%(upstream:remoteref) refs/heads/main refs/remotes/main [7ms]
2023-11-25 16:13:31.981 [info] > git status -z -uall [85ms]
2023-11-25 16:15:13.472 [info] > git remote --verbose [7ms]
2023-11-25 16:15:13.474 [info] > git for-each-ref --sort -committerdate --format %(refname) %(objectname) %(*objectname) [13ms]
2023-11-25 16:15:13.475 [info] > git config --get commit.template [2ms]
2023-11-25 16:15:13.492 [info] > git for-each-ref --format=%(refname)%00%(upstream:short)%00%(objectname)%00%(upstream:track)%00%(upstream:remotename)%00%(upstream:remoteref) refs/heads/main refs/remotes/main [14ms]
2023-11-25 16:15:13.552 [info] > git status -z -uall [83ms]
2023-11-25 16:15:18.573 [info] > git remote --verbose [9ms]
2023-11-25 16:15:18.573 [info] > git for-each-ref --sort -committerdate --format %(refname) %(objectname) %(*objectname) [12ms]
2023-11-25 16:15:18.574 [info] > git config --get commit.template [1ms]
2023-11-25 16:15:18.578 [info] > git for-each-ref --format=%(refname)%00%(upstream:short)%00%(objectname)%00%(upstream:track)%00%(upstream:remotename)%00%(upstream:remoteref) refs/heads/main refs/remotes/main [1ms]
2023-11-25 16:15:18.588 [info] > git status -z -uall [20ms]
2023-11-25 16:36:54.417 [info] > git remote --verbose [10ms]
2023-11-25 16:36:54.418 [info] > git for-each-ref --sort -committerdate --format %(refname) %(objectname) %(*objectname) [19ms]
2023-11-25 16:36:54.418 [info] > git config --get commit.template [1ms]
2023-11-25 16:36:54.430 [info] > git for-each-ref --format=%(refname)%00%(upstream:short)%00%(objectname)%00%(upstream:track)%00%(upstream:remotename)%00%(upstream:remoteref) refs/heads/main refs/remotes/main [8ms]
2023-11-25 16:36:54.508 [info] > git status -z -uall [96ms]
2023-11-25 16:37:09.859 [info] > git remote --verbose [9ms]
2023-11-25 16:37:09.859 [info] > git for-each-ref --sort -committerdate --format %(refname) %(objectname) %(*objectname) [14ms]
2023-11-25 16:37:09.860 [info] > git config --get commit.template [2ms]
2023-11-25 16:37:09.865 [info] > git for-each-ref --format=%(refname)%00%(upstream:short)%00%(objectname)%00%(upstream:track)%00%(upstream:remotename)%00%(upstream:remoteref) refs/heads/main refs/remotes/main [1ms]
2023-11-25 16:37:09.877 [info] > git status -z -uall [23ms]
2023-11-25 16:37:21.218 [info] > git remote --verbose [25ms]
2023-11-25 16:37:21.218 [info] > git for-each-ref --sort -committerdate --format %(refname) %(objectname) %(*objectname) [37ms]
2023-11-25 16:37:21.218 [info] > git config --get commit.template [1ms]
2023-11-25 16:37:21.227 [info] > git for-each-ref --format=%(refname)%00%(upstream:short)%00%(objectname)%00%(upstream:track)%00%(upstream:remotename)%00%(upstream:remoteref) refs/heads/main refs/remotes/main [1ms]
2023-11-25 16:37:21.240 [info] > git status -z -uall [35ms]
