2023-11-30 17:07:11.773 [info] Validating found git in: git
2023-11-30 17:07:11.773 [info] Using git 2.43.0 from git
2023-11-30 17:07:11.773 [info] > git rev-parse --show-toplevel [3ms]
2023-11-30 17:07:11.773 [info] > git rev-parse --git-dir --git-common-dir [1ms]
2023-11-30 17:07:11.773 [info] Log level: Info
2023-11-30 17:07:11.773 [info] Open repository: /home/n30/.dotfiles
2023-11-30 17:07:11.777 [info] > git status -z -uall [50ms]
2023-11-30 17:07:11.777 [info] > git remote --verbose [52ms]
2023-11-30 17:07:11.777 [info] > git for-each-ref --sort -committerdate --format %(refname) %(objectname) %(*objectname) [54ms]
2023-11-30 17:07:11.786 [info] > git config --get commit.template [10ms]
2023-11-30 17:07:11.787 [info] > git rev-parse --show-toplevel [57ms]
2023-11-30 17:07:11.811 [info] > git rev-parse --show-toplevel [21ms]
2023-11-30 17:07:11.814 [info] > git for-each-ref --format=%(refname)%00%(upstream:short)%00%(objectname)%00%(upstream:track)%00%(upstream:remotename)%00%(upstream:remoteref) refs/heads/main refs/remotes/main [3ms]
2023-11-30 17:07:11.830 [info] > git remote --verbose [9ms]
2023-11-30 17:07:11.830 [info] > git for-each-ref --sort -committerdate --format %(refname) %(objectname) %(*objectname) [11ms]
2023-11-30 17:07:11.830 [info] > git rev-parse --show-toplevel [17ms]
2023-11-30 17:07:11.833 [info] > git status -z -uall [11ms]
2023-11-30 17:07:11.833 [info] > git config --get commit.template [3ms]
2023-11-30 17:07:11.834 [info] > git rev-parse --show-toplevel [2ms]
2023-11-30 17:07:11.838 [info] > git rev-parse --show-toplevel [3ms]
2023-11-30 17:07:11.840 [info] > git for-each-ref --format=%(refname)%00%(upstream:short)%00%(objectname)%00%(upstream:track)%00%(upstream:remotename)%00%(upstream:remoteref) refs/heads/main refs/remotes/main [3ms]
2023-11-30 17:07:11.841 [info] > git rev-parse --show-toplevel [1ms]
2023-11-30 17:07:11.844 [info] > git rev-parse --show-toplevel [1ms]
2023-11-30 17:07:11.846 [info] > git rev-parse --show-toplevel [0ms]
2023-11-30 17:07:11.849 [info] > git rev-parse --show-toplevel [1ms]
2023-11-30 17:07:11.852 [info] > git rev-parse --show-toplevel [1ms]
2023-11-30 17:07:11.855 [info] > git rev-parse --show-toplevel [1ms]
2023-11-30 17:07:11.857 [info] > git rev-parse --show-toplevel [0ms]
2023-11-30 17:07:11.860 [info] > git rev-parse --show-toplevel [0ms]
2023-11-30 17:07:11.862 [info] > git rev-parse --show-toplevel [0ms]
2023-11-30 17:07:11.865 [info] > git rev-parse --show-toplevel [0ms]
2023-11-30 17:07:11.868 [info] > git rev-parse --show-toplevel [0ms]
2023-11-30 17:07:11.871 [info] > git rev-parse --show-toplevel [1ms]
2023-11-30 17:07:11.874 [info] > git rev-parse --show-toplevel [1ms]
2023-11-30 17:07:11.877 [info] > git rev-parse --show-toplevel [1ms]
2023-11-30 17:07:11.880 [info] > git rev-parse --show-toplevel [1ms]
2023-11-30 17:07:11.882 [info] > git rev-parse --show-toplevel [1ms]
2023-11-30 17:07:11.884 [info] > git rev-parse --show-toplevel [0ms]
2023-11-30 17:07:11.887 [info] > git rev-parse --show-toplevel [1ms]
2023-11-30 17:07:11.897 [info] > git rev-parse --show-toplevel [8ms]
2023-11-30 17:07:11.901 [info] > git rev-parse --show-toplevel [0ms]
2023-11-30 17:07:11.904 [info] > git rev-parse --show-toplevel [1ms]
2023-11-30 17:07:11.907 [info] > git rev-parse --show-toplevel [1ms]
2023-11-30 17:07:11.910 [info] > git rev-parse --show-toplevel [0ms]
2023-11-30 17:07:11.912 [info] > git rev-parse --show-toplevel [1ms]
2023-11-30 17:07:11.914 [info] > git rev-parse --show-toplevel [0ms]
2023-11-30 17:07:11.916 [info] > git rev-parse --show-toplevel [0ms]
2023-11-30 17:07:12.285 [info] > git check-ignore -v -z --stdin [1ms]
2023-11-30 17:07:16.022 [info] > git remote --verbose [5ms]
2023-11-30 17:07:16.022 [info] > git for-each-ref --sort -committerdate --format %(refname) %(objectname) %(*objectname) [10ms]
2023-11-30 17:07:16.022 [info] > git config --get commit.template [1ms]
2023-11-30 17:07:16.025 [info] > git for-each-ref --format=%(refname)%00%(upstream:short)%00%(objectname)%00%(upstream:track)%00%(upstream:remotename)%00%(upstream:remoteref) refs/heads/main refs/remotes/main [1ms]
2023-11-30 17:07:16.031 [info] > git status -z -uall [12ms]
2023-11-30 17:10:18.909 [info] > git remote --verbose [8ms]
2023-11-30 17:10:18.909 [info] > git for-each-ref --sort -committerdate --format %(refname) %(objectname) %(*objectname) [12ms]
2023-11-30 17:10:18.910 [info] > git config --get commit.template [3ms]
2023-11-30 17:10:18.914 [info] > git for-each-ref --format=%(refname)%00%(upstream:short)%00%(objectname)%00%(upstream:track)%00%(upstream:remotename)%00%(upstream:remoteref) refs/heads/main refs/remotes/main [1ms]
2023-11-30 17:10:18.918 [info] > git status -z -uall [14ms]
2023-11-30 17:10:29.019 [info] > git remote --verbose [4ms]
2023-11-30 17:10:29.019 [info] > git for-each-ref --sort -committerdate --format %(refname) %(objectname) %(*objectname) [6ms]
2023-11-30 17:10:29.019 [info] > git config --get commit.template [1ms]
2023-11-30 17:10:29.022 [info] > git for-each-ref --format=%(refname)%00%(upstream:short)%00%(objectname)%00%(upstream:track)%00%(upstream:remotename)%00%(upstream:remoteref) refs/heads/main refs/remotes/main [1ms]
2023-11-30 17:10:29.026 [info] > git status -z -uall [9ms]
2023-11-30 17:12:54.102 [info] > git remote --verbose [5ms]
2023-11-30 17:12:54.102 [info] > git for-each-ref --sort -committerdate --format %(refname) %(objectname) %(*objectname) [7ms]
2023-11-30 17:12:54.102 [info] > git config --get commit.template [1ms]
2023-11-30 17:12:54.105 [info] > git for-each-ref --format=%(refname)%00%(upstream:short)%00%(objectname)%00%(upstream:track)%00%(upstream:remotename)%00%(upstream:remoteref) refs/heads/main refs/remotes/main [1ms]
2023-11-30 17:12:54.111 [info] > git status -z -uall [12ms]
2023-11-30 17:22:22.589 [info] > git remote --verbose [5ms]
2023-11-30 17:22:22.590 [info] > git for-each-ref --sort -committerdate --format %(refname) %(objectname) %(*objectname) [8ms]
2023-11-30 17:22:22.591 [info] > git config --get commit.template [2ms]
2023-11-30 17:22:22.594 [info] > git for-each-ref --format=%(refname)%00%(upstream:short)%00%(objectname)%00%(upstream:track)%00%(upstream:remotename)%00%(upstream:remoteref) refs/heads/main refs/remotes/main [1ms]
2023-11-30 17:22:22.598 [info] > git status -z -uall [12ms]
2023-11-30 17:38:54.751 [info] > git remote --verbose [11ms]
2023-11-30 17:38:54.751 [info] > git for-each-ref --sort -committerdate --format %(refname) %(objectname) %(*objectname) [17ms]
2023-11-30 17:38:54.751 [info] > git config --get commit.template [2ms]
2023-11-30 17:38:54.756 [info] > git for-each-ref --format=%(refname)%00%(upstream:short)%00%(objectname)%00%(upstream:track)%00%(upstream:remotename)%00%(upstream:remoteref) refs/heads/main refs/remotes/main [0ms]
2023-11-30 17:38:54.762 [info] > git status -z -uall [18ms]
2023-11-30 17:42:42.843 [info] > git remote --verbose [5ms]
2023-11-30 17:42:42.843 [info] > git for-each-ref --sort -committerdate --format %(refname) %(objectname) %(*objectname) [7ms]
2023-11-30 17:42:42.843 [info] > git config --get commit.template [1ms]
2023-11-30 17:42:42.848 [info] > git for-each-ref --format=%(refname)%00%(upstream:short)%00%(objectname)%00%(upstream:track)%00%(upstream:remotename)%00%(upstream:remoteref) refs/heads/main refs/remotes/main [1ms]
2023-11-30 17:42:42.853 [info] > git status -z -uall [13ms]
2023-11-30 17:45:30.547 [info] > git remote --verbose [5ms]
2023-11-30 17:45:30.547 [info] > git for-each-ref --sort -committerdate --format %(refname) %(objectname) %(*objectname) [7ms]
2023-11-30 17:45:30.547 [info] > git config --get commit.template [1ms]
2023-11-30 17:45:30.551 [info] > git for-each-ref --format=%(refname)%00%(upstream:short)%00%(objectname)%00%(upstream:track)%00%(upstream:remotename)%00%(upstream:remoteref) refs/heads/main refs/remotes/main [0ms]
2023-11-30 17:45:30.554 [info] > git status -z -uall [10ms]
2023-11-30 17:48:36.550 [info] > git remote --verbose [7ms]
2023-11-30 17:48:36.550 [info] > git for-each-ref --sort -committerdate --format %(refname) %(objectname) %(*objectname) [10ms]
2023-11-30 17:48:36.550 [info] > git config --get commit.template [1ms]
2023-11-30 17:48:36.553 [info] > git for-each-ref --format=%(refname)%00%(upstream:short)%00%(objectname)%00%(upstream:track)%00%(upstream:remotename)%00%(upstream:remoteref) refs/heads/main refs/remotes/main [1ms]
2023-11-30 17:48:36.557 [info] > git status -z -uall [11ms]
2023-11-30 18:10:29.867 [info] > git remote --verbose [19ms]
2023-11-30 18:10:29.867 [info] > git for-each-ref --sort -committerdate --format %(refname) %(objectname) %(*objectname) [28ms]
2023-11-30 18:10:29.875 [info] > git config --get commit.template [9ms]
2023-11-30 18:10:29.876 [info] > git for-each-ref --format=%(refname)%00%(upstream:short)%00%(objectname)%00%(upstream:track)%00%(upstream:remotename)%00%(upstream:remoteref) refs/heads/main refs/remotes/main [1ms]
2023-11-30 18:10:29.882 [info] > git status -z -uall [26ms]
2023-11-30 18:12:55.607 [info] > git remote --verbose [9ms]
2023-11-30 18:12:55.607 [info] > git for-each-ref --sort -committerdate --format %(refname) %(objectname) %(*objectname) [12ms]
2023-11-30 18:12:55.611 [info] > git config --get commit.template [5ms]
2023-11-30 18:12:55.612 [info] > git for-each-ref --format=%(refname)%00%(upstream:short)%00%(objectname)%00%(upstream:track)%00%(upstream:remotename)%00%(upstream:remoteref) refs/heads/main refs/remotes/main [1ms]
2023-11-30 18:12:55.617 [info] > git status -z -uall [16ms]
2023-11-30 18:13:00.633 [info] > git remote --verbose [7ms]
2023-11-30 18:13:00.633 [info] > git for-each-ref --sort -committerdate --format %(refname) %(objectname) %(*objectname) [11ms]
2023-11-30 18:13:00.636 [info] > git config --get commit.template [4ms]
2023-11-30 18:13:00.636 [info] > git for-each-ref --format=%(refname)%00%(upstream:short)%00%(objectname)%00%(upstream:track)%00%(upstream:remotename)%00%(upstream:remoteref) refs/heads/main refs/remotes/main [0ms]
2023-11-30 18:13:00.643 [info] > git status -z -uall [14ms]
2023-11-30 18:13:05.676 [info] > git remote --verbose [18ms]
2023-11-30 18:13:05.676 [info] > git for-each-ref --sort -committerdate --format %(refname) %(objectname) %(*objectname) [25ms]
2023-11-30 18:13:05.677 [info] > git config --get commit.template [2ms]
2023-11-30 18:13:05.688 [info] > git for-each-ref --format=%(refname)%00%(upstream:short)%00%(objectname)%00%(upstream:track)%00%(upstream:remotename)%00%(upstream:remoteref) refs/heads/main refs/remotes/main [2ms]
2023-11-30 18:13:05.694 [info] > git status -z -uall [27ms]
2023-11-30 18:13:11.036 [info] > git remote --verbose [16ms]
2023-11-30 18:13:11.036 [info] > git for-each-ref --sort -committerdate --format %(refname) %(objectname) %(*objectname) [23ms]
2023-11-30 18:13:11.036 [info] > git config --get commit.template [1ms]
2023-11-30 18:13:11.043 [info] > git for-each-ref --format=%(refname)%00%(upstream:short)%00%(objectname)%00%(upstream:track)%00%(upstream:remotename)%00%(upstream:remoteref) refs/heads/main refs/remotes/main [1ms]
2023-11-30 18:13:11.049 [info] > git status -z -uall [23ms]
2023-11-30 18:17:13.252 [info] > git remote --verbose [9ms]
2023-11-30 18:17:13.253 [info] > git for-each-ref --sort -committerdate --format %(refname) %(objectname) %(*objectname) [12ms]
2023-11-30 18:17:13.258 [info] > git config --get commit.template [7ms]
2023-11-30 18:17:13.259 [info] > git for-each-ref --format=%(refname)%00%(upstream:short)%00%(objectname)%00%(upstream:track)%00%(upstream:remotename)%00%(upstream:remoteref) refs/heads/main refs/remotes/main [1ms]
2023-11-30 18:17:13.267 [info] > git status -z -uall [21ms]
2023-11-30 18:23:13.109 [info] > git remote --verbose [6ms]
2023-11-30 18:23:13.109 [info] > git for-each-ref --sort -committerdate --format %(refname) %(objectname) %(*objectname) [8ms]
2023-11-30 18:23:13.112 [info] > git config --get commit.template [4ms]
2023-11-30 18:23:13.113 [info] > git for-each-ref --format=%(refname)%00%(upstream:short)%00%(objectname)%00%(upstream:track)%00%(upstream:remotename)%00%(upstream:remoteref) refs/heads/main refs/remotes/main [1ms]
2023-11-30 18:23:13.119 [info] > git status -z -uall [14ms]
2023-11-30 18:23:28.235 [info] > git remote --verbose [9ms]
2023-11-30 18:23:28.235 [info] > git for-each-ref --sort -committerdate --format %(refname) %(objectname) %(*objectname) [13ms]
2023-11-30 18:23:28.236 [info] > git config --get commit.template [2ms]
2023-11-30 18:23:28.241 [info] > git for-each-ref --format=%(refname)%00%(upstream:short)%00%(objectname)%00%(upstream:track)%00%(upstream:remotename)%00%(upstream:remoteref) refs/heads/main refs/remotes/main [0ms]
2023-11-30 18:23:28.246 [info] > git status -z -uall [17ms]
2023-11-30 18:24:45.649 [info] > git remote --verbose [7ms]
2023-11-30 18:24:45.649 [info] > git for-each-ref --sort -committerdate --format %(refname) %(objectname) %(*objectname) [12ms]
2023-11-30 18:24:45.649 [info] > git config --get commit.template [1ms]
2023-11-30 18:24:45.652 [info] > git for-each-ref --format=%(refname)%00%(upstream:short)%00%(objectname)%00%(upstream:track)%00%(upstream:remotename)%00%(upstream:remoteref) refs/heads/main refs/remotes/main [1ms]
2023-11-30 18:24:45.656 [info] > git status -z -uall [13ms]
2023-11-30 18:25:00.849 [info] > git remote --verbose [17ms]
2023-11-30 18:25:00.849 [info] > git for-each-ref --sort -committerdate --format %(refname) %(objectname) %(*objectname) [24ms]
2023-11-30 18:25:00.855 [info] > git config --get commit.template [7ms]
2023-11-30 18:25:00.856 [info] > git for-each-ref --format=%(refname)%00%(upstream:short)%00%(objectname)%00%(upstream:track)%00%(upstream:remotename)%00%(upstream:remoteref) refs/heads/main refs/remotes/main [1ms]
2023-11-30 18:25:00.857 [info] > git status -z -uall [18ms]
2023-11-30 18:56:59.600 [info] > git remote --verbose [4ms]
2023-11-30 18:56:59.600 [info] > git for-each-ref --sort -committerdate --format %(refname) %(objectname) %(*objectname) [7ms]
2023-11-30 18:56:59.600 [info] > git config --get commit.template [1ms]
2023-11-30 18:56:59.603 [info] > git for-each-ref --format=%(refname)%00%(upstream:short)%00%(objectname)%00%(upstream:track)%00%(upstream:remotename)%00%(upstream:remoteref) refs/heads/main refs/remotes/main [0ms]
2023-11-30 18:56:59.606 [info] > git status -z -uall [9ms]
2023-11-30 18:57:04.647 [info] > git remote --verbose [19ms]
2023-11-30 18:57:04.647 [info] > git for-each-ref --sort -committerdate --format %(refname) %(objectname) %(*objectname) [29ms]
2023-11-30 18:57:04.654 [info] > git config --get commit.template [7ms]
2023-11-30 18:57:04.655 [info] > git for-each-ref --format=%(refname)%00%(upstream:short)%00%(objectname)%00%(upstream:track)%00%(upstream:remotename)%00%(upstream:remoteref) refs/heads/main refs/remotes/main [2ms]
2023-11-30 18:57:04.660 [info] > git status -z -uall [23ms]
2023-11-30 18:57:15.024 [info] > git remote --verbose [22ms]
2023-11-30 18:57:15.025 [info] > git for-each-ref --sort -committerdate --format %(refname) %(objectname) %(*objectname) [29ms]
2023-11-30 18:57:15.033 [info] > git config --get commit.template [10ms]
2023-11-30 18:57:15.034 [info] > git for-each-ref --format=%(refname)%00%(upstream:short)%00%(objectname)%00%(upstream:track)%00%(upstream:remotename)%00%(upstream:remoteref) refs/heads/main refs/remotes/main [2ms]
2023-11-30 18:57:15.046 [info] > git status -z -uall [32ms]
2023-11-30 20:54:32.388 [info] > git remote --verbose [12ms]
2023-11-30 20:54:32.388 [info] > git for-each-ref --sort -committerdate --format %(refname) %(objectname) %(*objectname) [18ms]
2023-11-30 20:54:32.391 [info] > git config --get commit.template [3ms]
2023-11-30 20:54:32.394 [info] > git for-each-ref --format=%(refname)%00%(upstream:short)%00%(objectname)%00%(upstream:track)%00%(upstream:remotename)%00%(upstream:remoteref) refs/heads/main refs/remotes/main [1ms]
2023-11-30 20:54:32.465 [info] > git status -z -uall [85ms]
