[Trace 20:04:20.906] VsCodeClientWorkspace: TextDocument.onDidOpen: file:///home/n30/.dotfiles/wiki-wayland-0.95beta.md
[Trace 20:04:20.906] VsCodeClientWorkspace: TextDocument.onDidChanceContent: file:///home/n30/.dotfiles/wiki-wayland-0.95beta.md
[Trace 20:04:21.033] Server: connection.languages.diagnostics.on: file:///home/n30/.dotfiles/wiki-wayland-0.95beta.md
[Trace 20:04:21.037] Server: connection.languages.diagnostics.on: file:///home/n30/.dotfiles/README.md
[Debug 20:04:21.038] LinkProvider: compute - file:///home/n30/.dotfiles/wiki-wayland-0.95beta.md
[Trace 20:04:21.062] Server: connection.languages.diagnostics.on: file:///home/n30/.dotfiles/wiki-wayland-0.95beta.md
[Trace 20:04:21.269] Server: connection.languages.diagnostics.on: file:///home/n30/.dotfiles/README.md
[Debug 20:04:22.400] MdFoldingProvider: provideFoldingRanges — file:///home/n30/.dotfiles/wiki-wayland-0.95beta.md 1
[Debug 20:04:22.400] TableOfContentsProvider: create - file:///home/n30/.dotfiles/wiki-wayland-0.95beta.md
[Trace 20:04:23.636] DocumentSymbolProvider: provideDocumentSymbols — file:///home/n30/.dotfiles/wiki-wayland-0.95beta.md 1
[Trace 20:49:30.799] VsCodeClientWorkspace: TextDocument.onDidChanceContent: file:///home/n30/.dotfiles/wiki-wayland-0.95beta.md
[Trace 20:49:30.799] Server: connection.languages.diagnostics.on: file:///home/n30/.dotfiles/wiki-wayland-0.95beta.md
[Debug 20:49:30.967] MdFoldingProvider: provideFoldingRanges — file:///home/n30/.dotfiles/wiki-wayland-0.95beta.md 2
[Debug 20:49:30.968] TableOfContentsProvider: create - file:///home/n30/.dotfiles/wiki-wayland-0.95beta.md
[Trace 20:49:31.221] Server: connection.languages.diagnostics.on: file:///home/n30/.dotfiles/README.md
[Debug 20:49:31.221] LinkProvider: compute - file:///home/n30/.dotfiles/wiki-wayland-0.95beta.md
[Trace 20:49:31.221] DocumentSymbolProvider: provideDocumentSymbols — file:///home/n30/.dotfiles/wiki-wayland-0.95beta.md 2
[Trace 20:49:31.325] VsCodeClientWorkspace: TextDocument.onDidChanceContent: file:///home/n30/.dotfiles/wiki-wayland-0.95beta.md
[Trace 20:49:31.325] Server: connection.languages.diagnostics.on: file:///home/n30/.dotfiles/wiki-wayland-0.95beta.md
[Debug 20:49:31.347] TableOfContentsProvider: create - file:///home/n30/.dotfiles/wiki-wayland-0.95beta.md
[Debug 20:49:31.405] MdFoldingProvider: provideFoldingRanges — file:///home/n30/.dotfiles/wiki-wayland-0.95beta.md 3
[Trace 20:49:31.540] Server: connection.languages.diagnostics.on: file:///home/n30/.dotfiles/README.md
[Trace 20:49:31.556] DocumentSymbolProvider: provideDocumentSymbols — file:///home/n30/.dotfiles/wiki-wayland-0.95beta.md 3
[Debug 20:49:31.556] LinkProvider: compute - file:///home/n30/.dotfiles/wiki-wayland-0.95beta.md
[Trace 22:05:15.618] VsCodeClientWorkspace: TextDocument.onDidChanceContent: file:///home/n30/.dotfiles/wiki-wayland-0.95beta.md
[Trace 22:05:15.619] Server: connection.languages.diagnostics.on: file:///home/n30/.dotfiles/wiki-wayland-0.95beta.md
[Debug 22:05:15.782] MdFoldingProvider: provideFoldingRanges — file:///home/n30/.dotfiles/wiki-wayland-0.95beta.md 4
[Debug 22:05:15.784] TableOfContentsProvider: create - file:///home/n30/.dotfiles/wiki-wayland-0.95beta.md
[Trace 22:05:16.008] Server: connection.languages.diagnostics.on: file:///home/n30/.dotfiles/README.md
[Debug 22:05:16.008] LinkProvider: compute - file:///home/n30/.dotfiles/wiki-wayland-0.95beta.md
[Trace 22:05:16.008] DocumentSymbolProvider: provideDocumentSymbols — file:///home/n30/.dotfiles/wiki-wayland-0.95beta.md 4
[Trace 22:09:20.544] ReferencesProvider: getReferencesAtPosition — file:///home/n30/.dotfiles/wiki-wayland-0.95beta.md 4
[Trace 22:09:25.458] ReferencesProvider: getReferencesAtPosition — file:///home/n30/.dotfiles/wiki-wayland-0.95beta.md 4
[Trace 22:09:26.932] ReferencesProvider: getReferencesAtPosition — file:///home/n30/.dotfiles/wiki-wayland-0.95beta.md 4
