2023-11-25 17:12:17.742 [info] Validating found git in: git
2023-11-25 17:12:17.742 [info] Using git 2.43.0 from git
2023-11-25 17:12:17.742 [info] > git rev-parse --show-toplevel [1ms]
2023-11-25 17:12:17.742 [info] > git rev-parse --git-dir --git-common-dir [1ms]
2023-11-25 17:12:17.742 [info] Log level: Info
2023-11-25 17:12:17.742 [info] Open repository: /home/n30/.dotfiles
2023-11-25 17:12:17.742 [info] > git status -z -uall [50ms]
2023-11-25 17:12:17.742 [info] > git rev-parse --show-toplevel [48ms]
2023-11-25 17:12:17.742 [info] > git remote --verbose [54ms]
2023-11-25 17:12:17.742 [info] > git for-each-ref --sort -committerdate --format %(refname) %(objectname) %(*objectname) [56ms]
2023-11-25 17:12:17.742 [info] > git rev-parse --show-toplevel [7ms]
2023-11-25 17:12:17.742 [info] > git config --get commit.template [12ms]
2023-11-25 17:12:17.742 [info] > git rev-parse --show-toplevel [13ms]
2023-11-25 17:12:17.745 [info] > git rev-parse --show-toplevel [128ms]
2023-11-25 17:12:17.749 [info] > git rev-parse --show-toplevel [2ms]
2023-11-25 17:12:17.752 [info] > git for-each-ref --format=%(refname)%00%(upstream:short)%00%(objectname)%00%(upstream:track)%00%(upstream:remotename)%00%(upstream:remoteref) refs/heads/main refs/remotes/main [7ms]
2023-11-25 17:12:17.765 [info] > git remote --verbose [5ms]
2023-11-25 17:12:17.766 [info] > git for-each-ref --sort -committerdate --format %(refname) %(objectname) %(*objectname) [8ms]
2023-11-25 17:12:17.766 [info] > git rev-parse --show-toplevel [14ms]
2023-11-25 17:12:17.769 [info] > git config --get commit.template [4ms]
2023-11-25 17:12:17.772 [info] > git rev-parse --show-toplevel [4ms]
2023-11-25 17:12:17.774 [info] > git for-each-ref --format=%(refname)%00%(upstream:short)%00%(objectname)%00%(upstream:track)%00%(upstream:remotename)%00%(upstream:remoteref) refs/heads/main refs/remotes/main [2ms]
2023-11-25 17:12:17.775 [info] > git rev-parse --show-toplevel [1ms]
2023-11-25 17:12:17.792 [info] > git status -z -uall [30ms]
2023-11-25 17:12:17.793 [info] > git rev-parse --show-toplevel [16ms]
2023-11-25 17:12:17.797 [info] > git rev-parse --show-toplevel [1ms]
2023-11-25 17:12:17.800 [info] > git rev-parse --show-toplevel [1ms]
2023-11-25 17:12:17.803 [info] > git rev-parse --show-toplevel [1ms]
2023-11-25 17:12:17.806 [info] > git rev-parse --show-toplevel [0ms]
2023-11-25 17:12:17.810 [info] > git rev-parse --show-toplevel [1ms]
2023-11-25 17:12:17.813 [info] > git rev-parse --show-toplevel [1ms]
2023-11-25 17:12:17.816 [info] > git rev-parse --show-toplevel [0ms]
2023-11-25 17:12:17.820 [info] > git rev-parse --show-toplevel [1ms]
2023-11-25 17:12:17.832 [info] > git rev-parse --show-toplevel [10ms]
2023-11-25 17:12:17.836 [info] > git rev-parse --show-toplevel [1ms]
2023-11-25 17:12:17.840 [info] > git rev-parse --show-toplevel [1ms]
2023-11-25 17:12:17.845 [info] > git rev-parse --show-toplevel [1ms]
2023-11-25 17:12:17.850 [info] > git rev-parse --show-toplevel [2ms]
2023-11-25 17:12:17.853 [info] > git rev-parse --show-toplevel [0ms]
2023-11-25 17:12:17.857 [info] > git rev-parse --show-toplevel [1ms]
2023-11-25 17:12:17.862 [info] > git rev-parse --show-toplevel [3ms]
2023-11-25 17:12:17.866 [info] > git rev-parse --show-toplevel [1ms]
2023-11-25 17:12:17.870 [info] > git rev-parse --show-toplevel [1ms]
2023-11-25 17:12:17.874 [info] > git rev-parse --show-toplevel [1ms]
2023-11-25 17:12:17.878 [info] > git rev-parse --show-toplevel [0ms]
2023-11-25 17:12:17.937 [info] > git rev-parse --show-toplevel [1ms]
2023-11-25 17:12:18.056 [info] > git check-ignore -v -z --stdin [2ms]
2023-11-25 17:12:18.134 [info] > git show --textconv :wiki-wayland-0.95beta.md [4ms]
2023-11-25 17:12:18.136 [info] > git ls-files --stage -- /home/n30/.dotfiles/wiki-wayland-0.95beta.md [2ms]
2023-11-25 17:12:18.140 [info] > git cat-file -s 6db75c86d2ad682ecbbf1d21959d4bbf44b78e76 [1ms]
2023-11-25 17:12:18.256 [info] > git rev-parse --show-toplevel [0ms]
2023-11-25 17:12:22.911 [info] > git remote --verbose [5ms]
2023-11-25 17:12:22.911 [info] > git for-each-ref --sort -committerdate --format %(refname) %(objectname) %(*objectname) [7ms]
2023-11-25 17:12:22.915 [info] > git config --get commit.template [4ms]
2023-11-25 17:12:22.915 [info] > git for-each-ref --format=%(refname)%00%(upstream:short)%00%(objectname)%00%(upstream:track)%00%(upstream:remotename)%00%(upstream:remoteref) refs/heads/main refs/remotes/main [0ms]
2023-11-25 17:12:22.923 [info] > git status -z -uall [15ms]
2023-11-25 17:17:32.265 [info] > git remote --verbose [9ms]
2023-11-25 17:17:32.265 [info] > git for-each-ref --sort -committerdate --format %(refname) %(objectname) %(*objectname) [12ms]
2023-11-25 17:17:32.266 [info] > git config --get commit.template [2ms]
2023-11-25 17:17:32.271 [info] > git for-each-ref --format=%(refname)%00%(upstream:short)%00%(objectname)%00%(upstream:track)%00%(upstream:remotename)%00%(upstream:remoteref) refs/heads/main refs/remotes/main [0ms]
2023-11-25 17:17:32.279 [info] > git status -z -uall [21ms]
2023-11-25 17:21:38.067 [info] > git remote --verbose [20ms]
2023-11-25 17:21:38.067 [info] > git for-each-ref --sort -committerdate --format %(refname) %(objectname) %(*objectname) [28ms]
2023-11-25 17:21:38.067 [info] > git config --get commit.template [2ms]
2023-11-25 17:21:38.072 [info] > git for-each-ref --format=%(refname)%00%(upstream:short)%00%(objectname)%00%(upstream:track)%00%(upstream:remotename)%00%(upstream:remoteref) refs/heads/main refs/remotes/main [1ms]
2023-11-25 17:21:38.080 [info] > git status -z -uall [25ms]
2023-11-25 17:21:43.120 [info] > git remote --verbose [20ms]
2023-11-25 17:21:43.120 [info] > git for-each-ref --sort -committerdate --format %(refname) %(objectname) %(*objectname) [29ms]
2023-11-25 17:21:43.121 [info] > git config --get commit.template [2ms]
2023-11-25 17:21:43.127 [info] > git for-each-ref --format=%(refname)%00%(upstream:short)%00%(objectname)%00%(upstream:track)%00%(upstream:remotename)%00%(upstream:remoteref) refs/heads/main refs/remotes/main [1ms]
2023-11-25 17:21:43.145 [info] > git status -z -uall [35ms]
2023-11-25 17:22:58.729 [info] > git remote --verbose [7ms]
2023-11-25 17:22:58.729 [info] > git for-each-ref --sort -committerdate --format %(refname) %(objectname) %(*objectname) [9ms]
2023-11-25 17:22:58.730 [info] > git config --get commit.template [2ms]
2023-11-25 17:22:58.736 [info] > git for-each-ref --format=%(refname)%00%(upstream:short)%00%(objectname)%00%(upstream:track)%00%(upstream:remotename)%00%(upstream:remoteref) refs/heads/main refs/remotes/main [2ms]
2023-11-25 17:22:58.744 [info] > git status -z -uall [20ms]
2023-11-25 17:23:03.764 [info] > git remote --verbose [10ms]
2023-11-25 17:23:03.764 [info] > git for-each-ref --sort -committerdate --format %(refname) %(objectname) %(*objectname) [13ms]
2023-11-25 17:23:03.764 [info] > git config --get commit.template [1ms]
2023-11-25 17:23:03.771 [info] > git for-each-ref --format=%(refname)%00%(upstream:short)%00%(objectname)%00%(upstream:track)%00%(upstream:remotename)%00%(upstream:remoteref) refs/heads/main refs/remotes/main [1ms]
2023-11-25 17:23:03.780 [info] > git status -z -uall [21ms]
2023-11-25 17:23:17.970 [info] > git remote --verbose [16ms]
2023-11-25 17:23:17.971 [info] > git for-each-ref --sort -committerdate --format %(refname) %(objectname) %(*objectname) [21ms]
2023-11-25 17:23:17.971 [info] > git config --get commit.template [2ms]
2023-11-25 17:23:17.976 [info] > git for-each-ref --format=%(refname)%00%(upstream:short)%00%(objectname)%00%(upstream:track)%00%(upstream:remotename)%00%(upstream:remoteref) refs/heads/main refs/remotes/main [1ms]
2023-11-25 17:23:17.982 [info] > git status -z -uall [21ms]
2023-11-25 17:23:22.996 [info] > git remote --verbose [6ms]
2023-11-25 17:23:22.996 [info] > git for-each-ref --sort -committerdate --format %(refname) %(objectname) %(*objectname) [8ms]
2023-11-25 17:23:22.999 [info] > git config --get commit.template [4ms]
2023-11-25 17:23:22.999 [info] > git for-each-ref --format=%(refname)%00%(upstream:short)%00%(objectname)%00%(upstream:track)%00%(upstream:remotename)%00%(upstream:remoteref) refs/heads/main refs/remotes/main [0ms]
2023-11-25 17:23:23.007 [info] > git status -z -uall [14ms]
2023-11-25 17:23:38.421 [info] > git remote --verbose [8ms]
2023-11-25 17:23:38.422 [info] > git for-each-ref --sort -committerdate --format %(refname) %(objectname) %(*objectname) [13ms]
2023-11-25 17:23:38.422 [info] > git config --get commit.template [1ms]
2023-11-25 17:23:38.430 [info] > git status -z -uall [14ms]
2023-11-25 17:23:38.430 [info] > git for-each-ref --format=%(refname)%00%(upstream:short)%00%(objectname)%00%(upstream:track)%00%(upstream:remotename)%00%(upstream:remoteref) refs/heads/main refs/remotes/main [4ms]
2023-11-25 17:27:17.244 [info] > git remote --verbose [10ms]
2023-11-25 17:27:17.244 [info] > git for-each-ref --sort -committerdate --format %(refname) %(objectname) %(*objectname) [14ms]
2023-11-25 17:27:17.244 [info] > git config --get commit.template [1ms]
2023-11-25 17:27:17.250 [info] > git for-each-ref --format=%(refname)%00%(upstream:short)%00%(objectname)%00%(upstream:track)%00%(upstream:remotename)%00%(upstream:remoteref) refs/heads/main refs/remotes/main [1ms]
2023-11-25 17:27:17.258 [info] > git status -z -uall [21ms]
2023-11-25 17:33:03.129 [info] > git remote --verbose [12ms]
2023-11-25 17:33:03.130 [info] > git for-each-ref --sort -committerdate --format %(refname) %(objectname) %(*objectname) [17ms]
2023-11-25 17:33:03.130 [info] > git config --get commit.template [2ms]
2023-11-25 17:33:03.138 [info] > git for-each-ref --format=%(refname)%00%(upstream:short)%00%(objectname)%00%(upstream:track)%00%(upstream:remotename)%00%(upstream:remoteref) refs/heads/main refs/remotes/main [2ms]
2023-11-25 17:33:03.185 [info] > git status -z -uall [62ms]
2023-11-25 17:33:08.233 [info] > git remote --verbose [15ms]
2023-11-25 17:33:08.233 [info] > git for-each-ref --sort -committerdate --format %(refname) %(objectname) %(*objectname) [26ms]
2023-11-25 17:33:08.233 [info] > git config --get commit.template [1ms]
2023-11-25 17:33:08.242 [info] > git for-each-ref --format=%(refname)%00%(upstream:short)%00%(objectname)%00%(upstream:track)%00%(upstream:remotename)%00%(upstream:remoteref) refs/heads/main refs/remotes/main [2ms]
2023-11-25 17:33:08.251 [info] > git status -z -uall [25ms]
2023-11-25 17:33:18.028 [info] > git remote --verbose [26ms]
2023-11-25 17:33:18.029 [info] > git for-each-ref --sort -committerdate --format %(refname) %(objectname) %(*objectname) [40ms]
2023-11-25 17:33:18.029 [info] > git config --get commit.template [1ms]
2023-11-25 17:33:18.040 [info] > git for-each-ref --format=%(refname)%00%(upstream:short)%00%(objectname)%00%(upstream:track)%00%(upstream:remotename)%00%(upstream:remoteref) refs/heads/main refs/remotes/main [1ms]
2023-11-25 17:33:18.057 [info] > git status -z -uall [42ms]
2023-11-25 17:33:35.065 [info] > git remote --verbose [7ms]
2023-11-25 17:33:35.065 [info] > git for-each-ref --sort -committerdate --format %(refname) %(objectname) %(*objectname) [12ms]
2023-11-25 17:33:35.065 [info] > git config --get commit.template [1ms]
2023-11-25 17:33:35.070 [info] > git for-each-ref --format=%(refname)%00%(upstream:short)%00%(objectname)%00%(upstream:track)%00%(upstream:remotename)%00%(upstream:remoteref) refs/heads/main refs/remotes/main [1ms]
2023-11-25 17:33:35.076 [info] > git status -z -uall [15ms]
2023-11-25 17:34:17.653 [info] > git remote --verbose [9ms]
2023-11-25 17:34:17.653 [info] > git for-each-ref --sort -committerdate --format %(refname) %(objectname) %(*objectname) [13ms]
2023-11-25 17:34:17.654 [info] > git config --get commit.template [1ms]
2023-11-25 17:34:17.661 [info] > git for-each-ref --format=%(refname)%00%(upstream:short)%00%(objectname)%00%(upstream:track)%00%(upstream:remotename)%00%(upstream:remoteref) refs/heads/main refs/remotes/main [1ms]
2023-11-25 17:34:17.668 [info] > git status -z -uall [20ms]
2023-11-25 17:34:35.097 [info] > git remote --verbose [23ms]
2023-11-25 17:34:35.097 [info] > git for-each-ref --sort -committerdate --format %(refname) %(objectname) %(*objectname) [30ms]
2023-11-25 17:34:35.098 [info] > git config --get commit.template [1ms]
2023-11-25 17:34:35.108 [info] > git for-each-ref --format=%(refname)%00%(upstream:short)%00%(objectname)%00%(upstream:track)%00%(upstream:remotename)%00%(upstream:remoteref) refs/heads/main refs/remotes/main [2ms]
2023-11-25 17:34:35.118 [info] > git status -z -uall [35ms]
2023-11-25 17:35:08.352 [info] > git remote --verbose [10ms]
2023-11-25 17:35:08.352 [info] > git for-each-ref --sort -committerdate --format %(refname) %(objectname) %(*objectname) [16ms]
2023-11-25 17:35:08.356 [info] > git config --get commit.template [4ms]
2023-11-25 17:35:08.356 [info] > git for-each-ref --format=%(refname)%00%(upstream:short)%00%(objectname)%00%(upstream:track)%00%(upstream:remotename)%00%(upstream:remoteref) refs/heads/main refs/remotes/main [1ms]
2023-11-25 17:35:08.363 [info] > git status -z -uall [17ms]
2023-11-25 17:35:13.691 [info] > git remote --verbose [18ms]
2023-11-25 17:35:13.691 [info] > git for-each-ref --sort -committerdate --format %(refname) %(objectname) %(*objectname) [22ms]
2023-11-25 17:35:13.691 [info] > git config --get commit.template [1ms]
2023-11-25 17:35:13.702 [info] > git for-each-ref --format=%(refname)%00%(upstream:short)%00%(objectname)%00%(upstream:track)%00%(upstream:remotename)%00%(upstream:remoteref) refs/heads/main refs/remotes/main [2ms]
2023-11-25 17:35:13.708 [info] > git status -z -uall [29ms]
