2023-11-27 16:06:48.267 [info] Validating found git in: git
2023-11-27 16:06:48.267 [info] Using git 2.43.0 from git
2023-11-27 16:06:48.267 [info] > git rev-parse --show-toplevel [3ms]
2023-11-27 16:06:48.267 [info] > git rev-parse --git-dir --git-common-dir [57ms]
2023-11-27 16:06:48.267 [info] Log level: Info
2023-11-27 16:06:48.267 [info] Open repository: /home/n30/.dotfiles
2023-11-27 16:06:48.267 [info] > git rev-parse --show-toplevel [5ms]
2023-11-27 16:06:48.267 [info] > git remote --verbose [13ms]
2023-11-27 16:06:48.267 [info] > git for-each-ref --sort -committerdate --format %(refname) %(objectname) %(*objectname) [16ms]
2023-11-27 16:06:48.268 [info] > git status -z -uall [12ms]
2023-11-27 16:06:48.268 [info] > git rev-parse --show-toplevel [1ms]
2023-11-27 16:06:48.268 [info] > git config --get commit.template [8ms]
2023-11-27 16:06:48.279 [info] > git rev-parse --show-toplevel [16ms]
2023-11-27 16:06:48.286 [info] > git rev-parse --show-toplevel [4ms]
2023-11-27 16:06:48.289 [info] > git for-each-ref --format=%(refname)%00%(upstream:short)%00%(objectname)%00%(upstream:track)%00%(upstream:remotename)%00%(upstream:remoteref) refs/heads/main refs/remotes/main [3ms]
2023-11-27 16:06:48.307 [info] > git remote --verbose [11ms]
2023-11-27 16:06:48.307 [info] > git for-each-ref --sort -committerdate --format %(refname) %(objectname) %(*objectname) [14ms]
2023-11-27 16:06:48.307 [info] > git rev-parse --show-toplevel [19ms]
2023-11-27 16:06:48.310 [info] > git status -z -uall [13ms]
2023-11-27 16:06:48.310 [info] > git config --get commit.template [9ms]
2023-11-27 16:06:48.311 [info] > git rev-parse --show-toplevel [2ms]
2023-11-27 16:06:48.407 [info] > git for-each-ref --format=%(refname)%00%(upstream:short)%00%(objectname)%00%(upstream:track)%00%(upstream:remotename)%00%(upstream:remoteref) refs/heads/main refs/remotes/main [91ms]
2023-11-27 16:06:48.408 [info] > git rev-parse --show-toplevel [94ms]
2023-11-27 16:06:48.414 [info] > git rev-parse --show-toplevel [4ms]
2023-11-27 16:06:48.418 [info] > git rev-parse --show-toplevel [1ms]
2023-11-27 16:06:48.421 [info] > git rev-parse --show-toplevel [0ms]
2023-11-27 16:06:48.424 [info] > git rev-parse --show-toplevel [1ms]
2023-11-27 16:06:48.426 [info] > git rev-parse --show-toplevel [0ms]
2023-11-27 16:06:48.429 [info] > git rev-parse --show-toplevel [0ms]
2023-11-27 16:06:48.433 [info] > git rev-parse --show-toplevel [1ms]
2023-11-27 16:06:48.436 [info] > git rev-parse --show-toplevel [1ms]
2023-11-27 16:06:48.439 [info] > git rev-parse --show-toplevel [1ms]
2023-11-27 16:06:48.441 [info] > git rev-parse --show-toplevel [0ms]
2023-11-27 16:06:48.445 [info] > git rev-parse --show-toplevel [0ms]
2023-11-27 16:06:48.448 [info] > git rev-parse --show-toplevel [0ms]
2023-11-27 16:06:48.452 [info] > git rev-parse --show-toplevel [0ms]
2023-11-27 16:06:48.454 [info] > git rev-parse --show-toplevel [0ms]
2023-11-27 16:06:48.457 [info] > git rev-parse --show-toplevel [1ms]
2023-11-27 16:06:48.459 [info] > git rev-parse --show-toplevel [0ms]
2023-11-27 16:06:48.463 [info] > git rev-parse --show-toplevel [1ms]
2023-11-27 16:06:48.469 [info] > git rev-parse --show-toplevel [3ms]
2023-11-27 16:06:48.472 [info] > git rev-parse --show-toplevel [1ms]
2023-11-27 16:06:48.475 [info] > git rev-parse --show-toplevel [1ms]
2023-11-27 16:06:48.478 [info] > git rev-parse --show-toplevel [1ms]
2023-11-27 16:06:48.481 [info] > git rev-parse --show-toplevel [0ms]
2023-11-27 16:06:48.484 [info] > git rev-parse --show-toplevel [1ms]
2023-11-27 16:06:48.486 [info] > git rev-parse --show-toplevel [0ms]
2023-11-27 16:06:48.669 [info] > git show --textconv :wiki-wayland-0.95beta.md [5ms]
2023-11-27 16:06:48.670 [info] > git ls-files --stage -- /home/n30/.dotfiles/wiki-wayland-0.95beta.md [2ms]
2023-11-27 16:06:48.673 [info] > git cat-file -s a63b2dbe5e11a558fb35cdb35317a84d7bbaf768 [1ms]
2023-11-27 16:06:48.810 [info] > git check-ignore -v -z --stdin [2ms]
2023-11-27 16:06:51.892 [info] > git remote --verbose [6ms]
2023-11-27 16:06:51.892 [info] > git for-each-ref --sort -committerdate --format %(refname) %(objectname) %(*objectname) [9ms]
2023-11-27 16:06:51.892 [info] > git config --get commit.template [1ms]
2023-11-27 16:06:51.896 [info] > git for-each-ref --format=%(refname)%00%(upstream:short)%00%(objectname)%00%(upstream:track)%00%(upstream:remotename)%00%(upstream:remoteref) refs/heads/main refs/remotes/main [1ms]
2023-11-27 16:06:51.900 [info] > git status -z -uall [10ms]
2023-11-27 16:06:56.912 [info] > git remote --verbose [5ms]
2023-11-27 16:06:56.912 [info] > git for-each-ref --sort -committerdate --format %(refname) %(objectname) %(*objectname) [8ms]
2023-11-27 16:06:56.913 [info] > git config --get commit.template [2ms]
2023-11-27 16:06:56.917 [info] > git for-each-ref --format=%(refname)%00%(upstream:short)%00%(objectname)%00%(upstream:track)%00%(upstream:remotename)%00%(upstream:remoteref) refs/heads/main refs/remotes/main [0ms]
2023-11-27 16:06:56.920 [info] > git status -z -uall [11ms]
2023-11-27 18:45:42.817 [info] > git remote --verbose [8ms]
2023-11-27 18:45:42.817 [info] > git for-each-ref --sort -committerdate --format %(refname) %(objectname) %(*objectname) [11ms]
2023-11-27 18:45:42.818 [info] > git config --get commit.template [1ms]
2023-11-27 18:45:42.823 [info] > git for-each-ref --format=%(refname)%00%(upstream:short)%00%(objectname)%00%(upstream:track)%00%(upstream:remotename)%00%(upstream:remoteref) refs/heads/main refs/remotes/main [2ms]
2023-11-27 18:45:42.831 [info] > git status -z -uall [19ms]
2023-11-27 19:12:29.852 [info] > git remote --verbose [5ms]
2023-11-27 19:12:29.852 [info] > git for-each-ref --sort -committerdate --format %(refname) %(objectname) %(*objectname) [9ms]
2023-11-27 19:12:29.853 [info] > git config --get commit.template [2ms]
2023-11-27 19:12:29.859 [info] > git for-each-ref --format=%(refname)%00%(upstream:short)%00%(objectname)%00%(upstream:track)%00%(upstream:remotename)%00%(upstream:remoteref) refs/heads/main refs/remotes/main [0ms]
2023-11-27 19:12:29.880 [info] > git status -z -uall [32ms]
2023-11-27 19:12:34.902 [info] > git remote --verbose [7ms]
2023-11-27 19:12:34.902 [info] > git for-each-ref --sort -committerdate --format %(refname) %(objectname) %(*objectname) [12ms]
2023-11-27 19:12:34.903 [info] > git config --get commit.template [2ms]
2023-11-27 19:12:34.907 [info] > git for-each-ref --format=%(refname)%00%(upstream:short)%00%(objectname)%00%(upstream:track)%00%(upstream:remotename)%00%(upstream:remoteref) refs/heads/main refs/remotes/main [1ms]
2023-11-27 19:12:34.915 [info] > git status -z -uall [17ms]
2023-11-27 19:12:46.919 [info] > git remote --verbose [12ms]
2023-11-27 19:12:46.919 [info] > git for-each-ref --sort -committerdate --format %(refname) %(objectname) %(*objectname) [16ms]
2023-11-27 19:12:46.919 [info] > git config --get commit.template [2ms]
2023-11-27 19:12:46.924 [info] > git for-each-ref --format=%(refname)%00%(upstream:short)%00%(objectname)%00%(upstream:track)%00%(upstream:remotename)%00%(upstream:remoteref) refs/heads/main refs/remotes/main [0ms]
2023-11-27 19:12:46.926 [info] > git status -z -uall [16ms]
2023-11-27 19:13:28.490 [info] > git remote --verbose [5ms]
2023-11-27 19:13:28.490 [info] > git for-each-ref --sort -committerdate --format %(refname) %(objectname) %(*objectname) [7ms]
2023-11-27 19:13:28.491 [info] > git config --get commit.template [1ms]
2023-11-27 19:13:28.496 [info] > git for-each-ref --format=%(refname)%00%(upstream:short)%00%(objectname)%00%(upstream:track)%00%(upstream:remotename)%00%(upstream:remoteref) refs/heads/main refs/remotes/main [1ms]
2023-11-27 19:13:28.501 [info] > git status -z -uall [14ms]
2023-11-27 19:18:16.285 [info] > git remote --verbose [6ms]
2023-11-27 19:18:16.285 [info] > git for-each-ref --sort -committerdate --format %(refname) %(objectname) %(*objectname) [8ms]
2023-11-27 19:18:16.286 [info] > git config --get commit.template [1ms]
2023-11-27 19:18:16.289 [info] > git for-each-ref --format=%(refname)%00%(upstream:short)%00%(objectname)%00%(upstream:track)%00%(upstream:remotename)%00%(upstream:remoteref) refs/heads/main refs/remotes/main [0ms]
2023-11-27 19:18:16.292 [info] > git status -z -uall [10ms]
2023-11-27 19:18:46.920 [info] > git remote --verbose [6ms]
2023-11-27 19:18:46.920 [info] > git for-each-ref --sort -committerdate --format %(refname) %(objectname) %(*objectname) [9ms]
2023-11-27 19:18:46.921 [info] > git config --get commit.template [2ms]
2023-11-27 19:18:46.924 [info] > git for-each-ref --format=%(refname)%00%(upstream:short)%00%(objectname)%00%(upstream:track)%00%(upstream:remotename)%00%(upstream:remoteref) refs/heads/main refs/remotes/main [1ms]
2023-11-27 19:18:46.927 [info] > git status -z -uall [11ms]
2023-11-27 19:25:59.239 [info] > git remote --verbose [6ms]
2023-11-27 19:25:59.239 [info] > git for-each-ref --sort -committerdate --format %(refname) %(objectname) %(*objectname) [8ms]
2023-11-27 19:25:59.241 [info] > git config --get commit.template [2ms]
2023-11-27 19:25:59.245 [info] > git for-each-ref --format=%(refname)%00%(upstream:short)%00%(objectname)%00%(upstream:track)%00%(upstream:remotename)%00%(upstream:remoteref) refs/heads/main refs/remotes/main [1ms]
2023-11-27 19:25:59.249 [info] > git status -z -uall [14ms]
2023-11-27 19:26:04.268 [info] > git remote --verbose [7ms]
2023-11-27 19:26:04.268 [info] > git for-each-ref --sort -committerdate --format %(refname) %(objectname) %(*objectname) [13ms]
2023-11-27 19:26:04.268 [info] > git config --get commit.template [1ms]
2023-11-27 19:26:04.273 [info] > git for-each-ref --format=%(refname)%00%(upstream:short)%00%(objectname)%00%(upstream:track)%00%(upstream:remotename)%00%(upstream:remoteref) refs/heads/main refs/remotes/main [1ms]
2023-11-27 19:26:04.278 [info] > git status -z -uall [14ms]
2023-11-27 19:26:29.653 [info] > git remote --verbose [12ms]
2023-11-27 19:26:29.653 [info] > git for-each-ref --sort -committerdate --format %(refname) %(objectname) %(*objectname) [16ms]
2023-11-27 19:26:29.653 [info] > git config --get commit.template [1ms]
2023-11-27 19:26:29.657 [info] > git for-each-ref --format=%(refname)%00%(upstream:short)%00%(objectname)%00%(upstream:track)%00%(upstream:remotename)%00%(upstream:remoteref) refs/heads/main refs/remotes/main [1ms]
2023-11-27 19:26:29.660 [info] > git status -z -uall [14ms]
2023-11-27 19:26:46.934 [info] > git remote --verbose [7ms]
2023-11-27 19:26:46.934 [info] > git for-each-ref --sort -committerdate --format %(refname) %(objectname) %(*objectname) [10ms]
2023-11-27 19:26:46.935 [info] > git config --get commit.template [1ms]
2023-11-27 19:26:46.938 [info] > git for-each-ref --format=%(refname)%00%(upstream:short)%00%(objectname)%00%(upstream:track)%00%(upstream:remotename)%00%(upstream:remoteref) refs/heads/main refs/remotes/main [0ms]
2023-11-27 19:26:46.947 [info] > git status -z -uall [16ms]
2023-11-27 19:26:54.752 [info] > git remote --verbose [7ms]
2023-11-27 19:26:54.752 [info] > git for-each-ref --sort -committerdate --format %(refname) %(objectname) %(*objectname) [11ms]
2023-11-27 19:26:54.756 [info] > git config --get commit.template [5ms]
2023-11-27 19:26:54.756 [info] > git for-each-ref --format=%(refname)%00%(upstream:short)%00%(objectname)%00%(upstream:track)%00%(upstream:remotename)%00%(upstream:remoteref) refs/heads/main refs/remotes/main [0ms]
2023-11-27 19:26:54.758 [info] > git status -z -uall [10ms]
2023-11-27 19:39:14.661 [info] > git remote --verbose [7ms]
2023-11-27 19:39:14.661 [info] > git for-each-ref --sort -committerdate --format %(refname) %(objectname) %(*objectname) [9ms]
2023-11-27 19:39:14.661 [info] > git config --get commit.template [1ms]
2023-11-27 19:39:14.666 [info] > git for-each-ref --format=%(refname)%00%(upstream:short)%00%(objectname)%00%(upstream:track)%00%(upstream:remotename)%00%(upstream:remoteref) refs/heads/main refs/remotes/main [1ms]
2023-11-27 19:39:14.671 [info] > git status -z -uall [14ms]
2023-11-27 19:39:19.730 [info] > git remote --verbose [29ms]
2023-11-27 19:39:19.730 [info] > git for-each-ref --sort -committerdate --format %(refname) %(objectname) %(*objectname) [32ms]
2023-11-27 19:39:19.730 [info] > git status -z -uall [27ms]
2023-11-27 19:39:19.742 [info] > git config --get commit.template [34ms]
2023-11-27 19:39:19.750 [info] > git for-each-ref --format=%(refname)%00%(upstream:short)%00%(objectname)%00%(upstream:track)%00%(upstream:remotename)%00%(upstream:remoteref) refs/heads/main refs/remotes/main [1ms]
2023-11-27 19:39:24.774 [info] > git remote --verbose [11ms]
2023-11-27 19:39:24.774 [info] > git for-each-ref --sort -committerdate --format %(refname) %(objectname) %(*objectname) [14ms]
2023-11-27 19:39:24.774 [info] > git config --get commit.template [1ms]
2023-11-27 19:39:24.778 [info] > git for-each-ref --format=%(refname)%00%(upstream:short)%00%(objectname)%00%(upstream:track)%00%(upstream:remotename)%00%(upstream:remoteref) refs/heads/main refs/remotes/main [1ms]
2023-11-27 19:39:24.782 [info] > git status -z -uall [15ms]
