2023-11-21 16:06:07.890 [info] Validating found git in: git
2023-11-21 16:06:07.890 [info] Using git 2.42.1 from git
2023-11-21 16:06:07.890 [info] > git rev-parse --show-toplevel [2ms]
2023-11-21 16:06:07.890 [info] fatal: not a git repository (or any parent up to mount point /)
Stopping at filesystem boundary (GIT_DISCOVERY_ACROSS_FILESYSTEM not set).
2023-11-21 16:06:07.890 [info] > git rev-parse --show-toplevel [0ms]
2023-11-21 16:06:07.890 [info] fatal: not a git repository (or any parent up to mount point /)
Stopping at filesystem boundary (GIT_DISCOVERY_ACROSS_FILESYSTEM not set).
2023-11-21 16:06:07.890 [info] > git rev-parse --show-toplevel [1ms]
2023-11-21 16:06:07.890 [info] fatal: not a git repository (or any parent up to mount point /)
Stopping at filesystem boundary (GIT_DISCOVERY_ACROSS_FILESYSTEM not set).
2023-11-21 16:06:07.890 [info] > git rev-parse --show-toplevel [1ms]
2023-11-21 16:06:07.890 [info] fatal: not a git repository (or any parent up to mount point /)
Stopping at filesystem boundary (GIT_DISCOVERY_ACROSS_FILESYSTEM not set).
2023-11-21 16:06:07.890 [info] > git rev-parse --show-toplevel [1ms]
2023-11-21 16:06:07.890 [info] fatal: not a git repository (or any parent up to mount point /)
Stopping at filesystem boundary (GIT_DISCOVERY_ACROSS_FILESYSTEM not set).
2023-11-21 16:06:07.893 [info] > git rev-parse --show-toplevel [47ms]
2023-11-21 16:06:07.893 [info] fatal: not a git repository (or any parent up to mount point /)
Stopping at filesystem boundary (GIT_DISCOVERY_ACROSS_FILESYSTEM not set).
2023-11-21 16:06:07.896 [info] > git rev-parse --show-toplevel [0ms]
2023-11-21 16:06:07.896 [info] fatal: not a git repository (or any parent up to mount point /)
Stopping at filesystem boundary (GIT_DISCOVERY_ACROSS_FILESYSTEM not set).
2023-11-21 16:06:07.899 [info] > git rev-parse --show-toplevel [0ms]
2023-11-21 16:06:07.899 [info] fatal: not a git repository (or any parent up to mount point /)
Stopping at filesystem boundary (GIT_DISCOVERY_ACROSS_FILESYSTEM not set).
2023-11-21 16:06:07.901 [info] > git rev-parse --show-toplevel [0ms]
2023-11-21 16:06:07.901 [info] fatal: not a git repository (or any parent up to mount point /)
Stopping at filesystem boundary (GIT_DISCOVERY_ACROSS_FILESYSTEM not set).
2023-11-21 16:06:07.903 [info] > git rev-parse --show-toplevel [0ms]
2023-11-21 16:06:07.903 [info] fatal: not a git repository (or any parent up to mount point /)
Stopping at filesystem boundary (GIT_DISCOVERY_ACROSS_FILESYSTEM not set).
2023-11-21 16:06:07.919 [info] > git rev-parse --show-toplevel [14ms]
2023-11-21 16:06:07.919 [info] fatal: not a git repository (or any parent up to mount point /)
Stopping at filesystem boundary (GIT_DISCOVERY_ACROSS_FILESYSTEM not set).
2023-11-21 16:06:07.922 [info] > git rev-parse --show-toplevel [1ms]
2023-11-21 16:06:07.922 [info] fatal: not a git repository (or any parent up to mount point /)
Stopping at filesystem boundary (GIT_DISCOVERY_ACROSS_FILESYSTEM not set).
2023-11-21 16:06:07.925 [info] > git rev-parse --show-toplevel [1ms]
2023-11-21 16:06:07.925 [info] fatal: not a git repository (or any parent up to mount point /)
Stopping at filesystem boundary (GIT_DISCOVERY_ACROSS_FILESYSTEM not set).
2023-11-21 16:06:07.927 [info] > git rev-parse --show-toplevel [1ms]
2023-11-21 16:06:07.927 [info] fatal: not a git repository (or any parent up to mount point /)
Stopping at filesystem boundary (GIT_DISCOVERY_ACROSS_FILESYSTEM not set).
2023-11-21 16:06:07.929 [info] > git rev-parse --show-toplevel [0ms]
2023-11-21 16:06:07.929 [info] fatal: not a git repository (or any parent up to mount point /)
Stopping at filesystem boundary (GIT_DISCOVERY_ACROSS_FILESYSTEM not set).
2023-11-21 16:06:07.931 [info] > git rev-parse --show-toplevel [0ms]
2023-11-21 16:06:07.931 [info] fatal: not a git repository (or any parent up to mount point /)
Stopping at filesystem boundary (GIT_DISCOVERY_ACROSS_FILESYSTEM not set).
2023-11-21 16:06:07.934 [info] > git rev-parse --show-toplevel [0ms]
2023-11-21 16:06:07.934 [info] fatal: not a git repository (or any parent up to mount point /)
Stopping at filesystem boundary (GIT_DISCOVERY_ACROSS_FILESYSTEM not set).
2023-11-21 16:06:07.936 [info] > git rev-parse --show-toplevel [1ms]
2023-11-21 16:06:07.936 [info] fatal: not a git repository (or any parent up to mount point /)
Stopping at filesystem boundary (GIT_DISCOVERY_ACROSS_FILESYSTEM not set).
2023-11-21 16:06:07.948 [info] > git rev-parse --show-toplevel [10ms]
2023-11-21 16:06:07.948 [info] fatal: not a git repository (or any parent up to mount point /)
Stopping at filesystem boundary (GIT_DISCOVERY_ACROSS_FILESYSTEM not set).
2023-11-21 16:06:07.950 [info] > git rev-parse --show-toplevel [0ms]
2023-11-21 16:06:07.950 [info] fatal: not a git repository (or any parent up to mount point /)
Stopping at filesystem boundary (GIT_DISCOVERY_ACROSS_FILESYSTEM not set).
2023-11-21 16:06:07.953 [info] > git rev-parse --show-toplevel [1ms]
2023-11-21 16:06:07.953 [info] fatal: not a git repository (or any parent up to mount point /)
Stopping at filesystem boundary (GIT_DISCOVERY_ACROSS_FILESYSTEM not set).
2023-11-21 16:06:07.956 [info] > git rev-parse --show-toplevel [1ms]
2023-11-21 16:06:07.956 [info] fatal: not a git repository (or any parent up to mount point /)
Stopping at filesystem boundary (GIT_DISCOVERY_ACROSS_FILESYSTEM not set).
2023-11-21 16:06:07.958 [info] > git rev-parse --show-toplevel [0ms]
2023-11-21 16:06:07.958 [info] fatal: not a git repository (or any parent up to mount point /)
Stopping at filesystem boundary (GIT_DISCOVERY_ACROSS_FILESYSTEM not set).
2023-11-21 16:06:07.961 [info] > git rev-parse --show-toplevel [1ms]
2023-11-21 16:06:07.961 [info] fatal: not a git repository (or any parent up to mount point /)
Stopping at filesystem boundary (GIT_DISCOVERY_ACROSS_FILESYSTEM not set).
2023-11-21 16:06:07.963 [info] > git rev-parse --show-toplevel [0ms]
2023-11-21 16:06:07.963 [info] fatal: not a git repository (or any parent up to mount point /)
Stopping at filesystem boundary (GIT_DISCOVERY_ACROSS_FILESYSTEM not set).
2023-11-21 16:06:07.966 [info] > git rev-parse --show-toplevel [1ms]
2023-11-21 16:06:07.966 [info] fatal: not a git repository (or any parent up to mount point /)
Stopping at filesystem boundary (GIT_DISCOVERY_ACROSS_FILESYSTEM not set).
2023-11-21 16:06:07.968 [info] > git rev-parse --show-toplevel [0ms]
2023-11-21 16:06:07.968 [info] fatal: not a git repository (or any parent up to mount point /)
Stopping at filesystem boundary (GIT_DISCOVERY_ACROSS_FILESYSTEM not set).
2023-11-21 16:06:07.971 [info] > git rev-parse --show-toplevel [1ms]
2023-11-21 16:06:07.971 [info] fatal: not a git repository (or any parent up to mount point /)
Stopping at filesystem boundary (GIT_DISCOVERY_ACROSS_FILESYSTEM not set).
2023-11-21 16:06:07.974 [info] > git rev-parse --show-toplevel [1ms]
2023-11-21 16:06:07.974 [info] fatal: not a git repository (or any parent up to mount point /)
Stopping at filesystem boundary (GIT_DISCOVERY_ACROSS_FILESYSTEM not set).
2023-11-21 16:06:07.976 [info] > git rev-parse --show-toplevel [0ms]
2023-11-21 16:06:07.976 [info] fatal: not a git repository (or any parent up to mount point /)
Stopping at filesystem boundary (GIT_DISCOVERY_ACROSS_FILESYSTEM not set).
2023-11-21 16:06:07.978 [info] > git rev-parse --show-toplevel [0ms]
2023-11-21 16:06:07.978 [info] fatal: not a git repository (or any parent up to mount point /)
Stopping at filesystem boundary (GIT_DISCOVERY_ACROSS_FILESYSTEM not set).
2023-11-21 16:06:07.980 [info] > git rev-parse --show-toplevel [0ms]
2023-11-21 16:06:07.980 [info] fatal: not a git repository (or any parent up to mount point /)
Stopping at filesystem boundary (GIT_DISCOVERY_ACROSS_FILESYSTEM not set).
2023-11-21 16:06:07.982 [info] > git rev-parse --show-toplevel [0ms]
2023-11-21 16:06:07.982 [info] fatal: not a git repository (or any parent up to mount point /)
Stopping at filesystem boundary (GIT_DISCOVERY_ACROSS_FILESYSTEM not set).
