2023-11-19 07:43:16.461 [info] Validating found git in: git
2023-11-19 07:43:16.461 [info] Using git 2.42.1 from git
2023-11-19 07:43:16.461 [info] > git rev-parse --show-toplevel [2ms]
2023-11-19 07:43:16.461 [info] fatal: not a git repository (or any parent up to mount point /)
Stopping at filesystem boundary (GIT_DISCOVERY_ACROSS_FILESYSTEM not set).
2023-11-19 07:43:16.461 [info] > git rev-parse --show-toplevel [4ms]
2023-11-19 07:43:16.461 [info] fatal: not a git repository (or any parent up to mount point /)
Stopping at filesystem boundary (GIT_DISCOVERY_ACROSS_FILESYSTEM not set).
2023-11-19 07:43:16.461 [info] > git rev-parse --show-toplevel [0ms]
2023-11-19 07:43:16.461 [info] fatal: not a git repository (or any parent up to mount point /)
Stopping at filesystem boundary (GIT_DISCOVERY_ACROSS_FILESYSTEM not set).
2023-11-19 07:43:16.461 [info] > git rev-parse --show-toplevel [1ms]
2023-11-19 07:43:16.461 [info] fatal: not a git repository (or any parent up to mount point /)
Stopping at filesystem boundary (GIT_DISCOVERY_ACROSS_FILESYSTEM not set).
2023-11-19 07:43:16.461 [info] > git rev-parse --show-toplevel [1ms]
2023-11-19 07:43:16.461 [info] fatal: not a git repository (or any parent up to mount point /)
Stopping at filesystem boundary (GIT_DISCOVERY_ACROSS_FILESYSTEM not set).
2023-11-19 07:43:16.461 [info] > git rev-parse --show-toplevel [0ms]
2023-11-19 07:43:16.461 [info] fatal: not a git repository (or any parent up to mount point /)
Stopping at filesystem boundary (GIT_DISCOVERY_ACROSS_FILESYSTEM not set).
2023-11-19 07:43:16.461 [info] > git rev-parse --show-toplevel [1ms]
2023-11-19 07:43:16.461 [info] fatal: not a git repository (or any parent up to mount point /)
Stopping at filesystem boundary (GIT_DISCOVERY_ACROSS_FILESYSTEM not set).
2023-11-19 07:43:16.461 [info] > git rev-parse --show-toplevel [0ms]
2023-11-19 07:43:16.461 [info] fatal: not a git repository (or any parent up to mount point /)
Stopping at filesystem boundary (GIT_DISCOVERY_ACROSS_FILESYSTEM not set).
2023-11-19 07:43:16.461 [info] > git rev-parse --show-toplevel [45ms]
2023-11-19 07:43:16.461 [info] fatal: not a git repository (or any parent up to mount point /)
Stopping at filesystem boundary (GIT_DISCOVERY_ACROSS_FILESYSTEM not set).
2023-11-19 07:43:16.461 [info] > git rev-parse --show-toplevel [97ms]
2023-11-19 07:43:16.461 [info] fatal: not a git repository (or any parent up to mount point /)
Stopping at filesystem boundary (GIT_DISCOVERY_ACROSS_FILESYSTEM not set).
2023-11-19 07:43:16.461 [info] > git rev-parse --show-toplevel [12ms]
2023-11-19 07:43:16.461 [info] fatal: not a git repository (or any parent up to mount point /)
Stopping at filesystem boundary (GIT_DISCOVERY_ACROSS_FILESYSTEM not set).
2023-11-19 07:43:16.465 [info] > git rev-parse --show-toplevel [1ms]
2023-11-19 07:43:16.465 [info] fatal: not a git repository (or any parent up to mount point /)
Stopping at filesystem boundary (GIT_DISCOVERY_ACROSS_FILESYSTEM not set).
2023-11-19 07:43:16.468 [info] > git rev-parse --show-toplevel [1ms]
2023-11-19 07:43:16.468 [info] fatal: not a git repository (or any parent up to mount point /)
Stopping at filesystem boundary (GIT_DISCOVERY_ACROSS_FILESYSTEM not set).
2023-11-19 07:43:16.472 [info] > git rev-parse --show-toplevel [2ms]
2023-11-19 07:43:16.472 [info] fatal: not a git repository (or any parent up to mount point /)
Stopping at filesystem boundary (GIT_DISCOVERY_ACROSS_FILESYSTEM not set).
2023-11-19 07:43:16.475 [info] > git rev-parse --show-toplevel [0ms]
2023-11-19 07:43:16.475 [info] fatal: not a git repository (or any parent up to mount point /)
Stopping at filesystem boundary (GIT_DISCOVERY_ACROSS_FILESYSTEM not set).
2023-11-19 07:43:16.478 [info] > git rev-parse --show-toplevel [0ms]
2023-11-19 07:43:16.478 [info] fatal: not a git repository (or any parent up to mount point /)
Stopping at filesystem boundary (GIT_DISCOVERY_ACROSS_FILESYSTEM not set).
2023-11-19 07:43:16.480 [info] > git rev-parse --show-toplevel [0ms]
2023-11-19 07:43:16.480 [info] fatal: not a git repository (or any parent up to mount point /)
Stopping at filesystem boundary (GIT_DISCOVERY_ACROSS_FILESYSTEM not set).
2023-11-19 07:43:16.484 [info] > git rev-parse --show-toplevel [1ms]
2023-11-19 07:43:16.484 [info] fatal: not a git repository (or any parent up to mount point /)
Stopping at filesystem boundary (GIT_DISCOVERY_ACROSS_FILESYSTEM not set).
2023-11-19 07:43:16.487 [info] > git rev-parse --show-toplevel [0ms]
2023-11-19 07:43:16.487 [info] fatal: not a git repository (or any parent up to mount point /)
Stopping at filesystem boundary (GIT_DISCOVERY_ACROSS_FILESYSTEM not set).
2023-11-19 07:43:16.489 [info] > git rev-parse --show-toplevel [0ms]
2023-11-19 07:43:16.489 [info] fatal: not a git repository (or any parent up to mount point /)
Stopping at filesystem boundary (GIT_DISCOVERY_ACROSS_FILESYSTEM not set).
2023-11-19 07:43:16.492 [info] > git rev-parse --show-toplevel [0ms]
2023-11-19 07:43:16.492 [info] fatal: not a git repository (or any parent up to mount point /)
Stopping at filesystem boundary (GIT_DISCOVERY_ACROSS_FILESYSTEM not set).
2023-11-19 07:43:16.495 [info] > git rev-parse --show-toplevel [0ms]
2023-11-19 07:43:16.495 [info] fatal: not a git repository (or any parent up to mount point /)
Stopping at filesystem boundary (GIT_DISCOVERY_ACROSS_FILESYSTEM not set).
2023-11-19 07:43:16.498 [info] > git rev-parse --show-toplevel [1ms]
2023-11-19 07:43:16.498 [info] fatal: not a git repository (or any parent up to mount point /)
Stopping at filesystem boundary (GIT_DISCOVERY_ACROSS_FILESYSTEM not set).
2023-11-19 07:43:16.501 [info] > git rev-parse --show-toplevel [0ms]
2023-11-19 07:43:16.501 [info] fatal: not a git repository (or any parent up to mount point /)
Stopping at filesystem boundary (GIT_DISCOVERY_ACROSS_FILESYSTEM not set).
2023-11-19 07:43:16.504 [info] > git rev-parse --show-toplevel [1ms]
2023-11-19 07:43:16.504 [info] fatal: not a git repository (or any parent up to mount point /)
Stopping at filesystem boundary (GIT_DISCOVERY_ACROSS_FILESYSTEM not set).
2023-11-19 07:43:16.507 [info] > git rev-parse --show-toplevel [1ms]
2023-11-19 07:43:16.507 [info] fatal: not a git repository (or any parent up to mount point /)
Stopping at filesystem boundary (GIT_DISCOVERY_ACROSS_FILESYSTEM not set).
2023-11-19 07:43:16.511 [info] > git rev-parse --show-toplevel [2ms]
2023-11-19 07:43:16.511 [info] fatal: not a git repository (or any parent up to mount point /)
Stopping at filesystem boundary (GIT_DISCOVERY_ACROSS_FILESYSTEM not set).
2023-11-19 07:43:16.514 [info] > git rev-parse --show-toplevel [1ms]
2023-11-19 07:43:16.514 [info] fatal: not a git repository (or any parent up to mount point /)
Stopping at filesystem boundary (GIT_DISCOVERY_ACROSS_FILESYSTEM not set).
2023-11-19 07:43:16.517 [info] > git rev-parse --show-toplevel [0ms]
2023-11-19 07:43:16.517 [info] fatal: not a git repository (or any parent up to mount point /)
Stopping at filesystem boundary (GIT_DISCOVERY_ACROSS_FILESYSTEM not set).
2023-11-19 07:43:16.520 [info] > git rev-parse --show-toplevel [1ms]
2023-11-19 07:43:16.520 [info] fatal: not a git repository (or any parent up to mount point /)
Stopping at filesystem boundary (GIT_DISCOVERY_ACROSS_FILESYSTEM not set).
2023-11-19 12:28:47.524 [info] > git rev-parse --show-toplevel [9ms]
2023-11-19 12:28:47.524 [info] fatal: not a git repository (or any parent up to mount point /)
Stopping at filesystem boundary (GIT_DISCOVERY_ACROSS_FILESYSTEM not set).
2023-11-19 12:41:29.418 [info] > git rev-parse --show-toplevel [2ms]
2023-11-19 12:41:29.418 [info] fatal: not a git repository (or any parent up to mount point /)
Stopping at filesystem boundary (GIT_DISCOVERY_ACROSS_FILESYSTEM not set).
2023-11-19 21:14:29.924 [info] > git rev-parse --show-toplevel [8ms]
2023-11-19 21:14:29.924 [info] fatal: not a git repository (or any parent up to mount point /)
Stopping at filesystem boundary (GIT_DISCOVERY_ACROSS_FILESYSTEM not set).
