2023-12-02 08:25:31.395 [info] Validating found git in: git
2023-12-02 08:25:31.396 [info] Using git 2.43.0 from git
2023-12-02 08:25:31.396 [info] > git rev-parse --show-toplevel [3ms]
2023-12-02 08:25:31.396 [info] > git rev-parse --git-dir --git-common-dir [56ms]
2023-12-02 08:25:31.396 [info] Log level: Info
2023-12-02 08:25:31.396 [info] Open repository: /home/n30/.dotfiles
2023-12-02 08:25:31.396 [info] > git rev-parse --show-toplevel [7ms]
2023-12-02 08:25:31.396 [info] > git remote --verbose [15ms]
2023-12-02 08:25:31.396 [info] > git for-each-ref --sort -committerdate --format %(refname) %(objectname) %(*objectname) [18ms]
2023-12-02 08:25:31.396 [info] > git rev-parse --show-toplevel [1ms]
2023-12-02 08:25:31.396 [info] > git config --get commit.template [6ms]
2023-12-02 08:25:31.409 [info] > git status -z -uall [31ms]
2023-12-02 08:25:31.410 [info] > git rev-parse --show-toplevel [16ms]
2023-12-02 08:25:31.413 [info] > git for-each-ref --format=%(refname)%00%(upstream:short)%00%(objectname)%00%(upstream:track)%00%(upstream:remotename)%00%(upstream:remoteref) refs/heads/main refs/remotes/main [4ms]
2023-12-02 08:25:31.424 [info] > git remote --verbose [4ms]
2023-12-02 08:25:31.424 [info] > git for-each-ref --sort -committerdate --format %(refname) %(objectname) %(*objectname) [6ms]
2023-12-02 08:25:31.425 [info] > git rev-parse --show-toplevel [12ms]
2023-12-02 08:25:31.427 [info] > git config --get commit.template [3ms]
2023-12-02 08:25:31.427 [info] > git rev-parse --show-toplevel [0ms]
2023-12-02 08:25:31.438 [info] > git status -z -uall [16ms]
2023-12-02 08:25:31.439 [info] > git for-each-ref --format=%(refname)%00%(upstream:short)%00%(objectname)%00%(upstream:track)%00%(upstream:remotename)%00%(upstream:remoteref) refs/heads/main refs/remotes/main [8ms]
2023-12-02 08:25:31.440 [info] > git rev-parse --show-toplevel [10ms]
2023-12-02 08:25:31.443 [info] > git rev-parse --show-toplevel [0ms]
2023-12-02 08:25:31.446 [info] > git rev-parse --show-toplevel [0ms]
2023-12-02 08:25:31.449 [info] > git rev-parse --show-toplevel [1ms]
2023-12-02 08:25:31.451 [info] > git rev-parse --show-toplevel [0ms]
2023-12-02 08:25:31.453 [info] > git rev-parse --show-toplevel [0ms]
2023-12-02 08:25:31.455 [info] > git rev-parse --show-toplevel [0ms]
2023-12-02 08:25:31.457 [info] > git rev-parse --show-toplevel [0ms]
2023-12-02 08:25:31.459 [info] > git rev-parse --show-toplevel [0ms]
2023-12-02 08:25:31.462 [info] > git rev-parse --show-toplevel [0ms]
2023-12-02 08:25:31.464 [info] > git rev-parse --show-toplevel [1ms]
2023-12-02 08:25:31.466 [info] > git rev-parse --show-toplevel [0ms]
2023-12-02 08:25:31.472 [info] > git rev-parse --show-toplevel [4ms]
2023-12-02 08:25:31.475 [info] > git rev-parse --show-toplevel [1ms]
2023-12-02 08:25:31.478 [info] > git rev-parse --show-toplevel [0ms]
2023-12-02 08:25:31.482 [info] > git rev-parse --show-toplevel [2ms]
2023-12-02 08:25:31.485 [info] > git rev-parse --show-toplevel [1ms]
2023-12-02 08:25:31.488 [info] > git rev-parse --show-toplevel [1ms]
2023-12-02 08:25:31.491 [info] > git rev-parse --show-toplevel [0ms]
2023-12-02 08:25:31.493 [info] > git rev-parse --show-toplevel [0ms]
2023-12-02 08:25:31.496 [info] > git rev-parse --show-toplevel [1ms]
2023-12-02 08:25:31.498 [info] > git rev-parse --show-toplevel [0ms]
2023-12-02 08:25:31.500 [info] > git rev-parse --show-toplevel [0ms]
2023-12-02 08:25:31.503 [info] > git rev-parse --show-toplevel [1ms]
2023-12-02 08:25:31.505 [info] > git rev-parse --show-toplevel [1ms]
2023-12-02 08:25:31.507 [info] > git rev-parse --show-toplevel [0ms]
2023-12-02 08:25:31.510 [info] > git rev-parse --show-toplevel [0ms]
2023-12-02 08:25:31.513 [info] > git rev-parse --show-toplevel [1ms]
2023-12-02 08:25:31.889 [info] > git check-ignore -v -z --stdin [2ms]
2023-12-02 08:25:46.061 [info] > git remote --verbose [5ms]
2023-12-02 08:25:46.061 [info] > git for-each-ref --sort -committerdate --format %(refname) %(objectname) %(*objectname) [7ms]
2023-12-02 08:25:46.061 [info] > git config --get commit.template [1ms]
2023-12-02 08:25:46.064 [info] > git for-each-ref --format=%(refname)%00%(upstream:short)%00%(objectname)%00%(upstream:track)%00%(upstream:remotename)%00%(upstream:remoteref) refs/heads/main refs/remotes/main [1ms]
2023-12-02 08:25:46.067 [info] > git status -z -uall [9ms]
2023-12-02 08:25:54.725 [info] > git remote --verbose [7ms]
2023-12-02 08:25:54.725 [info] > git for-each-ref --sort -committerdate --format %(refname) %(objectname) %(*objectname) [12ms]
2023-12-02 08:25:54.726 [info] > git config --get commit.template [3ms]
2023-12-02 08:25:54.729 [info] > git for-each-ref --format=%(refname)%00%(upstream:short)%00%(objectname)%00%(upstream:track)%00%(upstream:remotename)%00%(upstream:remoteref) refs/heads/main refs/remotes/main [1ms]
2023-12-02 08:25:54.732 [info] > git status -z -uall [12ms]
2023-12-02 08:26:02.229 [info] > git remote --verbose [9ms]
2023-12-02 08:26:02.229 [info] > git for-each-ref --sort -committerdate --format %(refname) %(objectname) %(*objectname) [13ms]
2023-12-02 08:26:02.230 [info] > git config --get commit.template [2ms]
2023-12-02 08:26:02.234 [info] > git for-each-ref --format=%(refname)%00%(upstream:short)%00%(objectname)%00%(upstream:track)%00%(upstream:remotename)%00%(upstream:remoteref) refs/heads/main refs/remotes/main [1ms]
2023-12-02 08:26:02.237 [info] > git status -z -uall [13ms]
2023-12-02 08:46:55.107 [info] > git remote --verbose [13ms]
2023-12-02 08:46:55.108 [info] > git for-each-ref --sort -committerdate --format %(refname) %(objectname) %(*objectname) [21ms]
2023-12-02 08:46:55.110 [info] > git config --get commit.template [5ms]
2023-12-02 08:46:55.127 [info] > git for-each-ref --format=%(refname)%00%(upstream:short)%00%(objectname)%00%(upstream:track)%00%(upstream:remotename)%00%(upstream:remoteref) refs/heads/main refs/remotes/main [3ms]
2023-12-02 08:46:55.151 [info] > git status -z -uall [54ms]
2023-12-02 08:47:00.186 [info] > git remote --verbose [20ms]
2023-12-02 08:47:00.187 [info] > git for-each-ref --sort -committerdate --format %(refname) %(objectname) %(*objectname) [28ms]
2023-12-02 08:47:00.188 [info] > git config --get commit.template [3ms]
2023-12-02 08:47:00.198 [info] > git for-each-ref --format=%(refname)%00%(upstream:short)%00%(objectname)%00%(upstream:track)%00%(upstream:remotename)%00%(upstream:remoteref) refs/heads/main refs/remotes/main [2ms]
2023-12-02 08:47:00.207 [info] > git status -z -uall [33ms]
2023-12-02 09:44:51.254 [info] > git remote --verbose [8ms]
2023-12-02 09:44:51.254 [info] > git for-each-ref --sort -committerdate --format %(refname) %(objectname) %(*objectname) [14ms]
2023-12-02 09:44:51.255 [info] > git config --get commit.template [3ms]
2023-12-02 09:44:51.260 [info] > git for-each-ref --format=%(refname)%00%(upstream:short)%00%(objectname)%00%(upstream:track)%00%(upstream:remotename)%00%(upstream:remoteref) refs/heads/main refs/remotes/main [1ms]
2023-12-02 09:44:53.170 [info] > git status -z -uall [1922ms]
2023-12-02 09:44:53.293 [info] > git ls-files --stage -- /home/n30/.dotfiles/wiki-wayland-0.95beta.md [3ms]
2023-12-02 09:44:53.297 [info] > git show --textconv :wiki-wayland-0.95beta.md [10ms]
2023-12-02 09:44:53.298 [info] > git cat-file -s 3227573f7275fc43d8f7ed36510d3d6c31f19dd4 [1ms]
2023-12-02 09:44:53.500 [info] > git check-ignore -v -z --stdin [3ms]
2023-12-02 09:44:58.188 [info] > git remote --verbose [9ms]
2023-12-02 09:44:58.189 [info] > git for-each-ref --sort -committerdate --format %(refname) %(objectname) %(*objectname) [13ms]
2023-12-02 09:44:58.189 [info] > git config --get commit.template [1ms]
2023-12-02 09:44:58.193 [info] > git for-each-ref --format=%(refname)%00%(upstream:short)%00%(objectname)%00%(upstream:track)%00%(upstream:remotename)%00%(upstream:remoteref) refs/heads/main refs/remotes/main [1ms]
2023-12-02 09:44:59.049 [info] > git status -z -uall [866ms]
2023-12-02 09:49:09.317 [info] > git remote --verbose [11ms]
2023-12-02 09:49:09.317 [info] > git for-each-ref --sort -committerdate --format %(refname) %(objectname) %(*objectname) [17ms]
2023-12-02 09:49:09.318 [info] > git config --get commit.template [2ms]
2023-12-02 09:49:09.322 [info] > git for-each-ref --format=%(refname)%00%(upstream:short)%00%(objectname)%00%(upstream:track)%00%(upstream:remotename)%00%(upstream:remoteref) refs/heads/main refs/remotes/main [0ms]
2023-12-02 09:49:10.147 [info] > git status -z -uall [837ms]
2023-12-02 09:49:34.299 [info] > git remote --verbose [10ms]
2023-12-02 09:49:34.299 [info] > git for-each-ref --sort -committerdate --format %(refname) %(objectname) %(*objectname) [13ms]
2023-12-02 09:49:34.300 [info] > git config --get commit.template [2ms]
2023-12-02 09:49:34.305 [info] > git for-each-ref --format=%(refname)%00%(upstream:short)%00%(objectname)%00%(upstream:track)%00%(upstream:remotename)%00%(upstream:remoteref) refs/heads/main refs/remotes/main [1ms]
2023-12-02 09:49:35.144 [info] > git status -z -uall [851ms]
2023-12-02 09:49:41.935 [info] > git remote --verbose [11ms]
2023-12-02 09:49:41.936 [info] > git for-each-ref --sort -committerdate --format %(refname) %(objectname) %(*objectname) [18ms]
2023-12-02 09:49:41.936 [info] > git config --get commit.template [1ms]
2023-12-02 09:49:41.940 [info] > git for-each-ref --format=%(refname)%00%(upstream:short)%00%(objectname)%00%(upstream:track)%00%(upstream:remotename)%00%(upstream:remoteref) refs/heads/main refs/remotes/main [1ms]
2023-12-02 09:49:42.772 [info] > git status -z -uall [843ms]
2023-12-02 09:49:47.794 [info] > git remote --verbose [11ms]
2023-12-02 09:49:47.794 [info] > git for-each-ref --sort -committerdate --format %(refname) %(objectname) %(*objectname) [16ms]
2023-12-02 09:49:47.794 [info] > git config --get commit.template [1ms]
2023-12-02 09:49:47.799 [info] > git for-each-ref --format=%(refname)%00%(upstream:short)%00%(objectname)%00%(upstream:track)%00%(upstream:remotename)%00%(upstream:remoteref) refs/heads/main refs/remotes/main [0ms]
2023-12-02 09:49:48.672 [info] > git status -z -uall [885ms]
2023-12-02 09:50:15.336 [info] > git remote --verbose [9ms]
2023-12-02 09:50:15.336 [info] > git for-each-ref --sort -committerdate --format %(refname) %(objectname) %(*objectname) [13ms]
2023-12-02 09:50:15.336 [info] > git config --get commit.template [1ms]
2023-12-02 09:50:15.340 [info] > git for-each-ref --format=%(refname)%00%(upstream:short)%00%(objectname)%00%(upstream:track)%00%(upstream:remotename)%00%(upstream:remoteref) refs/heads/main refs/remotes/main [1ms]
2023-12-02 09:50:16.175 [info] > git status -z -uall [845ms]
2023-12-02 09:50:21.193 [info] > git remote --verbose [7ms]
2023-12-02 09:50:21.193 [info] > git for-each-ref --sort -committerdate --format %(refname) %(objectname) %(*objectname) [11ms]
2023-12-02 09:50:21.194 [info] > git config --get commit.template [1ms]
2023-12-02 09:50:21.198 [info] > git for-each-ref --format=%(refname)%00%(upstream:short)%00%(objectname)%00%(upstream:track)%00%(upstream:remotename)%00%(upstream:remoteref) refs/heads/main refs/remotes/main [0ms]
2023-12-02 09:50:22.042 [info] > git status -z -uall [852ms]
2023-12-02 09:50:27.072 [info] > git remote --verbose [17ms]
2023-12-02 09:50:27.073 [info] > git for-each-ref --sort -committerdate --format %(refname) %(objectname) %(*objectname) [23ms]
2023-12-02 09:50:27.073 [info] > git config --get commit.template [1ms]
2023-12-02 09:50:27.084 [info] > git for-each-ref --format=%(refname)%00%(upstream:short)%00%(objectname)%00%(upstream:track)%00%(upstream:remotename)%00%(upstream:remoteref) refs/heads/main refs/remotes/main [3ms]
2023-12-02 09:50:27.930 [info] > git status -z -uall [866ms]
2023-12-02 09:50:33.366 [info] > git remote --verbose [11ms]
2023-12-02 09:50:33.367 [info] > git for-each-ref --sort -committerdate --format %(refname) %(objectname) %(*objectname) [15ms]
2023-12-02 09:50:33.367 [info] > git config --get commit.template [1ms]
2023-12-02 09:50:33.372 [info] > git for-each-ref --format=%(refname)%00%(upstream:short)%00%(objectname)%00%(upstream:track)%00%(upstream:remotename)%00%(upstream:remoteref) refs/heads/main refs/remotes/main [2ms]
2023-12-02 09:50:34.191 [info] > git status -z -uall [829ms]
2023-12-02 09:52:59.013 [info] > git remote --verbose [12ms]
2023-12-02 09:52:59.013 [info] > git for-each-ref --sort -committerdate --format %(refname) %(objectname) %(*objectname) [14ms]
2023-12-02 09:52:59.013 [info] > git config --get commit.template [0ms]
2023-12-02 09:52:59.017 [info] > git for-each-ref --format=%(refname)%00%(upstream:short)%00%(objectname)%00%(upstream:track)%00%(upstream:remotename)%00%(upstream:remoteref) refs/heads/main refs/remotes/main [0ms]
2023-12-02 09:52:59.861 [info] > git status -z -uall [854ms]
2023-12-02 09:53:40.533 [info] > git remote --verbose [12ms]
2023-12-02 09:53:40.533 [info] > git for-each-ref --sort -committerdate --format %(refname) %(objectname) %(*objectname) [19ms]
2023-12-02 09:53:40.537 [info] > git config --get commit.template [4ms]
2023-12-02 09:53:40.537 [info] > git for-each-ref --format=%(refname)%00%(upstream:short)%00%(objectname)%00%(upstream:track)%00%(upstream:remotename)%00%(upstream:remoteref) refs/heads/main refs/remotes/main [1ms]
2023-12-02 09:53:41.398 [info] > git status -z -uall [873ms]
2023-12-02 09:56:17.745 [info] > git remote --verbose [15ms]
2023-12-02 09:56:17.745 [info] > git for-each-ref --sort -committerdate --format %(refname) %(objectname) %(*objectname) [19ms]
2023-12-02 09:56:17.746 [info] > git config --get commit.template [2ms]
2023-12-02 09:56:17.755 [info] > git for-each-ref --format=%(refname)%00%(upstream:short)%00%(objectname)%00%(upstream:track)%00%(upstream:remotename)%00%(upstream:remoteref) refs/heads/main refs/remotes/main [1ms]
2023-12-02 09:56:18.582 [info] > git status -z -uall [846ms]
2023-12-02 09:58:57.281 [info] > git rev-parse --show-toplevel [2ms]
2023-12-02 09:58:57.281 [info] fatal: not a git repository (or any parent up to mount point /)
Stopping at filesystem boundary (GIT_DISCOVERY_ACROSS_FILESYSTEM not set).
2023-12-02 09:59:02.379 [info] > git remote --verbose [13ms]
2023-12-02 09:59:02.379 [info] > git for-each-ref --sort -committerdate --format %(refname) %(objectname) %(*objectname) [17ms]
2023-12-02 09:59:02.379 [info] > git config --get commit.template [1ms]
2023-12-02 09:59:02.385 [info] > git for-each-ref --format=%(refname)%00%(upstream:short)%00%(objectname)%00%(upstream:track)%00%(upstream:remotename)%00%(upstream:remoteref) refs/heads/main refs/remotes/main [1ms]
2023-12-02 09:59:03.261 [info] > git status -z -uall [891ms]
2023-12-02 09:59:08.276 [info] > git remote --verbose [7ms]
2023-12-02 09:59:08.276 [info] > git for-each-ref --sort -committerdate --format %(refname) %(objectname) %(*objectname) [10ms]
2023-12-02 09:59:08.280 [info] > git config --get commit.template [4ms]
2023-12-02 09:59:08.280 [info] > git for-each-ref --format=%(refname)%00%(upstream:short)%00%(objectname)%00%(upstream:track)%00%(upstream:remotename)%00%(upstream:remoteref) refs/heads/main refs/remotes/main [1ms]
2023-12-02 09:59:09.118 [info] > git status -z -uall [846ms]
2023-12-02 09:59:09.900 [info] > git show --textconv :wiki-wayland-0.95beta.md [5ms]
2023-12-02 09:59:09.901 [info] > git ls-files --stage -- /home/n30/.dotfiles/wiki-wayland-0.95beta.md [2ms]
2023-12-02 09:59:09.906 [info] > git cat-file -s 3227573f7275fc43d8f7ed36510d3d6c31f19dd4 [1ms]
2023-12-02 09:59:19.425 [info] > git rev-parse --show-toplevel [3ms]
2023-12-02 09:59:19.425 [info] fatal: not a git repository (or any parent up to mount point /)
Stopping at filesystem boundary (GIT_DISCOVERY_ACROSS_FILESYSTEM not set).
2023-12-02 09:59:26.927 [info] > git remote --verbose [9ms]
2023-12-02 09:59:26.928 [info] > git for-each-ref --sort -committerdate --format %(refname) %(objectname) %(*objectname) [16ms]
2023-12-02 09:59:26.928 [info] > git config --get commit.template [1ms]
2023-12-02 09:59:26.933 [info] > git for-each-ref --format=%(refname)%00%(upstream:short)%00%(objectname)%00%(upstream:track)%00%(upstream:remotename)%00%(upstream:remoteref) refs/heads/main refs/remotes/main [1ms]
2023-12-02 09:59:27.886 [info] > git status -z -uall [964ms]
2023-12-02 09:59:28.326 [info] > git show --textconv :wiki-wayland-0.95beta.md [99ms]
2023-12-02 09:59:28.347 [info] > git ls-files --stage -- /home/n30/.dotfiles/wiki-wayland-0.95beta.md [116ms]
2023-12-02 09:59:28.356 [info] > git cat-file -s 3227573f7275fc43d8f7ed36510d3d6c31f19dd4 [4ms]
2023-12-02 09:59:50.470 [info] > git rev-parse --show-toplevel [1ms]
2023-12-02 09:59:50.470 [info] fatal: not a git repository (or any parent up to mount point /)
Stopping at filesystem boundary (GIT_DISCOVERY_ACROSS_FILESYSTEM not set).
2023-12-02 10:01:57.377 [info] > git remote --verbose [10ms]
2023-12-02 10:01:57.377 [info] > git for-each-ref --sort -committerdate --format %(refname) %(objectname) %(*objectname) [13ms]
2023-12-02 10:01:57.377 [info] > git config --get commit.template [0ms]
2023-12-02 10:01:57.381 [info] > git for-each-ref --format=%(refname)%00%(upstream:short)%00%(objectname)%00%(upstream:track)%00%(upstream:remotename)%00%(upstream:remoteref) refs/heads/main refs/remotes/main [1ms]
2023-12-02 10:01:58.240 [info] > git status -z -uall [870ms]
2023-12-02 10:02:03.255 [info] > git remote --verbose [6ms]
2023-12-02 10:02:03.255 [info] > git for-each-ref --sort -committerdate --format %(refname) %(objectname) %(*objectname) [9ms]
2023-12-02 10:02:03.258 [info] > git config --get commit.template [3ms]
2023-12-02 10:02:03.258 [info] > git for-each-ref --format=%(refname)%00%(upstream:short)%00%(objectname)%00%(upstream:track)%00%(upstream:remotename)%00%(upstream:remoteref) refs/heads/main refs/remotes/main [1ms]
2023-12-02 10:02:04.078 [info] > git status -z -uall [826ms]
