2023-11-25 20:45:30.075 [info] Validating found git in: git
2023-11-25 20:45:30.075 [info] Using git 2.43.0 from git
2023-11-25 20:45:30.075 [info] > git rev-parse --show-toplevel [2ms]
2023-11-25 20:45:30.075 [info] > git rev-parse --git-dir --git-common-dir [1ms]
2023-11-25 20:45:30.075 [info] Log level: Info
2023-11-25 20:45:30.075 [info] Open repository: /home/n30/.dotfiles
2023-11-25 20:45:30.075 [info] > git status -z -uall [54ms]
2023-11-25 20:45:30.075 [info] > git remote --verbose [56ms]
2023-11-25 20:45:30.075 [info] > git for-each-ref --sort -committerdate --format %(refname) %(objectname) %(*objectname) [58ms]
2023-11-25 20:45:30.075 [info] > git config --get commit.template [5ms]
2023-11-25 20:45:30.075 [info] > git rev-parse --show-toplevel [56ms]
2023-11-25 20:45:30.089 [info] > git rev-parse --show-toplevel [15ms]
2023-11-25 20:45:30.093 [info] > git for-each-ref --format=%(refname)%00%(upstream:short)%00%(objectname)%00%(upstream:track)%00%(upstream:remotename)%00%(upstream:remoteref) refs/heads/main refs/remotes/main [4ms]
2023-11-25 20:45:30.108 [info] > git remote --verbose [7ms]
2023-11-25 20:45:30.108 [info] > git for-each-ref --sort -committerdate --format %(refname) %(objectname) %(*objectname) [9ms]
2023-11-25 20:45:30.108 [info] > git rev-parse --show-toplevel [17ms]
2023-11-25 20:45:30.122 [info] > git rev-parse --git-dir --git-common-dir [11ms]
2023-11-25 20:45:30.123 [info] Log level: Info
2023-11-25 20:45:30.123 [info] Open repository: /home/n30/.dotfiles_old
2023-11-25 20:45:30.133 [info] > git config --get commit.template [27ms]
2023-11-25 20:45:30.137 [info] > git status -z -uall [33ms]
2023-11-25 20:45:30.137 [info] > git rev-parse --show-toplevel [4ms]
2023-11-25 20:45:30.139 [info] > git remote --verbose [12ms]
2023-11-25 20:45:30.139 [info] > git for-each-ref --sort -committerdate --format %(refname) %(objectname) %(*objectname) [14ms]
2023-11-25 20:45:30.143 [info] > git rev-parse --show-toplevel [4ms]
2023-11-25 20:45:30.146 [info] > git config --get commit.template [10ms]
2023-11-25 20:45:30.146 [info] > git for-each-ref --format=%(refname)%00%(upstream:short)%00%(objectname)%00%(upstream:track)%00%(upstream:remotename)%00%(upstream:remoteref) refs/heads/main refs/remotes/main [4ms]
2023-11-25 20:45:30.150 [info] > git rev-parse --show-toplevel [4ms]
2023-11-25 20:45:30.153 [info] > git for-each-ref --format=%(refname)%00%(upstream:short)%00%(objectname)%00%(upstream:track)%00%(upstream:remotename)%00%(upstream:remoteref) refs/heads/master refs/remotes/master [2ms]
2023-11-25 20:45:30.153 [info] > git rev-parse --show-toplevel [1ms]
2023-11-25 20:45:30.155 [info] > git rev-parse --show-toplevel [0ms]
2023-11-25 20:45:30.158 [info] > git rev-parse --show-toplevel [1ms]
2023-11-25 20:45:30.162 [info] > git rev-parse --show-toplevel [0ms]
2023-11-25 20:45:30.165 [info] > git rev-parse --show-toplevel [1ms]
2023-11-25 20:45:30.168 [info] > git rev-parse --show-toplevel [1ms]
2023-11-25 20:45:30.173 [info] > git rev-parse --show-toplevel [2ms]
2023-11-25 20:45:30.176 [info] > git rev-parse --show-toplevel [1ms]
2023-11-25 20:45:30.179 [info] > git rev-parse --show-toplevel [1ms]
2023-11-25 20:45:30.182 [info] > git rev-parse --show-toplevel [1ms]
2023-11-25 20:45:30.185 [info] > git rev-parse --show-toplevel [1ms]
2023-11-25 20:45:30.189 [info] > git rev-parse --show-toplevel [1ms]
2023-11-25 20:45:30.191 [info] > git rev-parse --show-toplevel [0ms]
2023-11-25 20:45:30.194 [info] > git rev-parse --show-toplevel [0ms]
2023-11-25 20:45:30.198 [info] > git rev-parse --show-toplevel [1ms]
2023-11-25 20:45:30.200 [info] > git rev-parse --show-toplevel [0ms]
2023-11-25 20:45:30.203 [info] > git rev-parse --show-toplevel [0ms]
2023-11-25 20:45:30.206 [info] > git rev-parse --show-toplevel [1ms]
2023-11-25 20:45:30.209 [info] > git rev-parse --show-toplevel [1ms]
2023-11-25 20:45:30.211 [info] > git rev-parse --show-toplevel [0ms]
2023-11-25 20:45:30.215 [info] > git rev-parse --show-toplevel [0ms]
2023-11-25 20:45:30.217 [info] > git rev-parse --show-toplevel [0ms]
2023-11-25 20:45:30.220 [info] > git rev-parse --show-toplevel [1ms]
2023-11-25 20:45:30.230 [info] > git rev-parse --show-toplevel [8ms]
2023-11-25 20:45:30.234 [info] > git rev-parse --show-toplevel [1ms]
2023-11-25 20:45:30.368 [info] > git rev-parse --show-toplevel [94ms]
2023-11-25 20:45:30.370 [info] > git status -z -uall [241ms]
2023-11-25 20:45:30.879 [info] > git rev-parse --show-toplevel [9ms]
2023-11-25 20:45:30.879 [info] > git check-ignore -v -z --stdin [4ms]
2023-11-25 20:45:30.880 [info] > git check-ignore -v -z --stdin [2ms]
2023-11-25 20:45:30.940 [info] > git show --textconv :config/hypr/configs/hyprland.conf_settings-GRAVITY [4ms]
2023-11-25 20:45:30.940 [info] > git ls-files --stage -- /home/n30/.dotfiles_old/config/hypr/configs/hyprland.conf_settings-GRAVITY [1ms]
2023-11-25 20:45:30.945 [info] > git cat-file -s 2c67266683375407eb80fef7e73c0bff3ce3b1a2 [1ms]
2023-11-25 20:45:32.507 [info] > git remote --verbose [6ms]
2023-11-25 20:45:32.507 [info] > git for-each-ref --sort -committerdate --format %(refname) %(objectname) %(*objectname) [9ms]
2023-11-25 20:45:32.507 [info] > git config --get commit.template [1ms]
2023-11-25 20:45:32.511 [info] > git for-each-ref --format=%(refname)%00%(upstream:short)%00%(objectname)%00%(upstream:track)%00%(upstream:remotename)%00%(upstream:remoteref) refs/heads/main refs/remotes/main [1ms]
2023-11-25 20:45:32.517 [info] > git status -z -uall [14ms]
2023-11-25 20:45:37.564 [info] > git remote --verbose [23ms]
2023-11-25 20:45:37.564 [info] > git for-each-ref --sort -committerdate --format %(refname) %(objectname) %(*objectname) [35ms]
2023-11-25 20:45:37.565 [info] > git config --get commit.template [3ms]
2023-11-25 20:45:37.571 [info] > git for-each-ref --format=%(refname)%00%(upstream:short)%00%(objectname)%00%(upstream:track)%00%(upstream:remotename)%00%(upstream:remoteref) refs/heads/main refs/remotes/main [1ms]
2023-11-25 20:45:37.576 [info] > git status -z -uall [25ms]
2023-11-25 20:45:42.613 [info] > git remote --verbose [16ms]
2023-11-25 20:45:42.613 [info] > git for-each-ref --sort -committerdate --format %(refname) %(objectname) %(*objectname) [25ms]
2023-11-25 20:45:42.614 [info] > git config --get commit.template [1ms]
2023-11-25 20:45:42.617 [info] > git for-each-ref --format=%(refname)%00%(upstream:short)%00%(objectname)%00%(upstream:track)%00%(upstream:remotename)%00%(upstream:remoteref) refs/heads/main refs/remotes/main [1ms]
2023-11-25 20:45:42.623 [info] > git status -z -uall [16ms]
2023-11-25 20:45:48.456 [info] > git remote --verbose [5ms]
2023-11-25 20:45:48.456 [info] > git for-each-ref --sort -committerdate --format %(refname) %(objectname) %(*objectname) [8ms]
2023-11-25 20:45:48.457 [info] > git config --get commit.template [2ms]
2023-11-25 20:45:48.460 [info] > git for-each-ref --format=%(refname)%00%(upstream:short)%00%(objectname)%00%(upstream:track)%00%(upstream:remotename)%00%(upstream:remoteref) refs/heads/main refs/remotes/main [1ms]
2023-11-25 20:45:48.473 [info] > git status -z -uall [21ms]
2023-11-25 20:45:53.517 [info] > git remote --verbose [20ms]
2023-11-25 20:45:53.518 [info] > git for-each-ref --sort -committerdate --format %(refname) %(objectname) %(*objectname) [31ms]
2023-11-25 20:45:53.518 [info] > git config --get commit.template [2ms]
2023-11-25 20:45:53.529 [info] > git for-each-ref --format=%(refname)%00%(upstream:short)%00%(objectname)%00%(upstream:track)%00%(upstream:remotename)%00%(upstream:remoteref) refs/heads/main refs/remotes/main [2ms]
2023-11-25 20:45:53.545 [info] > git status -z -uall [39ms]
2023-11-25 20:48:12.670 [info] > git remote --verbose [7ms]
2023-11-25 20:48:12.671 [info] > git for-each-ref --sort -committerdate --format %(refname) %(objectname) %(*objectname) [11ms]
2023-11-25 20:48:12.671 [info] > git config --get commit.template [1ms]
2023-11-25 20:48:12.678 [info] > git for-each-ref --format=%(refname)%00%(upstream:short)%00%(objectname)%00%(upstream:track)%00%(upstream:remotename)%00%(upstream:remoteref) refs/heads/main refs/remotes/main [2ms]
2023-11-25 20:48:12.696 [info] > git status -z -uall [30ms]
2023-11-25 20:53:30.411 [info] > git remote --verbose [10ms]
2023-11-25 20:53:30.411 [info] > git for-each-ref --sort -committerdate --format %(refname) %(objectname) %(*objectname) [14ms]
2023-11-25 20:53:30.412 [info] > git config --get commit.template [2ms]
2023-11-25 20:53:30.415 [info] > git for-each-ref --format=%(refname)%00%(upstream:short)%00%(objectname)%00%(upstream:track)%00%(upstream:remotename)%00%(upstream:remoteref) refs/heads/main refs/remotes/main [0ms]
2023-11-25 20:53:30.423 [info] > git status -z -uall [17ms]
2023-11-25 20:53:35.456 [info] > git remote --verbose [14ms]
2023-11-25 20:53:35.456 [info] > git for-each-ref --sort -committerdate --format %(refname) %(objectname) %(*objectname) [20ms]
2023-11-25 20:53:35.457 [info] > git config --get commit.template [1ms]
2023-11-25 20:53:35.464 [info] > git for-each-ref --format=%(refname)%00%(upstream:short)%00%(objectname)%00%(upstream:track)%00%(upstream:remotename)%00%(upstream:remoteref) refs/heads/main refs/remotes/main [0ms]
2023-11-25 20:53:35.471 [info] > git status -z -uall [20ms]
2023-11-25 20:53:40.404 [info] > git show --textconv :wiki-wayland-0.95beta.md [9ms]
2023-11-25 20:53:40.405 [info] > git ls-files --stage -- /home/n30/.dotfiles/wiki-wayland-0.95beta.md [2ms]
2023-11-25 20:53:40.412 [info] > git cat-file -s 6db75c86d2ad682ecbbf1d21959d4bbf44b78e76 [2ms]
2023-11-25 20:53:40.713 [info] > git check-ignore -v -z --stdin [3ms]
2023-11-25 20:53:41.546 [info] > git remote --verbose [13ms]
2023-11-25 20:53:41.546 [info] > git for-each-ref --sort -committerdate --format %(refname) %(objectname) %(*objectname) [23ms]
2023-11-25 20:53:41.547 [info] > git config --get commit.template [0ms]
2023-11-25 20:53:41.553 [info] > git for-each-ref --format=%(refname)%00%(upstream:short)%00%(objectname)%00%(upstream:track)%00%(upstream:remotename)%00%(upstream:remoteref) refs/heads/main refs/remotes/main [1ms]
2023-11-25 20:53:41.562 [info] > git status -z -uall [23ms]
2023-11-25 20:53:46.597 [info] > git remote --verbose [15ms]
2023-11-25 20:53:46.597 [info] > git for-each-ref --sort -committerdate --format %(refname) %(objectname) %(*objectname) [24ms]
2023-11-25 20:53:46.598 [info] > git config --get commit.template [1ms]
2023-11-25 20:53:46.604 [info] > git for-each-ref --format=%(refname)%00%(upstream:short)%00%(objectname)%00%(upstream:track)%00%(upstream:remotename)%00%(upstream:remoteref) refs/heads/main refs/remotes/main [1ms]
2023-11-25 20:53:46.611 [info] > git status -z -uall [22ms]
2023-11-25 20:53:52.316 [info] > git remote --verbose [6ms]
2023-11-25 20:53:52.316 [info] > git for-each-ref --sort -committerdate --format %(refname) %(objectname) %(*objectname) [8ms]
2023-11-25 20:53:52.316 [info] > git config --get commit.template [0ms]
2023-11-25 20:53:52.320 [info] > git for-each-ref --format=%(refname)%00%(upstream:short)%00%(objectname)%00%(upstream:track)%00%(upstream:remotename)%00%(upstream:remoteref) refs/heads/main refs/remotes/main [1ms]
2023-11-25 20:53:52.330 [info] > git status -z -uall [17ms]
2023-11-25 20:54:04.658 [info] > git remote --verbose [9ms]
2023-11-25 20:54:04.659 [info] > git for-each-ref --sort -committerdate --format %(refname) %(objectname) %(*objectname) [13ms]
2023-11-25 20:54:04.659 [info] > git config --get commit.template [1ms]
2023-11-25 20:54:04.663 [info] > git for-each-ref --format=%(refname)%00%(upstream:short)%00%(objectname)%00%(upstream:track)%00%(upstream:remotename)%00%(upstream:remoteref) refs/heads/main refs/remotes/main [1ms]
2023-11-25 20:54:04.672 [info] > git status -z -uall [19ms]
2023-11-25 20:54:09.734 [info] > git remote --verbose [7ms]
2023-11-25 20:54:09.734 [info] > git for-each-ref --sort -committerdate --format %(refname) %(objectname) %(*objectname) [9ms]
2023-11-25 20:54:09.734 [info] > git config --get commit.template [0ms]
2023-11-25 20:54:09.738 [info] > git for-each-ref --format=%(refname)%00%(upstream:short)%00%(objectname)%00%(upstream:track)%00%(upstream:remotename)%00%(upstream:remoteref) refs/heads/main refs/remotes/main [1ms]
2023-11-25 20:54:09.744 [info] > git status -z -uall [14ms]
2023-11-25 20:54:26.366 [info] > git remote --verbose [19ms]
2023-11-25 20:54:26.366 [info] > git for-each-ref --sort -committerdate --format %(refname) %(objectname) %(*objectname) [23ms]
2023-11-25 20:54:26.366 [info] > git config --get commit.template [1ms]
2023-11-25 20:54:26.374 [info] > git for-each-ref --format=%(refname)%00%(upstream:short)%00%(objectname)%00%(upstream:track)%00%(upstream:remotename)%00%(upstream:remoteref) refs/heads/main refs/remotes/main [2ms]
2023-11-25 20:54:26.380 [info] > git status -z -uall [26ms]
2023-11-25 20:54:31.411 [info] > git remote --verbose [10ms]
2023-11-25 20:54:31.411 [info] > git for-each-ref --sort -committerdate --format %(refname) %(objectname) %(*objectname) [17ms]
2023-11-25 20:54:31.414 [info] > git config --get commit.template [3ms]
2023-11-25 20:54:31.414 [info] > git for-each-ref --format=%(refname)%00%(upstream:short)%00%(objectname)%00%(upstream:track)%00%(upstream:remotename)%00%(upstream:remoteref) refs/heads/main refs/remotes/main [0ms]
2023-11-25 20:54:31.421 [info] > git status -z -uall [13ms]
2023-11-25 20:54:36.448 [info] > git remote --verbose [12ms]
2023-11-25 20:54:36.448 [info] > git for-each-ref --sort -committerdate --format %(refname) %(objectname) %(*objectname) [15ms]
2023-11-25 20:54:36.448 [info] > git config --get commit.template [1ms]
2023-11-25 20:54:36.456 [info] > git for-each-ref --format=%(refname)%00%(upstream:short)%00%(objectname)%00%(upstream:track)%00%(upstream:remotename)%00%(upstream:remoteref) refs/heads/main refs/remotes/main [2ms]
2023-11-25 20:54:36.470 [info] > git status -z -uall [29ms]
2023-11-25 20:54:59.189 [info] > git remote --verbose [12ms]
2023-11-25 20:54:59.189 [info] > git for-each-ref --sort -committerdate --format %(refname) %(objectname) %(*objectname) [18ms]
2023-11-25 20:54:59.190 [info] > git config --get commit.template [1ms]
2023-11-25 20:54:59.195 [info] > git for-each-ref --format=%(refname)%00%(upstream:short)%00%(objectname)%00%(upstream:track)%00%(upstream:remotename)%00%(upstream:remoteref) refs/heads/main refs/remotes/main [1ms]
2023-11-25 20:54:59.203 [info] > git status -z -uall [21ms]
2023-11-25 20:55:09.682 [info] > git remote --verbose [7ms]
2023-11-25 20:55:09.682 [info] > git for-each-ref --sort -committerdate --format %(refname) %(objectname) %(*objectname) [9ms]
2023-11-25 20:55:09.682 [info] > git config --get commit.template [1ms]
2023-11-25 20:55:09.686 [info] > git for-each-ref --format=%(refname)%00%(upstream:short)%00%(objectname)%00%(upstream:track)%00%(upstream:remotename)%00%(upstream:remoteref) refs/heads/main refs/remotes/main [1ms]
2023-11-25 20:55:09.694 [info] > git status -z -uall [16ms]
2023-11-25 20:56:28.062 [info] > git remote --verbose [7ms]
2023-11-25 20:56:28.062 [info] > git for-each-ref --sort -committerdate --format %(refname) %(objectname) %(*objectname) [10ms]
2023-11-25 20:56:28.062 [info] > git config --get commit.template [1ms]
2023-11-25 20:56:28.065 [info] > git for-each-ref --format=%(refname)%00%(upstream:short)%00%(objectname)%00%(upstream:track)%00%(upstream:remotename)%00%(upstream:remoteref) refs/heads/main refs/remotes/main [1ms]
2023-11-25 20:56:28.071 [info] > git status -z -uall [13ms]
2023-11-25 20:56:33.103 [info] > git remote --verbose [9ms]
2023-11-25 20:56:33.103 [info] > git for-each-ref --sort -committerdate --format %(refname) %(objectname) %(*objectname) [21ms]
2023-11-25 20:56:33.104 [info] > git config --get commit.template [1ms]
2023-11-25 20:56:33.113 [info] > git for-each-ref --format=%(refname)%00%(upstream:short)%00%(objectname)%00%(upstream:track)%00%(upstream:remotename)%00%(upstream:remoteref) refs/heads/main refs/remotes/main [2ms]
2023-11-25 20:56:33.121 [info] > git status -z -uall [26ms]
2023-11-25 20:56:53.765 [info] > git remote --verbose [14ms]
2023-11-25 20:56:53.765 [info] > git for-each-ref --sort -committerdate --format %(refname) %(objectname) %(*objectname) [21ms]
2023-11-25 20:56:53.765 [info] > git config --get commit.template [1ms]
2023-11-25 20:56:53.771 [info] > git for-each-ref --format=%(refname)%00%(upstream:short)%00%(objectname)%00%(upstream:track)%00%(upstream:remotename)%00%(upstream:remoteref) refs/heads/main refs/remotes/main [1ms]
2023-11-25 20:56:53.782 [info] > git status -z -uall [26ms]
2023-11-25 20:57:07.371 [info] > git remote --verbose [18ms]
2023-11-25 20:57:07.372 [info] > git for-each-ref --sort -committerdate --format %(refname) %(objectname) %(*objectname) [25ms]
2023-11-25 20:57:07.372 [info] > git config --get commit.template [2ms]
2023-11-25 20:57:07.381 [info] > git for-each-ref --format=%(refname)%00%(upstream:short)%00%(objectname)%00%(upstream:track)%00%(upstream:remotename)%00%(upstream:remoteref) refs/heads/main refs/remotes/main [2ms]
2023-11-25 20:57:07.394 [info] > git status -z -uall [33ms]
2023-11-25 20:57:14.124 [info] > git remote --verbose [10ms]
2023-11-25 20:57:14.125 [info] > git for-each-ref --sort -committerdate --format %(refname) %(objectname) %(*objectname) [15ms]
2023-11-25 20:57:14.125 [info] > git config --get commit.template [1ms]
2023-11-25 20:57:14.129 [info] > git for-each-ref --format=%(refname)%00%(upstream:short)%00%(objectname)%00%(upstream:track)%00%(upstream:remotename)%00%(upstream:remoteref) refs/heads/main refs/remotes/main [1ms]
2023-11-25 20:57:14.135 [info] > git status -z -uall [16ms]
2023-11-25 20:57:31.216 [info] > git remote --verbose [18ms]
2023-11-25 20:57:31.216 [info] > git for-each-ref --sort -committerdate --format %(refname) %(objectname) %(*objectname) [25ms]
2023-11-25 20:57:31.216 [info] > git config --get commit.template [2ms]
2023-11-25 20:57:31.223 [info] > git for-each-ref --format=%(refname)%00%(upstream:short)%00%(objectname)%00%(upstream:track)%00%(upstream:remotename)%00%(upstream:remoteref) refs/heads/main refs/remotes/main [1ms]
2023-11-25 20:57:31.232 [info] > git status -z -uall [25ms]
2023-11-25 20:57:39.876 [info] > git remote --verbose [12ms]
2023-11-25 20:57:39.876 [info] > git for-each-ref --sort -committerdate --format %(refname) %(objectname) %(*objectname) [17ms]
2023-11-25 20:57:39.876 [info] > git config --get commit.template [1ms]
2023-11-25 20:57:39.881 [info] > git for-each-ref --format=%(refname)%00%(upstream:short)%00%(objectname)%00%(upstream:track)%00%(upstream:remotename)%00%(upstream:remoteref) refs/heads/main refs/remotes/main [1ms]
2023-11-25 20:57:39.888 [info] > git status -z -uall [19ms]
2023-11-25 20:57:54.377 [info] > git remote --verbose [14ms]
2023-11-25 20:57:54.377 [info] > git for-each-ref --sort -committerdate --format %(refname) %(objectname) %(*objectname) [21ms]
2023-11-25 20:57:54.378 [info] > git config --get commit.template [2ms]
2023-11-25 20:57:54.386 [info] > git for-each-ref --format=%(refname)%00%(upstream:short)%00%(objectname)%00%(upstream:track)%00%(upstream:remotename)%00%(upstream:remoteref) refs/heads/main refs/remotes/main [1ms]
2023-11-25 20:57:54.396 [info] > git status -z -uall [28ms]
2023-11-25 20:58:10.060 [info] > git remote --verbose [8ms]
2023-11-25 20:58:10.060 [info] > git for-each-ref --sort -committerdate --format %(refname) %(objectname) %(*objectname) [12ms]
2023-11-25 20:58:10.060 [info] > git config --get commit.template [1ms]
2023-11-25 20:58:10.063 [info] > git for-each-ref --format=%(refname)%00%(upstream:short)%00%(objectname)%00%(upstream:track)%00%(upstream:remotename)%00%(upstream:remoteref) refs/heads/main refs/remotes/main [0ms]
2023-11-25 20:58:10.070 [info] > git status -z -uall [15ms]
2023-11-25 20:58:22.222 [info] > git remote --verbose [12ms]
2023-11-25 20:58:22.222 [info] > git for-each-ref --sort -committerdate --format %(refname) %(objectname) %(*objectname) [18ms]
2023-11-25 20:58:22.223 [info] > git config --get commit.template [2ms]
2023-11-25 20:58:22.229 [info] > git for-each-ref --format=%(refname)%00%(upstream:short)%00%(objectname)%00%(upstream:track)%00%(upstream:remotename)%00%(upstream:remoteref) refs/heads/main refs/remotes/main [1ms]
2023-11-25 20:58:22.236 [info] > git status -z -uall [23ms]
2023-11-25 20:58:33.287 [info] > git remote --verbose [12ms]
2023-11-25 20:58:33.287 [info] > git for-each-ref --sort -committerdate --format %(refname) %(objectname) %(*objectname) [17ms]
2023-11-25 20:58:33.287 [info] > git config --get commit.template [1ms]
2023-11-25 20:58:33.292 [info] > git for-each-ref --format=%(refname)%00%(upstream:short)%00%(objectname)%00%(upstream:track)%00%(upstream:remotename)%00%(upstream:remoteref) refs/heads/main refs/remotes/main [1ms]
2023-11-25 20:58:33.307 [info] > git status -z -uall [28ms]
2023-11-25 20:58:53.241 [info] > git remote --verbose [13ms]
2023-11-25 20:58:53.241 [info] > git for-each-ref --sort -committerdate --format %(refname) %(objectname) %(*objectname) [20ms]
2023-11-25 20:58:53.241 [info] > git config --get commit.template [1ms]
2023-11-25 20:58:53.248 [info] > git for-each-ref --format=%(refname)%00%(upstream:short)%00%(objectname)%00%(upstream:track)%00%(upstream:remotename)%00%(upstream:remoteref) refs/heads/main refs/remotes/main [1ms]
2023-11-25 20:58:53.255 [info] > git status -z -uall [22ms]
2023-11-25 20:58:59.384 [info] > git remote --verbose [16ms]
2023-11-25 20:58:59.384 [info] > git for-each-ref --sort -committerdate --format %(refname) %(objectname) %(*objectname) [21ms]
2023-11-25 20:58:59.405 [info] > git config --get commit.template [22ms]
2023-11-25 20:58:59.406 [info] > git status -z -uall [32ms]
2023-11-25 20:58:59.410 [info] > git for-each-ref --format=%(refname)%00%(upstream:short)%00%(objectname)%00%(upstream:track)%00%(upstream:remotename)%00%(upstream:remoteref) refs/heads/main refs/remotes/main [0ms]
2023-11-25 20:59:04.444 [info] > git remote --verbose [13ms]
2023-11-25 20:59:04.444 [info] > git for-each-ref --sort -committerdate --format %(refname) %(objectname) %(*objectname) [22ms]
2023-11-25 20:59:04.450 [info] > git config --get commit.template [6ms]
2023-11-25 20:59:04.451 [info] > git for-each-ref --format=%(refname)%00%(upstream:short)%00%(objectname)%00%(upstream:track)%00%(upstream:remotename)%00%(upstream:remoteref) refs/heads/main refs/remotes/main [1ms]
2023-11-25 20:59:04.468 [info] > git status -z -uall [29ms]
2023-11-25 20:59:34.868 [info] > git remote --verbose [20ms]
2023-11-25 20:59:34.868 [info] > git for-each-ref --sort -committerdate --format %(refname) %(objectname) %(*objectname) [27ms]
2023-11-25 20:59:34.868 [info] > git config --get commit.template [4ms]
2023-11-25 20:59:34.873 [info] > git for-each-ref --format=%(refname)%00%(upstream:short)%00%(objectname)%00%(upstream:track)%00%(upstream:remotename)%00%(upstream:remoteref) refs/heads/main refs/remotes/main [0ms]
2023-11-25 20:59:34.878 [info] > git status -z -uall [24ms]
2023-11-25 21:03:15.928 [info] > git remote --verbose [15ms]
2023-11-25 21:03:15.929 [info] > git for-each-ref --sort -committerdate --format %(refname) %(objectname) %(*objectname) [23ms]
2023-11-25 21:03:15.929 [info] > git config --get commit.template [1ms]
2023-11-25 21:03:15.934 [info] > git for-each-ref --format=%(refname)%00%(upstream:short)%00%(objectname)%00%(upstream:track)%00%(upstream:remotename)%00%(upstream:remoteref) refs/heads/main refs/remotes/main [0ms]
2023-11-25 21:03:15.941 [info] > git status -z -uall [23ms]
2023-11-25 21:03:20.976 [info] > git remote --verbose [14ms]
2023-11-25 21:03:20.976 [info] > git for-each-ref --sort -committerdate --format %(refname) %(objectname) %(*objectname) [22ms]
2023-11-25 21:03:20.976 [info] > git config --get commit.template [1ms]
2023-11-25 21:03:20.981 [info] > git for-each-ref --format=%(refname)%00%(upstream:short)%00%(objectname)%00%(upstream:track)%00%(upstream:remotename)%00%(upstream:remoteref) refs/heads/main refs/remotes/main [0ms]
2023-11-25 21:03:20.991 [info] > git status -z -uall [22ms]
2023-11-25 21:03:52.231 [info] > git remote --verbose [13ms]
2023-11-25 21:03:52.231 [info] > git for-each-ref --sort -committerdate --format %(refname) %(objectname) %(*objectname) [19ms]
2023-11-25 21:03:52.231 [info] > git config --get commit.template [1ms]
2023-11-25 21:03:52.237 [info] > git for-each-ref --format=%(refname)%00%(upstream:short)%00%(objectname)%00%(upstream:track)%00%(upstream:remotename)%00%(upstream:remoteref) refs/heads/main refs/remotes/main [1ms]
2023-11-25 21:03:52.244 [info] > git status -z -uall [21ms]
2023-11-25 21:04:03.764 [info] > git remote --verbose [17ms]
2023-11-25 21:04:03.764 [info] > git for-each-ref --sort -committerdate --format %(refname) %(objectname) %(*objectname) [23ms]
2023-11-25 21:04:03.765 [info] > git config --get commit.template [2ms]
2023-11-25 21:04:03.775 [info] > git for-each-ref --format=%(refname)%00%(upstream:short)%00%(objectname)%00%(upstream:track)%00%(upstream:remotename)%00%(upstream:remoteref) refs/heads/main refs/remotes/main [2ms]
2023-11-25 21:04:03.781 [info] > git status -z -uall [27ms]
2023-11-25 21:04:08.821 [info] > git remote --verbose [20ms]
2023-11-25 21:04:08.821 [info] > git for-each-ref --sort -committerdate --format %(refname) %(objectname) %(*objectname) [25ms]
2023-11-25 21:04:08.822 [info] > git config --get commit.template [2ms]
2023-11-25 21:04:08.830 [info] > git for-each-ref --format=%(refname)%00%(upstream:short)%00%(objectname)%00%(upstream:track)%00%(upstream:remotename)%00%(upstream:remoteref) refs/heads/main refs/remotes/main [1ms]
2023-11-25 21:04:08.843 [info] > git status -z -uall [32ms]
2023-11-25 21:04:13.862 [info] > git remote --verbose [8ms]
2023-11-25 21:04:13.862 [info] > git for-each-ref --sort -committerdate --format %(refname) %(objectname) %(*objectname) [12ms]
2023-11-25 21:04:13.863 [info] > git config --get commit.template [1ms]
2023-11-25 21:04:13.867 [info] > git for-each-ref --format=%(refname)%00%(upstream:short)%00%(objectname)%00%(upstream:track)%00%(upstream:remotename)%00%(upstream:remoteref) refs/heads/main refs/remotes/main [1ms]
2023-11-25 21:04:13.872 [info] > git status -z -uall [14ms]
2023-11-25 21:04:18.989 [info] > git status -z -uall [98ms]
2023-11-25 21:04:18.989 [info] > git remote --verbose [101ms]
2023-11-25 21:04:18.989 [info] > git for-each-ref --sort -committerdate --format %(refname) %(objectname) %(*objectname) [104ms]
2023-11-25 21:04:19.005 [info] > git config --get commit.template [16ms]
2023-11-25 21:04:19.024 [info] > git for-each-ref --format=%(refname)%00%(upstream:short)%00%(objectname)%00%(upstream:track)%00%(upstream:remotename)%00%(upstream:remoteref) refs/heads/main refs/remotes/main [1ms]
2023-11-25 21:09:12.458 [info] > git remote --verbose [6ms]
2023-11-25 21:09:12.458 [info] > git for-each-ref --sort -committerdate --format %(refname) %(objectname) %(*objectname) [9ms]
2023-11-25 21:09:12.458 [info] > git config --get commit.template [0ms]
2023-11-25 21:09:12.461 [info] > git for-each-ref --format=%(refname)%00%(upstream:short)%00%(objectname)%00%(upstream:track)%00%(upstream:remotename)%00%(upstream:remoteref) refs/heads/main refs/remotes/main [0ms]
2023-11-25 21:09:12.467 [info] > git status -z -uall [13ms]
2023-11-25 22:32:45.161 [info] > git remote --verbose [5ms]
2023-11-25 22:32:45.161 [info] > git for-each-ref --sort -committerdate --format %(refname) %(objectname) %(*objectname) [8ms]
2023-11-25 22:32:45.163 [info] > git config --get commit.template [3ms]
2023-11-25 22:32:45.164 [info] > git for-each-ref --format=%(refname)%00%(upstream:short)%00%(objectname)%00%(upstream:track)%00%(upstream:remotename)%00%(upstream:remoteref) refs/heads/main refs/remotes/main [1ms]
2023-11-25 22:32:45.173 [info] > git status -z -uall [16ms]
2023-11-25 22:37:43.633 [info] > git remote --verbose [7ms]
2023-11-25 22:37:43.636 [info] > git for-each-ref --sort -committerdate --format %(refname) %(objectname) %(*objectname) [14ms]
2023-11-25 22:37:43.636 [info] > git config --get commit.template [6ms]
2023-11-25 22:37:43.643 [info] > git for-each-ref --format=%(refname)%00%(upstream:short)%00%(objectname)%00%(upstream:track)%00%(upstream:remotename)%00%(upstream:remoteref) refs/heads/main refs/remotes/main [2ms]
2023-11-25 22:37:43.719 [info] > git status -z -uall [93ms]
2023-11-25 22:37:48.751 [info] > git remote --verbose [11ms]
2023-11-25 22:37:48.751 [info] > git for-each-ref --sort -committerdate --format %(refname) %(objectname) %(*objectname) [18ms]
2023-11-25 22:37:48.752 [info] > git config --get commit.template [1ms]
2023-11-25 22:37:48.757 [info] > git for-each-ref --format=%(refname)%00%(upstream:short)%00%(objectname)%00%(upstream:track)%00%(upstream:remotename)%00%(upstream:remoteref) refs/heads/main refs/remotes/main [2ms]
2023-11-25 22:37:48.764 [info] > git status -z -uall [19ms]
2023-11-25 22:38:54.633 [info] > git remote --verbose [12ms]
2023-11-25 22:38:54.633 [info] > git for-each-ref --sort -committerdate --format %(refname) %(objectname) %(*objectname) [17ms]
2023-11-25 22:38:54.634 [info] > git config --get commit.template [3ms]
2023-11-25 22:38:54.641 [info] > git for-each-ref --format=%(refname)%00%(upstream:short)%00%(objectname)%00%(upstream:track)%00%(upstream:remotename)%00%(upstream:remoteref) refs/heads/main refs/remotes/main [1ms]
2023-11-25 22:38:54.650 [info] > git status -z -uall [24ms]
2023-11-25 22:39:40.732 [info] > git remote --verbose [10ms]
2023-11-25 22:39:40.732 [info] > git for-each-ref --sort -committerdate --format %(refname) %(objectname) %(*objectname) [15ms]
2023-11-25 22:39:40.733 [info] > git config --get commit.template [2ms]
2023-11-25 22:39:40.736 [info] > git for-each-ref --format=%(refname)%00%(upstream:short)%00%(objectname)%00%(upstream:track)%00%(upstream:remotename)%00%(upstream:remoteref) refs/heads/main refs/remotes/main [0ms]
2023-11-25 22:39:40.744 [info] > git status -z -uall [17ms]
2023-11-25 22:40:14.856 [info] > git remote --verbose [21ms]
2023-11-25 22:40:14.857 [info] > git for-each-ref --sort -committerdate --format %(refname) %(objectname) %(*objectname) [27ms]
2023-11-25 22:40:14.857 [info] > git config --get commit.template [1ms]
2023-11-25 22:40:14.862 [info] > git for-each-ref --format=%(refname)%00%(upstream:short)%00%(objectname)%00%(upstream:track)%00%(upstream:remotename)%00%(upstream:remoteref) refs/heads/main refs/remotes/main [1ms]
2023-11-25 22:40:14.868 [info] > git status -z -uall [22ms]
2023-11-25 22:40:19.902 [info] > git remote --verbose [15ms]
2023-11-25 22:40:19.902 [info] > git for-each-ref --sort -committerdate --format %(refname) %(objectname) %(*objectname) [20ms]
2023-11-25 22:40:19.903 [info] > git config --get commit.template [2ms]
2023-11-25 22:40:19.909 [info] > git for-each-ref --format=%(refname)%00%(upstream:short)%00%(objectname)%00%(upstream:track)%00%(upstream:remotename)%00%(upstream:remoteref) refs/heads/main refs/remotes/main [0ms]
2023-11-25 22:40:19.916 [info] > git status -z -uall [21ms]
2023-11-25 22:40:26.324 [info] > git remote --verbose [19ms]
2023-11-25 22:40:26.325 [info] > git for-each-ref --sort -committerdate --format %(refname) %(objectname) %(*objectname) [23ms]
2023-11-25 22:40:26.325 [info] > git config --get commit.template [2ms]
2023-11-25 22:40:26.333 [info] > git for-each-ref --format=%(refname)%00%(upstream:short)%00%(objectname)%00%(upstream:track)%00%(upstream:remotename)%00%(upstream:remoteref) refs/heads/main refs/remotes/main [1ms]
2023-11-25 22:40:26.346 [info] > git status -z -uall [31ms]
2023-11-25 22:40:41.877 [info] > git remote --verbose [15ms]
2023-11-25 22:40:41.877 [info] > git for-each-ref --sort -committerdate --format %(refname) %(objectname) %(*objectname) [21ms]
2023-11-25 22:40:41.878 [info] > git config --get commit.template [2ms]
2023-11-25 22:40:41.883 [info] > git for-each-ref --format=%(refname)%00%(upstream:short)%00%(objectname)%00%(upstream:track)%00%(upstream:remotename)%00%(upstream:remoteref) refs/heads/main refs/remotes/main [1ms]
2023-11-25 22:40:41.889 [info] > git status -z -uall [21ms]
2023-11-25 22:40:46.933 [info] > git remote --verbose [21ms]
2023-11-25 22:40:46.934 [info] > git for-each-ref --sort -committerdate --format %(refname) %(objectname) %(*objectname) [34ms]
2023-11-25 22:40:46.934 [info] > git config --get commit.template [2ms]
2023-11-25 22:40:46.939 [info] > git for-each-ref --format=%(refname)%00%(upstream:short)%00%(objectname)%00%(upstream:track)%00%(upstream:remotename)%00%(upstream:remoteref) refs/heads/main refs/remotes/main [0ms]
2023-11-25 22:40:46.946 [info] > git status -z -uall [24ms]
2023-11-25 22:41:09.044 [info] > git remote --verbose [13ms]
2023-11-25 22:41:09.045 [info] > git for-each-ref --sort -committerdate --format %(refname) %(objectname) %(*objectname) [21ms]
2023-11-25 22:41:09.045 [info] > git config --get commit.template [1ms]
2023-11-25 22:41:09.049 [info] > git for-each-ref --format=%(refname)%00%(upstream:short)%00%(objectname)%00%(upstream:track)%00%(upstream:remotename)%00%(upstream:remoteref) refs/heads/main refs/remotes/main [0ms]
2023-11-25 22:41:09.055 [info] > git status -z -uall [19ms]
2023-11-25 22:41:23.208 [info] > git remote --verbose [12ms]
2023-11-25 22:41:23.208 [info] > git for-each-ref --sort -committerdate --format %(refname) %(objectname) %(*objectname) [17ms]
2023-11-25 22:41:23.208 [info] > git config --get commit.template [0ms]
2023-11-25 22:41:23.215 [info] > git for-each-ref --format=%(refname)%00%(upstream:short)%00%(objectname)%00%(upstream:track)%00%(upstream:remotename)%00%(upstream:remoteref) refs/heads/main refs/remotes/main [2ms]
2023-11-25 22:41:23.225 [info] > git status -z -uall [22ms]
2023-11-25 22:41:31.379 [info] > git remote --verbose [22ms]
2023-11-25 22:41:31.379 [info] > git for-each-ref --sort -committerdate --format %(refname) %(objectname) %(*objectname) [30ms]
2023-11-25 22:41:31.379 [info] > git config --get commit.template [1ms]
2023-11-25 22:41:31.387 [info] > git for-each-ref --format=%(refname)%00%(upstream:short)%00%(objectname)%00%(upstream:track)%00%(upstream:remotename)%00%(upstream:remoteref) refs/heads/main refs/remotes/main [1ms]
2023-11-25 22:41:31.394 [info] > git status -z -uall [27ms]
2023-11-25 22:42:09.562 [info] > git remote --verbose [20ms]
2023-11-25 22:42:09.563 [info] > git for-each-ref --sort -committerdate --format %(refname) %(objectname) %(*objectname) [25ms]
2023-11-25 22:42:09.563 [info] > git config --get commit.template [2ms]
2023-11-25 22:42:09.570 [info] > git for-each-ref --format=%(refname)%00%(upstream:short)%00%(objectname)%00%(upstream:track)%00%(upstream:remotename)%00%(upstream:remoteref) refs/heads/main refs/remotes/main [1ms]
2023-11-25 22:42:09.575 [info] > git status -z -uall [24ms]
2023-11-25 22:42:32.805 [info] > git remote --verbose [8ms]
2023-11-25 22:42:32.806 [info] > git for-each-ref --sort -committerdate --format %(refname) %(objectname) %(*objectname) [12ms]
2023-11-25 22:42:32.806 [info] > git config --get commit.template [1ms]
2023-11-25 22:42:32.812 [info] > git for-each-ref --format=%(refname)%00%(upstream:short)%00%(objectname)%00%(upstream:track)%00%(upstream:remotename)%00%(upstream:remoteref) refs/heads/main refs/remotes/main [1ms]
2023-11-25 22:42:32.821 [info] > git status -z -uall [21ms]
2023-11-25 22:42:49.944 [info] > git remote --verbose [17ms]
2023-11-25 22:42:49.944 [info] > git for-each-ref --sort -committerdate --format %(refname) %(objectname) %(*objectname) [25ms]
2023-11-25 22:42:49.944 [info] > git config --get commit.template [1ms]
2023-11-25 22:42:49.951 [info] > git for-each-ref --format=%(refname)%00%(upstream:short)%00%(objectname)%00%(upstream:track)%00%(upstream:remotename)%00%(upstream:remoteref) refs/heads/main refs/remotes/main [1ms]
2023-11-25 22:42:49.961 [info] > git status -z -uall [27ms]
2023-11-25 22:43:05.386 [info] > git remote --verbose [15ms]
2023-11-25 22:43:05.386 [info] > git for-each-ref --sort -committerdate --format %(refname) %(objectname) %(*objectname) [20ms]
2023-11-25 22:43:05.386 [info] > git config --get commit.template [0ms]
2023-11-25 22:43:05.392 [info] > git for-each-ref --format=%(refname)%00%(upstream:short)%00%(objectname)%00%(upstream:track)%00%(upstream:remotename)%00%(upstream:remoteref) refs/heads/main refs/remotes/main [1ms]
2023-11-25 22:43:05.398 [info] > git status -z -uall [20ms]
2023-11-25 22:43:13.775 [info] > git remote --verbose [15ms]
2023-11-25 22:43:13.775 [info] > git for-each-ref --sort -committerdate --format %(refname) %(objectname) %(*objectname) [22ms]
2023-11-25 22:43:13.776 [info] > git config --get commit.template [0ms]
2023-11-25 22:43:13.782 [info] > git for-each-ref --format=%(refname)%00%(upstream:short)%00%(objectname)%00%(upstream:track)%00%(upstream:remotename)%00%(upstream:remoteref) refs/heads/main refs/remotes/main [1ms]
2023-11-25 22:43:13.794 [info] > git status -z -uall [23ms]
2023-11-25 22:43:21.973 [info] > git remote --verbose [15ms]
2023-11-25 22:43:21.974 [info] > git for-each-ref --sort -committerdate --format %(refname) %(objectname) %(*objectname) [22ms]
2023-11-25 22:43:21.974 [info] > git config --get commit.template [2ms]
2023-11-25 22:43:21.979 [info] > git for-each-ref --format=%(refname)%00%(upstream:short)%00%(objectname)%00%(upstream:track)%00%(upstream:remotename)%00%(upstream:remoteref) refs/heads/main refs/remotes/main [1ms]
2023-11-25 22:43:21.990 [info] > git status -z -uall [24ms]
2023-11-25 22:43:27.058 [info] > git remote --verbose [19ms]
2023-11-25 22:43:27.059 [info] > git for-each-ref --sort -committerdate --format %(refname) %(objectname) %(*objectname) [25ms]
2023-11-25 22:43:27.059 [info] > git config --get commit.template [2ms]
2023-11-25 22:43:27.069 [info] > git for-each-ref --format=%(refname)%00%(upstream:short)%00%(objectname)%00%(upstream:track)%00%(upstream:remotename)%00%(upstream:remoteref) refs/heads/main refs/remotes/main [2ms]
2023-11-25 22:43:27.078 [info] > git status -z -uall [32ms]
2023-11-25 22:43:32.115 [info] > git remote --verbose [18ms]
2023-11-25 22:43:32.115 [info] > git for-each-ref --sort -committerdate --format %(refname) %(objectname) %(*objectname) [22ms]
2023-11-25 22:43:32.115 [info] > git config --get commit.template [1ms]
2023-11-25 22:43:32.124 [info] > git for-each-ref --format=%(refname)%00%(upstream:short)%00%(objectname)%00%(upstream:track)%00%(upstream:remotename)%00%(upstream:remoteref) refs/heads/main refs/remotes/main [1ms]
2023-11-25 22:43:32.133 [info] > git status -z -uall [29ms]
2023-11-25 22:43:37.174 [info] > git remote --verbose [19ms]
2023-11-25 22:43:37.174 [info] > git for-each-ref --sort -committerdate --format %(refname) %(objectname) %(*objectname) [28ms]
2023-11-25 22:43:37.174 [info] > git config --get commit.template [0ms]
2023-11-25 22:43:37.182 [info] > git for-each-ref --format=%(refname)%00%(upstream:short)%00%(objectname)%00%(upstream:track)%00%(upstream:remotename)%00%(upstream:remoteref) refs/heads/main refs/remotes/main [2ms]
2023-11-25 22:43:37.191 [info] > git status -z -uall [25ms]
2023-11-25 22:43:42.231 [info] > git remote --verbose [19ms]
2023-11-25 22:43:42.231 [info] > git for-each-ref --sort -committerdate --format %(refname) %(objectname) %(*objectname) [28ms]
2023-11-25 22:43:42.232 [info] > git config --get commit.template [2ms]
2023-11-25 22:43:42.239 [info] > git for-each-ref --format=%(refname)%00%(upstream:short)%00%(objectname)%00%(upstream:track)%00%(upstream:remotename)%00%(upstream:remoteref) refs/heads/main refs/remotes/main [1ms]
2023-11-25 22:43:42.254 [info] > git status -z -uall [36ms]
2023-11-25 22:43:47.302 [info] > git remote --verbose [22ms]
2023-11-25 22:43:47.302 [info] > git for-each-ref --sort -committerdate --format %(refname) %(objectname) %(*objectname) [32ms]
2023-11-25 22:43:47.302 [info] > git config --get commit.template [1ms]
2023-11-25 22:43:47.311 [info] > git status -z -uall [22ms]
2023-11-25 22:43:47.312 [info] > git for-each-ref --format=%(refname)%00%(upstream:short)%00%(objectname)%00%(upstream:track)%00%(upstream:remotename)%00%(upstream:remoteref) refs/heads/main refs/remotes/main [1ms]
2023-11-25 22:43:54.818 [info] > git remote --verbose [18ms]
2023-11-25 22:43:54.818 [info] > git for-each-ref --sort -committerdate --format %(refname) %(objectname) %(*objectname) [27ms]
2023-11-25 22:43:54.818 [info] > git config --get commit.template [1ms]
2023-11-25 22:43:54.826 [info] > git status -z -uall [19ms]
2023-11-25 22:43:54.827 [info] > git for-each-ref --format=%(refname)%00%(upstream:short)%00%(objectname)%00%(upstream:track)%00%(upstream:remotename)%00%(upstream:remoteref) refs/heads/main refs/remotes/main [1ms]
2023-11-25 22:43:59.865 [info] > git remote --verbose [16ms]
2023-11-25 22:43:59.865 [info] > git for-each-ref --sort -committerdate --format %(refname) %(objectname) %(*objectname) [25ms]
2023-11-25 22:43:59.866 [info] > git config --get commit.template [1ms]
2023-11-25 22:43:59.871 [info] > git for-each-ref --format=%(refname)%00%(upstream:short)%00%(objectname)%00%(upstream:track)%00%(upstream:remotename)%00%(upstream:remoteref) refs/heads/main refs/remotes/main [1ms]
2023-11-25 22:43:59.874 [info] > git status -z -uall [16ms]
2023-11-25 22:44:04.919 [info] > git remote --verbose [19ms]
2023-11-25 22:44:04.919 [info] > git for-each-ref --sort -committerdate --format %(refname) %(objectname) %(*objectname) [32ms]
2023-11-25 22:44:04.920 [info] > git config --get commit.template [1ms]
2023-11-25 22:44:04.924 [info] > git for-each-ref --format=%(refname)%00%(upstream:short)%00%(objectname)%00%(upstream:track)%00%(upstream:remotename)%00%(upstream:remoteref) refs/heads/main refs/remotes/main [0ms]
2023-11-25 22:44:04.931 [info] > git status -z -uall [19ms]
2023-11-25 22:44:31.386 [info] > git remote --verbose [23ms]
2023-11-25 22:44:31.386 [info] > git for-each-ref --sort -committerdate --format %(refname) %(objectname) %(*objectname) [33ms]
2023-11-25 22:44:31.387 [info] > git config --get commit.template [2ms]
2023-11-25 22:44:31.393 [info] > git for-each-ref --format=%(refname)%00%(upstream:short)%00%(objectname)%00%(upstream:track)%00%(upstream:remotename)%00%(upstream:remoteref) refs/heads/main refs/remotes/main [1ms]
2023-11-25 22:44:31.397 [info] > git status -z -uall [23ms]
2023-11-25 22:45:08.040 [info] > git remote --verbose [12ms]
2023-11-25 22:45:08.040 [info] > git for-each-ref --sort -committerdate --format %(refname) %(objectname) %(*objectname) [20ms]
2023-11-25 22:45:08.041 [info] > git config --get commit.template [1ms]
2023-11-25 22:45:08.046 [info] > git for-each-ref --format=%(refname)%00%(upstream:short)%00%(objectname)%00%(upstream:track)%00%(upstream:remotename)%00%(upstream:remoteref) refs/heads/main refs/remotes/main [1ms]
2023-11-25 22:45:08.048 [info] > git status -z -uall [14ms]
2023-11-25 22:45:19.479 [info] > git remote --verbose [19ms]
2023-11-25 22:45:19.479 [info] > git for-each-ref --sort -committerdate --format %(refname) %(objectname) %(*objectname) [27ms]
2023-11-25 22:45:19.479 [info] > git config --get commit.template [1ms]
2023-11-25 22:45:19.485 [info] > git for-each-ref --format=%(refname)%00%(upstream:short)%00%(objectname)%00%(upstream:track)%00%(upstream:remotename)%00%(upstream:remoteref) refs/heads/main refs/remotes/main [0ms]
2023-11-25 22:45:19.491 [info] > git status -z -uall [24ms]
2023-11-25 22:45:32.796 [info] > git remote --verbose [21ms]
2023-11-25 22:45:32.796 [info] > git for-each-ref --sort -committerdate --format %(refname) %(objectname) %(*objectname) [30ms]
2023-11-25 22:45:32.796 [info] > git config --get commit.template [1ms]
2023-11-25 22:45:32.801 [info] > git for-each-ref --format=%(refname)%00%(upstream:short)%00%(objectname)%00%(upstream:track)%00%(upstream:remotename)%00%(upstream:remoteref) refs/heads/main refs/remotes/main [0ms]
2023-11-25 22:45:32.804 [info] > git status -z -uall [21ms]
2023-11-25 22:45:39.751 [info] > git remote --verbose [24ms]
2023-11-25 22:45:39.752 [info] > git for-each-ref --sort -committerdate --format %(refname) %(objectname) %(*objectname) [32ms]
2023-11-25 22:45:39.752 [info] > git config --get commit.template [1ms]
2023-11-25 22:45:39.762 [info] > git for-each-ref --format=%(refname)%00%(upstream:short)%00%(objectname)%00%(upstream:track)%00%(upstream:remotename)%00%(upstream:remoteref) refs/heads/main refs/remotes/main [1ms]
2023-11-25 22:45:39.767 [info] > git status -z -uall [28ms]
