2023-11-28 18:45:37.215 [info] Validating found git in: git
2023-11-28 18:45:37.215 [info] Using git 2.43.0 from git
2023-11-28 18:45:37.215 [info] > git rev-parse --show-toplevel [2ms]
2023-11-28 18:45:37.221 [info] > git rev-parse --git-dir --git-common-dir [51ms]
2023-11-28 18:45:37.224 [info] Log level: Info
2023-11-28 18:45:37.224 [info] Open repository: /home/n30/.dotfiles
2023-11-28 18:45:37.239 [info] > git rev-parse --show-toplevel [5ms]
2023-11-28 18:45:37.243 [info] > git remote --verbose [14ms]
2023-11-28 18:45:37.243 [info] > git for-each-ref --sort -committerdate --format %(refname) %(objectname) %(*objectname) [16ms]
2023-11-28 18:45:37.244 [info] > git rev-parse --show-toplevel [2ms]
2023-11-28 18:45:37.248 [info] > git config --get commit.template [9ms]
2023-11-28 18:45:37.248 [info] > git rev-parse --show-toplevel [1ms]
2023-11-28 18:45:37.252 [info] > git rev-parse --show-toplevel [2ms]
2023-11-28 18:45:37.254 [info] > git for-each-ref --format=%(refname)%00%(upstream:short)%00%(objectname)%00%(upstream:track)%00%(upstream:remotename)%00%(upstream:remoteref) refs/heads/main refs/remotes/main [2ms]
2023-11-28 18:45:37.254 [info] > git rev-parse --show-toplevel [0ms]
2023-11-28 18:45:37.271 [info] > git status -z -uall [40ms]
2023-11-28 18:45:37.282 [info] > git rev-parse --show-toplevel [26ms]
2023-11-28 18:45:37.288 [info] > git remote --verbose [9ms]
2023-11-28 18:45:37.288 [info] > git for-each-ref --sort -committerdate --format %(refname) %(objectname) %(*objectname) [11ms]
2023-11-28 18:45:37.288 [info] > git config --get commit.template [2ms]
2023-11-28 18:45:37.288 [info] > git rev-parse --show-toplevel [4ms]
2023-11-28 18:45:37.293 [info] > git rev-parse --show-toplevel [3ms]
2023-11-28 18:45:37.295 [info] > git for-each-ref --format=%(refname)%00%(upstream:short)%00%(objectname)%00%(upstream:track)%00%(upstream:remotename)%00%(upstream:remoteref) refs/heads/main refs/remotes/main [3ms]
2023-11-28 18:45:37.295 [info] > git rev-parse --show-toplevel [0ms]
2023-11-28 18:45:37.298 [info] > git rev-parse --show-toplevel [1ms]
2023-11-28 18:45:37.301 [info] > git rev-parse --show-toplevel [1ms]
2023-11-28 18:45:37.303 [info] > git status -z -uall [22ms]
2023-11-28 18:45:37.304 [info] > git rev-parse --show-toplevel [1ms]
2023-11-28 18:45:37.307 [info] > git rev-parse --show-toplevel [1ms]
2023-11-28 18:45:37.309 [info] > git rev-parse --show-toplevel [0ms]
2023-11-28 18:45:37.312 [info] > git rev-parse --show-toplevel [1ms]
2023-11-28 18:45:37.314 [info] > git rev-parse --show-toplevel [0ms]
2023-11-28 18:45:37.317 [info] > git rev-parse --show-toplevel [1ms]
2023-11-28 18:45:37.320 [info] > git rev-parse --show-toplevel [1ms]
2023-11-28 18:45:37.333 [info] > git rev-parse --show-toplevel [11ms]
2023-11-28 18:45:37.338 [info] > git rev-parse --show-toplevel [3ms]
2023-11-28 18:45:37.341 [info] > git rev-parse --show-toplevel [0ms]
2023-11-28 18:45:37.343 [info] > git rev-parse --show-toplevel [1ms]
2023-11-28 18:45:37.345 [info] > git rev-parse --show-toplevel [0ms]
2023-11-28 18:45:37.348 [info] > git rev-parse --show-toplevel [0ms]
2023-11-28 18:45:37.350 [info] > git rev-parse --show-toplevel [0ms]
2023-11-28 18:45:37.353 [info] > git rev-parse --show-toplevel [1ms]
2023-11-28 18:45:37.355 [info] > git rev-parse --show-toplevel [0ms]
2023-11-28 18:45:37.358 [info] > git rev-parse --show-toplevel [0ms]
2023-11-28 18:45:37.362 [info] > git rev-parse --show-toplevel [0ms]
2023-11-28 18:45:37.364 [info] > git rev-parse --show-toplevel [0ms]
2023-11-28 18:45:37.368 [info] > git rev-parse --show-toplevel [0ms]
2023-11-28 18:45:37.370 [info] > git rev-parse --show-toplevel [0ms]
2023-11-28 18:45:37.373 [info] > git rev-parse --show-toplevel [0ms]
2023-11-28 18:45:37.791 [info] > git check-ignore -v -z --stdin [2ms]
2023-11-28 18:45:40.956 [info] > git remote --verbose [5ms]
2023-11-28 18:45:40.956 [info] > git for-each-ref --sort -committerdate --format %(refname) %(objectname) %(*objectname) [7ms]
2023-11-28 18:45:40.956 [info] > git config --get commit.template [0ms]
2023-11-28 18:45:40.960 [info] > git for-each-ref --format=%(refname)%00%(upstream:short)%00%(objectname)%00%(upstream:track)%00%(upstream:remotename)%00%(upstream:remoteref) refs/heads/main refs/remotes/main [1ms]
2023-11-28 18:45:40.973 [info] > git status -z -uall [20ms]
2023-11-28 18:45:46.455 [info] > git remote --verbose [5ms]
2023-11-28 18:45:46.455 [info] > git for-each-ref --sort -committerdate --format %(refname) %(objectname) %(*objectname) [8ms]
2023-11-28 18:45:46.455 [info] > git config --get commit.template [1ms]
2023-11-28 18:45:46.458 [info] > git for-each-ref --format=%(refname)%00%(upstream:short)%00%(objectname)%00%(upstream:track)%00%(upstream:remotename)%00%(upstream:remoteref) refs/heads/main refs/remotes/main [1ms]
2023-11-28 18:45:46.467 [info] > git status -z -uall [16ms]
2023-11-28 18:55:56.730 [info] > git remote --verbose [17ms]
2023-11-28 18:55:56.730 [info] > git for-each-ref --sort -committerdate --format %(refname) %(objectname) %(*objectname) [22ms]
2023-11-28 18:55:56.731 [info] > git config --get commit.template [2ms]
2023-11-28 18:55:56.737 [info] > git for-each-ref --format=%(refname)%00%(upstream:short)%00%(objectname)%00%(upstream:track)%00%(upstream:remotename)%00%(upstream:remoteref) refs/heads/main refs/remotes/main [1ms]
2023-11-28 18:55:56.747 [info] > git status -z -uall [28ms]
2023-11-28 18:56:01.781 [info] > git remote --verbose [17ms]
2023-11-28 18:56:01.782 [info] > git for-each-ref --sort -committerdate --format %(refname) %(objectname) %(*objectname) [25ms]
2023-11-28 18:56:01.788 [info] > git config --get commit.template [8ms]
2023-11-28 18:56:01.789 [info] > git for-each-ref --format=%(refname)%00%(upstream:short)%00%(objectname)%00%(upstream:track)%00%(upstream:remotename)%00%(upstream:remoteref) refs/heads/main refs/remotes/main [2ms]
2023-11-28 18:56:01.800 [info] > git status -z -uall [28ms]
2023-11-28 18:56:12.179 [info] > git remote --verbose [17ms]
2023-11-28 18:56:12.179 [info] > git for-each-ref --sort -committerdate --format %(refname) %(objectname) %(*objectname) [21ms]
2023-11-28 18:56:12.180 [info] > git config --get commit.template [2ms]
2023-11-28 18:56:12.182 [info] > git for-each-ref --format=%(refname)%00%(upstream:short)%00%(objectname)%00%(upstream:track)%00%(upstream:remotename)%00%(upstream:remoteref) refs/heads/main refs/remotes/main [1ms]
2023-11-28 18:56:12.191 [info] > git status -z -uall [23ms]
2023-11-28 18:57:00.407 [info] > git remote --verbose [10ms]
2023-11-28 18:57:00.407 [info] > git for-each-ref --sort -committerdate --format %(refname) %(objectname) %(*objectname) [19ms]
2023-11-28 18:57:00.407 [info] > git config --get commit.template [1ms]
2023-11-28 18:57:00.410 [info] > git for-each-ref --format=%(refname)%00%(upstream:short)%00%(objectname)%00%(upstream:track)%00%(upstream:remotename)%00%(upstream:remoteref) refs/heads/main refs/remotes/main [1ms]
2023-11-28 18:57:00.418 [info] > git status -z -uall [17ms]
2023-11-28 18:57:24.947 [info] > git ls-files --stage -- /home/n30/.dotfiles/wiki-wayland-0.95beta.md [3ms]
2023-11-28 18:57:24.950 [info] > git show --textconv :wiki-wayland-0.95beta.md [8ms]
2023-11-28 18:57:24.950 [info] > git cat-file -s 3754d6b8fee8fca68afd6de3e0a36e422a45e11a [0ms]
2023-11-28 18:57:25.124 [info] > git check-ignore -v -z --stdin [1ms]
2023-11-28 18:57:26.339 [info] > git remote --verbose [9ms]
2023-11-28 18:57:26.339 [info] > git for-each-ref --sort -committerdate --format %(refname) %(objectname) %(*objectname) [15ms]
2023-11-28 18:57:26.340 [info] > git config --get commit.template [1ms]
2023-11-28 18:57:26.344 [info] > git for-each-ref --format=%(refname)%00%(upstream:short)%00%(objectname)%00%(upstream:track)%00%(upstream:remotename)%00%(upstream:remoteref) refs/heads/main refs/remotes/main [1ms]
2023-11-28 18:57:26.357 [info] > git status -z -uall [22ms]
2023-11-28 18:57:35.472 [info] > git remote --verbose [7ms]
2023-11-28 18:57:35.472 [info] > git for-each-ref --sort -committerdate --format %(refname) %(objectname) %(*objectname) [12ms]
2023-11-28 18:57:35.473 [info] > git config --get commit.template [1ms]
2023-11-28 18:57:35.478 [info] > git for-each-ref --format=%(refname)%00%(upstream:short)%00%(objectname)%00%(upstream:track)%00%(upstream:remotename)%00%(upstream:remoteref) refs/heads/main refs/remotes/main [1ms]
2023-11-28 18:57:35.488 [info] > git status -z -uall [20ms]
2023-11-28 19:05:25.383 [info] > git remote --verbose [7ms]
2023-11-28 19:05:25.383 [info] > git for-each-ref --sort -committerdate --format %(refname) %(objectname) %(*objectname) [10ms]
2023-11-28 19:05:25.385 [info] > git config --get commit.template [2ms]
2023-11-28 19:05:25.396 [info] > git for-each-ref --format=%(refname)%00%(upstream:short)%00%(objectname)%00%(upstream:track)%00%(upstream:remotename)%00%(upstream:remoteref) refs/heads/main refs/remotes/main [2ms]
2023-11-28 19:05:25.427 [info] > git status -z -uall [48ms]
2023-11-28 19:05:30.442 [info] > git remote --verbose [5ms]
2023-11-28 19:05:30.442 [info] > git for-each-ref --sort -committerdate --format %(refname) %(objectname) %(*objectname) [8ms]
2023-11-28 19:05:30.442 [info] > git config --get commit.template [1ms]
2023-11-28 19:05:30.445 [info] > git for-each-ref --format=%(refname)%00%(upstream:short)%00%(objectname)%00%(upstream:track)%00%(upstream:remotename)%00%(upstream:remoteref) refs/heads/main refs/remotes/main [1ms]
2023-11-28 19:05:30.454 [info] > git status -z -uall [15ms]
2023-11-28 19:05:35.724 [info] > git remote --verbose [5ms]
2023-11-28 19:05:35.724 [info] > git for-each-ref --sort -committerdate --format %(refname) %(objectname) %(*objectname) [7ms]
2023-11-28 19:05:35.724 [info] > git config --get commit.template [0ms]
2023-11-28 19:05:35.727 [info] > git for-each-ref --format=%(refname)%00%(upstream:short)%00%(objectname)%00%(upstream:track)%00%(upstream:remotename)%00%(upstream:remoteref) refs/heads/main refs/remotes/main [0ms]
2023-11-28 19:05:35.736 [info] > git status -z -uall [15ms]
2023-11-28 19:06:37.761 [info] > git remote --verbose [16ms]
2023-11-28 19:06:37.761 [info] > git for-each-ref --sort -committerdate --format %(refname) %(objectname) %(*objectname) [24ms]
2023-11-28 19:06:37.762 [info] > git config --get commit.template [3ms]
2023-11-28 19:06:37.768 [info] > git for-each-ref --format=%(refname)%00%(upstream:short)%00%(objectname)%00%(upstream:track)%00%(upstream:remotename)%00%(upstream:remoteref) refs/heads/main refs/remotes/main [1ms]
2023-11-28 19:06:37.777 [info] > git status -z -uall [27ms]
2023-11-28 19:14:56.103 [info] > git remote --verbose [7ms]
2023-11-28 19:14:56.103 [info] > git for-each-ref --sort -committerdate --format %(refname) %(objectname) %(*objectname) [9ms]
2023-11-28 19:14:56.103 [info] > git config --get commit.template [1ms]
2023-11-28 19:14:56.106 [info] > git for-each-ref --format=%(refname)%00%(upstream:short)%00%(objectname)%00%(upstream:track)%00%(upstream:remotename)%00%(upstream:remoteref) refs/heads/main refs/remotes/main [1ms]
2023-11-28 19:14:56.117 [info] > git status -z -uall [18ms]
2023-11-28 19:15:10.468 [info] > git remote --verbose [7ms]
2023-11-28 19:15:10.468 [info] > git for-each-ref --sort -committerdate --format %(refname) %(objectname) %(*objectname) [10ms]
2023-11-28 19:15:10.468 [info] > git config --get commit.template [1ms]
2023-11-28 19:15:10.471 [info] > git for-each-ref --format=%(refname)%00%(upstream:short)%00%(objectname)%00%(upstream:track)%00%(upstream:remotename)%00%(upstream:remoteref) refs/heads/main refs/remotes/main [0ms]
2023-11-28 19:15:10.479 [info] > git status -z -uall [16ms]
2023-11-28 19:15:15.545 [info] > git status -z -uall [54ms]
2023-11-28 19:15:15.546 [info] > git remote --verbose [57ms]
2023-11-28 19:15:15.546 [info] > git for-each-ref --sort -committerdate --format %(refname) %(objectname) %(*objectname) [60ms]
2023-11-28 19:15:15.546 [info] > git config --get commit.template [52ms]
2023-11-28 19:15:15.551 [info] > git for-each-ref --format=%(refname)%00%(upstream:short)%00%(objectname)%00%(upstream:track)%00%(upstream:remotename)%00%(upstream:remoteref) refs/heads/main refs/remotes/main [0ms]
2023-11-28 19:15:20.912 [info] > git remote --verbose [11ms]
2023-11-28 19:15:20.913 [info] > git for-each-ref --sort -committerdate --format %(refname) %(objectname) %(*objectname) [14ms]
2023-11-28 19:15:20.913 [info] > git config --get commit.template [1ms]
2023-11-28 19:15:20.918 [info] > git for-each-ref --format=%(refname)%00%(upstream:short)%00%(objectname)%00%(upstream:track)%00%(upstream:remotename)%00%(upstream:remoteref) refs/heads/main refs/remotes/main [1ms]
2023-11-28 19:15:20.925 [info] > git status -z -uall [20ms]
2023-11-28 19:15:30.969 [info] > git remote --verbose [6ms]
2023-11-28 19:15:30.970 [info] > git for-each-ref --sort -committerdate --format %(refname) %(objectname) %(*objectname) [9ms]
2023-11-28 19:15:30.970 [info] > git config --get commit.template [1ms]
2023-11-28 19:15:30.973 [info] > git for-each-ref --format=%(refname)%00%(upstream:short)%00%(objectname)%00%(upstream:track)%00%(upstream:remotename)%00%(upstream:remoteref) refs/heads/main refs/remotes/main [1ms]
2023-11-28 19:15:30.984 [info] > git status -z -uall [18ms]
2023-11-28 19:16:12.438 [info] > git remote --verbose [6ms]
2023-11-28 19:16:12.438 [info] > git for-each-ref --sort -committerdate --format %(refname) %(objectname) %(*objectname) [8ms]
2023-11-28 19:16:12.439 [info] > git config --get commit.template [2ms]
2023-11-28 19:16:12.442 [info] > git for-each-ref --format=%(refname)%00%(upstream:short)%00%(objectname)%00%(upstream:track)%00%(upstream:remotename)%00%(upstream:remoteref) refs/heads/main refs/remotes/main [1ms]
2023-11-28 19:16:12.450 [info] > git status -z -uall [15ms]
2023-11-28 19:16:46.663 [info] > git remote --verbose [15ms]
2023-11-28 19:16:46.663 [info] > git for-each-ref --sort -committerdate --format %(refname) %(objectname) %(*objectname) [24ms]
2023-11-28 19:16:46.669 [info] > git config --get commit.template [7ms]
2023-11-28 19:16:46.670 [info] > git for-each-ref --format=%(refname)%00%(upstream:short)%00%(objectname)%00%(upstream:track)%00%(upstream:remotename)%00%(upstream:remoteref) refs/heads/main refs/remotes/main [1ms]
2023-11-28 19:16:46.687 [info] > git status -z -uall [31ms]
