2023-11-29 16:46:25.149 [info] Validating found git in: git
2023-11-29 16:46:25.149 [info] Using git 2.43.0 from git
2023-11-29 16:46:25.149 [info] > git rev-parse --show-toplevel [5ms]
2023-11-29 16:46:25.149 [info] > git rev-parse --git-dir --git-common-dir [0ms]
2023-11-29 16:46:25.149 [info] Log level: Info
2023-11-29 16:46:25.149 [info] Open repository: /home/n30/.dotfiles
2023-11-29 16:46:25.149 [info] > git status -z -uall [47ms]
2023-11-29 16:46:25.149 [info] > git rev-parse --show-toplevel [43ms]
2023-11-29 16:46:25.149 [info] > git remote --verbose [53ms]
2023-11-29 16:46:25.149 [info] > git for-each-ref --sort -committerdate --format %(refname) %(objectname) %(*objectname) [55ms]
2023-11-29 16:46:25.149 [info] > git rev-parse --show-toplevel [7ms]
2023-11-29 16:46:25.149 [info] > git config --get commit.template [53ms]
2023-11-29 16:46:25.149 [info] > git rev-parse --show-toplevel [1ms]
2023-11-29 16:46:25.149 [info] > git rev-parse --show-toplevel [3ms]
2023-11-29 16:46:25.149 [info] > git for-each-ref --format=%(refname)%00%(upstream:short)%00%(objectname)%00%(upstream:track)%00%(upstream:remotename)%00%(upstream:remoteref) refs/heads/main refs/remotes/main [3ms]
2023-11-29 16:46:25.149 [info] > git status -z -uall [15ms]
2023-11-29 16:46:25.149 [info] > git remote --verbose [18ms]
2023-11-29 16:46:25.149 [info] > git for-each-ref --sort -committerdate --format %(refname) %(objectname) %(*objectname) [20ms]
2023-11-29 16:46:25.149 [info] > git rev-parse --show-toplevel [25ms]
2023-11-29 16:46:25.149 [info] > git rev-parse --show-toplevel [5ms]
2023-11-29 16:46:25.149 [info] > git config --get commit.template [11ms]
2023-11-29 16:46:25.149 [info] > git rev-parse --show-toplevel [96ms]
2023-11-29 16:46:25.150 [info] > git for-each-ref --format=%(refname)%00%(upstream:short)%00%(objectname)%00%(upstream:track)%00%(upstream:remotename)%00%(upstream:remoteref) refs/heads/main refs/remotes/main [3ms]
2023-11-29 16:46:25.151 [info] > git rev-parse --show-toplevel [7ms]
2023-11-29 16:46:25.154 [info] > git rev-parse --show-toplevel [0ms]
2023-11-29 16:46:25.157 [info] > git rev-parse --show-toplevel [0ms]
2023-11-29 16:46:25.161 [info] > git rev-parse --show-toplevel [1ms]
2023-11-29 16:46:25.164 [info] > git rev-parse --show-toplevel [1ms]
2023-11-29 16:46:25.166 [info] > git rev-parse --show-toplevel [0ms]
2023-11-29 16:46:25.169 [info] > git rev-parse --show-toplevel [0ms]
2023-11-29 16:46:25.172 [info] > git rev-parse --show-toplevel [1ms]
2023-11-29 16:46:25.175 [info] > git rev-parse --show-toplevel [1ms]
2023-11-29 16:46:25.178 [info] > git rev-parse --show-toplevel [1ms]
2023-11-29 16:46:25.181 [info] > git rev-parse --show-toplevel [0ms]
2023-11-29 16:46:25.184 [info] > git rev-parse --show-toplevel [0ms]
2023-11-29 16:46:25.187 [info] > git rev-parse --show-toplevel [0ms]
2023-11-29 16:46:25.190 [info] > git rev-parse --show-toplevel [0ms]
2023-11-29 16:46:25.193 [info] > git rev-parse --show-toplevel [1ms]
2023-11-29 16:46:25.196 [info] > git rev-parse --show-toplevel [1ms]
2023-11-29 16:46:25.199 [info] > git rev-parse --show-toplevel [1ms]
2023-11-29 16:46:25.203 [info] > git rev-parse --show-toplevel [2ms]
2023-11-29 16:46:25.206 [info] > git rev-parse --show-toplevel [1ms]
2023-11-29 16:46:25.210 [info] > git rev-parse --show-toplevel [1ms]
2023-11-29 16:46:25.212 [info] > git rev-parse --show-toplevel [0ms]
2023-11-29 16:46:25.274 [info] > git show --textconv :wiki-wayland-0.95beta.md [4ms]
2023-11-29 16:46:25.275 [info] > git ls-files --stage -- /home/n30/.dotfiles/wiki-wayland-0.95beta.md [2ms]
2023-11-29 16:46:25.278 [info] > git cat-file -s 3227573f7275fc43d8f7ed36510d3d6c31f19dd4 [0ms]
2023-11-29 16:46:25.500 [info] > git check-ignore -v -z --stdin [2ms]
2023-11-29 16:46:28.531 [info] > git remote --verbose [5ms]
2023-11-29 16:46:28.531 [info] > git for-each-ref --sort -committerdate --format %(refname) %(objectname) %(*objectname) [8ms]
2023-11-29 16:46:28.531 [info] > git config --get commit.template [1ms]
2023-11-29 16:46:28.535 [info] > git for-each-ref --format=%(refname)%00%(upstream:short)%00%(objectname)%00%(upstream:track)%00%(upstream:remotename)%00%(upstream:remoteref) refs/heads/main refs/remotes/main [1ms]
2023-11-29 16:46:28.538 [info] > git status -z -uall [11ms]
2023-11-29 16:46:33.551 [info] > git remote --verbose [5ms]
2023-11-29 16:46:33.551 [info] > git for-each-ref --sort -committerdate --format %(refname) %(objectname) %(*objectname) [8ms]
2023-11-29 16:46:33.552 [info] > git config --get commit.template [1ms]
2023-11-29 16:46:33.555 [info] > git for-each-ref --format=%(refname)%00%(upstream:short)%00%(objectname)%00%(upstream:track)%00%(upstream:remotename)%00%(upstream:remoteref) refs/heads/main refs/remotes/main [1ms]
2023-11-29 16:46:33.557 [info] > git status -z -uall [9ms]
2023-11-29 17:01:07.522 [info] > git remote --verbose [20ms]
2023-11-29 17:01:07.522 [info] > git for-each-ref --sort -committerdate --format %(refname) %(objectname) %(*objectname) [28ms]
2023-11-29 17:01:07.524 [info] > git config --get commit.template [3ms]
2023-11-29 17:01:07.531 [info] > git for-each-ref --format=%(refname)%00%(upstream:short)%00%(objectname)%00%(upstream:track)%00%(upstream:remotename)%00%(upstream:remoteref) refs/heads/main refs/remotes/main [1ms]
2023-11-29 17:01:07.537 [info] > git status -z -uall [26ms]
2023-11-29 17:01:12.580 [info] > git remote --verbose [21ms]
2023-11-29 17:01:12.581 [info] > git for-each-ref --sort -committerdate --format %(refname) %(objectname) %(*objectname) [31ms]
2023-11-29 17:01:12.581 [info] > git config --get commit.template [2ms]
2023-11-29 17:01:12.588 [info] > git for-each-ref --format=%(refname)%00%(upstream:short)%00%(objectname)%00%(upstream:track)%00%(upstream:remotename)%00%(upstream:remoteref) refs/heads/main refs/remotes/main [1ms]
2023-11-29 17:01:12.592 [info] > git status -z -uall [23ms]
2023-11-29 17:01:14.043 [info] > git show --textconv :config/hypr/garuda.conf [7ms]
2023-11-29 17:01:14.047 [info] > git ls-files --stage -- /home/n30/.dotfiles/config/hypr/garuda.conf [5ms]
2023-11-29 17:01:14.057 [info] > git cat-file -s ae04c21965215d44825c89803509c23e052b067f [3ms]
2023-11-29 17:01:14.301 [info] > git check-ignore -v -z --stdin [2ms]
2023-11-29 17:01:17.634 [info] > git remote --verbose [19ms]
2023-11-29 17:01:17.635 [info] > git for-each-ref --sort -committerdate --format %(refname) %(objectname) %(*objectname) [29ms]
2023-11-29 17:01:17.636 [info] > git config --get commit.template [2ms]
2023-11-29 17:01:17.646 [info] > git for-each-ref --format=%(refname)%00%(upstream:short)%00%(objectname)%00%(upstream:track)%00%(upstream:remotename)%00%(upstream:remoteref) refs/heads/main refs/remotes/main [2ms]
2023-11-29 17:01:17.655 [info] > git status -z -uall [30ms]
2023-11-29 17:01:23.894 [info] > git remote --verbose [17ms]
2023-11-29 17:01:23.894 [info] > git for-each-ref --sort -committerdate --format %(refname) %(objectname) %(*objectname) [24ms]
2023-11-29 17:01:23.895 [info] > git config --get commit.template [2ms]
2023-11-29 17:01:23.900 [info] > git for-each-ref --format=%(refname)%00%(upstream:short)%00%(objectname)%00%(upstream:track)%00%(upstream:remotename)%00%(upstream:remoteref) refs/heads/main refs/remotes/main [1ms]
2023-11-29 17:01:23.901 [info] > git status -z -uall [16ms]
2023-11-29 17:01:38.948 [info] > git remote --verbose [23ms]
2023-11-29 17:01:38.948 [info] > git for-each-ref --sort -committerdate --format %(refname) %(objectname) %(*objectname) [33ms]
2023-11-29 17:01:38.949 [info] > git config --get commit.template [1ms]
2023-11-29 17:01:38.953 [info] > git for-each-ref --format=%(refname)%00%(upstream:short)%00%(objectname)%00%(upstream:track)%00%(upstream:remotename)%00%(upstream:remoteref) refs/heads/main refs/remotes/main [1ms]
2023-11-29 17:01:38.955 [info] > git status -z -uall [21ms]
2023-11-29 17:01:53.348 [info] > git remote --verbose [22ms]
2023-11-29 17:01:53.349 [info] > git for-each-ref --sort -committerdate --format %(refname) %(objectname) %(*objectname) [25ms]
2023-11-29 17:01:53.350 [info] > git config --get commit.template [4ms]
2023-11-29 17:01:53.358 [info] > git for-each-ref --format=%(refname)%00%(upstream:short)%00%(objectname)%00%(upstream:track)%00%(upstream:remotename)%00%(upstream:remoteref) refs/heads/main refs/remotes/main [1ms]
2023-11-29 17:01:53.361 [info] > git status -z -uall [26ms]
2023-11-29 17:01:57.965 [info] > git show --textconv :config/chromium-flags.conf [4ms]
2023-11-29 17:01:57.971 [info] > git ls-files --stage -- /home/n30/.dotfiles/config/chromium-flags.conf [7ms]
2023-11-29 17:01:57.982 [info] > git cat-file -s 585839d0b8373610c622edd842e216dc782d4060 [3ms]
2023-11-29 17:01:59.945 [info] > git rev-parse --show-toplevel [1ms]
2023-11-29 17:02:01.670 [info] > git show --textconv :README.md [9ms]
2023-11-29 17:02:01.672 [info] > git ls-files --stage -- /home/n30/.dotfiles/README.md [3ms]
2023-11-29 17:02:01.680 [info] > git cat-file -s 5286bba39c9c1669b3d9ad6b3012a7d317636390 [2ms]
2023-11-29 17:02:02.781 [info] > git remote --verbose [22ms]
2023-11-29 17:02:02.781 [info] > git for-each-ref --sort -committerdate --format %(refname) %(objectname) %(*objectname) [33ms]
2023-11-29 17:02:02.781 [info] > git config --get commit.template [1ms]
2023-11-29 17:02:02.790 [info] > git for-each-ref --format=%(refname)%00%(upstream:short)%00%(objectname)%00%(upstream:track)%00%(upstream:remotename)%00%(upstream:remoteref) refs/heads/main refs/remotes/main [2ms]
2023-11-29 17:02:02.795 [info] > git status -z -uall [27ms]
2023-11-29 17:02:12.125 [info] > git rev-parse --show-toplevel [1ms]
2023-11-29 17:02:13.543 [info] > git remote --verbose [12ms]
2023-11-29 17:02:13.543 [info] > git for-each-ref --sort -committerdate --format %(refname) %(objectname) %(*objectname) [19ms]
2023-11-29 17:02:13.543 [info] > git config --get commit.template [1ms]
2023-11-29 17:02:13.554 [info] > git for-each-ref --format=%(refname)%00%(upstream:short)%00%(objectname)%00%(upstream:track)%00%(upstream:remotename)%00%(upstream:remoteref) refs/heads/main refs/remotes/main [1ms]
2023-11-29 17:02:13.561 [info] > git status -z -uall [26ms]
2023-11-29 17:02:14.708 [info] > git rev-parse --show-toplevel [1ms]
2023-11-29 17:02:23.903 [info] > git remote --verbose [21ms]
2023-11-29 17:02:23.904 [info] > git for-each-ref --sort -committerdate --format %(refname) %(objectname) %(*objectname) [32ms]
2023-11-29 17:02:23.907 [info] > git config --get commit.template [5ms]
2023-11-29 17:02:23.908 [info] > git for-each-ref --format=%(refname)%00%(upstream:short)%00%(objectname)%00%(upstream:track)%00%(upstream:remotename)%00%(upstream:remoteref) refs/heads/main refs/remotes/main [1ms]
2023-11-29 17:02:23.913 [info] > git status -z -uall [21ms]
2023-11-29 17:02:33.712 [info] > git remote --verbose [16ms]
2023-11-29 17:02:33.713 [info] > git for-each-ref --sort -committerdate --format %(refname) %(objectname) %(*objectname) [22ms]
2023-11-29 17:02:33.713 [info] > git config --get commit.template [2ms]
2023-11-29 17:02:33.721 [info] > git for-each-ref --format=%(refname)%00%(upstream:short)%00%(objectname)%00%(upstream:track)%00%(upstream:remotename)%00%(upstream:remoteref) refs/heads/main refs/remotes/main [1ms]
2023-11-29 17:02:33.725 [info] > git status -z -uall [23ms]
2023-11-29 17:02:38.759 [info] > git remote --verbose [18ms]
2023-11-29 17:02:38.759 [info] > git for-each-ref --sort -committerdate --format %(refname) %(objectname) %(*objectname) [27ms]
2023-11-29 17:02:38.759 [info] > git config --get commit.template [1ms]
2023-11-29 17:02:38.765 [info] > git for-each-ref --format=%(refname)%00%(upstream:short)%00%(objectname)%00%(upstream:track)%00%(upstream:remotename)%00%(upstream:remoteref) refs/heads/main refs/remotes/main [1ms]
2023-11-29 17:02:38.768 [info] > git status -z -uall [19ms]
2023-11-29 17:02:43.804 [info] > git remote --verbose [19ms]
2023-11-29 17:02:43.804 [info] > git for-each-ref --sort -committerdate --format %(refname) %(objectname) %(*objectname) [23ms]
2023-11-29 17:02:43.805 [info] > git config --get commit.template [3ms]
2023-11-29 17:02:43.810 [info] > git for-each-ref --format=%(refname)%00%(upstream:short)%00%(objectname)%00%(upstream:track)%00%(upstream:remotename)%00%(upstream:remoteref) refs/heads/main refs/remotes/main [1ms]
2023-11-29 17:02:43.813 [info] > git status -z -uall [21ms]
2023-11-29 17:02:51.831 [info] > git remote --verbose [8ms]
2023-11-29 17:02:51.831 [info] > git for-each-ref --sort -committerdate --format %(refname) %(objectname) %(*objectname) [10ms]
2023-11-29 17:02:51.831 [info] > git config --get commit.template [1ms]
2023-11-29 17:02:51.835 [info] > git for-each-ref --format=%(refname)%00%(upstream:short)%00%(objectname)%00%(upstream:track)%00%(upstream:remotename)%00%(upstream:remoteref) refs/heads/main refs/remotes/main [1ms]
2023-11-29 17:02:51.838 [info] > git status -z -uall [12ms]
2023-11-29 17:02:57.530 [info] > git remote --verbose [20ms]
2023-11-29 17:02:57.530 [info] > git for-each-ref --sort -committerdate --format %(refname) %(objectname) %(*objectname) [23ms]
2023-11-29 17:02:57.530 [info] > git config --get commit.template [1ms]
2023-11-29 17:02:57.537 [info] > git for-each-ref --format=%(refname)%00%(upstream:short)%00%(objectname)%00%(upstream:track)%00%(upstream:remotename)%00%(upstream:remoteref) refs/heads/main refs/remotes/main [1ms]
2023-11-29 17:02:57.546 [info] > git status -z -uall [27ms]
2023-11-29 17:03:23.912 [info] > git remote --verbose [10ms]
2023-11-29 17:03:23.912 [info] > git for-each-ref --sort -committerdate --format %(refname) %(objectname) %(*objectname) [21ms]
2023-11-29 17:03:23.918 [info] > git config --get commit.template [5ms]
2023-11-29 17:03:23.919 [info] > git for-each-ref --format=%(refname)%00%(upstream:short)%00%(objectname)%00%(upstream:track)%00%(upstream:remotename)%00%(upstream:remoteref) refs/heads/main refs/remotes/main [2ms]
2023-11-29 17:03:23.933 [info] > git status -z -uall [24ms]
2023-11-29 18:06:08.567 [info] > git remote --verbose [6ms]
2023-11-29 18:06:08.567 [info] > git for-each-ref --sort -committerdate --format %(refname) %(objectname) %(*objectname) [9ms]
2023-11-29 18:06:08.570 [info] > git config --get commit.template [3ms]
2023-11-29 18:06:08.571 [info] > git for-each-ref --format=%(refname)%00%(upstream:short)%00%(objectname)%00%(upstream:track)%00%(upstream:remotename)%00%(upstream:remoteref) refs/heads/main refs/remotes/main [1ms]
2023-11-29 18:06:08.575 [info] > git status -z -uall [11ms]
2023-11-29 18:06:12.427 [info] > git show --textconv :config/hypr/garuda.conf [4ms]
2023-11-29 18:06:12.428 [info] > git ls-files --stage -- /home/n30/.dotfiles/config/hypr/garuda.conf [2ms]
2023-11-29 18:06:12.434 [info] > git cat-file -s ae04c21965215d44825c89803509c23e052b067f [2ms]
2023-11-29 18:06:13.617 [info] > git remote --verbose [20ms]
2023-11-29 18:06:13.617 [info] > git for-each-ref --sort -committerdate --format %(refname) %(objectname) %(*objectname) [31ms]
2023-11-29 18:06:13.617 [info] > git config --get commit.template [1ms]
2023-11-29 18:06:13.625 [info] > git for-each-ref --format=%(refname)%00%(upstream:short)%00%(objectname)%00%(upstream:track)%00%(upstream:remotename)%00%(upstream:remoteref) refs/heads/main refs/remotes/main [1ms]
2023-11-29 18:06:13.629 [info] > git status -z -uall [23ms]
2023-11-29 18:06:24.078 [info] > git remote --verbose [11ms]
2023-11-29 18:06:24.079 [info] > git for-each-ref --sort -committerdate --format %(refname) %(objectname) %(*objectname) [13ms]
2023-11-29 18:06:24.079 [info] > git config --get commit.template [2ms]
2023-11-29 18:06:24.084 [info] > git for-each-ref --format=%(refname)%00%(upstream:short)%00%(objectname)%00%(upstream:track)%00%(upstream:remotename)%00%(upstream:remoteref) refs/heads/main refs/remotes/main [1ms]
2023-11-29 18:06:24.087 [info] > git status -z -uall [13ms]
2023-11-29 18:06:29.127 [info] > git remote --verbose [23ms]
2023-11-29 18:06:29.127 [info] > git for-each-ref --sort -committerdate --format %(refname) %(objectname) %(*objectname) [33ms]
2023-11-29 18:06:29.128 [info] > git config --get commit.template [3ms]
2023-11-29 18:06:29.136 [info] > git for-each-ref --format=%(refname)%00%(upstream:short)%00%(objectname)%00%(upstream:track)%00%(upstream:remotename)%00%(upstream:remoteref) refs/heads/main refs/remotes/main [1ms]
2023-11-29 18:06:29.137 [info] > git status -z -uall [23ms]
2023-11-29 18:14:11.870 [info] > git remote --verbose [7ms]
2023-11-29 18:14:11.870 [info] > git for-each-ref --sort -committerdate --format %(refname) %(objectname) %(*objectname) [9ms]
2023-11-29 18:14:11.870 [info] > git config --get commit.template [1ms]
2023-11-29 18:14:11.873 [info] > git for-each-ref --format=%(refname)%00%(upstream:short)%00%(objectname)%00%(upstream:track)%00%(upstream:remotename)%00%(upstream:remoteref) refs/heads/main refs/remotes/main [1ms]
2023-11-29 18:14:11.876 [info] > git status -z -uall [10ms]
2023-11-29 18:15:05.364 [info] > git remote --verbose [13ms]
2023-11-29 18:15:05.364 [info] > git for-each-ref --sort -committerdate --format %(refname) %(objectname) %(*objectname) [21ms]
2023-11-29 18:15:05.365 [info] > git config --get commit.template [0ms]
2023-11-29 18:15:05.369 [info] > git for-each-ref --format=%(refname)%00%(upstream:short)%00%(objectname)%00%(upstream:track)%00%(upstream:remotename)%00%(upstream:remoteref) refs/heads/main refs/remotes/main [1ms]
2023-11-29 18:15:05.373 [info] > git status -z -uall [16ms]
2023-11-29 19:48:13.080 [info] > git remote --verbose [8ms]
2023-11-29 19:48:13.081 [info] > git for-each-ref --sort -committerdate --format %(refname) %(objectname) %(*objectname) [11ms]
2023-11-29 19:48:13.081 [info] > git config --get commit.template [2ms]
2023-11-29 19:48:13.086 [info] > git for-each-ref --format=%(refname)%00%(upstream:short)%00%(objectname)%00%(upstream:track)%00%(upstream:remotename)%00%(upstream:remoteref) refs/heads/main refs/remotes/main [1ms]
2023-11-29 19:48:13.089 [info] > git status -z -uall [14ms]
2023-11-29 20:40:11.999 [info] > git remote --verbose [6ms]
2023-11-29 20:40:11.999 [info] > git for-each-ref --sort -committerdate --format %(refname) %(objectname) %(*objectname) [9ms]
2023-11-29 20:40:11.999 [info] > git config --get commit.template [0ms]
2023-11-29 20:40:12.002 [info] > git for-each-ref --format=%(refname)%00%(upstream:short)%00%(objectname)%00%(upstream:track)%00%(upstream:remotename)%00%(upstream:remoteref) refs/heads/main refs/remotes/main [0ms]
2023-11-29 20:40:12.007 [info] > git status -z -uall [12ms]
2023-11-29 20:40:14.159 [info] > git rev-parse --show-toplevel [1ms]
2023-11-29 20:40:17.039 [info] > git remote --verbose [15ms]
2023-11-29 20:40:17.039 [info] > git for-each-ref --sort -committerdate --format %(refname) %(objectname) %(*objectname) [20ms]
2023-11-29 20:40:17.039 [info] > git config --get commit.template [1ms]
2023-11-29 20:40:17.046 [info] > git for-each-ref --format=%(refname)%00%(upstream:short)%00%(objectname)%00%(upstream:track)%00%(upstream:remotename)%00%(upstream:remoteref) refs/heads/main refs/remotes/main [1ms]
2023-11-29 20:40:17.056 [info] > git status -z -uall [23ms]
2023-11-29 20:40:24.527 [info] > git remote --verbose [18ms]
2023-11-29 20:40:24.527 [info] > git for-each-ref --sort -committerdate --format %(refname) %(objectname) %(*objectname) [24ms]
2023-11-29 20:40:24.527 [info] > git config --get commit.template [1ms]
2023-11-29 20:40:24.535 [info] > git for-each-ref --format=%(refname)%00%(upstream:short)%00%(objectname)%00%(upstream:track)%00%(upstream:remotename)%00%(upstream:remoteref) refs/heads/main refs/remotes/main [1ms]
2023-11-29 20:40:24.544 [info] > git status -z -uall [27ms]
2023-11-29 20:40:52.400 [info] > git remote --verbose [6ms]
2023-11-29 20:40:52.401 [info] > git for-each-ref --sort -committerdate --format %(refname) %(objectname) %(*objectname) [9ms]
2023-11-29 20:40:52.403 [info] > git config --get commit.template [3ms]
2023-11-29 20:40:52.403 [info] > git for-each-ref --format=%(refname)%00%(upstream:short)%00%(objectname)%00%(upstream:track)%00%(upstream:remotename)%00%(upstream:remoteref) refs/heads/main refs/remotes/main [0ms]
2023-11-29 20:40:52.407 [info] > git status -z -uall [10ms]
2023-11-29 20:40:57.420 [info] > git remote --verbose [6ms]
2023-11-29 20:40:57.420 [info] > git for-each-ref --sort -committerdate --format %(refname) %(objectname) %(*objectname) [8ms]
2023-11-29 20:40:57.420 [info] > git config --get commit.template [1ms]
2023-11-29 20:40:57.423 [info] > git for-each-ref --format=%(refname)%00%(upstream:short)%00%(objectname)%00%(upstream:track)%00%(upstream:remotename)%00%(upstream:remoteref) refs/heads/main refs/remotes/main [1ms]
2023-11-29 20:40:57.426 [info] > git status -z -uall [10ms]
2023-11-29 20:41:40.427 [info] > git remote --verbose [18ms]
2023-11-29 20:41:40.428 [info] > git for-each-ref --sort -committerdate --format %(refname) %(objectname) %(*objectname) [23ms]
2023-11-29 20:41:40.428 [info] > git config --get commit.template [2ms]
2023-11-29 20:41:40.436 [info] > git for-each-ref --format=%(refname)%00%(upstream:short)%00%(objectname)%00%(upstream:track)%00%(upstream:remotename)%00%(upstream:remoteref) refs/heads/main refs/remotes/main [1ms]
2023-11-29 20:41:40.442 [info] > git status -z -uall [26ms]
2023-11-29 20:41:45.488 [info] > git remote --verbose [20ms]
2023-11-29 20:41:45.488 [info] > git for-each-ref --sort -committerdate --format %(refname) %(objectname) %(*objectname) [32ms]
2023-11-29 20:41:45.491 [info] > git config --get commit.template [4ms]
2023-11-29 20:41:45.493 [info] > git for-each-ref --format=%(refname)%00%(upstream:short)%00%(objectname)%00%(upstream:track)%00%(upstream:remotename)%00%(upstream:remoteref) refs/heads/main refs/remotes/main [2ms]
2023-11-29 20:41:45.500 [info] > git status -z -uall [23ms]
