2023-11-24 14:35:30.262 [info] Validating found git in: git
2023-11-24 14:35:30.262 [info] Using git 2.43.0 from git
2023-11-24 14:35:30.262 [info] > git rev-parse --show-toplevel [3ms]
2023-11-24 14:35:30.262 [info] fatal: not a git repository (or any parent up to mount point /)
Stopping at filesystem boundary (GIT_DISCOVERY_ACROSS_FILESYSTEM not set).
2023-11-24 14:35:30.262 [info] > git rev-parse --show-toplevel [54ms]
2023-11-24 14:35:30.262 [info] fatal: not a git repository (or any parent up to mount point /)
Stopping at filesystem boundary (GIT_DISCOVERY_ACROSS_FILESYSTEM not set).
2023-11-24 14:35:30.262 [info] > git rev-parse --show-toplevel [15ms]
2023-11-24 14:35:30.262 [info] fatal: not a git repository (or any parent up to mount point /)
Stopping at filesystem boundary (GIT_DISCOVERY_ACROSS_FILESYSTEM not set).
2023-11-24 14:35:30.265 [info] > git rev-parse --show-toplevel [1ms]
2023-11-24 14:35:30.265 [info] fatal: not a git repository (or any parent up to mount point /)
Stopping at filesystem boundary (GIT_DISCOVERY_ACROSS_FILESYSTEM not set).
2023-11-24 14:35:30.268 [info] > git rev-parse --show-toplevel [1ms]
2023-11-24 14:35:30.268 [info] fatal: not a git repository (or any parent up to mount point /)
Stopping at filesystem boundary (GIT_DISCOVERY_ACROSS_FILESYSTEM not set).
2023-11-24 14:35:30.271 [info] > git rev-parse --show-toplevel [1ms]
2023-11-24 14:35:30.271 [info] fatal: not a git repository (or any parent up to mount point /)
Stopping at filesystem boundary (GIT_DISCOVERY_ACROSS_FILESYSTEM not set).
2023-11-24 14:35:30.275 [info] > git rev-parse --show-toplevel [2ms]
2023-11-24 14:35:30.275 [info] fatal: not a git repository (or any parent up to mount point /)
Stopping at filesystem boundary (GIT_DISCOVERY_ACROSS_FILESYSTEM not set).
2023-11-24 14:35:30.277 [info] > git rev-parse --show-toplevel [0ms]
2023-11-24 14:35:30.277 [info] fatal: not a git repository (or any parent up to mount point /)
Stopping at filesystem boundary (GIT_DISCOVERY_ACROSS_FILESYSTEM not set).
2023-11-24 14:35:30.280 [info] > git rev-parse --show-toplevel [0ms]
2023-11-24 14:35:30.280 [info] fatal: not a git repository (or any parent up to mount point /)
Stopping at filesystem boundary (GIT_DISCOVERY_ACROSS_FILESYSTEM not set).
2023-11-24 14:35:30.282 [info] > git rev-parse --show-toplevel [0ms]
2023-11-24 14:35:30.282 [info] fatal: not a git repository (or any parent up to mount point /)
Stopping at filesystem boundary (GIT_DISCOVERY_ACROSS_FILESYSTEM not set).
2023-11-24 14:35:30.284 [info] > git rev-parse --show-toplevel [0ms]
2023-11-24 14:35:30.284 [info] fatal: not a git repository (or any parent up to mount point /)
Stopping at filesystem boundary (GIT_DISCOVERY_ACROSS_FILESYSTEM not set).
2023-11-24 14:35:30.287 [info] > git rev-parse --show-toplevel [1ms]
2023-11-24 14:35:30.287 [info] fatal: not a git repository (or any parent up to mount point /)
Stopping at filesystem boundary (GIT_DISCOVERY_ACROSS_FILESYSTEM not set).
2023-11-24 14:35:30.290 [info] > git rev-parse --show-toplevel [1ms]
2023-11-24 14:35:30.290 [info] fatal: not a git repository (or any parent up to mount point /)
Stopping at filesystem boundary (GIT_DISCOVERY_ACROSS_FILESYSTEM not set).
2023-11-24 14:35:30.292 [info] > git rev-parse --show-toplevel [1ms]
2023-11-24 14:35:30.292 [info] fatal: not a git repository (or any parent up to mount point /)
Stopping at filesystem boundary (GIT_DISCOVERY_ACROSS_FILESYSTEM not set).
2023-11-24 14:35:30.294 [info] > git rev-parse --show-toplevel [0ms]
2023-11-24 14:35:30.294 [info] fatal: not a git repository (or any parent up to mount point /)
Stopping at filesystem boundary (GIT_DISCOVERY_ACROSS_FILESYSTEM not set).
2023-11-24 14:35:30.297 [info] > git rev-parse --show-toplevel [1ms]
2023-11-24 14:35:30.297 [info] fatal: not a git repository (or any parent up to mount point /)
Stopping at filesystem boundary (GIT_DISCOVERY_ACROSS_FILESYSTEM not set).
2023-11-24 14:35:30.299 [info] > git rev-parse --show-toplevel [1ms]
2023-11-24 14:35:30.299 [info] fatal: not a git repository (or any parent up to mount point /)
Stopping at filesystem boundary (GIT_DISCOVERY_ACROSS_FILESYSTEM not set).
2023-11-24 14:35:30.301 [info] > git rev-parse --show-toplevel [0ms]
2023-11-24 14:35:30.301 [info] fatal: not a git repository (or any parent up to mount point /)
Stopping at filesystem boundary (GIT_DISCOVERY_ACROSS_FILESYSTEM not set).
2023-11-24 14:35:30.304 [info] > git rev-parse --show-toplevel [1ms]
2023-11-24 14:35:30.304 [info] fatal: not a git repository (or any parent up to mount point /)
Stopping at filesystem boundary (GIT_DISCOVERY_ACROSS_FILESYSTEM not set).
2023-11-24 14:35:30.306 [info] > git rev-parse --show-toplevel [0ms]
2023-11-24 14:35:30.306 [info] fatal: not a git repository (or any parent up to mount point /)
Stopping at filesystem boundary (GIT_DISCOVERY_ACROSS_FILESYSTEM not set).
2023-11-24 14:35:30.309 [info] > git rev-parse --show-toplevel [0ms]
2023-11-24 14:35:30.309 [info] fatal: not a git repository (or any parent up to mount point /)
Stopping at filesystem boundary (GIT_DISCOVERY_ACROSS_FILESYSTEM not set).
2023-11-24 14:35:30.311 [info] > git rev-parse --show-toplevel [1ms]
2023-11-24 14:35:30.311 [info] fatal: not a git repository (or any parent up to mount point /)
Stopping at filesystem boundary (GIT_DISCOVERY_ACROSS_FILESYSTEM not set).
2023-11-24 14:35:30.314 [info] > git rev-parse --show-toplevel [1ms]
2023-11-24 14:35:30.314 [info] fatal: not a git repository (or any parent up to mount point /)
Stopping at filesystem boundary (GIT_DISCOVERY_ACROSS_FILESYSTEM not set).
2023-11-24 14:35:30.317 [info] > git rev-parse --show-toplevel [0ms]
2023-11-24 14:35:30.317 [info] fatal: not a git repository (or any parent up to mount point /)
Stopping at filesystem boundary (GIT_DISCOVERY_ACROSS_FILESYSTEM not set).
2023-11-24 14:35:30.320 [info] > git rev-parse --show-toplevel [1ms]
2023-11-24 14:35:30.320 [info] fatal: not a git repository (or any parent up to mount point /)
Stopping at filesystem boundary (GIT_DISCOVERY_ACROSS_FILESYSTEM not set).
2023-11-24 14:35:30.322 [info] > git rev-parse --show-toplevel [1ms]
2023-11-24 14:35:30.322 [info] fatal: not a git repository (or any parent up to mount point /)
Stopping at filesystem boundary (GIT_DISCOVERY_ACROSS_FILESYSTEM not set).
2023-11-24 14:35:30.325 [info] > git rev-parse --show-toplevel [1ms]
2023-11-24 14:35:30.325 [info] fatal: not a git repository (or any parent up to mount point /)
Stopping at filesystem boundary (GIT_DISCOVERY_ACROSS_FILESYSTEM not set).
2023-11-24 14:35:30.328 [info] > git rev-parse --show-toplevel [1ms]
2023-11-24 14:35:30.328 [info] fatal: not a git repository (or any parent up to mount point /)
Stopping at filesystem boundary (GIT_DISCOVERY_ACROSS_FILESYSTEM not set).
2023-11-24 14:35:30.331 [info] > git rev-parse --show-toplevel [1ms]
2023-11-24 14:35:30.331 [info] fatal: not a git repository (or any parent up to mount point /)
Stopping at filesystem boundary (GIT_DISCOVERY_ACROSS_FILESYSTEM not set).
2023-11-24 14:35:30.333 [info] > git rev-parse --show-toplevel [0ms]
2023-11-24 14:35:30.333 [info] fatal: not a git repository (or any parent up to mount point /)
Stopping at filesystem boundary (GIT_DISCOVERY_ACROSS_FILESYSTEM not set).
2023-11-24 14:35:30.336 [info] > git rev-parse --show-toplevel [1ms]
2023-11-24 14:35:30.336 [info] fatal: not a git repository (or any parent up to mount point /)
Stopping at filesystem boundary (GIT_DISCOVERY_ACROSS_FILESYSTEM not set).
2023-11-24 14:35:30.338 [info] > git rev-parse --show-toplevel [1ms]
2023-11-24 14:35:30.338 [info] fatal: not a git repository (or any parent up to mount point /)
Stopping at filesystem boundary (GIT_DISCOVERY_ACROSS_FILESYSTEM not set).
2023-11-24 14:35:30.340 [info] > git rev-parse --show-toplevel [0ms]
2023-11-24 14:35:30.340 [info] fatal: not a git repository (or any parent up to mount point /)
Stopping at filesystem boundary (GIT_DISCOVERY_ACROSS_FILESYSTEM not set).
2023-11-24 14:35:30.361 [info] > git rev-parse --show-toplevel [0ms]
2023-11-24 14:35:30.361 [info] fatal: not a git repository (or any parent up to mount point /)
Stopping at filesystem boundary (GIT_DISCOVERY_ACROSS_FILESYSTEM not set).
2023-11-24 14:35:30.364 [info] > git rev-parse --show-toplevel [1ms]
2023-11-24 14:35:30.364 [info] fatal: not a git repository (or any parent up to mount point /)
Stopping at filesystem boundary (GIT_DISCOVERY_ACROSS_FILESYSTEM not set).
2023-11-24 14:35:30.366 [info] > git rev-parse --show-toplevel [1ms]
2023-11-24 14:35:30.366 [info] fatal: not a git repository (or any parent up to mount point /)
Stopping at filesystem boundary (GIT_DISCOVERY_ACROSS_FILESYSTEM not set).
2023-11-24 15:02:09.287 [info] > git rev-parse --show-toplevel [8ms]
2023-11-24 15:02:09.287 [info] fatal: not a git repository (or any parent up to mount point /)
Stopping at filesystem boundary (GIT_DISCOVERY_ACROSS_FILESYSTEM not set).
2023-11-24 17:00:51.984 [info] > git rev-parse --show-toplevel [6ms]
2023-11-24 17:00:51.989 [info] > git rev-parse --git-dir --git-common-dir [1ms]
2023-11-24 17:00:51.992 [info] Log level: Info
2023-11-24 17:00:51.992 [info] Open repository: /home/n30/.dotfiles
2023-11-24 17:00:52.011 [info] > git remote --verbose [11ms]
2023-11-24 17:00:52.011 [info] > git for-each-ref --sort -committerdate --format %(refname) %(objectname) %(*objectname) [14ms]
2023-11-24 17:00:52.017 [info] > git config --get commit.template [7ms]
2023-11-24 17:00:52.018 [info] > git status -z -uall [13ms]
2023-11-24 17:00:52.025 [info] > git for-each-ref --format=%(refname)%00%(upstream:short)%00%(objectname)%00%(upstream:track)%00%(upstream:remotename)%00%(upstream:remoteref) refs/heads/main refs/remotes/main [1ms]
2023-11-24 17:00:52.042 [info] > git remote --verbose [8ms]
2023-11-24 17:00:52.042 [info] > git for-each-ref --sort -committerdate --format %(refname) %(objectname) %(*objectname) [11ms]
2023-11-24 17:00:52.044 [info] > git config --get commit.template [2ms]
2023-11-24 17:00:52.049 [info] > git for-each-ref --format=%(refname)%00%(upstream:short)%00%(objectname)%00%(upstream:track)%00%(upstream:remotename)%00%(upstream:remoteref) refs/heads/main refs/remotes/main [1ms]
2023-11-24 17:00:52.050 [info] > git status -z -uall [13ms]
2023-11-24 17:00:52.327 [info] > git show --textconv :README.md [7ms]
2023-11-24 17:00:52.328 [info] > git ls-files --stage -- /home/n30/.dotfiles/README.md [1ms]
2023-11-24 17:00:52.333 [info] > git cat-file -s 7a8f12af67f52122e374840a93f2a0d3366d8e58 [1ms]
2023-11-24 17:00:52.530 [info] > git check-ignore -v -z --stdin [3ms]
2023-11-24 17:01:16.798 [info] > git remote --verbose [14ms]
2023-11-24 17:01:16.798 [info] > git for-each-ref --sort -committerdate --format %(refname) %(objectname) %(*objectname) [20ms]
2023-11-24 17:01:16.798 [info] > git config --get commit.template [0ms]
2023-11-24 17:01:16.804 [info] > git status -z -uall [15ms]
2023-11-24 17:01:16.804 [info] > git for-each-ref --format=%(refname)%00%(upstream:short)%00%(objectname)%00%(upstream:track)%00%(upstream:remotename)%00%(upstream:remoteref) refs/heads/main refs/remotes/main [0ms]
2023-11-24 17:01:21.858 [info] > git remote --verbose [30ms]
2023-11-24 17:01:21.859 [info] > git for-each-ref --sort -committerdate --format %(refname) %(objectname) %(*objectname) [44ms]
2023-11-24 17:01:21.860 [info] > git config --get commit.template [3ms]
2023-11-24 17:01:21.872 [info] > git for-each-ref --format=%(refname)%00%(upstream:short)%00%(objectname)%00%(upstream:track)%00%(upstream:remotename)%00%(upstream:remoteref) refs/heads/main refs/remotes/main [1ms]
2023-11-24 17:01:21.873 [info] > git status -z -uall [34ms]
2023-11-24 17:01:35.108 [info] > git remote --verbose [16ms]
2023-11-24 17:01:35.108 [info] > git for-each-ref --sort -committerdate --format %(refname) %(objectname) %(*objectname) [30ms]
2023-11-24 17:01:35.109 [info] > git config --get commit.template [2ms]
2023-11-24 17:01:35.116 [info] > git for-each-ref --format=%(refname)%00%(upstream:short)%00%(objectname)%00%(upstream:track)%00%(upstream:remotename)%00%(upstream:remoteref) refs/heads/main refs/remotes/main [1ms]
2023-11-24 17:01:35.118 [info] > git status -z -uall [18ms]
2023-11-24 17:01:40.168 [info] > git remote --verbose [22ms]
2023-11-24 17:01:40.168 [info] > git for-each-ref --sort -committerdate --format %(refname) %(objectname) %(*objectname) [35ms]
2023-11-24 17:01:40.169 [info] > git config --get commit.template [2ms]
2023-11-24 17:01:40.180 [info] > git for-each-ref --format=%(refname)%00%(upstream:short)%00%(objectname)%00%(upstream:track)%00%(upstream:remotename)%00%(upstream:remoteref) refs/heads/main refs/remotes/main [1ms]
2023-11-24 17:01:40.181 [info] > git status -z -uall [22ms]
2023-11-24 17:02:08.006 [info] > git remote --verbose [15ms]
2023-11-24 17:02:08.007 [info] > git for-each-ref --sort -committerdate --format %(refname) %(objectname) %(*objectname) [29ms]
2023-11-24 17:02:08.007 [info] > git config --get commit.template [1ms]
2023-11-24 17:02:08.012 [info] > git status -z -uall [13ms]
2023-11-24 17:02:08.012 [info] > git for-each-ref --format=%(refname)%00%(upstream:short)%00%(objectname)%00%(upstream:track)%00%(upstream:remotename)%00%(upstream:remoteref) refs/heads/main refs/remotes/main [0ms]
2023-11-24 17:02:30.462 [info] > git remote --verbose [20ms]
2023-11-24 17:02:30.462 [info] > git for-each-ref --sort -committerdate --format %(refname) %(objectname) %(*objectname) [29ms]
2023-11-24 17:02:30.462 [info] > git config --get commit.template [1ms]
2023-11-24 17:02:30.467 [info] > git for-each-ref --format=%(refname)%00%(upstream:short)%00%(objectname)%00%(upstream:track)%00%(upstream:remotename)%00%(upstream:remoteref) refs/heads/main refs/remotes/main [1ms]
2023-11-24 17:02:30.467 [info] > git status -z -uall [15ms]
2023-11-24 17:02:36.888 [info] > git remote --verbose [33ms]
2023-11-24 17:02:36.889 [info] > git for-each-ref --sort -committerdate --format %(refname) %(objectname) %(*objectname) [48ms]
2023-11-24 17:02:36.889 [info] > git config --get commit.template [1ms]
2023-11-24 17:02:36.895 [info] > git status -z -uall [25ms]
2023-11-24 17:02:36.897 [info] > git for-each-ref --format=%(refname)%00%(upstream:short)%00%(objectname)%00%(upstream:track)%00%(upstream:remotename)%00%(upstream:remoteref) refs/heads/main refs/remotes/main [2ms]
2023-11-24 17:02:36.953 [info] > git ls-files --stage -- /home/n30/.dotfiles/README.md [4ms]
2023-11-24 17:02:36.967 [info] > git cat-file -s 7a8f12af67f52122e374840a93f2a0d3366d8e58 [2ms]
2023-11-24 17:02:36.985 [info] > git show --textconv :README.md [2ms]
2023-11-24 17:02:41.940 [info] > git remote --verbose [20ms]
2023-11-24 17:02:41.940 [info] > git for-each-ref --sort -committerdate --format %(refname) %(objectname) %(*objectname) [30ms]
2023-11-24 17:02:41.940 [info] > git config --get commit.template [0ms]
2023-11-24 17:02:41.947 [info] > git for-each-ref --format=%(refname)%00%(upstream:short)%00%(objectname)%00%(upstream:track)%00%(upstream:remotename)%00%(upstream:remoteref) refs/heads/main refs/remotes/main [1ms]
2023-11-24 17:02:41.948 [info] > git status -z -uall [18ms]
2023-11-24 17:03:08.004 [info] > git remote --verbose [13ms]
2023-11-24 17:03:08.004 [info] > git for-each-ref --sort -committerdate --format %(refname) %(objectname) %(*objectname) [24ms]
2023-11-24 17:03:08.005 [info] > git config --get commit.template [1ms]
2023-11-24 17:03:08.010 [info] > git status -z -uall [11ms]
2023-11-24 17:03:08.011 [info] > git for-each-ref --format=%(refname)%00%(upstream:short)%00%(objectname)%00%(upstream:track)%00%(upstream:remotename)%00%(upstream:remoteref) refs/heads/main refs/remotes/main [1ms]
2023-11-24 17:03:15.467 [info] > git remote --verbose [23ms]
2023-11-24 17:03:15.467 [info] > git for-each-ref --sort -committerdate --format %(refname) %(objectname) %(*objectname) [37ms]
2023-11-24 17:03:15.467 [info] > git config --get commit.template [1ms]
2023-11-24 17:03:15.472 [info] > git status -z -uall [15ms]
2023-11-24 17:03:15.472 [info] > git for-each-ref --format=%(refname)%00%(upstream:short)%00%(objectname)%00%(upstream:track)%00%(upstream:remotename)%00%(upstream:remoteref) refs/heads/main refs/remotes/main [1ms]
2023-11-24 17:03:15.538 [info] > git ls-files --stage -- /home/n30/.dotfiles/README.md [4ms]
2023-11-24 17:03:15.550 [info] > git cat-file -s 7a8f12af67f52122e374840a93f2a0d3366d8e58 [2ms]
2023-11-24 17:03:15.577 [info] > git show --textconv :README.md [9ms]
2023-11-24 17:03:30.454 [info] > git remote --verbose [16ms]
2023-11-24 17:03:30.454 [info] > git for-each-ref --sort -committerdate --format %(refname) %(objectname) %(*objectname) [26ms]
2023-11-24 17:03:30.454 [info] > git config --get commit.template [0ms]
2023-11-24 17:03:30.459 [info] > git status -z -uall [13ms]
2023-11-24 17:03:30.459 [info] > git for-each-ref --format=%(refname)%00%(upstream:short)%00%(objectname)%00%(upstream:track)%00%(upstream:remotename)%00%(upstream:remoteref) refs/heads/main refs/remotes/main [1ms]
2023-11-24 17:03:36.701 [info] > git remote --verbose [27ms]
2023-11-24 17:03:36.702 [info] > git for-each-ref --sort -committerdate --format %(refname) %(objectname) %(*objectname) [41ms]
2023-11-24 17:03:36.702 [info] > git config --get commit.template [2ms]
2023-11-24 17:03:36.711 [info] > git for-each-ref --format=%(refname)%00%(upstream:short)%00%(objectname)%00%(upstream:track)%00%(upstream:remotename)%00%(upstream:remoteref) refs/heads/main refs/remotes/main [1ms]
2023-11-24 17:03:36.713 [info] > git status -z -uall [26ms]
2023-11-24 17:03:41.770 [info] > git remote --verbose [29ms]
2023-11-24 17:03:41.770 [info] > git for-each-ref --sort -committerdate --format %(refname) %(objectname) %(*objectname) [43ms]
2023-11-24 17:03:41.771 [info] > git config --get commit.template [2ms]
2023-11-24 17:03:41.781 [info] > git status -z -uall [28ms]
2023-11-24 17:03:41.781 [info] > git for-each-ref --format=%(refname)%00%(upstream:short)%00%(objectname)%00%(upstream:track)%00%(upstream:remotename)%00%(upstream:remoteref) refs/heads/main refs/remotes/main [1ms]
2023-11-24 17:03:46.170 [info] > git show --textconv :wiki-wayland-0.95beta.md [11ms]
2023-11-24 17:03:46.291 [info] > git ls-files --stage -- /home/n30/.dotfiles/wiki-wayland-0.95beta.md [123ms]
2023-11-24 17:03:46.297 [info] > git cat-file -s 55db55eb914de1cf499d78d70b27507ae2f6ca75 [1ms]
2023-11-24 17:03:46.845 [info] > git remote --verbose [28ms]
2023-11-24 17:03:46.845 [info] > git for-each-ref --sort -committerdate --format %(refname) %(objectname) %(*objectname) [44ms]
2023-11-24 17:03:46.846 [info] > git config --get commit.template [1ms]
2023-11-24 17:03:46.851 [info] > git status -z -uall [19ms]
2023-11-24 17:03:46.851 [info] > git for-each-ref --format=%(refname)%00%(upstream:short)%00%(objectname)%00%(upstream:track)%00%(upstream:remotename)%00%(upstream:remoteref) refs/heads/main refs/remotes/main [0ms]
2023-11-24 17:03:51.900 [info] > git remote --verbose [21ms]
2023-11-24 17:03:51.900 [info] > git for-each-ref --sort -committerdate --format %(refname) %(objectname) %(*objectname) [34ms]
2023-11-24 17:03:51.900 [info] > git config --get commit.template [0ms]
2023-11-24 17:03:51.907 [info] > git for-each-ref --format=%(refname)%00%(upstream:short)%00%(objectname)%00%(upstream:track)%00%(upstream:remotename)%00%(upstream:remoteref) refs/heads/main refs/remotes/main [0ms]
2023-11-24 17:03:51.908 [info] > git status -z -uall [20ms]
2023-11-24 17:03:59.635 [info] > git remote --verbose [22ms]
2023-11-24 17:03:59.635 [info] > git for-each-ref --sort -committerdate --format %(refname) %(objectname) %(*objectname) [27ms]
2023-11-24 17:03:59.636 [info] > git config --get commit.template [1ms]
2023-11-24 17:03:59.645 [info] > git status -z -uall [21ms]
2023-11-24 17:03:59.647 [info] > git for-each-ref --format=%(refname)%00%(upstream:short)%00%(objectname)%00%(upstream:track)%00%(upstream:remotename)%00%(upstream:remoteref) refs/heads/main refs/remotes/main [1ms]
