2023-11-25 07:55:04.012 [info] Validating found git in: git
2023-11-25 07:55:04.012 [info] Using git 2.43.0 from git
2023-11-25 07:55:04.012 [info] > git rev-parse --show-toplevel [4ms]
2023-11-25 07:55:04.012 [info] > git rev-parse --git-dir --git-common-dir [1ms]
2023-11-25 07:55:04.013 [info] Log level: Info
2023-11-25 07:55:04.013 [info] Open repository: /home/n30/.dotfiles
2023-11-25 07:55:04.016 [info] > git status -z -uall [52ms]
2023-11-25 07:55:04.016 [info] > git rev-parse --show-toplevel [50ms]
2023-11-25 07:55:04.019 [info] > git remote --verbose [57ms]
2023-11-25 07:55:04.019 [info] > git for-each-ref --sort -committerdate --format %(refname) %(objectname) %(*objectname) [60ms]
2023-11-25 07:55:04.025 [info] > git rev-parse --show-toplevel [7ms]
2023-11-25 07:55:04.028 [info] > git config --get commit.template [12ms]
2023-11-25 07:55:04.040 [info] > git rev-parse --show-toplevel [12ms]
2023-11-25 07:55:04.171 [info] > git rev-parse --show-toplevel [128ms]
2023-11-25 07:55:04.175 [info] > git rev-parse --show-toplevel [2ms]
2023-11-25 07:55:04.178 [info] > git for-each-ref --format=%(refname)%00%(upstream:short)%00%(objectname)%00%(upstream:track)%00%(upstream:remotename)%00%(upstream:remoteref) refs/heads/main refs/remotes/main [8ms]
2023-11-25 07:55:04.191 [info] > git remote --verbose [6ms]
2023-11-25 07:55:04.191 [info] > git for-each-ref --sort -committerdate --format %(refname) %(objectname) %(*objectname) [8ms]
2023-11-25 07:55:04.191 [info] > git rev-parse --show-toplevel [13ms]
2023-11-25 07:55:04.195 [info] > git config --get commit.template [5ms]
2023-11-25 07:55:04.196 [info] > git rev-parse --show-toplevel [2ms]
2023-11-25 07:55:04.201 [info] > git rev-parse --show-toplevel [3ms]
2023-11-25 07:55:04.204 [info] > git for-each-ref --format=%(refname)%00%(upstream:short)%00%(objectname)%00%(upstream:track)%00%(upstream:remotename)%00%(upstream:remoteref) refs/heads/main refs/remotes/main [4ms]
2023-11-25 07:55:04.219 [info] > git status -z -uall [31ms]
2023-11-25 07:55:04.220 [info] > git rev-parse --show-toplevel [16ms]
2023-11-25 07:55:04.224 [info] > git rev-parse --show-toplevel [1ms]
2023-11-25 07:55:04.227 [info] > git rev-parse --show-toplevel [1ms]
2023-11-25 07:55:04.229 [info] > git rev-parse --show-toplevel [0ms]
2023-11-25 07:55:04.233 [info] > git rev-parse --show-toplevel [1ms]
2023-11-25 07:55:04.236 [info] > git rev-parse --show-toplevel [1ms]
2023-11-25 07:55:04.239 [info] > git rev-parse --show-toplevel [1ms]
2023-11-25 07:55:04.243 [info] > git rev-parse --show-toplevel [1ms]
2023-11-25 07:55:04.247 [info] > git rev-parse --show-toplevel [0ms]
2023-11-25 07:55:04.250 [info] > git rev-parse --show-toplevel [0ms]
2023-11-25 07:55:04.254 [info] > git rev-parse --show-toplevel [0ms]
2023-11-25 07:55:04.256 [info] > git rev-parse --show-toplevel [0ms]
2023-11-25 07:55:04.269 [info] > git rev-parse --show-toplevel [10ms]
2023-11-25 07:55:04.272 [info] > git rev-parse --show-toplevel [0ms]
2023-11-25 07:55:04.276 [info] > git rev-parse --show-toplevel [1ms]
2023-11-25 07:55:04.281 [info] > git rev-parse --show-toplevel [3ms]
2023-11-25 07:55:04.285 [info] > git rev-parse --show-toplevel [1ms]
2023-11-25 07:55:04.288 [info] > git rev-parse --show-toplevel [1ms]
2023-11-25 07:55:04.292 [info] > git rev-parse --show-toplevel [2ms]
2023-11-25 07:55:04.296 [info] > git rev-parse --show-toplevel [1ms]
2023-11-25 07:55:04.300 [info] > git rev-parse --show-toplevel [0ms]
2023-11-25 07:55:04.352 [info] > git rev-parse --show-toplevel [1ms]
2023-11-25 07:55:04.480 [info] > git check-ignore -v -z --stdin [2ms]
2023-11-25 07:55:04.540 [info] > git show --textconv :wiki-wayland-0.95beta.md [5ms]
2023-11-25 07:55:04.541 [info] > git ls-files --stage -- /home/n30/.dotfiles/wiki-wayland-0.95beta.md [2ms]
2023-11-25 07:55:04.545 [info] > git cat-file -s 6db75c86d2ad682ecbbf1d21959d4bbf44b78e76 [1ms]
2023-11-25 07:55:04.709 [info] > git rev-parse --show-toplevel [1ms]
2023-11-25 07:55:07.412 [info] > git remote --verbose [6ms]
2023-11-25 07:55:07.412 [info] > git for-each-ref --sort -committerdate --format %(refname) %(objectname) %(*objectname) [9ms]
2023-11-25 07:55:07.412 [info] > git config --get commit.template [1ms]
2023-11-25 07:55:07.417 [info] > git for-each-ref --format=%(refname)%00%(upstream:short)%00%(objectname)%00%(upstream:track)%00%(upstream:remotename)%00%(upstream:remoteref) refs/heads/main refs/remotes/main [0ms]
2023-11-25 07:55:07.426 [info] > git status -z -uall [18ms]
2023-11-25 07:58:31.779 [info] > git remote --verbose [10ms]
2023-11-25 07:58:31.780 [info] > git for-each-ref --sort -committerdate --format %(refname) %(objectname) %(*objectname) [13ms]
2023-11-25 07:58:31.780 [info] > git config --get commit.template [3ms]
2023-11-25 07:58:31.785 [info] > git for-each-ref --format=%(refname)%00%(upstream:short)%00%(objectname)%00%(upstream:track)%00%(upstream:remotename)%00%(upstream:remoteref) refs/heads/main refs/remotes/main [1ms]
2023-11-25 07:58:31.793 [info] > git status -z -uall [21ms]
2023-11-25 07:59:59.752 [info] > git remote --verbose [6ms]
2023-11-25 07:59:59.753 [info] > git for-each-ref --sort -committerdate --format %(refname) %(objectname) %(*objectname) [9ms]
2023-11-25 07:59:59.753 [info] > git config --get commit.template [1ms]
2023-11-25 07:59:59.756 [info] > git for-each-ref --format=%(refname)%00%(upstream:short)%00%(objectname)%00%(upstream:track)%00%(upstream:remotename)%00%(upstream:remoteref) refs/heads/main refs/remotes/main [0ms]
2023-11-25 07:59:59.767 [info] > git status -z -uall [19ms]
2023-11-25 08:17:52.733 [info] > git remote --verbose [6ms]
2023-11-25 08:17:52.733 [info] > git for-each-ref --sort -committerdate --format %(refname) %(objectname) %(*objectname) [8ms]
2023-11-25 08:17:52.734 [info] > git config --get commit.template [1ms]
2023-11-25 08:17:52.738 [info] > git for-each-ref --format=%(refname)%00%(upstream:short)%00%(objectname)%00%(upstream:track)%00%(upstream:remotename)%00%(upstream:remoteref) refs/heads/main refs/remotes/main [1ms]
2023-11-25 08:17:52.748 [info] > git status -z -uall [18ms]
2023-11-25 08:27:40.947 [info] > git remote --verbose [6ms]
2023-11-25 08:27:40.948 [info] > git for-each-ref --sort -committerdate --format %(refname) %(objectname) %(*objectname) [12ms]
2023-11-25 08:27:40.948 [info] > git config --get commit.template [1ms]
2023-11-25 08:27:40.952 [info] > git for-each-ref --format=%(refname)%00%(upstream:short)%00%(objectname)%00%(upstream:track)%00%(upstream:remotename)%00%(upstream:remoteref) refs/heads/main refs/remotes/main [0ms]
2023-11-25 08:27:40.961 [info] > git status -z -uall [17ms]
2023-11-25 08:31:03.227 [info] > git remote --verbose [5ms]
2023-11-25 08:31:03.227 [info] > git for-each-ref --sort -committerdate --format %(refname) %(objectname) %(*objectname) [9ms]
2023-11-25 08:31:03.228 [info] > git config --get commit.template [1ms]
2023-11-25 08:31:03.233 [info] > git for-each-ref --format=%(refname)%00%(upstream:short)%00%(objectname)%00%(upstream:track)%00%(upstream:remotename)%00%(upstream:remoteref) refs/heads/main refs/remotes/main [2ms]
2023-11-25 08:31:03.241 [info] > git status -z -uall [18ms]
2023-11-25 08:33:37.791 [info] > git remote --verbose [11ms]
2023-11-25 08:33:37.791 [info] > git for-each-ref --sort -committerdate --format %(refname) %(objectname) %(*objectname) [15ms]
2023-11-25 08:33:37.797 [info] > git for-each-ref --format=%(refname)%00%(upstream:short)%00%(objectname)%00%(upstream:track)%00%(upstream:remotename)%00%(upstream:remoteref) refs/heads/main refs/remotes/main [1ms]
2023-11-25 08:33:37.797 [info] > git config --get commit.template [7ms]
2023-11-25 08:33:37.804 [info] > git status -z -uall [22ms]
2023-11-25 08:33:46.614 [info] > git remote --verbose [21ms]
2023-11-25 08:33:46.614 [info] > git for-each-ref --sort -committerdate --format %(refname) %(objectname) %(*objectname) [33ms]
2023-11-25 08:33:46.615 [info] > git config --get commit.template [2ms]
2023-11-25 08:33:46.621 [info] > git for-each-ref --format=%(refname)%00%(upstream:short)%00%(objectname)%00%(upstream:track)%00%(upstream:remotename)%00%(upstream:remoteref) refs/heads/main refs/remotes/main [1ms]
2023-11-25 08:33:46.641 [info] > git status -z -uall [40ms]
2023-11-25 08:33:51.695 [info] > git remote --verbose [22ms]
2023-11-25 08:33:51.696 [info] > git for-each-ref --sort -committerdate --format %(refname) %(objectname) %(*objectname) [37ms]
2023-11-25 08:33:51.697 [info] > git config --get commit.template [4ms]
2023-11-25 08:33:51.704 [info] > git for-each-ref --format=%(refname)%00%(upstream:short)%00%(objectname)%00%(upstream:track)%00%(upstream:remotename)%00%(upstream:remoteref) refs/heads/main refs/remotes/main [1ms]
2023-11-25 08:33:51.712 [info] > git status -z -uall [28ms]
2023-11-25 08:34:03.906 [info] > git remote --verbose [17ms]
2023-11-25 08:34:03.907 [info] > git for-each-ref --sort -committerdate --format %(refname) %(objectname) %(*objectname) [27ms]
2023-11-25 08:34:03.908 [info] > git config --get commit.template [2ms]
2023-11-25 08:34:03.915 [info] > git for-each-ref --format=%(refname)%00%(upstream:short)%00%(objectname)%00%(upstream:track)%00%(upstream:remotename)%00%(upstream:remoteref) refs/heads/main refs/remotes/main [2ms]
2023-11-25 08:34:03.924 [info] > git status -z -uall [28ms]
2023-11-25 08:37:29.119 [info] > git remote --verbose [6ms]
2023-11-25 08:37:29.119 [info] > git for-each-ref --sort -committerdate --format %(refname) %(objectname) %(*objectname) [8ms]
2023-11-25 08:37:29.120 [info] > git config --get commit.template [1ms]
2023-11-25 08:37:29.123 [info] > git for-each-ref --format=%(refname)%00%(upstream:short)%00%(objectname)%00%(upstream:track)%00%(upstream:remotename)%00%(upstream:remoteref) refs/heads/main refs/remotes/main [1ms]
2023-11-25 08:37:29.131 [info] > git status -z -uall [15ms]
2023-11-25 08:59:44.888 [info] > git remote --verbose [24ms]
2023-11-25 08:59:44.888 [info] > git for-each-ref --sort -committerdate --format %(refname) %(objectname) %(*objectname) [37ms]
2023-11-25 08:59:44.890 [info] > git config --get commit.template [3ms]
2023-11-25 08:59:44.901 [info] > git for-each-ref --format=%(refname)%00%(upstream:short)%00%(objectname)%00%(upstream:track)%00%(upstream:remotename)%00%(upstream:remoteref) refs/heads/main refs/remotes/main [2ms]
2023-11-25 08:59:44.910 [info] > git status -z -uall [32ms]
2023-11-25 09:28:54.686 [info] > git remote --verbose [11ms]
2023-11-25 09:28:54.686 [info] > git for-each-ref --sort -committerdate --format %(refname) %(objectname) %(*objectname) [17ms]
2023-11-25 09:28:54.686 [info] > git config --get commit.template [2ms]
2023-11-25 09:28:54.696 [info] > git for-each-ref --format=%(refname)%00%(upstream:short)%00%(objectname)%00%(upstream:track)%00%(upstream:remotename)%00%(upstream:remoteref) refs/heads/main refs/remotes/main [2ms]
2023-11-25 09:28:54.709 [info] > git status -z -uall [29ms]
2023-11-25 09:33:02.999 [info] > git remote --verbose [13ms]
2023-11-25 09:33:02.999 [info] > git for-each-ref --sort -committerdate --format %(refname) %(objectname) %(*objectname) [20ms]
2023-11-25 09:33:02.999 [info] > git config --get commit.template [2ms]
2023-11-25 09:33:03.004 [info] > git for-each-ref --format=%(refname)%00%(upstream:short)%00%(objectname)%00%(upstream:track)%00%(upstream:remotename)%00%(upstream:remoteref) refs/heads/main refs/remotes/main [1ms]
2023-11-25 09:33:03.012 [info] > git status -z -uall [21ms]
2023-11-25 09:48:24.785 [info] > git remote --verbose [9ms]
2023-11-25 09:48:24.786 [info] > git for-each-ref --sort -committerdate --format %(refname) %(objectname) %(*objectname) [12ms]
2023-11-25 09:48:24.786 [info] > git config --get commit.template [1ms]
2023-11-25 09:48:24.789 [info] > git for-each-ref --format=%(refname)%00%(upstream:short)%00%(objectname)%00%(upstream:track)%00%(upstream:remotename)%00%(upstream:remoteref) refs/heads/main refs/remotes/main [0ms]
2023-11-25 09:48:24.797 [info] > git status -z -uall [18ms]
2023-11-25 09:52:29.182 [info] > git remote --verbose [10ms]
2023-11-25 09:52:29.182 [info] > git for-each-ref --sort -committerdate --format %(refname) %(objectname) %(*objectname) [13ms]
2023-11-25 09:52:29.185 [info] > git config --get commit.template [4ms]
2023-11-25 09:52:29.186 [info] > git for-each-ref --format=%(refname)%00%(upstream:short)%00%(objectname)%00%(upstream:track)%00%(upstream:remotename)%00%(upstream:remoteref) refs/heads/main refs/remotes/main [1ms]
2023-11-25 09:52:29.193 [info] > git status -z -uall [16ms]
2023-11-25 09:52:34.246 [info] > git remote --verbose [21ms]
2023-11-25 09:52:34.246 [info] > git for-each-ref --sort -committerdate --format %(refname) %(objectname) %(*objectname) [34ms]
2023-11-25 09:52:34.248 [info] > git config --get commit.template [4ms]
2023-11-25 09:52:34.259 [info] > git for-each-ref --format=%(refname)%00%(upstream:short)%00%(objectname)%00%(upstream:track)%00%(upstream:remotename)%00%(upstream:remoteref) refs/heads/main refs/remotes/main [2ms]
2023-11-25 09:52:34.279 [info] > git status -z -uall [46ms]
2023-11-25 09:52:39.326 [info] > git remote --verbose [23ms]
2023-11-25 09:52:39.326 [info] > git for-each-ref --sort -committerdate --format %(refname) %(objectname) %(*objectname) [34ms]
2023-11-25 09:52:39.326 [info] > git config --get commit.template [1ms]
2023-11-25 09:52:39.334 [info] > git for-each-ref --format=%(refname)%00%(upstream:short)%00%(objectname)%00%(upstream:track)%00%(upstream:remotename)%00%(upstream:remoteref) refs/heads/main refs/remotes/main [2ms]
2023-11-25 09:52:39.340 [info] > git status -z -uall [27ms]
2023-11-25 09:59:41.702 [info] > git remote --verbose [14ms]
2023-11-25 09:59:41.702 [info] > git for-each-ref --sort -committerdate --format %(refname) %(objectname) %(*objectname) [21ms]
2023-11-25 09:59:41.708 [info] > git config --get commit.template [7ms]
2023-11-25 09:59:41.709 [info] > git for-each-ref --format=%(refname)%00%(upstream:short)%00%(objectname)%00%(upstream:track)%00%(upstream:remotename)%00%(upstream:remoteref) refs/heads/main refs/remotes/main [1ms]
2023-11-25 09:59:41.728 [info] > git status -z -uall [34ms]
2023-11-25 09:59:46.770 [info] > git remote --verbose [21ms]
2023-11-25 09:59:46.770 [info] > git for-each-ref --sort -committerdate --format %(refname) %(objectname) %(*objectname) [28ms]
2023-11-25 09:59:46.770 [info] > git config --get commit.template [1ms]
2023-11-25 09:59:46.777 [info] > git for-each-ref --format=%(refname)%00%(upstream:short)%00%(objectname)%00%(upstream:track)%00%(upstream:remotename)%00%(upstream:remoteref) refs/heads/main refs/remotes/main [1ms]
2023-11-25 09:59:46.784 [info] > git status -z -uall [25ms]
2023-11-25 09:59:51.824 [info] > git remote --verbose [20ms]
2023-11-25 09:59:51.825 [info] > git for-each-ref --sort -committerdate --format %(refname) %(objectname) %(*objectname) [30ms]
2023-11-25 09:59:51.834 [info] > git config --get commit.template [11ms]
2023-11-25 09:59:51.834 [info] > git for-each-ref --format=%(refname)%00%(upstream:short)%00%(objectname)%00%(upstream:track)%00%(upstream:remotename)%00%(upstream:remoteref) refs/heads/main refs/remotes/main [1ms]
2023-11-25 09:59:51.844 [info] > git status -z -uall [31ms]
2023-11-25 10:00:04.188 [info] > git remote --verbose [23ms]
2023-11-25 10:00:04.188 [info] > git for-each-ref --sort -committerdate --format %(refname) %(objectname) %(*objectname) [26ms]
2023-11-25 10:00:04.189 [info] > git config --get commit.template [2ms]
2023-11-25 10:00:04.195 [info] > git for-each-ref --format=%(refname)%00%(upstream:short)%00%(objectname)%00%(upstream:track)%00%(upstream:remotename)%00%(upstream:remoteref) refs/heads/main refs/remotes/main [1ms]
2023-11-25 10:00:04.203 [info] > git status -z -uall [27ms]
2023-11-25 10:00:09.218 [info] > git remote --verbose [6ms]
2023-11-25 10:00:09.218 [info] > git for-each-ref --sort -committerdate --format %(refname) %(objectname) %(*objectname) [9ms]
2023-11-25 10:00:09.218 [info] > git config --get commit.template [0ms]
2023-11-25 10:00:09.222 [info] > git for-each-ref --format=%(refname)%00%(upstream:short)%00%(objectname)%00%(upstream:track)%00%(upstream:remotename)%00%(upstream:remoteref) refs/heads/main refs/remotes/main [0ms]
2023-11-25 10:00:09.230 [info] > git status -z -uall [15ms]
2023-11-25 10:00:30.515 [info] > git remote --verbose [11ms]
2023-11-25 10:00:30.515 [info] > git for-each-ref --sort -committerdate --format %(refname) %(objectname) %(*objectname) [16ms]
2023-11-25 10:00:30.516 [info] > git config --get commit.template [1ms]
2023-11-25 10:00:30.520 [info] > git for-each-ref --format=%(refname)%00%(upstream:short)%00%(objectname)%00%(upstream:track)%00%(upstream:remotename)%00%(upstream:remoteref) refs/heads/main refs/remotes/main [1ms]
2023-11-25 10:00:30.530 [info] > git status -z -uall [18ms]
2023-11-25 10:00:39.510 [info] > git remote --verbose [23ms]
2023-11-25 10:00:39.510 [info] > git for-each-ref --sort -committerdate --format %(refname) %(objectname) %(*objectname) [34ms]
2023-11-25 10:00:39.511 [info] > git config --get commit.template [2ms]
2023-11-25 10:00:39.518 [info] > git for-each-ref --format=%(refname)%00%(upstream:short)%00%(objectname)%00%(upstream:track)%00%(upstream:remotename)%00%(upstream:remoteref) refs/heads/main refs/remotes/main [1ms]
2023-11-25 10:00:39.528 [info] > git status -z -uall [31ms]
2023-11-25 10:05:13.990 [info] > git remote --verbose [5ms]
2023-11-25 10:05:13.990 [info] > git for-each-ref --sort -committerdate --format %(refname) %(objectname) %(*objectname) [8ms]
2023-11-25 10:05:13.993 [info] > git config --get commit.template [3ms]
2023-11-25 10:05:13.993 [info] > git for-each-ref --format=%(refname)%00%(upstream:short)%00%(objectname)%00%(upstream:track)%00%(upstream:remotename)%00%(upstream:remoteref) refs/heads/main refs/remotes/main [0ms]
2023-11-25 10:05:14.025 [info] > git status -z -uall [37ms]
2023-11-25 10:24:28.221 [info] > git remote --verbose [5ms]
2023-11-25 10:24:28.221 [info] > git for-each-ref --sort -committerdate --format %(refname) %(objectname) %(*objectname) [8ms]
2023-11-25 10:24:28.221 [info] > git config --get commit.template [0ms]
2023-11-25 10:24:28.225 [info] > git for-each-ref --format=%(refname)%00%(upstream:short)%00%(objectname)%00%(upstream:track)%00%(upstream:remotename)%00%(upstream:remoteref) refs/heads/main refs/remotes/main [1ms]
2023-11-25 10:24:28.242 [info] > git status -z -uall [24ms]
2023-11-25 10:24:33.256 [info] > git remote --verbose [6ms]
2023-11-25 10:24:33.256 [info] > git for-each-ref --sort -committerdate --format %(refname) %(objectname) %(*objectname) [8ms]
2023-11-25 10:24:33.256 [info] > git config --get commit.template [0ms]
2023-11-25 10:24:33.260 [info] > git for-each-ref --format=%(refname)%00%(upstream:short)%00%(objectname)%00%(upstream:track)%00%(upstream:remotename)%00%(upstream:remoteref) refs/heads/main refs/remotes/main [1ms]
2023-11-25 10:24:33.267 [info] > git status -z -uall [14ms]
2023-11-25 10:28:36.549 [info] > git remote --verbose [6ms]
2023-11-25 10:28:36.550 [info] > git for-each-ref --sort -committerdate --format %(refname) %(objectname) %(*objectname) [8ms]
2023-11-25 10:28:36.550 [info] > git config --get commit.template [1ms]
2023-11-25 10:28:36.553 [info] > git for-each-ref --format=%(refname)%00%(upstream:short)%00%(objectname)%00%(upstream:track)%00%(upstream:remotename)%00%(upstream:remoteref) refs/heads/main refs/remotes/main [0ms]
2023-11-25 10:28:36.561 [info] > git status -z -uall [15ms]
2023-11-25 10:32:04.014 [info] > git remote --verbose [14ms]
2023-11-25 10:32:04.014 [info] > git for-each-ref --sort -committerdate --format %(refname) %(objectname) %(*objectname) [18ms]
2023-11-25 10:32:04.014 [info] > git config --get commit.template [1ms]
2023-11-25 10:32:04.020 [info] > git for-each-ref --format=%(refname)%00%(upstream:short)%00%(objectname)%00%(upstream:track)%00%(upstream:remotename)%00%(upstream:remoteref) refs/heads/main refs/remotes/main [1ms]
2023-11-25 10:32:04.024 [info] > git status -z -uall [19ms]
2023-11-25 10:37:06.508 [info] > git remote --verbose [5ms]
2023-11-25 10:37:06.508 [info] > git for-each-ref --sort -committerdate --format %(refname) %(objectname) %(*objectname) [8ms]
2023-11-25 10:37:06.508 [info] > git config --get commit.template [0ms]
2023-11-25 10:37:06.512 [info] > git for-each-ref --format=%(refname)%00%(upstream:short)%00%(objectname)%00%(upstream:track)%00%(upstream:remotename)%00%(upstream:remoteref) refs/heads/main refs/remotes/main [1ms]
2023-11-25 10:37:06.520 [info] > git status -z -uall [15ms]
2023-11-25 10:37:39.750 [info] > git remote --verbose [6ms]
2023-11-25 10:37:39.750 [info] > git for-each-ref --sort -committerdate --format %(refname) %(objectname) %(*objectname) [9ms]
2023-11-25 10:37:39.750 [info] > git config --get commit.template [1ms]
2023-11-25 10:37:39.753 [info] > git for-each-ref --format=%(refname)%00%(upstream:short)%00%(objectname)%00%(upstream:track)%00%(upstream:remotename)%00%(upstream:remoteref) refs/heads/main refs/remotes/main [0ms]
2023-11-25 10:37:39.763 [info] > git status -z -uall [17ms]
2023-11-25 10:42:09.210 [info] > git remote --verbose [6ms]
2023-11-25 10:42:09.210 [info] > git for-each-ref --sort -committerdate --format %(refname) %(objectname) %(*objectname) [8ms]
2023-11-25 10:42:09.210 [info] > git config --get commit.template [0ms]
2023-11-25 10:42:09.214 [info] > git for-each-ref --format=%(refname)%00%(upstream:short)%00%(objectname)%00%(upstream:track)%00%(upstream:remotename)%00%(upstream:remoteref) refs/heads/main refs/remotes/main [1ms]
2023-11-25 10:42:09.257 [info] > git status -z -uall [50ms]
2023-11-25 10:42:14.272 [info] > git remote --verbose [6ms]
2023-11-25 10:42:14.273 [info] > git for-each-ref --sort -committerdate --format %(refname) %(objectname) %(*objectname) [9ms]
2023-11-25 10:42:14.273 [info] > git config --get commit.template [1ms]
2023-11-25 10:42:14.277 [info] > git for-each-ref --format=%(refname)%00%(upstream:short)%00%(objectname)%00%(upstream:track)%00%(upstream:remotename)%00%(upstream:remoteref) refs/heads/main refs/remotes/main [0ms]
2023-11-25 10:42:14.283 [info] > git status -z -uall [14ms]
2023-11-25 10:42:20.937 [info] > git remote --verbose [7ms]
2023-11-25 10:42:20.937 [info] > git for-each-ref --sort -committerdate --format %(refname) %(objectname) %(*objectname) [11ms]
2023-11-25 10:42:20.939 [info] > git config --get commit.template [3ms]
2023-11-25 10:42:20.940 [info] > git for-each-ref --format=%(refname)%00%(upstream:short)%00%(objectname)%00%(upstream:track)%00%(upstream:remotename)%00%(upstream:remoteref) refs/heads/main refs/remotes/main [1ms]
2023-11-25 10:42:20.946 [info] > git status -z -uall [14ms]
2023-11-25 10:45:50.216 [info] > git remote --verbose [11ms]
2023-11-25 10:45:50.216 [info] > git for-each-ref --sort -committerdate --format %(refname) %(objectname) %(*objectname) [14ms]
2023-11-25 10:45:50.217 [info] > git config --get commit.template [3ms]
2023-11-25 10:45:50.220 [info] > git for-each-ref --format=%(refname)%00%(upstream:short)%00%(objectname)%00%(upstream:track)%00%(upstream:remotename)%00%(upstream:remoteref) refs/heads/main refs/remotes/main [1ms]
2023-11-25 10:45:50.229 [info] > git status -z -uall [21ms]
2023-11-25 10:45:55.245 [info] > git remote --verbose [7ms]
2023-11-25 10:45:55.245 [info] > git for-each-ref --sort -committerdate --format %(refname) %(objectname) %(*objectname) [10ms]
2023-11-25 10:45:55.245 [info] > git config --get commit.template [1ms]
2023-11-25 10:45:55.249 [info] > git for-each-ref --format=%(refname)%00%(upstream:short)%00%(objectname)%00%(upstream:track)%00%(upstream:remotename)%00%(upstream:remoteref) refs/heads/main refs/remotes/main [0ms]
2023-11-25 10:45:55.259 [info] > git status -z -uall [18ms]
2023-11-25 10:46:54.514 [info] > git remote --verbose [9ms]
2023-11-25 10:46:54.514 [info] > git for-each-ref --sort -committerdate --format %(refname) %(objectname) %(*objectname) [11ms]
2023-11-25 10:46:54.514 [info] > git config --get commit.template [1ms]
2023-11-25 10:46:54.518 [info] > git for-each-ref --format=%(refname)%00%(upstream:short)%00%(objectname)%00%(upstream:track)%00%(upstream:remotename)%00%(upstream:remoteref) refs/heads/main refs/remotes/main [1ms]
2023-11-25 10:46:54.526 [info] > git status -z -uall [17ms]
2023-11-25 10:47:15.518 [info] > git remote --verbose [7ms]
2023-11-25 10:47:15.518 [info] > git for-each-ref --sort -committerdate --format %(refname) %(objectname) %(*objectname) [10ms]
2023-11-25 10:47:15.518 [info] > git config --get commit.template [1ms]
2023-11-25 10:47:15.522 [info] > git for-each-ref --format=%(refname)%00%(upstream:short)%00%(objectname)%00%(upstream:track)%00%(upstream:remotename)%00%(upstream:remoteref) refs/heads/main refs/remotes/main [1ms]
2023-11-25 10:47:15.531 [info] > git status -z -uall [17ms]
2023-11-25 10:47:22.037 [info] > git remote --verbose [7ms]
2023-11-25 10:47:22.037 [info] > git for-each-ref --sort -committerdate --format %(refname) %(objectname) %(*objectname) [10ms]
2023-11-25 10:47:22.037 [info] > git config --get commit.template [1ms]
2023-11-25 10:47:22.040 [info] > git for-each-ref --format=%(refname)%00%(upstream:short)%00%(objectname)%00%(upstream:track)%00%(upstream:remotename)%00%(upstream:remoteref) refs/heads/main refs/remotes/main [1ms]
2023-11-25 10:47:22.046 [info] > git status -z -uall [13ms]
2023-11-25 10:51:24.170 [info] > git remote --verbose [7ms]
2023-11-25 10:51:24.170 [info] > git for-each-ref --sort -committerdate --format %(refname) %(objectname) %(*objectname) [9ms]
2023-11-25 10:51:24.173 [info] > git config --get commit.template [3ms]
2023-11-25 10:51:24.174 [info] > git for-each-ref --format=%(refname)%00%(upstream:short)%00%(objectname)%00%(upstream:track)%00%(upstream:remotename)%00%(upstream:remoteref) refs/heads/main refs/remotes/main [1ms]
2023-11-25 10:51:24.181 [info] > git status -z -uall [15ms]
2023-11-25 10:51:30.895 [info] > git remote --verbose [6ms]
2023-11-25 10:51:30.895 [info] > git for-each-ref --sort -committerdate --format %(refname) %(objectname) %(*objectname) [9ms]
2023-11-25 10:51:30.895 [info] > git config --get commit.template [0ms]
2023-11-25 10:51:30.899 [info] > git for-each-ref --format=%(refname)%00%(upstream:short)%00%(objectname)%00%(upstream:track)%00%(upstream:remotename)%00%(upstream:remoteref) refs/heads/main refs/remotes/main [0ms]
2023-11-25 10:51:30.909 [info] > git status -z -uall [18ms]
2023-11-25 11:13:51.808 [info] > git remote --verbose [8ms]
2023-11-25 11:13:51.808 [info] > git for-each-ref --sort -committerdate --format %(refname) %(objectname) %(*objectname) [11ms]
2023-11-25 11:13:51.809 [info] > git config --get commit.template [1ms]
2023-11-25 11:13:51.813 [info] > git for-each-ref --format=%(refname)%00%(upstream:short)%00%(objectname)%00%(upstream:track)%00%(upstream:remotename)%00%(upstream:remoteref) refs/heads/main refs/remotes/main [0ms]
2023-11-25 11:13:51.825 [info] > git status -z -uall [22ms]
2023-11-25 11:15:37.017 [info] > git remote --verbose [7ms]
2023-11-25 11:15:37.017 [info] > git for-each-ref --sort -committerdate --format %(refname) %(objectname) %(*objectname) [11ms]
2023-11-25 11:15:37.017 [info] > git config --get commit.template [1ms]
2023-11-25 11:15:37.024 [info] > git for-each-ref --format=%(refname)%00%(upstream:short)%00%(objectname)%00%(upstream:track)%00%(upstream:remotename)%00%(upstream:remoteref) refs/heads/main refs/remotes/main [1ms]
2023-11-25 11:15:37.031 [info] > git status -z -uall [18ms]
2023-11-25 11:16:14.954 [info] > git remote --verbose [7ms]
2023-11-25 11:16:14.954 [info] > git for-each-ref --sort -committerdate --format %(refname) %(objectname) %(*objectname) [11ms]
2023-11-25 11:16:14.954 [info] > git config --get commit.template [0ms]
2023-11-25 11:16:14.959 [info] > git for-each-ref --format=%(refname)%00%(upstream:short)%00%(objectname)%00%(upstream:track)%00%(upstream:remotename)%00%(upstream:remoteref) refs/heads/main refs/remotes/main [0ms]
2023-11-25 11:16:14.965 [info] > git status -z -uall [15ms]
2023-11-25 11:17:32.113 [info] > git remote --verbose [6ms]
2023-11-25 11:17:32.113 [info] > git for-each-ref --sort -committerdate --format %(refname) %(objectname) %(*objectname) [11ms]
2023-11-25 11:17:32.116 [info] > git config --get commit.template [4ms]
2023-11-25 11:17:32.117 [info] > git for-each-ref --format=%(refname)%00%(upstream:short)%00%(objectname)%00%(upstream:track)%00%(upstream:remotename)%00%(upstream:remoteref) refs/heads/main refs/remotes/main [1ms]
2023-11-25 11:17:32.125 [info] > git status -z -uall [16ms]
2023-11-25 11:17:56.853 [info] > git remote --verbose [10ms]
2023-11-25 11:17:56.854 [info] > git for-each-ref --sort -committerdate --format %(refname) %(objectname) %(*objectname) [13ms]
2023-11-25 11:17:56.854 [info] > git config --get commit.template [2ms]
2023-11-25 11:17:56.858 [info] > git for-each-ref --format=%(refname)%00%(upstream:short)%00%(objectname)%00%(upstream:track)%00%(upstream:remotename)%00%(upstream:remoteref) refs/heads/main refs/remotes/main [1ms]
2023-11-25 11:17:56.861 [info] > git status -z -uall [15ms]
2023-11-25 11:19:42.756 [info] > git remote --verbose [7ms]
2023-11-25 11:19:42.756 [info] > git for-each-ref --sort -committerdate --format %(refname) %(objectname) %(*objectname) [10ms]
2023-11-25 11:19:42.756 [info] > git config --get commit.template [1ms]
2023-11-25 11:19:42.759 [info] > git for-each-ref --format=%(refname)%00%(upstream:short)%00%(objectname)%00%(upstream:track)%00%(upstream:remotename)%00%(upstream:remoteref) refs/heads/main refs/remotes/main [0ms]
2023-11-25 11:19:42.766 [info] > git status -z -uall [14ms]
2023-11-25 11:23:18.673 [info] > git remote --verbose [7ms]
2023-11-25 11:23:18.673 [info] > git for-each-ref --sort -committerdate --format %(refname) %(objectname) %(*objectname) [10ms]
2023-11-25 11:23:18.674 [info] > git config --get commit.template [1ms]
2023-11-25 11:23:18.679 [info] > git for-each-ref --format=%(refname)%00%(upstream:short)%00%(objectname)%00%(upstream:track)%00%(upstream:remotename)%00%(upstream:remoteref) refs/heads/main refs/remotes/main [1ms]
2023-11-25 11:23:18.684 [info] > git status -z -uall [15ms]
2023-11-25 12:18:54.673 [info] > git remote --verbose [6ms]
2023-11-25 12:18:54.673 [info] > git for-each-ref --sort -committerdate --format %(refname) %(objectname) %(*objectname) [9ms]
2023-11-25 12:18:54.674 [info] > git config --get commit.template [1ms]
2023-11-25 12:18:54.677 [info] > git for-each-ref --format=%(refname)%00%(upstream:short)%00%(objectname)%00%(upstream:track)%00%(upstream:remotename)%00%(upstream:remoteref) refs/heads/main refs/remotes/main [0ms]
2023-11-25 12:18:54.686 [info] > git status -z -uall [16ms]
2023-11-25 12:19:56.462 [info] > git remote --verbose [7ms]
2023-11-25 12:19:56.462 [info] > git for-each-ref --sort -committerdate --format %(refname) %(objectname) %(*objectname) [10ms]
2023-11-25 12:19:56.462 [info] > git config --get commit.template [0ms]
2023-11-25 12:19:56.465 [info] > git for-each-ref --format=%(refname)%00%(upstream:short)%00%(objectname)%00%(upstream:track)%00%(upstream:remotename)%00%(upstream:remoteref) refs/heads/main refs/remotes/main [0ms]
2023-11-25 12:19:56.475 [info] > git status -z -uall [17ms]
2023-11-25 12:21:37.042 [info] > git remote --verbose [8ms]
2023-11-25 12:21:37.042 [info] > git for-each-ref --sort -committerdate --format %(refname) %(objectname) %(*objectname) [11ms]
2023-11-25 12:21:37.042 [info] > git config --get commit.template [1ms]
2023-11-25 12:21:37.048 [info] > git for-each-ref --format=%(refname)%00%(upstream:short)%00%(objectname)%00%(upstream:track)%00%(upstream:remotename)%00%(upstream:remoteref) refs/heads/main refs/remotes/main [1ms]
2023-11-25 12:21:37.054 [info] > git status -z -uall [17ms]
2023-11-25 12:22:19.924 [info] > git remote --verbose [6ms]
2023-11-25 12:22:19.924 [info] > git for-each-ref --sort -committerdate --format %(refname) %(objectname) %(*objectname) [9ms]
2023-11-25 12:22:19.924 [info] > git config --get commit.template [0ms]
2023-11-25 12:22:19.928 [info] > git for-each-ref --format=%(refname)%00%(upstream:short)%00%(objectname)%00%(upstream:track)%00%(upstream:remotename)%00%(upstream:remoteref) refs/heads/main refs/remotes/main [0ms]
2023-11-25 12:22:19.934 [info] > git status -z -uall [14ms]
2023-11-25 12:24:59.678 [info] > git remote --verbose [10ms]
2023-11-25 12:24:59.678 [info] > git for-each-ref --sort -committerdate --format %(refname) %(objectname) %(*objectname) [15ms]
2023-11-25 12:24:59.693 [info] > git for-each-ref --format=%(refname)%00%(upstream:short)%00%(objectname)%00%(upstream:track)%00%(upstream:remotename)%00%(upstream:remoteref) refs/heads/main refs/remotes/main [0ms]
2023-11-25 12:24:59.693 [info] > git config --get commit.template [9ms]
2023-11-25 12:24:59.714 [info] > git status -z -uall [38ms]
2023-11-25 12:25:04.733 [info] > git remote --verbose [7ms]
2023-11-25 12:25:04.733 [info] > git for-each-ref --sort -committerdate --format %(refname) %(objectname) %(*objectname) [11ms]
2023-11-25 12:25:04.733 [info] > git config --get commit.template [1ms]
2023-11-25 12:25:04.737 [info] > git for-each-ref --format=%(refname)%00%(upstream:short)%00%(objectname)%00%(upstream:track)%00%(upstream:remotename)%00%(upstream:remoteref) refs/heads/main refs/remotes/main [1ms]
2023-11-25 12:25:04.742 [info] > git status -z -uall [14ms]
2023-11-25 12:25:14.576 [info] > git remote --verbose [6ms]
2023-11-25 12:25:14.576 [info] > git for-each-ref --sort -committerdate --format %(refname) %(objectname) %(*objectname) [9ms]
2023-11-25 12:25:14.576 [info] > git config --get commit.template [1ms]
2023-11-25 12:25:14.580 [info] > git for-each-ref --format=%(refname)%00%(upstream:short)%00%(objectname)%00%(upstream:track)%00%(upstream:remotename)%00%(upstream:remoteref) refs/heads/main refs/remotes/main [1ms]
2023-11-25 12:25:14.602 [info] > git status -z -uall [29ms]
2023-11-25 12:34:47.693 [info] > git remote --verbose [7ms]
2023-11-25 12:34:47.693 [info] > git for-each-ref --sort -committerdate --format %(refname) %(objectname) %(*objectname) [10ms]
2023-11-25 12:34:47.693 [info] > git config --get commit.template [1ms]
2023-11-25 12:34:47.699 [info] > git for-each-ref --format=%(refname)%00%(upstream:short)%00%(objectname)%00%(upstream:track)%00%(upstream:remotename)%00%(upstream:remoteref) refs/heads/main refs/remotes/main [1ms]
2023-11-25 12:34:47.717 [info] > git status -z -uall [28ms]
