[Trace 13:55:04.041] VsCodeClientWorkspace: TextDocument.onDidOpen: file:///home/n30/.dotfiles/wiki-wayland-0.95beta.md
[Trace 13:55:04.042] VsCodeClientWorkspace: TextDocument.onDidChanceContent: file:///home/n30/.dotfiles/wiki-wayland-0.95beta.md
[Trace 13:55:04.171] Server: connection.languages.diagnostics.on: file:///home/n30/.dotfiles/wiki-wayland-0.95beta.md
[Trace 13:55:04.174] Server: connection.languages.diagnostics.on: file:///home/n30/.dotfiles/README.md
[Debug 13:55:04.175] LinkProvider: compute - file:///home/n30/.dotfiles/wiki-wayland-0.95beta.md
[Trace 13:55:04.196] Server: connection.languages.diagnostics.on: file:///home/n30/.dotfiles/wiki-wayland-0.95beta.md
[Trace 13:55:04.402] Server: connection.languages.diagnostics.on: file:///home/n30/.dotfiles/README.md
[Debug 13:55:05.535] MdFoldingProvider: provideFoldingRanges — file:///home/n30/.dotfiles/wiki-wayland-0.95beta.md 1
[Debug 13:55:05.536] TableOfContentsProvider: create - file:///home/n30/.dotfiles/wiki-wayland-0.95beta.md
[Trace 13:55:06.774] DocumentSymbolProvider: provideDocumentSymbols — file:///home/n30/.dotfiles/wiki-wayland-0.95beta.md 1
[Trace 14:33:44.164] VsCodeClientWorkspace: TextDocument.onDidChanceContent: file:///home/n30/.dotfiles/wiki-wayland-0.95beta.md
[Trace 14:33:44.165] Server: connection.languages.diagnostics.on: file:///home/n30/.dotfiles/wiki-wayland-0.95beta.md
[Debug 14:33:44.301] MdFoldingProvider: provideFoldingRanges — file:///home/n30/.dotfiles/wiki-wayland-0.95beta.md 2
[Debug 14:33:44.302] TableOfContentsProvider: create - file:///home/n30/.dotfiles/wiki-wayland-0.95beta.md
[Trace 14:33:44.537] Server: connection.languages.diagnostics.on: file:///home/n30/.dotfiles/README.md
[Trace 14:33:44.551] DocumentSymbolProvider: provideDocumentSymbols — file:///home/n30/.dotfiles/wiki-wayland-0.95beta.md 2
[Debug 14:33:44.551] LinkProvider: compute - file:///home/n30/.dotfiles/wiki-wayland-0.95beta.md
[Trace 14:33:46.961] VsCodeClientWorkspace: TextDocument.onDidChanceContent: file:///home/n30/.dotfiles/wiki-wayland-0.95beta.md
[Trace 14:33:46.961] Server: connection.languages.diagnostics.on: file:///home/n30/.dotfiles/wiki-wayland-0.95beta.md
[Debug 14:33:47.131] MdFoldingProvider: provideFoldingRanges — file:///home/n30/.dotfiles/wiki-wayland-0.95beta.md 3
[Debug 14:33:47.131] TableOfContentsProvider: create - file:///home/n30/.dotfiles/wiki-wayland-0.95beta.md
[Trace 14:33:47.325] Server: connection.languages.diagnostics.on: file:///home/n30/.dotfiles/README.md
[Trace 14:33:47.341] DocumentSymbolProvider: provideDocumentSymbols — file:///home/n30/.dotfiles/wiki-wayland-0.95beta.md 3
[Debug 14:33:47.341] LinkProvider: compute - file:///home/n30/.dotfiles/wiki-wayland-0.95beta.md
[Trace 16:42:13.602] VsCodeClientWorkspace: TextDocument.onDidChanceContent: file:///home/n30/.dotfiles/wiki-wayland-0.95beta.md
[Trace 16:42:13.602] Server: connection.languages.diagnostics.on: file:///home/n30/.dotfiles/wiki-wayland-0.95beta.md
[Debug 16:42:13.791] MdFoldingProvider: provideFoldingRanges — file:///home/n30/.dotfiles/wiki-wayland-0.95beta.md 4
[Debug 16:42:13.791] TableOfContentsProvider: create - file:///home/n30/.dotfiles/wiki-wayland-0.95beta.md
[Trace 16:42:13.993] Server: connection.languages.diagnostics.on: file:///home/n30/.dotfiles/README.md
[Debug 16:42:13.993] LinkProvider: compute - file:///home/n30/.dotfiles/wiki-wayland-0.95beta.md
[Trace 16:42:13.993] DocumentSymbolProvider: provideDocumentSymbols — file:///home/n30/.dotfiles/wiki-wayland-0.95beta.md 4
[Trace 16:45:51.497] VsCodeClientWorkspace: TextDocument.onDidChanceContent: file:///home/n30/.dotfiles/wiki-wayland-0.95beta.md
[Trace 16:45:51.497] Server: connection.languages.diagnostics.on: file:///home/n30/.dotfiles/wiki-wayland-0.95beta.md
[Debug 16:45:51.692] MdFoldingProvider: provideFoldingRanges — file:///home/n30/.dotfiles/wiki-wayland-0.95beta.md 5
[Debug 16:45:51.692] TableOfContentsProvider: create - file:///home/n30/.dotfiles/wiki-wayland-0.95beta.md
[Trace 16:45:51.928] Server: connection.languages.diagnostics.on: file:///home/n30/.dotfiles/README.md
[Debug 16:45:51.928] LinkProvider: compute - file:///home/n30/.dotfiles/wiki-wayland-0.95beta.md
[Trace 16:45:51.929] DocumentSymbolProvider: provideDocumentSymbols — file:///home/n30/.dotfiles/wiki-wayland-0.95beta.md 5
