2023-11-19 21:49:38.975 [info] Validating found git in: git
2023-11-19 21:49:38.975 [info] Using git 2.42.1 from git
2023-11-19 21:49:38.975 [info] > git rev-parse --show-toplevel [2ms]
2023-11-19 21:49:38.975 [info] fatal: not a git repository (or any parent up to mount point /)
Stopping at filesystem boundary (GIT_DISCOVERY_ACROSS_FILESYSTEM not set).
2023-11-19 21:49:38.975 [info] > git rev-parse --show-toplevel [0ms]
2023-11-19 21:49:38.975 [info] fatal: not a git repository (or any parent up to mount point /)
Stopping at filesystem boundary (GIT_DISCOVERY_ACROSS_FILESYSTEM not set).
2023-11-19 21:49:38.975 [info] > git rev-parse --show-toplevel [0ms]
2023-11-19 21:49:38.975 [info] fatal: not a git repository (or any parent up to mount point /)
Stopping at filesystem boundary (GIT_DISCOVERY_ACROSS_FILESYSTEM not set).
2023-11-19 21:49:38.981 [info] > git rev-parse --show-toplevel [45ms]
2023-11-19 21:49:38.981 [info] fatal: not a git repository (or any parent up to mount point /)
Stopping at filesystem boundary (GIT_DISCOVERY_ACROSS_FILESYSTEM not set).
2023-11-19 21:49:38.984 [info] > git rev-parse --show-toplevel [0ms]
2023-11-19 21:49:38.984 [info] fatal: not a git repository (or any parent up to mount point /)
Stopping at filesystem boundary (GIT_DISCOVERY_ACROSS_FILESYSTEM not set).
2023-11-19 21:49:38.987 [info] > git rev-parse --show-toplevel [1ms]
2023-11-19 21:49:38.987 [info] fatal: not a git repository (or any parent up to mount point /)
Stopping at filesystem boundary (GIT_DISCOVERY_ACROSS_FILESYSTEM not set).
2023-11-19 21:49:38.989 [info] > git rev-parse --show-toplevel [0ms]
2023-11-19 21:49:38.989 [info] fatal: not a git repository (or any parent up to mount point /)
Stopping at filesystem boundary (GIT_DISCOVERY_ACROSS_FILESYSTEM not set).
2023-11-19 21:49:38.991 [info] > git rev-parse --show-toplevel [0ms]
2023-11-19 21:49:38.991 [info] fatal: not a git repository (or any parent up to mount point /)
Stopping at filesystem boundary (GIT_DISCOVERY_ACROSS_FILESYSTEM not set).
2023-11-19 21:49:38.994 [info] > git rev-parse --show-toplevel [1ms]
2023-11-19 21:49:38.994 [info] fatal: not a git repository (or any parent up to mount point /)
Stopping at filesystem boundary (GIT_DISCOVERY_ACROSS_FILESYSTEM not set).
2023-11-19 21:49:38.996 [info] > git rev-parse --show-toplevel [1ms]
2023-11-19 21:49:38.996 [info] fatal: not a git repository (or any parent up to mount point /)
Stopping at filesystem boundary (GIT_DISCOVERY_ACROSS_FILESYSTEM not set).
2023-11-19 21:49:38.998 [info] > git rev-parse --show-toplevel [0ms]
2023-11-19 21:49:38.998 [info] fatal: not a git repository (or any parent up to mount point /)
Stopping at filesystem boundary (GIT_DISCOVERY_ACROSS_FILESYSTEM not set).
2023-11-19 21:49:39.001 [info] > git rev-parse --show-toplevel [0ms]
2023-11-19 21:49:39.001 [info] fatal: not a git repository (or any parent up to mount point /)
Stopping at filesystem boundary (GIT_DISCOVERY_ACROSS_FILESYSTEM not set).
2023-11-19 21:49:39.003 [info] > git rev-parse --show-toplevel [1ms]
2023-11-19 21:49:39.003 [info] fatal: not a git repository (or any parent up to mount point /)
Stopping at filesystem boundary (GIT_DISCOVERY_ACROSS_FILESYSTEM not set).
2023-11-19 21:49:39.005 [info] > git rev-parse --show-toplevel [0ms]
2023-11-19 21:49:39.005 [info] fatal: not a git repository (or any parent up to mount point /)
Stopping at filesystem boundary (GIT_DISCOVERY_ACROSS_FILESYSTEM not set).
2023-11-19 21:49:39.008 [info] > git rev-parse --show-toplevel [1ms]
2023-11-19 21:49:39.008 [info] fatal: not a git repository (or any parent up to mount point /)
Stopping at filesystem boundary (GIT_DISCOVERY_ACROSS_FILESYSTEM not set).
2023-11-19 21:49:39.010 [info] > git rev-parse --show-toplevel [0ms]
2023-11-19 21:49:39.010 [info] fatal: not a git repository (or any parent up to mount point /)
Stopping at filesystem boundary (GIT_DISCOVERY_ACROSS_FILESYSTEM not set).
2023-11-19 21:49:39.012 [info] > git rev-parse --show-toplevel [0ms]
2023-11-19 21:49:39.012 [info] fatal: not a git repository (or any parent up to mount point /)
Stopping at filesystem boundary (GIT_DISCOVERY_ACROSS_FILESYSTEM not set).
2023-11-19 21:49:39.014 [info] > git rev-parse --show-toplevel [0ms]
2023-11-19 21:49:39.014 [info] fatal: not a git repository (or any parent up to mount point /)
Stopping at filesystem boundary (GIT_DISCOVERY_ACROSS_FILESYSTEM not set).
2023-11-19 21:49:39.032 [info] > git rev-parse --show-toplevel [16ms]
2023-11-19 21:49:39.032 [info] fatal: not a git repository (or any parent up to mount point /)
Stopping at filesystem boundary (GIT_DISCOVERY_ACROSS_FILESYSTEM not set).
2023-11-19 21:49:39.034 [info] > git rev-parse --show-toplevel [0ms]
2023-11-19 21:49:39.034 [info] fatal: not a git repository (or any parent up to mount point /)
Stopping at filesystem boundary (GIT_DISCOVERY_ACROSS_FILESYSTEM not set).
2023-11-19 21:49:39.036 [info] > git rev-parse --show-toplevel [0ms]
2023-11-19 21:49:39.036 [info] fatal: not a git repository (or any parent up to mount point /)
Stopping at filesystem boundary (GIT_DISCOVERY_ACROSS_FILESYSTEM not set).
2023-11-19 21:49:39.039 [info] > git rev-parse --show-toplevel [0ms]
2023-11-19 21:49:39.039 [info] fatal: not a git repository (or any parent up to mount point /)
Stopping at filesystem boundary (GIT_DISCOVERY_ACROSS_FILESYSTEM not set).
2023-11-19 21:49:39.041 [info] > git rev-parse --show-toplevel [0ms]
2023-11-19 21:49:39.041 [info] fatal: not a git repository (or any parent up to mount point /)
Stopping at filesystem boundary (GIT_DISCOVERY_ACROSS_FILESYSTEM not set).
2023-11-19 21:49:39.043 [info] > git rev-parse --show-toplevel [1ms]
2023-11-19 21:49:39.043 [info] fatal: not a git repository (or any parent up to mount point /)
Stopping at filesystem boundary (GIT_DISCOVERY_ACROSS_FILESYSTEM not set).
2023-11-19 21:49:39.045 [info] > git rev-parse --show-toplevel [1ms]
2023-11-19 21:49:39.045 [info] fatal: not a git repository (or any parent up to mount point /)
Stopping at filesystem boundary (GIT_DISCOVERY_ACROSS_FILESYSTEM not set).
2023-11-19 21:49:39.047 [info] > git rev-parse --show-toplevel [1ms]
2023-11-19 21:49:39.047 [info] fatal: not a git repository (or any parent up to mount point /)
Stopping at filesystem boundary (GIT_DISCOVERY_ACROSS_FILESYSTEM not set).
2023-11-19 21:49:39.049 [info] > git rev-parse --show-toplevel [0ms]
2023-11-19 21:49:39.049 [info] fatal: not a git repository (or any parent up to mount point /)
Stopping at filesystem boundary (GIT_DISCOVERY_ACROSS_FILESYSTEM not set).
2023-11-19 21:49:39.052 [info] > git rev-parse --show-toplevel [1ms]
2023-11-19 21:49:39.052 [info] fatal: not a git repository (or any parent up to mount point /)
Stopping at filesystem boundary (GIT_DISCOVERY_ACROSS_FILESYSTEM not set).
2023-11-19 21:49:39.054 [info] > git rev-parse --show-toplevel [0ms]
2023-11-19 21:49:39.054 [info] fatal: not a git repository (or any parent up to mount point /)
Stopping at filesystem boundary (GIT_DISCOVERY_ACROSS_FILESYSTEM not set).
2023-11-19 21:49:39.063 [info] > git rev-parse --show-toplevel [7ms]
2023-11-19 21:49:39.063 [info] fatal: not a git repository (or any parent up to mount point /)
Stopping at filesystem boundary (GIT_DISCOVERY_ACROSS_FILESYSTEM not set).
2023-11-19 21:49:39.066 [info] > git rev-parse --show-toplevel [1ms]
2023-11-19 21:49:39.066 [info] fatal: not a git repository (or any parent up to mount point /)
Stopping at filesystem boundary (GIT_DISCOVERY_ACROSS_FILESYSTEM not set).
2023-11-19 21:49:39.068 [info] > git rev-parse --show-toplevel [0ms]
2023-11-19 21:49:39.068 [info] fatal: not a git repository (or any parent up to mount point /)
Stopping at filesystem boundary (GIT_DISCOVERY_ACROSS_FILESYSTEM not set).
2023-11-19 21:49:39.071 [info] > git rev-parse --show-toplevel [1ms]
2023-11-19 21:49:39.071 [info] fatal: not a git repository (or any parent up to mount point /)
Stopping at filesystem boundary (GIT_DISCOVERY_ACROSS_FILESYSTEM not set).
2023-11-19 21:49:39.073 [info] > git rev-parse --show-toplevel [0ms]
2023-11-19 21:49:39.073 [info] fatal: not a git repository (or any parent up to mount point /)
Stopping at filesystem boundary (GIT_DISCOVERY_ACROSS_FILESYSTEM not set).
2023-11-19 21:49:39.075 [info] > git rev-parse --show-toplevel [0ms]
2023-11-19 21:49:39.075 [info] fatal: not a git repository (or any parent up to mount point /)
Stopping at filesystem boundary (GIT_DISCOVERY_ACROSS_FILESYSTEM not set).
2023-11-19 21:49:39.078 [info] > git rev-parse --show-toplevel [0ms]
2023-11-19 21:49:39.078 [info] fatal: not a git repository (or any parent up to mount point /)
Stopping at filesystem boundary (GIT_DISCOVERY_ACROSS_FILESYSTEM not set).
