2023-11-20 16:53:15.010 [info] Validating found git in: git
2023-11-20 16:53:15.010 [info] Using git 2.42.1 from git
2023-11-20 16:53:15.010 [info] > git rev-parse --show-toplevel [2ms]
2023-11-20 16:53:15.010 [info] fatal: not a git repository (or any parent up to mount point /)
Stopping at filesystem boundary (GIT_DISCOVERY_ACROSS_FILESYSTEM not set).
2023-11-20 16:53:15.010 [info] > git rev-parse --show-toplevel [0ms]
2023-11-20 16:53:15.010 [info] fatal: not a git repository (or any parent up to mount point /)
Stopping at filesystem boundary (GIT_DISCOVERY_ACROSS_FILESYSTEM not set).
2023-11-20 16:53:15.010 [info] > git rev-parse --show-toplevel [1ms]
2023-11-20 16:53:15.010 [info] fatal: not a git repository (or any parent up to mount point /)
Stopping at filesystem boundary (GIT_DISCOVERY_ACROSS_FILESYSTEM not set).
2023-11-20 16:53:15.010 [info] > git rev-parse --show-toplevel [1ms]
2023-11-20 16:53:15.010 [info] fatal: not a git repository (or any parent up to mount point /)
Stopping at filesystem boundary (GIT_DISCOVERY_ACROSS_FILESYSTEM not set).
2023-11-20 16:53:15.010 [info] > git rev-parse --show-toplevel [1ms]
2023-11-20 16:53:15.010 [info] fatal: not a git repository (or any parent up to mount point /)
Stopping at filesystem boundary (GIT_DISCOVERY_ACROSS_FILESYSTEM not set).
2023-11-20 16:53:15.010 [info] > git rev-parse --show-toplevel [0ms]
2023-11-20 16:53:15.010 [info] fatal: not a git repository (or any parent up to mount point /)
Stopping at filesystem boundary (GIT_DISCOVERY_ACROSS_FILESYSTEM not set).
2023-11-20 16:53:15.010 [info] > git rev-parse --show-toplevel [0ms]
2023-11-20 16:53:15.010 [info] fatal: not a git repository (or any parent up to mount point /)
Stopping at filesystem boundary (GIT_DISCOVERY_ACROSS_FILESYSTEM not set).
2023-11-20 16:53:15.010 [info] > git rev-parse --show-toplevel [1ms]
2023-11-20 16:53:15.010 [info] fatal: not a git repository (or any parent up to mount point /)
Stopping at filesystem boundary (GIT_DISCOVERY_ACROSS_FILESYSTEM not set).
2023-11-20 16:53:15.010 [info] > git rev-parse --show-toplevel [0ms]
2023-11-20 16:53:15.010 [info] fatal: not a git repository (or any parent up to mount point /)
Stopping at filesystem boundary (GIT_DISCOVERY_ACROSS_FILESYSTEM not set).
2023-11-20 16:53:15.010 [info] > git rev-parse --show-toplevel [1ms]
2023-11-20 16:53:15.010 [info] fatal: not a git repository (or any parent up to mount point /)
Stopping at filesystem boundary (GIT_DISCOVERY_ACROSS_FILESYSTEM not set).
2023-11-20 16:53:15.010 [info] > git rev-parse --show-toplevel [1ms]
2023-11-20 16:53:15.010 [info] fatal: not a git repository (or any parent up to mount point /)
Stopping at filesystem boundary (GIT_DISCOVERY_ACROSS_FILESYSTEM not set).
2023-11-20 16:53:15.014 [info] > git rev-parse --show-toplevel [50ms]
2023-11-20 16:53:15.014 [info] fatal: not a git repository (or any parent up to mount point /)
Stopping at filesystem boundary (GIT_DISCOVERY_ACROSS_FILESYSTEM not set).
2023-11-20 16:53:15.017 [info] > git rev-parse --show-toplevel [1ms]
2023-11-20 16:53:15.017 [info] fatal: not a git repository (or any parent up to mount point /)
Stopping at filesystem boundary (GIT_DISCOVERY_ACROSS_FILESYSTEM not set).
2023-11-20 16:53:15.019 [info] > git rev-parse --show-toplevel [0ms]
2023-11-20 16:53:15.019 [info] fatal: not a git repository (or any parent up to mount point /)
Stopping at filesystem boundary (GIT_DISCOVERY_ACROSS_FILESYSTEM not set).
2023-11-20 16:53:15.022 [info] > git rev-parse --show-toplevel [0ms]
2023-11-20 16:53:15.022 [info] fatal: not a git repository (or any parent up to mount point /)
Stopping at filesystem boundary (GIT_DISCOVERY_ACROSS_FILESYSTEM not set).
2023-11-20 16:53:15.025 [info] > git rev-parse --show-toplevel [1ms]
2023-11-20 16:53:15.025 [info] fatal: not a git repository (or any parent up to mount point /)
Stopping at filesystem boundary (GIT_DISCOVERY_ACROSS_FILESYSTEM not set).
2023-11-20 16:53:15.028 [info] > git rev-parse --show-toplevel [1ms]
2023-11-20 16:53:15.028 [info] fatal: not a git repository (or any parent up to mount point /)
Stopping at filesystem boundary (GIT_DISCOVERY_ACROSS_FILESYSTEM not set).
2023-11-20 16:53:15.031 [info] > git rev-parse --show-toplevel [0ms]
2023-11-20 16:53:15.031 [info] fatal: not a git repository (or any parent up to mount point /)
Stopping at filesystem boundary (GIT_DISCOVERY_ACROSS_FILESYSTEM not set).
2023-11-20 16:53:15.034 [info] > git rev-parse --show-toplevel [1ms]
2023-11-20 16:53:15.034 [info] fatal: not a git repository (or any parent up to mount point /)
Stopping at filesystem boundary (GIT_DISCOVERY_ACROSS_FILESYSTEM not set).
2023-11-20 16:53:15.049 [info] > git rev-parse --show-toplevel [12ms]
2023-11-20 16:53:15.049 [info] fatal: not a git repository (or any parent up to mount point /)
Stopping at filesystem boundary (GIT_DISCOVERY_ACROSS_FILESYSTEM not set).
2023-11-20 16:53:15.051 [info] > git rev-parse --show-toplevel [0ms]
2023-11-20 16:53:15.051 [info] fatal: not a git repository (or any parent up to mount point /)
Stopping at filesystem boundary (GIT_DISCOVERY_ACROSS_FILESYSTEM not set).
2023-11-20 16:53:15.054 [info] > git rev-parse --show-toplevel [1ms]
2023-11-20 16:53:15.054 [info] fatal: not a git repository (or any parent up to mount point /)
Stopping at filesystem boundary (GIT_DISCOVERY_ACROSS_FILESYSTEM not set).
2023-11-20 16:53:15.056 [info] > git rev-parse --show-toplevel [0ms]
2023-11-20 16:53:15.056 [info] fatal: not a git repository (or any parent up to mount point /)
Stopping at filesystem boundary (GIT_DISCOVERY_ACROSS_FILESYSTEM not set).
2023-11-20 16:53:15.058 [info] > git rev-parse --show-toplevel [0ms]
2023-11-20 16:53:15.058 [info] fatal: not a git repository (or any parent up to mount point /)
Stopping at filesystem boundary (GIT_DISCOVERY_ACROSS_FILESYSTEM not set).
2023-11-20 16:53:15.063 [info] > git rev-parse --show-toplevel [1ms]
2023-11-20 16:53:15.063 [info] fatal: not a git repository (or any parent up to mount point /)
Stopping at filesystem boundary (GIT_DISCOVERY_ACROSS_FILESYSTEM not set).
2023-11-20 16:53:15.065 [info] > git rev-parse --show-toplevel [0ms]
2023-11-20 16:53:15.065 [info] fatal: not a git repository (or any parent up to mount point /)
Stopping at filesystem boundary (GIT_DISCOVERY_ACROSS_FILESYSTEM not set).
2023-11-20 16:53:15.068 [info] > git rev-parse --show-toplevel [0ms]
2023-11-20 16:53:15.068 [info] fatal: not a git repository (or any parent up to mount point /)
Stopping at filesystem boundary (GIT_DISCOVERY_ACROSS_FILESYSTEM not set).
2023-11-20 16:53:15.070 [info] > git rev-parse --show-toplevel [0ms]
2023-11-20 16:53:15.070 [info] fatal: not a git repository (or any parent up to mount point /)
Stopping at filesystem boundary (GIT_DISCOVERY_ACROSS_FILESYSTEM not set).
2023-11-20 16:53:15.072 [info] > git rev-parse --show-toplevel [1ms]
2023-11-20 16:53:15.072 [info] fatal: not a git repository (or any parent up to mount point /)
Stopping at filesystem boundary (GIT_DISCOVERY_ACROSS_FILESYSTEM not set).
2023-11-20 16:53:15.075 [info] > git rev-parse --show-toplevel [1ms]
2023-11-20 16:53:15.075 [info] fatal: not a git repository (or any parent up to mount point /)
Stopping at filesystem boundary (GIT_DISCOVERY_ACROSS_FILESYSTEM not set).
2023-11-20 16:53:15.078 [info] > git rev-parse --show-toplevel [1ms]
2023-11-20 16:53:15.078 [info] fatal: not a git repository (or any parent up to mount point /)
Stopping at filesystem boundary (GIT_DISCOVERY_ACROSS_FILESYSTEM not set).
2023-11-20 16:53:15.080 [info] > git rev-parse --show-toplevel [1ms]
2023-11-20 16:53:15.080 [info] fatal: not a git repository (or any parent up to mount point /)
Stopping at filesystem boundary (GIT_DISCOVERY_ACROSS_FILESYSTEM not set).
2023-11-20 16:53:15.082 [info] > git rev-parse --show-toplevel [0ms]
2023-11-20 16:53:15.082 [info] fatal: not a git repository (or any parent up to mount point /)
Stopping at filesystem boundary (GIT_DISCOVERY_ACROSS_FILESYSTEM not set).
2023-11-20 16:53:15.109 [info] > git rev-parse --show-toplevel [1ms]
2023-11-20 16:53:15.109 [info] fatal: not a git repository (or any parent up to mount point /)
Stopping at filesystem boundary (GIT_DISCOVERY_ACROSS_FILESYSTEM not set).
2023-11-20 16:53:15.111 [info] > git rev-parse --show-toplevel [1ms]
2023-11-20 16:53:15.111 [info] fatal: not a git repository (or any parent up to mount point /)
Stopping at filesystem boundary (GIT_DISCOVERY_ACROSS_FILESYSTEM not set).
2023-11-20 16:53:15.114 [info] > git rev-parse --show-toplevel [0ms]
2023-11-20 16:53:15.114 [info] fatal: not a git repository (or any parent up to mount point /)
Stopping at filesystem boundary (GIT_DISCOVERY_ACROSS_FILESYSTEM not set).
