2023-11-30 16:57:02.564 [info] Validating found git in: git
2023-11-30 16:57:02.564 [info] Using git 2.43.0 from git
2023-11-30 16:57:02.564 [info] > git rev-parse --show-toplevel [5ms]
2023-11-30 16:57:02.564 [info] > git rev-parse --git-dir --git-common-dir [53ms]
2023-11-30 16:57:02.564 [info] Log level: Info
2023-11-30 16:57:02.564 [info] Open repository: /home/n30/.dotfiles
2023-11-30 16:57:02.564 [info] > git rev-parse --show-toplevel [17ms]
2023-11-30 16:57:02.564 [info] > git remote --verbose [25ms]
2023-11-30 16:57:02.564 [info] > git for-each-ref --sort -committerdate --format %(refname) %(objectname) %(*objectname) [28ms]
2023-11-30 16:57:02.564 [info] > git rev-parse --show-toplevel [3ms]
2023-11-30 16:57:02.568 [info] > git config --get commit.template [9ms]
2023-11-30 16:57:02.569 [info] > git status -z -uall [30ms]
2023-11-30 16:57:02.569 [info] > git rev-parse --show-toplevel [2ms]
2023-11-30 16:57:02.574 [info] > git rev-parse --show-toplevel [3ms]
2023-11-30 16:57:02.577 [info] > git for-each-ref --format=%(refname)%00%(upstream:short)%00%(objectname)%00%(upstream:track)%00%(upstream:remotename)%00%(upstream:remoteref) refs/heads/main refs/remotes/main [3ms]
2023-11-30 16:57:02.591 [info] > git remote --verbose [7ms]
2023-11-30 16:57:02.591 [info] > git for-each-ref --sort -committerdate --format %(refname) %(objectname) %(*objectname) [9ms]
2023-11-30 16:57:02.591 [info] > git rev-parse --show-toplevel [15ms]
2023-11-30 16:57:02.595 [info] > git config --get commit.template [6ms]
2023-11-30 16:57:02.595 [info] > git rev-parse --show-toplevel [1ms]
2023-11-30 16:57:02.599 [info] > git status -z -uall [13ms]
2023-11-30 16:57:02.600 [info] > git for-each-ref --format=%(refname)%00%(upstream:short)%00%(objectname)%00%(upstream:track)%00%(upstream:remotename)%00%(upstream:remoteref) refs/heads/main refs/remotes/main [1ms]
2023-11-30 16:57:02.601 [info] > git rev-parse --show-toplevel [4ms]
2023-11-30 16:57:02.604 [info] > git rev-parse --show-toplevel [0ms]
2023-11-30 16:57:02.606 [info] > git rev-parse --show-toplevel [1ms]
2023-11-30 16:57:02.608 [info] > git rev-parse --show-toplevel [1ms]
2023-11-30 16:57:02.610 [info] > git rev-parse --show-toplevel [0ms]
2023-11-30 16:57:02.612 [info] > git rev-parse --show-toplevel [0ms]
2023-11-30 16:57:02.615 [info] > git rev-parse --show-toplevel [1ms]
2023-11-30 16:57:02.617 [info] > git rev-parse --show-toplevel [0ms]
2023-11-30 16:57:02.620 [info] > git rev-parse --show-toplevel [0ms]
2023-11-30 16:57:02.622 [info] > git rev-parse --show-toplevel [1ms]
2023-11-30 16:57:02.624 [info] > git rev-parse --show-toplevel [1ms]
2023-11-30 16:57:02.626 [info] > git rev-parse --show-toplevel [0ms]
2023-11-30 16:57:02.634 [info] > git rev-parse --show-toplevel [6ms]
2023-11-30 16:57:02.637 [info] > git rev-parse --show-toplevel [1ms]
2023-11-30 16:57:02.639 [info] > git rev-parse --show-toplevel [0ms]
2023-11-30 16:57:02.642 [info] > git rev-parse --show-toplevel [0ms]
2023-11-30 16:57:02.644 [info] > git rev-parse --show-toplevel [0ms]
2023-11-30 16:57:02.645 [info] > git rev-parse --show-toplevel [0ms]
2023-11-30 16:57:02.648 [info] > git rev-parse --show-toplevel [1ms]
2023-11-30 16:57:02.650 [info] > git rev-parse --show-toplevel [1ms]
2023-11-30 16:57:02.652 [info] > git rev-parse --show-toplevel [0ms]
2023-11-30 16:57:02.654 [info] > git rev-parse --show-toplevel [0ms]
2023-11-30 16:57:02.665 [info] > git rev-parse --show-toplevel [9ms]
2023-11-30 16:57:02.667 [info] > git rev-parse --show-toplevel [0ms]
2023-11-30 16:57:02.670 [info] > git rev-parse --show-toplevel [0ms]
2023-11-30 16:57:02.673 [info] > git rev-parse --show-toplevel [0ms]
2023-11-30 16:57:02.676 [info] > git rev-parse --show-toplevel [0ms]
2023-11-30 16:57:03.068 [info] > git check-ignore -v -z --stdin [1ms]
2023-11-30 16:57:12.049 [info] > git remote --verbose [4ms]
2023-11-30 16:57:12.050 [info] > git for-each-ref --sort -committerdate --format %(refname) %(objectname) %(*objectname) [7ms]
2023-11-30 16:57:12.050 [info] > git config --get commit.template [1ms]
2023-11-30 16:57:12.053 [info] > git for-each-ref --format=%(refname)%00%(upstream:short)%00%(objectname)%00%(upstream:track)%00%(upstream:remotename)%00%(upstream:remoteref) refs/heads/main refs/remotes/main [1ms]
2023-11-30 16:57:12.056 [info] > git status -z -uall [9ms]
2023-11-30 16:57:21.143 [info] > git remote --verbose [8ms]
2023-11-30 16:57:21.143 [info] > git for-each-ref --sort -committerdate --format %(refname) %(objectname) %(*objectname) [13ms]
2023-11-30 16:57:21.146 [info] > git config --get commit.template [3ms]
2023-11-30 16:57:21.146 [info] > git for-each-ref --format=%(refname)%00%(upstream:short)%00%(objectname)%00%(upstream:track)%00%(upstream:remotename)%00%(upstream:remoteref) refs/heads/main refs/remotes/main [1ms]
2023-11-30 16:57:21.150 [info] > git status -z -uall [11ms]
2023-11-30 16:58:01.480 [info] > git remote --verbose [4ms]
2023-11-30 16:58:01.481 [info] > git for-each-ref --sort -committerdate --format %(refname) %(objectname) %(*objectname) [7ms]
2023-11-30 16:58:01.481 [info] > git config --get commit.template [1ms]
2023-11-30 16:58:01.483 [info] > git for-each-ref --format=%(refname)%00%(upstream:short)%00%(objectname)%00%(upstream:track)%00%(upstream:remotename)%00%(upstream:remoteref) refs/heads/main refs/remotes/main [0ms]
2023-11-30 16:58:01.489 [info] > git status -z -uall [11ms]
