[Trace 02:45:30.072] Server: connection.languages.diagnostics.on: file:///home/n30/.dotfiles/wiki-wayland-0.95beta.md
[Trace 02:45:30.072] Server: connection.languages.diagnostics.on: file:///home/n30/.dotfiles/README.md
[Trace 02:45:30.369] VsCodeClientWorkspace: TextDocument.onDidOpen: file:///home/n30/.dotfiles/wiki-wayland-0.95beta.md
[Trace 02:45:30.369] VsCodeClientWorkspace: TextDocument.onDidChanceContent: file:///home/n30/.dotfiles/wiki-wayland-0.95beta.md
[Trace 02:45:30.369] Server: connection.languages.diagnostics.on: file:///home/n30/.dotfiles/wiki-wayland-0.95beta.md
[Trace 02:45:30.871] Server: connection.languages.diagnostics.on: file:///home/n30/.dotfiles/wiki-wayland-0.95beta.md
[Trace 02:45:30.873] Server: connection.languages.diagnostics.on: file:///home/n30/.dotfiles/README.md
[Trace 02:48:30.247] VsCodeClientWorkspace: TextDocument.onDidClose: file:///home/n30/.dotfiles/wiki-wayland-0.95beta.md
[Trace 02:48:30.247] VsCodeClientWorkspace: deleteDocument: file:///home/n30/.dotfiles/wiki-wayland-0.95beta.md
[Trace 02:48:30.248] Server: connection.languages.diagnostics.on: file:///home/n30/.dotfiles/wiki-wayland-0.95beta.md
[Trace 02:53:40.259] VsCodeClientWorkspace: TextDocument.onDidOpen: file:///home/n30/.dotfiles/wiki-wayland-0.95beta.md
[Trace 02:53:40.259] VsCodeClientWorkspace: TextDocument.onDidChanceContent: file:///home/n30/.dotfiles/wiki-wayland-0.95beta.md
[Trace 02:53:40.259] DocumentSymbolProvider: provideDocumentSymbols — file:///home/n30/.dotfiles/wiki-wayland-0.95beta.md 1
[Debug 02:53:40.259] LinkProvider: compute - file:///home/n30/.dotfiles/wiki-wayland-0.95beta.md
[Trace 02:53:40.260] Server: connection.languages.diagnostics.on: file:///home/n30/.dotfiles/wiki-wayland-0.95beta.md
[Debug 02:53:40.308] TableOfContentsProvider: create - file:///home/n30/.dotfiles/wiki-wayland-0.95beta.md
[Debug 02:53:41.564] MdFoldingProvider: provideFoldingRanges — file:///home/n30/.dotfiles/wiki-wayland-0.95beta.md 1
[Trace 02:54:32.033] VsCodeClientWorkspace: TextDocument.onDidChanceContent: file:///home/n30/.dotfiles/wiki-wayland-0.95beta.md
[Trace 02:54:32.033] Server: connection.languages.diagnostics.on: file:///home/n30/.dotfiles/wiki-wayland-0.95beta.md
[Trace 02:54:32.198] VsCodeClientWorkspace: TextDocument.onDidChanceContent: file:///home/n30/.dotfiles/wiki-wayland-0.95beta.md
[Trace 02:54:32.199] Server: connection.languages.diagnostics.on: file:///home/n30/.dotfiles/wiki-wayland-0.95beta.md
[Trace 02:54:32.235] Server: connection.languages.diagnostics.on: file:///home/n30/.dotfiles/README.md
[Debug 02:54:32.394] MdFoldingProvider: provideFoldingRanges — file:///home/n30/.dotfiles/wiki-wayland-0.95beta.md 3
[Debug 02:54:32.394] TableOfContentsProvider: create - file:///home/n30/.dotfiles/wiki-wayland-0.95beta.md
[Debug 02:54:32.558] LinkProvider: compute - file:///home/n30/.dotfiles/wiki-wayland-0.95beta.md
[Trace 02:54:32.559] DocumentSymbolProvider: provideDocumentSymbols — file:///home/n30/.dotfiles/wiki-wayland-0.95beta.md 3
[Trace 02:54:32.606] VsCodeClientWorkspace: TextDocument.onDidChanceContent: file:///home/n30/.dotfiles/wiki-wayland-0.95beta.md
[Trace 02:54:32.606] Server: connection.languages.diagnostics.on: file:///home/n30/.dotfiles/wiki-wayland-0.95beta.md
[Debug 02:54:32.757] MdFoldingProvider: provideFoldingRanges — file:///home/n30/.dotfiles/wiki-wayland-0.95beta.md 4
[Debug 02:54:32.757] TableOfContentsProvider: create - file:///home/n30/.dotfiles/wiki-wayland-0.95beta.md
[Trace 02:54:32.928] Server: connection.languages.diagnostics.on: file:///home/n30/.dotfiles/README.md
[Debug 02:54:32.941] LinkProvider: compute - file:///home/n30/.dotfiles/wiki-wayland-0.95beta.md
[Trace 02:54:32.942] DocumentSymbolProvider: provideDocumentSymbols — file:///home/n30/.dotfiles/wiki-wayland-0.95beta.md 4
[Trace 02:54:42.752] VsCodeClientWorkspace: TextDocument.onDidChanceContent: file:///home/n30/.dotfiles/wiki-wayland-0.95beta.md
[Trace 02:54:42.752] Server: connection.languages.diagnostics.on: file:///home/n30/.dotfiles/wiki-wayland-0.95beta.md
[Debug 02:54:42.901] MdFoldingProvider: provideFoldingRanges — file:///home/n30/.dotfiles/wiki-wayland-0.95beta.md 5
[Debug 02:54:42.902] TableOfContentsProvider: create - file:///home/n30/.dotfiles/wiki-wayland-0.95beta.md
[Trace 02:54:43.167] Server: connection.languages.diagnostics.on: file:///home/n30/.dotfiles/README.md
[Debug 02:54:43.179] LinkProvider: compute - file:///home/n30/.dotfiles/wiki-wayland-0.95beta.md
[Trace 02:54:43.183] DocumentSymbolProvider: provideDocumentSymbols — file:///home/n30/.dotfiles/wiki-wayland-0.95beta.md 5
[Trace 02:54:43.183] VsCodeClientWorkspace: TextDocument.onDidChanceContent: file:///home/n30/.dotfiles/wiki-wayland-0.95beta.md
[Trace 02:54:43.183] Server: connection.languages.diagnostics.on: file:///home/n30/.dotfiles/wiki-wayland-0.95beta.md
[Debug 02:54:43.221] TableOfContentsProvider: create - file:///home/n30/.dotfiles/wiki-wayland-0.95beta.md
[Debug 02:54:43.267] MdFoldingProvider: provideFoldingRanges — file:///home/n30/.dotfiles/wiki-wayland-0.95beta.md 6
[Debug 02:54:43.367] LinkProvider: compute - file:///home/n30/.dotfiles/wiki-wayland-0.95beta.md
[Trace 02:54:43.415] Server: connection.languages.diagnostics.on: file:///home/n30/.dotfiles/README.md
[Trace 02:54:43.418] DocumentSymbolProvider: provideDocumentSymbols — file:///home/n30/.dotfiles/wiki-wayland-0.95beta.md 6
[Trace 03:03:56.243] VsCodeClientWorkspace: TextDocument.onDidChanceContent: file:///home/n30/.dotfiles/wiki-wayland-0.95beta.md
[Trace 03:03:56.243] Server: connection.languages.diagnostics.on: file:///home/n30/.dotfiles/wiki-wayland-0.95beta.md
[Trace 03:03:56.363] VsCodeClientWorkspace: TextDocument.onDidChanceContent: file:///home/n30/.dotfiles/wiki-wayland-0.95beta.md
[Trace 03:03:56.364] Server: connection.languages.diagnostics.on: file:///home/n30/.dotfiles/wiki-wayland-0.95beta.md
[Trace 03:03:56.445] Server: connection.languages.diagnostics.on: file:///home/n30/.dotfiles/README.md
[Debug 03:03:56.655] MdFoldingProvider: provideFoldingRanges — file:///home/n30/.dotfiles/wiki-wayland-0.95beta.md 8
[Debug 03:03:56.655] TableOfContentsProvider: create - file:///home/n30/.dotfiles/wiki-wayland-0.95beta.md
[Trace 03:03:56.754] DocumentSymbolProvider: provideDocumentSymbols — file:///home/n30/.dotfiles/wiki-wayland-0.95beta.md 8
[Debug 03:03:56.754] LinkProvider: compute - file:///home/n30/.dotfiles/wiki-wayland-0.95beta.md
[Trace 03:04:04.773] VsCodeClientWorkspace: TextDocument.onDidChanceContent: file:///home/n30/.dotfiles/wiki-wayland-0.95beta.md
[Trace 03:04:04.773] Server: connection.languages.diagnostics.on: file:///home/n30/.dotfiles/wiki-wayland-0.95beta.md
[Debug 03:04:04.956] MdFoldingProvider: provideFoldingRanges — file:///home/n30/.dotfiles/wiki-wayland-0.95beta.md 9
[Debug 03:04:04.957] TableOfContentsProvider: create - file:///home/n30/.dotfiles/wiki-wayland-0.95beta.md
[Trace 03:04:05.178] Server: connection.languages.diagnostics.on: file:///home/n30/.dotfiles/README.md
[Trace 03:04:05.193] DocumentSymbolProvider: provideDocumentSymbols — file:///home/n30/.dotfiles/wiki-wayland-0.95beta.md 9
[Debug 03:04:05.193] LinkProvider: compute - file:///home/n30/.dotfiles/wiki-wayland-0.95beta.md
[Trace 03:04:05.975] VsCodeClientWorkspace: TextDocument.onDidChanceContent: file:///home/n30/.dotfiles/wiki-wayland-0.95beta.md
[Trace 03:04:05.975] Server: connection.languages.diagnostics.on: file:///home/n30/.dotfiles/wiki-wayland-0.95beta.md
[Debug 03:04:06.162] MdFoldingProvider: provideFoldingRanges — file:///home/n30/.dotfiles/wiki-wayland-0.95beta.md 10
[Debug 03:04:06.162] TableOfContentsProvider: create - file:///home/n30/.dotfiles/wiki-wayland-0.95beta.md
[Trace 03:04:06.213] Server: connection.languages.diagnostics.on: file:///home/n30/.dotfiles/README.md
[Trace 03:04:06.305] DocumentSymbolProvider: provideDocumentSymbols — file:///home/n30/.dotfiles/wiki-wayland-0.95beta.md 10
[Debug 03:04:06.305] LinkProvider: compute - file:///home/n30/.dotfiles/wiki-wayland-0.95beta.md
[Trace 03:04:18.609] VsCodeClientWorkspace: TextDocument.onDidChanceContent: file:///home/n30/.dotfiles/wiki-wayland-0.95beta.md
[Trace 03:04:18.609] Server: connection.languages.diagnostics.on: file:///home/n30/.dotfiles/wiki-wayland-0.95beta.md
[Debug 03:04:18.803] MdFoldingProvider: provideFoldingRanges — file:///home/n30/.dotfiles/wiki-wayland-0.95beta.md 11
[Debug 03:04:18.803] TableOfContentsProvider: create - file:///home/n30/.dotfiles/wiki-wayland-0.95beta.md
[Trace 03:04:19.049] Server: connection.languages.diagnostics.on: file:///home/n30/.dotfiles/README.md
[Trace 03:04:19.049] DocumentSymbolProvider: provideDocumentSymbols — file:///home/n30/.dotfiles/wiki-wayland-0.95beta.md 11
[Debug 03:04:19.049] LinkProvider: compute - file:///home/n30/.dotfiles/wiki-wayland-0.95beta.md
[Trace 04:40:12.232] VsCodeClientWorkspace: TextDocument.onDidChanceContent: file:///home/n30/.dotfiles/wiki-wayland-0.95beta.md
[Trace 04:40:12.233] Server: connection.languages.diagnostics.on: file:///home/n30/.dotfiles/wiki-wayland-0.95beta.md
[Trace 04:40:12.255] VsCodeClientWorkspace: TextDocument.onDidChanceContent: file:///home/n30/.dotfiles/wiki-wayland-0.95beta.md
[Trace 04:40:12.259] Server: connection.languages.diagnostics.on: file:///home/n30/.dotfiles/wiki-wayland-0.95beta.md
[Trace 04:40:12.355] VsCodeClientWorkspace: TextDocument.onDidChanceContent: file:///home/n30/.dotfiles/wiki-wayland-0.95beta.md
[Trace 04:40:12.355] Server: connection.languages.diagnostics.on: file:///home/n30/.dotfiles/wiki-wayland-0.95beta.md
[Trace 04:40:12.456] Server: connection.languages.diagnostics.on: file:///home/n30/.dotfiles/README.md
[Debug 04:40:12.539] MdFoldingProvider: provideFoldingRanges — file:///home/n30/.dotfiles/wiki-wayland-0.95beta.md 14
[Debug 04:40:12.539] TableOfContentsProvider: create - file:///home/n30/.dotfiles/wiki-wayland-0.95beta.md
[Debug 04:40:12.710] LinkProvider: compute - file:///home/n30/.dotfiles/wiki-wayland-0.95beta.md
[Trace 04:40:12.757] DocumentSymbolProvider: provideDocumentSymbols — file:///home/n30/.dotfiles/wiki-wayland-0.95beta.md 14
[Trace 04:40:23.505] VsCodeClientWorkspace: TextDocument.onDidChanceContent: file:///home/n30/.dotfiles/wiki-wayland-0.95beta.md
[Trace 04:40:23.506] Server: connection.languages.diagnostics.on: file:///home/n30/.dotfiles/wiki-wayland-0.95beta.md
[Trace 04:40:23.707] Server: connection.languages.diagnostics.on: file:///home/n30/.dotfiles/README.md
[Debug 04:40:23.716] MdFoldingProvider: provideFoldingRanges — file:///home/n30/.dotfiles/wiki-wayland-0.95beta.md 15
[Debug 04:40:23.717] TableOfContentsProvider: create - file:///home/n30/.dotfiles/wiki-wayland-0.95beta.md
[Trace 04:40:23.997] VsCodeClientWorkspace: TextDocument.onDidChanceContent: file:///home/n30/.dotfiles/wiki-wayland-0.95beta.md
[Trace 04:40:24.000] Server: connection.languages.diagnostics.on: file:///home/n30/.dotfiles/wiki-wayland-0.95beta.md
[Debug 04:40:24.030] MdFoldingProvider: provideFoldingRanges — file:///home/n30/.dotfiles/wiki-wayland-0.95beta.md 16
[Debug 04:40:24.030] TableOfContentsProvider: create - file:///home/n30/.dotfiles/wiki-wayland-0.95beta.md
[Trace 04:40:24.168] DocumentSymbolProvider: provideDocumentSymbols — file:///home/n30/.dotfiles/wiki-wayland-0.95beta.md 16
[Debug 04:40:24.168] LinkProvider: compute - file:///home/n30/.dotfiles/wiki-wayland-0.95beta.md
[Trace 04:40:24.203] Server: connection.languages.diagnostics.on: file:///home/n30/.dotfiles/README.md
[Trace 04:40:43.955] VsCodeClientWorkspace: TextDocument.onDidChanceContent: file:///home/n30/.dotfiles/wiki-wayland-0.95beta.md
[Trace 04:40:43.955] Server: connection.languages.diagnostics.on: file:///home/n30/.dotfiles/wiki-wayland-0.95beta.md
[Trace 04:40:44.157] Server: connection.languages.diagnostics.on: file:///home/n30/.dotfiles/README.md
[Debug 04:40:44.166] MdFoldingProvider: provideFoldingRanges — file:///home/n30/.dotfiles/wiki-wayland-0.95beta.md 17
[Debug 04:40:44.167] TableOfContentsProvider: create - file:///home/n30/.dotfiles/wiki-wayland-0.95beta.md
[Trace 04:40:44.388] DocumentSymbolProvider: provideDocumentSymbols — file:///home/n30/.dotfiles/wiki-wayland-0.95beta.md 17
[Debug 04:40:44.388] LinkProvider: compute - file:///home/n30/.dotfiles/wiki-wayland-0.95beta.md
[Trace 04:43:10.836] VsCodeClientWorkspace: TextDocument.onDidChanceContent: file:///home/n30/.dotfiles/wiki-wayland-0.95beta.md
[Trace 04:43:10.836] Server: connection.languages.diagnostics.on: file:///home/n30/.dotfiles/wiki-wayland-0.95beta.md
[Debug 04:43:11.018] MdFoldingProvider: provideFoldingRanges — file:///home/n30/.dotfiles/wiki-wayland-0.95beta.md 18
[Debug 04:43:11.019] TableOfContentsProvider: create - file:///home/n30/.dotfiles/wiki-wayland-0.95beta.md
[Trace 04:43:11.231] Server: connection.languages.diagnostics.on: file:///home/n30/.dotfiles/README.md
[Trace 04:43:11.236] DocumentSymbolProvider: provideDocumentSymbols — file:///home/n30/.dotfiles/wiki-wayland-0.95beta.md 18
[Debug 04:43:11.236] LinkProvider: compute - file:///home/n30/.dotfiles/wiki-wayland-0.95beta.md
[Trace 04:43:11.284] VsCodeClientWorkspace: TextDocument.onDidChanceContent: file:///home/n30/.dotfiles/wiki-wayland-0.95beta.md
[Trace 04:43:11.284] Server: connection.languages.diagnostics.on: file:///home/n30/.dotfiles/wiki-wayland-0.95beta.md
[Trace 04:43:11.486] Server: connection.languages.diagnostics.on: file:///home/n30/.dotfiles/README.md
[Debug 04:43:11.487] MdFoldingProvider: provideFoldingRanges — file:///home/n30/.dotfiles/wiki-wayland-0.95beta.md 19
[Debug 04:43:11.487] TableOfContentsProvider: create - file:///home/n30/.dotfiles/wiki-wayland-0.95beta.md
[Trace 04:43:11.663] DocumentSymbolProvider: provideDocumentSymbols — file:///home/n30/.dotfiles/wiki-wayland-0.95beta.md 19
[Debug 04:43:11.663] LinkProvider: compute - file:///home/n30/.dotfiles/wiki-wayland-0.95beta.md
[Trace 04:43:19.499] VsCodeClientWorkspace: TextDocument.onDidChanceContent: file:///home/n30/.dotfiles/wiki-wayland-0.95beta.md
[Trace 04:43:19.499] Server: connection.languages.diagnostics.on: file:///home/n30/.dotfiles/wiki-wayland-0.95beta.md
[Debug 04:43:19.694] MdFoldingProvider: provideFoldingRanges — file:///home/n30/.dotfiles/wiki-wayland-0.95beta.md 20
[Debug 04:43:19.694] TableOfContentsProvider: create - file:///home/n30/.dotfiles/wiki-wayland-0.95beta.md
[Trace 04:43:19.861] Server: connection.languages.diagnostics.on: file:///home/n30/.dotfiles/README.md
[Trace 04:43:19.880] DocumentSymbolProvider: provideDocumentSymbols — file:///home/n30/.dotfiles/wiki-wayland-0.95beta.md 20
[Debug 04:43:19.880] LinkProvider: compute - file:///home/n30/.dotfiles/wiki-wayland-0.95beta.md
[Trace 04:43:22.048] VsCodeClientWorkspace: TextDocument.onDidChanceContent: file:///home/n30/.dotfiles/wiki-wayland-0.95beta.md
[Trace 04:43:22.049] Server: connection.languages.diagnostics.on: file:///home/n30/.dotfiles/wiki-wayland-0.95beta.md
[Debug 04:43:22.243] MdFoldingProvider: provideFoldingRanges — file:///home/n30/.dotfiles/wiki-wayland-0.95beta.md 21
[Debug 04:43:22.243] TableOfContentsProvider: create - file:///home/n30/.dotfiles/wiki-wayland-0.95beta.md
[Trace 04:43:22.379] Server: connection.languages.diagnostics.on: file:///home/n30/.dotfiles/README.md
[Debug 04:43:22.402] LinkProvider: compute - file:///home/n30/.dotfiles/wiki-wayland-0.95beta.md
[Trace 04:43:22.427] DocumentSymbolProvider: provideDocumentSymbols — file:///home/n30/.dotfiles/wiki-wayland-0.95beta.md 21
[Trace 04:43:23.746] VsCodeClientWorkspace: TextDocument.onDidChanceContent: file:///home/n30/.dotfiles/wiki-wayland-0.95beta.md
[Trace 04:43:23.746] Server: connection.languages.diagnostics.on: file:///home/n30/.dotfiles/wiki-wayland-0.95beta.md
[Debug 04:43:23.943] MdFoldingProvider: provideFoldingRanges — file:///home/n30/.dotfiles/wiki-wayland-0.95beta.md 22
[Debug 04:43:23.943] TableOfContentsProvider: create - file:///home/n30/.dotfiles/wiki-wayland-0.95beta.md
[Trace 04:43:24.050] Server: connection.languages.diagnostics.on: file:///home/n30/.dotfiles/README.md
[Trace 04:43:24.057] VsCodeClientWorkspace: TextDocument.onDidChanceContent: file:///home/n30/.dotfiles/wiki-wayland-0.95beta.md
[Trace 04:43:24.057] Server: connection.languages.diagnostics.on: file:///home/n30/.dotfiles/wiki-wayland-0.95beta.md
[Debug 04:43:24.162] MdFoldingProvider: provideFoldingRanges — file:///home/n30/.dotfiles/wiki-wayland-0.95beta.md 23
[Debug 04:43:24.162] TableOfContentsProvider: create - file:///home/n30/.dotfiles/wiki-wayland-0.95beta.md
[Trace 04:43:24.256] VsCodeClientWorkspace: TextDocument.onDidChanceContent: file:///home/n30/.dotfiles/wiki-wayland-0.95beta.md
[Trace 04:43:24.260] Server: connection.languages.diagnostics.on: file:///home/n30/.dotfiles/wiki-wayland-0.95beta.md
[Trace 04:43:24.293] Server: connection.languages.diagnostics.on: file:///home/n30/.dotfiles/README.md
[Trace 04:43:24.389] VsCodeClientWorkspace: TextDocument.onDidChanceContent: file:///home/n30/.dotfiles/wiki-wayland-0.95beta.md
[Trace 04:43:24.389] Server: connection.languages.diagnostics.on: file:///home/n30/.dotfiles/wiki-wayland-0.95beta.md
[Trace 04:43:24.461] Server: connection.languages.diagnostics.on: file:///home/n30/.dotfiles/README.md
[Trace 04:43:24.564] VsCodeClientWorkspace: TextDocument.onDidChanceContent: file:///home/n30/.dotfiles/wiki-wayland-0.95beta.md
[Trace 04:43:24.565] Server: connection.languages.diagnostics.on: file:///home/n30/.dotfiles/wiki-wayland-0.95beta.md
[Debug 04:43:24.765] MdFoldingProvider: provideFoldingRanges — file:///home/n30/.dotfiles/wiki-wayland-0.95beta.md 26
[Debug 04:43:24.765] TableOfContentsProvider: create - file:///home/n30/.dotfiles/wiki-wayland-0.95beta.md
[Trace 04:43:24.765] Server: connection.languages.diagnostics.on: file:///home/n30/.dotfiles/README.md
[Trace 04:43:24.930] DocumentSymbolProvider: provideDocumentSymbols — file:///home/n30/.dotfiles/wiki-wayland-0.95beta.md 26
[Debug 04:43:24.930] LinkProvider: compute - file:///home/n30/.dotfiles/wiki-wayland-0.95beta.md
[Trace 04:43:27.619] VsCodeClientWorkspace: TextDocument.onDidChanceContent: file:///home/n30/.dotfiles/wiki-wayland-0.95beta.md
[Trace 04:43:27.619] Server: connection.languages.diagnostics.on: file:///home/n30/.dotfiles/wiki-wayland-0.95beta.md
[Trace 04:43:27.820] Server: connection.languages.diagnostics.on: file:///home/n30/.dotfiles/README.md
[Debug 04:43:27.827] MdFoldingProvider: provideFoldingRanges — file:///home/n30/.dotfiles/wiki-wayland-0.95beta.md 27
[Debug 04:43:27.827] TableOfContentsProvider: create - file:///home/n30/.dotfiles/wiki-wayland-0.95beta.md
[Trace 04:43:27.993] DocumentSymbolProvider: provideDocumentSymbols — file:///home/n30/.dotfiles/wiki-wayland-0.95beta.md 27
[Debug 04:43:27.993] LinkProvider: compute - file:///home/n30/.dotfiles/wiki-wayland-0.95beta.md
[Trace 04:43:33.592] VsCodeClientWorkspace: TextDocument.onDidChanceContent: file:///home/n30/.dotfiles/wiki-wayland-0.95beta.md
[Trace 04:43:33.592] Server: connection.languages.diagnostics.on: file:///home/n30/.dotfiles/wiki-wayland-0.95beta.md
[Debug 04:43:33.761] MdFoldingProvider: provideFoldingRanges — file:///home/n30/.dotfiles/wiki-wayland-0.95beta.md 28
[Debug 04:43:33.761] TableOfContentsProvider: create - file:///home/n30/.dotfiles/wiki-wayland-0.95beta.md
[Trace 04:43:33.922] Server: connection.languages.diagnostics.on: file:///home/n30/.dotfiles/README.md
[Debug 04:43:33.922] LinkProvider: compute - file:///home/n30/.dotfiles/wiki-wayland-0.95beta.md
[Trace 04:43:33.941] DocumentSymbolProvider: provideDocumentSymbols — file:///home/n30/.dotfiles/wiki-wayland-0.95beta.md 28
[Trace 04:43:34.435] VsCodeClientWorkspace: TextDocument.onDidChanceContent: file:///home/n30/.dotfiles/wiki-wayland-0.95beta.md
[Trace 04:43:34.435] Server: connection.languages.diagnostics.on: file:///home/n30/.dotfiles/wiki-wayland-0.95beta.md
[Debug 04:43:34.620] MdFoldingProvider: provideFoldingRanges — file:///home/n30/.dotfiles/wiki-wayland-0.95beta.md 29
[Debug 04:43:34.620] TableOfContentsProvider: create - file:///home/n30/.dotfiles/wiki-wayland-0.95beta.md
[Trace 04:43:34.797] Server: connection.languages.diagnostics.on: file:///home/n30/.dotfiles/README.md
[Debug 04:43:34.816] LinkProvider: compute - file:///home/n30/.dotfiles/wiki-wayland-0.95beta.md
[Trace 04:43:34.844] DocumentSymbolProvider: provideDocumentSymbols — file:///home/n30/.dotfiles/wiki-wayland-0.95beta.md 29
[Trace 04:43:38.708] VsCodeClientWorkspace: TextDocument.onDidChanceContent: file:///home/n30/.dotfiles/wiki-wayland-0.95beta.md
[Trace 04:43:38.709] Server: connection.languages.diagnostics.on: file:///home/n30/.dotfiles/wiki-wayland-0.95beta.md
[Debug 04:43:38.893] MdFoldingProvider: provideFoldingRanges — file:///home/n30/.dotfiles/wiki-wayland-0.95beta.md 30
[Debug 04:43:38.893] TableOfContentsProvider: create - file:///home/n30/.dotfiles/wiki-wayland-0.95beta.md
[Trace 04:43:39.043] Server: connection.languages.diagnostics.on: file:///home/n30/.dotfiles/README.md
[Trace 04:43:39.079] DocumentSymbolProvider: provideDocumentSymbols — file:///home/n30/.dotfiles/wiki-wayland-0.95beta.md 30
[Debug 04:43:39.079] LinkProvider: compute - file:///home/n30/.dotfiles/wiki-wayland-0.95beta.md
[Trace 04:43:43.534] ReferencesProvider: getReferencesAtPosition — file:///home/n30/.dotfiles/wiki-wayland-0.95beta.md 30
[Trace 04:44:00.850] VsCodeClientWorkspace: TextDocument.onDidChanceContent: file:///home/n30/.dotfiles/wiki-wayland-0.95beta.md
[Trace 04:44:00.850] Server: connection.languages.diagnostics.on: file:///home/n30/.dotfiles/wiki-wayland-0.95beta.md
[Debug 04:44:01.044] MdFoldingProvider: provideFoldingRanges — file:///home/n30/.dotfiles/wiki-wayland-0.95beta.md 31
[Debug 04:44:01.044] TableOfContentsProvider: create - file:///home/n30/.dotfiles/wiki-wayland-0.95beta.md
[Trace 04:44:01.261] Server: connection.languages.diagnostics.on: file:///home/n30/.dotfiles/README.md
[Trace 04:44:01.262] DocumentSymbolProvider: provideDocumentSymbols — file:///home/n30/.dotfiles/wiki-wayland-0.95beta.md 31
[Debug 04:44:01.262] LinkProvider: compute - file:///home/n30/.dotfiles/wiki-wayland-0.95beta.md
[Trace 04:44:33.450] VsCodeClientWorkspace: TextDocument.onDidChanceContent: file:///home/n30/.dotfiles/wiki-wayland-0.95beta.md
[Trace 04:44:33.451] Server: connection.languages.diagnostics.on: file:///home/n30/.dotfiles/wiki-wayland-0.95beta.md
[Debug 04:44:33.632] MdFoldingProvider: provideFoldingRanges — file:///home/n30/.dotfiles/wiki-wayland-0.95beta.md 32
[Debug 04:44:33.632] TableOfContentsProvider: create - file:///home/n30/.dotfiles/wiki-wayland-0.95beta.md
[Trace 04:44:33.808] Server: connection.languages.diagnostics.on: file:///home/n30/.dotfiles/README.md
[Debug 04:44:33.808] LinkProvider: compute - file:///home/n30/.dotfiles/wiki-wayland-0.95beta.md
[Trace 04:44:33.862] DocumentSymbolProvider: provideDocumentSymbols — file:///home/n30/.dotfiles/wiki-wayland-0.95beta.md 32
