2023-11-18 13:15:00.300 [info] Validating found git in: git
2023-11-18 13:15:00.300 [info] Using git 2.42.1 from git
2023-11-18 13:15:00.300 [info] > git rev-parse --show-toplevel [1ms]
2023-11-18 13:15:00.300 [info] fatal: not a git repository (or any parent up to mount point /)
Stopping at filesystem boundary (GIT_DISCOVERY_ACROSS_FILESYSTEM not set).
2023-11-18 13:15:00.300 [info] > git rev-parse --show-toplevel [0ms]
2023-11-18 13:15:00.300 [info] fatal: not a git repository (or any parent up to mount point /)
Stopping at filesystem boundary (GIT_DISCOVERY_ACROSS_FILESYSTEM not set).
2023-11-18 13:15:00.300 [info] > git rev-parse --show-toplevel [1ms]
2023-11-18 13:15:00.300 [info] fatal: not a git repository (or any parent up to mount point /)
Stopping at filesystem boundary (GIT_DISCOVERY_ACROSS_FILESYSTEM not set).
2023-11-18 13:15:00.300 [info] > git rev-parse --show-toplevel [4ms]
2023-11-18 13:15:00.300 [info] fatal: not a git repository (or any parent up to mount point /)
Stopping at filesystem boundary (GIT_DISCOVERY_ACROSS_FILESYSTEM not set).
2023-11-18 13:15:00.300 [info] > git rev-parse --show-toplevel [1ms]
2023-11-18 13:15:00.300 [info] fatal: not a git repository (or any parent up to mount point /)
Stopping at filesystem boundary (GIT_DISCOVERY_ACROSS_FILESYSTEM not set).
2023-11-18 13:15:00.300 [info] > git rev-parse --show-toplevel [0ms]
2023-11-18 13:15:00.300 [info] fatal: not a git repository (or any parent up to mount point /)
Stopping at filesystem boundary (GIT_DISCOVERY_ACROSS_FILESYSTEM not set).
2023-11-18 13:15:00.300 [info] > git rev-parse --show-toplevel [1ms]
2023-11-18 13:15:00.300 [info] fatal: not a git repository (or any parent up to mount point /)
Stopping at filesystem boundary (GIT_DISCOVERY_ACROSS_FILESYSTEM not set).
2023-11-18 13:15:00.300 [info] > git rev-parse --show-toplevel [1ms]
2023-11-18 13:15:00.300 [info] fatal: not a git repository (or any parent up to mount point /)
Stopping at filesystem boundary (GIT_DISCOVERY_ACROSS_FILESYSTEM not set).
2023-11-18 13:15:00.300 [info] > git rev-parse --show-toplevel [44ms]
2023-11-18 13:15:00.300 [info] fatal: not a git repository (or any parent up to mount point /)
Stopping at filesystem boundary (GIT_DISCOVERY_ACROSS_FILESYSTEM not set).
2023-11-18 13:15:00.300 [info] > git rev-parse --show-toplevel [1ms]
2023-11-18 13:15:00.300 [info] fatal: not a git repository (or any parent up to mount point /)
Stopping at filesystem boundary (GIT_DISCOVERY_ACROSS_FILESYSTEM not set).
2023-11-18 13:15:00.300 [info] > git rev-parse --show-toplevel [106ms]
2023-11-18 13:15:00.300 [info] fatal: not a git repository (or any parent up to mount point /)
Stopping at filesystem boundary (GIT_DISCOVERY_ACROSS_FILESYSTEM not set).
2023-11-18 13:15:00.300 [info] > git rev-parse --show-toplevel [2ms]
2023-11-18 13:15:00.300 [info] fatal: not a git repository (or any parent up to mount point /)
Stopping at filesystem boundary (GIT_DISCOVERY_ACROSS_FILESYSTEM not set).
2023-11-18 13:15:00.300 [info] > git rev-parse --show-toplevel [0ms]
2023-11-18 13:15:00.300 [info] fatal: not a git repository (or any parent up to mount point /)
Stopping at filesystem boundary (GIT_DISCOVERY_ACROSS_FILESYSTEM not set).
2023-11-18 13:15:00.300 [info] > git rev-parse --show-toplevel [1ms]
2023-11-18 13:15:00.300 [info] fatal: not a git repository (or any parent up to mount point /)
Stopping at filesystem boundary (GIT_DISCOVERY_ACROSS_FILESYSTEM not set).
2023-11-18 13:15:00.300 [info] > git rev-parse --show-toplevel [1ms]
2023-11-18 13:15:00.300 [info] fatal: not a git repository (or any parent up to mount point /)
Stopping at filesystem boundary (GIT_DISCOVERY_ACROSS_FILESYSTEM not set).
2023-11-18 13:15:00.300 [info] > git rev-parse --show-toplevel [0ms]
2023-11-18 13:15:00.300 [info] fatal: not a git repository (or any parent up to mount point /)
Stopping at filesystem boundary (GIT_DISCOVERY_ACROSS_FILESYSTEM not set).
2023-11-18 13:15:00.301 [info] > git rev-parse --show-toplevel [2ms]
2023-11-18 13:15:00.301 [info] fatal: not a git repository (or any parent up to mount point /)
Stopping at filesystem boundary (GIT_DISCOVERY_ACROSS_FILESYSTEM not set).
2023-11-18 13:15:00.305 [info] > git rev-parse --show-toplevel [0ms]
2023-11-18 13:15:00.305 [info] fatal: not a git repository (or any parent up to mount point /)
Stopping at filesystem boundary (GIT_DISCOVERY_ACROSS_FILESYSTEM not set).
2023-11-18 13:15:00.308 [info] > git rev-parse --show-toplevel [1ms]
2023-11-18 13:15:00.308 [info] fatal: not a git repository (or any parent up to mount point /)
Stopping at filesystem boundary (GIT_DISCOVERY_ACROSS_FILESYSTEM not set).
2023-11-18 13:15:00.311 [info] > git rev-parse --show-toplevel [1ms]
2023-11-18 13:15:00.311 [info] fatal: not a git repository (or any parent up to mount point /)
Stopping at filesystem boundary (GIT_DISCOVERY_ACROSS_FILESYSTEM not set).
2023-11-18 13:15:00.315 [info] > git rev-parse --show-toplevel [1ms]
2023-11-18 13:15:00.315 [info] fatal: not a git repository (or any parent up to mount point /)
Stopping at filesystem boundary (GIT_DISCOVERY_ACROSS_FILESYSTEM not set).
2023-11-18 13:15:00.319 [info] > git rev-parse --show-toplevel [1ms]
2023-11-18 13:15:00.319 [info] fatal: not a git repository (or any parent up to mount point /)
Stopping at filesystem boundary (GIT_DISCOVERY_ACROSS_FILESYSTEM not set).
2023-11-18 13:15:00.323 [info] > git rev-parse --show-toplevel [0ms]
2023-11-18 13:15:00.323 [info] fatal: not a git repository (or any parent up to mount point /)
Stopping at filesystem boundary (GIT_DISCOVERY_ACROSS_FILESYSTEM not set).
2023-11-18 13:15:00.326 [info] > git rev-parse --show-toplevel [0ms]
2023-11-18 13:15:00.326 [info] fatal: not a git repository (or any parent up to mount point /)
Stopping at filesystem boundary (GIT_DISCOVERY_ACROSS_FILESYSTEM not set).
2023-11-18 13:15:00.329 [info] > git rev-parse --show-toplevel [0ms]
2023-11-18 13:15:00.329 [info] fatal: not a git repository (or any parent up to mount point /)
Stopping at filesystem boundary (GIT_DISCOVERY_ACROSS_FILESYSTEM not set).
2023-11-18 13:15:00.332 [info] > git rev-parse --show-toplevel [1ms]
2023-11-18 13:15:00.332 [info] fatal: not a git repository (or any parent up to mount point /)
Stopping at filesystem boundary (GIT_DISCOVERY_ACROSS_FILESYSTEM not set).
2023-11-18 13:15:00.335 [info] > git rev-parse --show-toplevel [1ms]
2023-11-18 13:15:00.335 [info] fatal: not a git repository (or any parent up to mount point /)
Stopping at filesystem boundary (GIT_DISCOVERY_ACROSS_FILESYSTEM not set).
2023-11-18 13:15:00.339 [info] > git rev-parse --show-toplevel [1ms]
2023-11-18 13:15:00.339 [info] fatal: not a git repository (or any parent up to mount point /)
Stopping at filesystem boundary (GIT_DISCOVERY_ACROSS_FILESYSTEM not set).
2023-11-18 13:15:00.342 [info] > git rev-parse --show-toplevel [0ms]
2023-11-18 13:15:00.342 [info] fatal: not a git repository (or any parent up to mount point /)
Stopping at filesystem boundary (GIT_DISCOVERY_ACROSS_FILESYSTEM not set).
2023-11-18 13:15:00.347 [info] > git rev-parse --show-toplevel [3ms]
2023-11-18 13:15:00.347 [info] fatal: not a git repository (or any parent up to mount point /)
Stopping at filesystem boundary (GIT_DISCOVERY_ACROSS_FILESYSTEM not set).
