2023-11-27 20:08:12.217 [info] Validating found git in: git
2023-11-27 20:08:12.217 [info] Using git 2.43.0 from git
2023-11-27 20:08:12.217 [info] > git rev-parse --show-toplevel [1ms]
2023-11-27 20:08:12.217 [info] > git rev-parse --git-dir --git-common-dir [0ms]
2023-11-27 20:08:12.217 [info] Log level: Info
2023-11-27 20:08:12.217 [info] Open repository: /home/n30/.dotfiles
2023-11-27 20:08:12.217 [info] > git remote --verbose [12ms]
2023-11-27 20:08:12.217 [info] > git for-each-ref --sort -committerdate --format %(refname) %(objectname) %(*objectname) [15ms]
2023-11-27 20:08:12.217 [info] > git config --get commit.template [5ms]
2023-11-27 20:08:12.217 [info] > git rev-parse --show-toplevel [8ms]
2023-11-27 20:08:12.217 [info] > git status -z -uall [79ms]
2023-11-27 20:08:12.217 [info] > git rev-parse --show-toplevel [65ms]
2023-11-27 20:08:12.217 [info] > git rev-parse --show-toplevel [4ms]
2023-11-27 20:08:12.217 [info] > git for-each-ref --format=%(refname)%00%(upstream:short)%00%(objectname)%00%(upstream:track)%00%(upstream:remotename)%00%(upstream:remoteref) refs/heads/main refs/remotes/main [31ms]
2023-11-27 20:08:12.217 [info] > git remote --verbose [9ms]
2023-11-27 20:08:12.218 [info] > git for-each-ref --sort -committerdate --format %(refname) %(objectname) %(*objectname) [12ms]
2023-11-27 20:08:12.218 [info] > git rev-parse --show-toplevel [18ms]
2023-11-27 20:08:12.222 [info] > git config --get commit.template [6ms]
2023-11-27 20:08:12.223 [info] > git rev-parse --show-toplevel [3ms]
2023-11-27 20:08:12.228 [info] > git status -z -uall [18ms]
2023-11-27 20:08:12.229 [info] > git rev-parse --show-toplevel [4ms]
2023-11-27 20:08:12.232 [info] > git for-each-ref --format=%(refname)%00%(upstream:short)%00%(objectname)%00%(upstream:track)%00%(upstream:remotename)%00%(upstream:remoteref) refs/heads/main refs/remotes/main [4ms]
2023-11-27 20:08:12.320 [info] > git rev-parse --show-toplevel [89ms]
2023-11-27 20:08:12.326 [info] > git rev-parse --show-toplevel [2ms]
2023-11-27 20:08:12.329 [info] > git rev-parse --show-toplevel [1ms]
2023-11-27 20:08:12.335 [info] > git rev-parse --show-toplevel [4ms]
2023-11-27 20:08:12.338 [info] > git rev-parse --show-toplevel [1ms]
2023-11-27 20:08:12.341 [info] > git rev-parse --show-toplevel [1ms]
2023-11-27 20:08:12.344 [info] > git rev-parse --show-toplevel [1ms]
2023-11-27 20:08:12.346 [info] > git rev-parse --show-toplevel [0ms]
2023-11-27 20:08:12.349 [info] > git rev-parse --show-toplevel [1ms]
2023-11-27 20:08:12.352 [info] > git rev-parse --show-toplevel [1ms]
2023-11-27 20:08:12.355 [info] > git rev-parse --show-toplevel [1ms]
2023-11-27 20:08:12.359 [info] > git rev-parse --show-toplevel [1ms]
2023-11-27 20:08:12.361 [info] > git rev-parse --show-toplevel [0ms]
2023-11-27 20:08:12.364 [info] > git rev-parse --show-toplevel [0ms]
2023-11-27 20:08:12.367 [info] > git rev-parse --show-toplevel [0ms]
2023-11-27 20:08:12.370 [info] > git rev-parse --show-toplevel [0ms]
2023-11-27 20:08:12.373 [info] > git rev-parse --show-toplevel [0ms]
2023-11-27 20:08:12.376 [info] > git rev-parse --show-toplevel [1ms]
2023-11-27 20:08:12.379 [info] > git rev-parse --show-toplevel [1ms]
2023-11-27 20:08:12.382 [info] > git rev-parse --show-toplevel [1ms]
2023-11-27 20:08:12.387 [info] > git rev-parse --show-toplevel [3ms]
2023-11-27 20:08:12.390 [info] > git rev-parse --show-toplevel [1ms]
2023-11-27 20:08:12.558 [info] > git show --textconv :wiki-wayland-0.95beta.md [4ms]
2023-11-27 20:08:12.559 [info] > git ls-files --stage -- /home/n30/.dotfiles/wiki-wayland-0.95beta.md [2ms]
2023-11-27 20:08:12.562 [info] > git cat-file -s 3754d6b8fee8fca68afd6de3e0a36e422a45e11a [1ms]
2023-11-27 20:08:12.684 [info] > git check-ignore -v -z --stdin [3ms]
2023-11-27 20:08:15.926 [info] > git remote --verbose [7ms]
2023-11-27 20:08:15.926 [info] > git for-each-ref --sort -committerdate --format %(refname) %(objectname) %(*objectname) [10ms]
2023-11-27 20:08:15.927 [info] > git config --get commit.template [1ms]
2023-11-27 20:08:15.933 [info] > git for-each-ref --format=%(refname)%00%(upstream:short)%00%(objectname)%00%(upstream:track)%00%(upstream:remotename)%00%(upstream:remoteref) refs/heads/main refs/remotes/main [1ms]
2023-11-27 20:08:15.943 [info] > git status -z -uall [22ms]
2023-11-27 20:26:52.129 [info] > git remote --verbose [13ms]
2023-11-27 20:26:52.130 [info] > git for-each-ref --sort -committerdate --format %(refname) %(objectname) %(*objectname) [20ms]
2023-11-27 20:26:52.131 [info] > git config --get commit.template [3ms]
2023-11-27 20:26:52.136 [info] > git for-each-ref --format=%(refname)%00%(upstream:short)%00%(objectname)%00%(upstream:track)%00%(upstream:remotename)%00%(upstream:remoteref) refs/heads/main refs/remotes/main [1ms]
2023-11-27 20:26:52.227 [info] > git status -z -uall [105ms]
2023-11-27 20:27:20.487 [info] > git remote --verbose [9ms]
2023-11-27 20:27:20.487 [info] > git for-each-ref --sort -committerdate --format %(refname) %(objectname) %(*objectname) [13ms]
2023-11-27 20:27:20.488 [info] > git config --get commit.template [0ms]
2023-11-27 20:27:20.492 [info] > git for-each-ref --format=%(refname)%00%(upstream:short)%00%(objectname)%00%(upstream:track)%00%(upstream:remotename)%00%(upstream:remoteref) refs/heads/main refs/remotes/main [1ms]
2023-11-27 20:27:20.507 [info] > git status -z -uall [25ms]
2023-11-27 20:29:49.755 [info] > git remote --verbose [11ms]
2023-11-27 20:29:49.755 [info] > git for-each-ref --sort -committerdate --format %(refname) %(objectname) %(*objectname) [14ms]
2023-11-27 20:29:49.756 [info] > git config --get commit.template [2ms]
2023-11-27 20:29:49.760 [info] > git for-each-ref --format=%(refname)%00%(upstream:short)%00%(objectname)%00%(upstream:track)%00%(upstream:remotename)%00%(upstream:remoteref) refs/heads/main refs/remotes/main [1ms]
2023-11-27 20:29:49.770 [info] > git status -z -uall [23ms]
2023-11-27 20:29:51.466 [info] > git rev-parse --show-toplevel [3ms]
2023-11-27 20:29:54.800 [info] > git remote --verbose [14ms]
2023-11-27 20:29:54.800 [info] > git for-each-ref --sort -committerdate --format %(refname) %(objectname) %(*objectname) [17ms]
2023-11-27 20:29:54.801 [info] > git config --get commit.template [1ms]
2023-11-27 20:29:54.807 [info] > git for-each-ref --format=%(refname)%00%(upstream:short)%00%(objectname)%00%(upstream:track)%00%(upstream:remotename)%00%(upstream:remoteref) refs/heads/main refs/remotes/main [1ms]
2023-11-27 20:29:54.825 [info] > git status -z -uall [29ms]
2023-11-27 20:29:59.859 [info] > git remote --verbose [13ms]
2023-11-27 20:29:59.860 [info] > git for-each-ref --sort -committerdate --format %(refname) %(objectname) %(*objectname) [24ms]
2023-11-27 20:29:59.860 [info] > git config --get commit.template [2ms]
2023-11-27 20:29:59.871 [info] > git for-each-ref --format=%(refname)%00%(upstream:short)%00%(objectname)%00%(upstream:track)%00%(upstream:remotename)%00%(upstream:remoteref) refs/heads/main refs/remotes/main [2ms]
2023-11-27 20:29:59.888 [info] > git status -z -uall [36ms]
2023-11-27 20:30:04.928 [info] > git remote --verbose [21ms]
2023-11-27 20:30:04.928 [info] > git for-each-ref --sort -committerdate --format %(refname) %(objectname) %(*objectname) [30ms]
2023-11-27 20:30:04.934 [info] > git config --get commit.template [6ms]
2023-11-27 20:30:04.935 [info] > git for-each-ref --format=%(refname)%00%(upstream:short)%00%(objectname)%00%(upstream:track)%00%(upstream:remotename)%00%(upstream:remoteref) refs/heads/main refs/remotes/main [1ms]
2023-11-27 20:30:04.947 [info] > git status -z -uall [31ms]
2023-11-27 20:30:12.861 [info] > git remote --verbose [16ms]
2023-11-27 20:30:12.862 [info] > git for-each-ref --sort -committerdate --format %(refname) %(objectname) %(*objectname) [27ms]
2023-11-27 20:30:12.862 [info] > git config --get commit.template [1ms]
2023-11-27 20:30:12.867 [info] > git for-each-ref --format=%(refname)%00%(upstream:short)%00%(objectname)%00%(upstream:track)%00%(upstream:remotename)%00%(upstream:remoteref) refs/heads/main refs/remotes/main [1ms]
2023-11-27 20:30:12.878 [info] > git status -z -uall [23ms]
2023-11-27 20:31:14.738 [info] > git remote --verbose [10ms]
2023-11-27 20:31:14.738 [info] > git for-each-ref --sort -committerdate --format %(refname) %(objectname) %(*objectname) [12ms]
2023-11-27 20:31:14.743 [info] > git config --get commit.template [6ms]
2023-11-27 20:31:14.746 [info] > git for-each-ref --format=%(refname)%00%(upstream:short)%00%(objectname)%00%(upstream:track)%00%(upstream:remotename)%00%(upstream:remoteref) refs/heads/main refs/remotes/main [1ms]
2023-11-27 20:31:14.756 [info] > git status -z -uall [25ms]
2023-11-27 20:32:41.822 [info] > git remote --verbose [8ms]
2023-11-27 20:32:41.822 [info] > git for-each-ref --sort -committerdate --format %(refname) %(objectname) %(*objectname) [11ms]
2023-11-27 20:32:41.827 [info] > git config --get commit.template [6ms]
2023-11-27 20:32:41.828 [info] > git for-each-ref --format=%(refname)%00%(upstream:short)%00%(objectname)%00%(upstream:track)%00%(upstream:remotename)%00%(upstream:remoteref) refs/heads/main refs/remotes/main [1ms]
2023-11-27 20:32:41.840 [info] > git status -z -uall [23ms]
2023-11-27 20:33:51.596 [info] > git remote --verbose [6ms]
2023-11-27 20:33:51.596 [info] > git for-each-ref --sort -committerdate --format %(refname) %(objectname) %(*objectname) [11ms]
2023-11-27 20:33:51.597 [info] > git config --get commit.template [1ms]
2023-11-27 20:33:51.602 [info] > git for-each-ref --format=%(refname)%00%(upstream:short)%00%(objectname)%00%(upstream:track)%00%(upstream:remotename)%00%(upstream:remoteref) refs/heads/main refs/remotes/main [1ms]
2023-11-27 20:33:51.612 [info] > git status -z -uall [19ms]
